2023-09-23 13:12:41,476 [INFO] Activator:176 - 


2023-09-23 13:12:41,480 [INFO] Activator:177 - !SESSION log4j initialized
2023-09-23 13:12:44,171 [INFO] LogOutputStream:77 - [STDOUT_REDIRECT] 
2023-09-23 13:12:44,958 [INFO] ApplicationProperties:184 - Using Application install path: /opt/st/stm32cubeide_1.13.2/plugins/com.st.stm32cube.common.mx_6.9.2.202309101412
2023-09-23 13:12:44,977 [INFO] DbMcusXml:78 - Set database path to: /opt/st/stm32cubeide_1.13.2/plugins/com.st.stm32cube.common.mx_6.9.2.202309101412//db//mcu/
2023-09-23 13:12:44,978 [INFO] ApiDb:274 - Set plugin database path to: /opt/st/stm32cubeide_1.13.2/plugins/com.st.stm32cube.common.mx_6.9.2.202309101412//db//plugins/boardmanager/
2023-09-23 13:12:44,978 [WARN] ApiDb:259 - Overriding images path with different value:  => /opt/st/stm32cubeide_1.13.2/plugins/com.st.stm32cube.common.mx_6.9.2.202309101412//db//plugins/mcufinder/images/
2023-09-23 13:12:44,987 [INFO] ApiDb:250 - Set database path to: /home/laptop/.stmcufinder/plugins/mcufinder//mcu/
2023-09-23 13:12:44,989 [INFO] DbMcusAds:125 - Set database path to: /home/laptop/.stmcufinder/plugins/mcufinder//mcu/
2023-09-23 13:12:44,991 [INFO] CrossReferenceDbSqlite:203 - Set database path to: /home/laptop/.stmcufinder/plugins/mcufinder//mcu/cs/
2023-09-23 13:12:45,083 [INFO] RulesReader:64 - Compatibility file has been processed (293 Rules)
2023-09-23 13:12:45,125 [INFO] DbMcusXml:78 - Set database path to: /opt/st/stm32cubeide_1.13.2/plugins/com.st.stm32cube.common.mx_6.9.2.202309101412//db//mcu/
2023-09-23 13:12:45,125 [INFO] ApiDb:274 - Set plugin database path to: /opt/st/stm32cubeide_1.13.2/plugins/com.st.stm32cube.common.mx_6.9.2.202309101412//db//plugins/boardmanager/
2023-09-23 13:12:45,125 [INFO] ApiDb:261 - Set plugin images path to: /opt/st/stm32cubeide_1.13.2/plugins/com.st.stm32cube.common.mx_6.9.2.202309101412//db//plugins/mcufinder/images/
2023-09-23 13:12:45,125 [WARN] DbFile:41 - Overriding database path with different value: /home/laptop/.stmcufinder/plugins/mcufinder/ => /home/laptop/.stmcufinder/plugins/mcufinder
2023-09-23 13:12:45,126 [INFO] ApiDb:250 - Set database path to: /home/laptop/.stmcufinder/plugins/mcufinder//mcu/
2023-09-23 13:12:45,126 [WARN] DbFile:41 - Overriding database path with different value: /home/laptop/.stmcufinder/plugins/mcufinder/ => /home/laptop/.stmcufinder/plugins/mcufinder
2023-09-23 13:12:45,126 [INFO] DbMcusAds:125 - Set database path to: /home/laptop/.stmcufinder/plugins/mcufinder//mcu/
2023-09-23 13:12:45,126 [WARN] DbFile:41 - Overriding database path with different value: /home/laptop/.stmcufinder/plugins/mcufinder/ => /home/laptop/.stmcufinder/plugins/mcufinder
2023-09-23 13:12:45,126 [WARN] DbFile:41 - Overriding database path with different value: /home/laptop/.stmcufinder/plugins/mcufinder/ => /home/laptop/.stmcufinder/plugins/mcufinder
2023-09-23 13:12:45,126 [INFO] CrossReferenceDbSqlite:203 - Set database path to: /home/laptop/.stmcufinder/plugins/mcufinder//mcu/cs/
2023-09-23 13:12:45,176 [INFO] MainPanel:262 - HeapMemory: 268435456
2023-09-23 13:12:45,239 [INFO] DbMcusXml:78 - Set database path to: /opt/st/stm32cubeide_1.13.2/plugins/com.st.stm32cube.common.mx_6.9.2.202309101412//db//mcu/
2023-09-23 13:12:45,239 [INFO] ApiDb:274 - Set plugin database path to: /opt/st/stm32cubeide_1.13.2/plugins/com.st.stm32cube.common.mx_6.9.2.202309101412//db//plugins/boardmanager/
2023-09-23 13:12:45,239 [INFO] ApiDb:261 - Set plugin images path to: /opt/st/stm32cubeide_1.13.2/plugins/com.st.stm32cube.common.mx_6.9.2.202309101412//db//plugins/mcufinder/images/
2023-09-23 13:12:45,239 [WARN] DbFile:41 - Overriding database path with different value: /home/laptop/.stmcufinder/plugins/mcufinder/ => /home/laptop/.stmcufinder/plugins/mcufinder
2023-09-23 13:12:45,240 [INFO] ApiDb:250 - Set database path to: /home/laptop/.stmcufinder/plugins/mcufinder//mcu/
2023-09-23 13:12:45,240 [WARN] DbFile:41 - Overriding database path with different value: /home/laptop/.stmcufinder/plugins/mcufinder/ => /home/laptop/.stmcufinder/plugins/mcufinder
2023-09-23 13:12:45,240 [INFO] DbMcusAds:125 - Set database path to: /home/laptop/.stmcufinder/plugins/mcufinder//mcu/
2023-09-23 13:12:45,240 [WARN] DbFile:41 - Overriding database path with different value: /home/laptop/.stmcufinder/plugins/mcufinder/ => /home/laptop/.stmcufinder/plugins/mcufinder
2023-09-23 13:12:45,240 [WARN] DbFile:41 - Overriding database path with different value: /home/laptop/.stmcufinder/plugins/mcufinder/ => /home/laptop/.stmcufinder/plugins/mcufinder
2023-09-23 13:12:45,240 [INFO] CrossReferenceDbSqlite:203 - Set database path to: /home/laptop/.stmcufinder/plugins/mcufinder//mcu/cs/
2023-09-23 13:12:45,251 [INFO] ApplicationProperties:184 - Using Application install path: /opt/st/stm32cubeide_1.13.2/plugins/com.st.stm32cube.common.mx_6.9.2.202309101412
2023-09-23 13:12:45,252 [INFO] PluginManage:196 - Search for loadable plugins [exclusion list=, ]
2023-09-23 13:12:45,252 [INFO] PluginManage:310 - Check plugin analytics
2023-09-23 13:12:45,352 [INFO] AnalyticsPlugin:253 - Accepted Software Licenses: 
2023-09-23 13:12:45,352 [INFO] AnalyticsPlugin:255 - Accepted CMSIS Pack Licenses: 
2023-09-23 13:12:45,352 [INFO] AnalyticsPlugin:257 - Accepted Firmware Licenses: 
2023-09-23 13:12:45,354 [INFO] PluginManage:359 - Loaded plugin analytics (category:tool,tabindex:-1)
2023-09-23 13:12:45,354 [INFO] PluginManage:310 - Check plugin cadmodel
2023-09-23 13:12:45,404 [INFO] CADModel:105 - Init CAD model plugin
2023-09-23 13:12:45,404 [INFO] PluginManage:359 - Loaded plugin cadmodel (category:power,tabindex:5)
2023-09-23 13:12:45,404 [INFO] PluginManage:310 - Check plugin clock
2023-09-23 13:12:45,412 [INFO] PluginManage:359 - Loaded plugin clock (category:base,tabindex:2)
2023-09-23 13:12:45,412 [INFO] PluginManage:310 - Check plugin ddr
2023-09-23 13:12:45,414 [INFO] PluginManage:359 - Loaded plugin ddr (category:tool,tabindex:6)
2023-09-23 13:12:45,414 [INFO] PluginManage:310 - Check plugin filemanager
2023-09-23 13:12:45,505 [INFO] PluginManage:359 - Loaded plugin filemanager (category:base,tabindex:10)
2023-09-23 13:12:45,506 [INFO] PluginManage:310 - Check plugin ipmanager
2023-09-23 13:12:45,509 [INFO] PluginManage:359 - Loaded plugin ipmanager (category:base,tabindex:5)
2023-09-23 13:12:45,509 [INFO] PluginManage:310 - Check plugin lpbam
2023-09-23 13:12:45,517 [INFO] PluginManage:359 - Loaded plugin lpbam (category:base,tabindex:0)
2023-09-23 13:12:45,517 [INFO] PluginManage:310 - Check plugin memorymap
2023-09-23 13:12:45,524 [INFO] PluginManage:359 - Loaded plugin memorymap (category:base,tabindex:4)
2023-09-23 13:12:45,525 [INFO] PluginManage:310 - Check plugin pinoutandconfiguration
2023-09-23 13:12:45,530 [INFO] PluginManage:359 - Loaded plugin pinoutandconfiguration (category:base,tabindex:1)
2023-09-23 13:12:45,530 [INFO] PluginManage:310 - Check plugin pinoutconfig
2023-09-23 13:12:45,589 [WARN] SupportedApi:132 - Cannot load RTOS API schema: s4s-elt-must-match.1: The content of 'definitions' must match (annotation?, (simpleType | complexType)?, (unique | key | keyref)*)). A problem was found starting at: attribute.
2023-09-23 13:12:45,678 [INFO] PluginManage:359 - Loaded plugin pinoutconfig (category:base,tabindex:0)
2023-09-23 13:12:45,678 [INFO] PluginManage:310 - Check plugin power
2023-09-23 13:12:45,684 [INFO] PluginManage:359 - Loaded plugin power (category:power,tabindex:4)
2023-09-23 13:12:45,684 [INFO] PluginManage:310 - Check plugin projectmanager
2023-09-23 13:12:45,693 [INFO] PluginManage:359 - Loaded plugin projectmanager (category:projectmanager,tabindex:3)
2023-09-23 13:12:45,693 [INFO] PluginManage:310 - Check plugin thirdparty
2023-09-23 13:12:45,784 [INFO] PluginManage:359 - Loaded plugin thirdparty (category:base,tabindex:-1)
2023-09-23 13:12:45,784 [WARN] IntegrityCheckThread:84 - waiting for thirdparty lock release [integrity check]
2023-09-23 13:12:45,784 [INFO] PluginManage:310 - Check plugin tools
2023-09-23 13:12:45,784 [INFO] IntegrityCheckThread:86 - entering critical section [integrity check]
2023-09-23 13:12:45,784 [INFO] ThirdPartyUpdaterWithRetryManager:70 - Updater plugin not ready yet. [1/15]
2023-09-23 13:12:45,786 [INFO] PluginManage:359 - Loaded plugin tools (category:base,tabindex:7)
2023-09-23 13:12:45,786 [INFO] PluginManage:310 - Check plugin tutovideos
2023-09-23 13:12:45,900 [INFO] PluginManage:359 - Loaded plugin tutovideos (category:base,tabindex:-1)
2023-09-23 13:12:45,900 [INFO] PluginManage:310 - Check plugin updater
2023-09-23 13:12:45,908 [INFO] PluginManage:359 - Loaded plugin updater (category:base,tabindex:12)
2023-09-23 13:12:45,908 [INFO] PluginManage:310 - Check plugin userauth
2023-09-23 13:12:45,912 [INFO] UserAuth:113 - Init User Auth plugin
2023-09-23 13:12:45,912 [INFO] PluginManage:359 - Loaded plugin userauth (category:base,tabindex:14)
2023-09-23 13:12:45,913 [INFO] PluginManage:283 - PluginManage : Loaded plugins [17]
2023-09-23 13:12:46,046 [INFO] PinOutPanel:1499 - setPackage(No Configuration,No Configuration)
2023-09-23 13:12:46,114 [INFO] CADModel:165 - CPN selected for project level
2023-09-23 13:12:46,115 [INFO] CADModel:114 - Register for checkConnection events
2023-09-23 13:12:46,122 [INFO] IPUIPlugin:80 - create IPUIPlugin
2023-09-23 13:12:46,123 [INFO] PluginManager:220 - loadIPPluginJar : add ltdc
2023-09-23 13:12:46,127 [INFO] IPUIPlugin:80 - create IPUIPlugin
2023-09-23 13:12:46,127 [INFO] PluginManager:220 - loadIPPluginJar : add i2s
2023-09-23 13:12:46,129 [INFO] IPUIPlugin:80 - create IPUIPlugin
2023-09-23 13:12:46,129 [INFO] PluginManager:220 - loadIPPluginJar : add can
2023-09-23 13:12:46,132 [INFO] IPUIPlugin:80 - create IPUIPlugin
2023-09-23 13:12:46,133 [INFO] PluginManager:220 - loadIPPluginJar : add gpio
2023-09-23 13:12:46,137 [INFO] IPUIPlugin:80 - create IPUIPlugin
2023-09-23 13:12:46,137 [INFO] PluginManager:220 - loadIPPluginJar : add freertos
2023-09-23 13:12:46,139 [INFO] IPUIPlugin:80 - create IPUIPlugin
2023-09-23 13:12:46,139 [INFO] PluginManager:220 - loadIPPluginJar : add dma3
2023-09-23 13:12:46,141 [INFO] IPUIPlugin:80 - create IPUIPlugin
2023-09-23 13:12:46,141 [INFO] PluginManager:220 - loadIPPluginJar : add fatfs
2023-09-23 13:12:46,143 [INFO] IPUIPlugin:80 - create IPUIPlugin
2023-09-23 13:12:46,143 [INFO] PluginManager:220 - loadIPPluginJar : add cryp
2023-09-23 13:12:46,149 [INFO] IPUIPlugin:80 - create IPUIPlugin
2023-09-23 13:12:46,149 [INFO] PluginManager:220 - loadIPPluginJar : add adc
2023-09-23 13:12:46,151 [INFO] IPUIPlugin:80 - create IPUIPlugin
2023-09-23 13:12:46,151 [INFO] PluginManager:220 - loadIPPluginJar : add usart
2023-09-23 13:12:46,154 [INFO] IPUIPlugin:80 - create IPUIPlugin
2023-09-23 13:12:46,154 [INFO] PluginManager:220 - loadIPPluginJar : add touchsensing
2023-09-23 13:12:46,157 [INFO] IPUIPlugin:80 - create IPUIPlugin
2023-09-23 13:12:46,157 [INFO] PluginManager:220 - loadIPPluginJar : add gtzc
2023-09-23 13:12:46,159 [INFO] IPUIPlugin:80 - create IPUIPlugin
2023-09-23 13:12:46,159 [INFO] PluginManager:220 - loadIPPluginJar : add aes
2023-09-23 13:12:46,162 [INFO] IPUIPlugin:80 - create IPUIPlugin
2023-09-23 13:12:46,163 [INFO] PluginManager:220 - loadIPPluginJar : add nvic
2023-09-23 13:12:46,164 [INFO] IPUIPlugin:80 - create IPUIPlugin
2023-09-23 13:12:46,165 [INFO] PluginManager:220 - loadIPPluginJar : add gfxmmu
2023-09-23 13:12:46,166 [INFO] IPUIPlugin:80 - create IPUIPlugin
2023-09-23 13:12:46,166 [INFO] PluginManager:220 - loadIPPluginJar : add tim
2023-09-23 13:12:46,168 [INFO] IPUIPlugin:80 - create IPUIPlugin
2023-09-23 13:12:46,168 [INFO] PluginManager:220 - loadIPPluginJar : add lorawan
2023-09-23 13:12:46,175 [INFO] IPUIPlugin:80 - create IPUIPlugin
2023-09-23 13:12:46,175 [INFO] PluginManager:220 - loadIPPluginJar : add linkedlist
2023-09-23 13:12:46,181 [INFO] IPUIPlugin:80 - create IPUIPlugin
2023-09-23 13:12:46,181 [INFO] PluginManager:220 - loadIPPluginJar : add mdma
2023-09-23 13:12:46,185 [INFO] IPUIPlugin:80 - create IPUIPlugin
2023-09-23 13:12:46,186 [INFO] PluginManager:220 - loadIPPluginJar : add stm32_wpan
2023-09-23 13:12:46,187 [INFO] IPUIPlugin:80 - create IPUIPlugin
2023-09-23 13:12:46,187 [INFO] PluginManager:220 - loadIPPluginJar : add tsc
2023-09-23 13:12:46,193 [INFO] IPUIPlugin:80 - create IPUIPlugin
2023-09-23 13:12:46,196 [INFO] PluginManager:220 - loadIPPluginJar : add plateformsettings
2023-09-23 13:12:46,198 [INFO] IPUIPlugin:80 - create IPUIPlugin
2023-09-23 13:12:46,198 [INFO] PluginManager:220 - loadIPPluginJar : add spi
2023-09-23 13:12:46,199 [INFO] IPUIPlugin:80 - create IPUIPlugin
2023-09-23 13:12:46,199 [INFO] PluginManager:220 - loadIPPluginJar : add comp
2023-09-23 13:12:46,201 [INFO] IPUIPlugin:80 - create IPUIPlugin
2023-09-23 13:12:46,201 [INFO] PluginManager:220 - loadIPPluginJar : add i2c
2023-09-23 13:12:46,202 [INFO] IPUIPlugin:80 - create IPUIPlugin
2023-09-23 13:12:46,203 [INFO] PluginManager:220 - loadIPPluginJar : add hash
2023-09-23 13:12:46,207 [INFO] IPUIPlugin:80 - create IPUIPlugin
2023-09-23 13:12:46,207 [INFO] PluginManager:220 - loadIPPluginJar : add gic
2023-09-23 13:12:46,209 [INFO] IPUIPlugin:80 - create IPUIPlugin
2023-09-23 13:12:46,209 [INFO] PluginManager:220 - loadIPPluginJar : add i3c
2023-09-23 13:12:46,212 [INFO] IPUIPlugin:80 - create IPUIPlugin
2023-09-23 13:12:46,212 [INFO] PluginManager:220 - loadIPPluginJar : add sai
2023-09-23 13:12:46,216 [INFO] IPUIPlugin:80 - create IPUIPlugin
2023-09-23 13:12:46,216 [INFO] PluginManager:220 - loadIPPluginJar : add fmc
2023-09-23 13:12:46,217 [INFO] IPUIPlugin:80 - create IPUIPlugin
2023-09-23 13:12:46,217 [INFO] PluginManager:220 - loadIPPluginJar : add genericplugin
2023-09-23 13:12:46,219 [INFO] IPUIPlugin:80 - create IPUIPlugin
2023-09-23 13:12:46,219 [INFO] PluginManager:220 - loadIPPluginJar : add pdm2pcm
2023-09-23 13:12:46,222 [INFO] IPUIPlugin:80 - create IPUIPlugin
2023-09-23 13:12:46,222 [INFO] PluginManager:220 - loadIPPluginJar : add ipddr
2023-09-23 13:12:46,224 [INFO] IPUIPlugin:80 - create IPUIPlugin
2023-09-23 13:12:46,224 [INFO] PluginManager:220 - loadIPPluginJar : add quadspi
2023-09-23 13:12:46,225 [INFO] IPUIPlugin:80 - create IPUIPlugin
2023-09-23 13:12:46,226 [INFO] PluginManager:220 - loadIPPluginJar : add ucpd
2023-09-23 13:12:46,227 [INFO] IPUIPlugin:80 - create IPUIPlugin
2023-09-23 13:12:46,227 [INFO] PluginManager:220 - loadIPPluginJar : add ts
2023-09-23 13:12:46,229 [INFO] IPUIPlugin:80 - create IPUIPlugin
2023-09-23 13:12:46,229 [INFO] PluginManager:220 - loadIPPluginJar : add openamp
2023-09-23 13:12:46,231 [INFO] IPUIPlugin:80 - create IPUIPlugin
2023-09-23 13:12:46,232 [INFO] PluginManager:220 - loadIPPluginJar : add resmgrutility
2023-09-23 13:12:46,236 [INFO] IPUIPlugin:80 - create IPUIPlugin
2023-09-23 13:12:46,236 [INFO] PluginManager:220 - loadIPPluginJar : add dma
2023-09-23 13:12:46,238 [INFO] IPUIPlugin:80 - create IPUIPlugin
2023-09-23 13:12:46,238 [INFO] PluginManager:220 - loadIPPluginJar : add dfsdm
2023-09-23 13:12:46,239 [INFO] IPUIPlugin:80 - create IPUIPlugin
2023-09-23 13:12:46,239 [INFO] PluginManager:220 - loadIPPluginJar : add tracer_emb
2023-09-23 13:12:46,241 [INFO] IPUIPlugin:80 - create IPUIPlugin
2023-09-23 13:12:46,241 [INFO] PluginManager:220 - loadIPPluginJar : add opamp
2023-09-23 13:12:46,243 [INFO] IPUIPlugin:80 - create IPUIPlugin
2023-09-23 13:12:46,243 [INFO] PluginManager:220 - loadIPPluginJar : add usbx
2023-09-23 13:12:46,333 [INFO] CADModel:165 - CPN selected for project level
2023-09-23 13:12:46,333 [INFO] CADModel:114 - Register for checkConnection events
2023-09-23 13:12:46,333 [FATAL] Updater:308 - Updater called before beeing initialized
2023-09-23 13:12:46,333 [ERROR] CADModel:125 - Updater not yet initialized, retry later 
2023-09-23 13:12:46,414 [INFO] CADModel:165 - CPN selected for project level
2023-09-23 13:12:46,414 [INFO] CADModel:114 - Register for checkConnection events
2023-09-23 13:12:46,414 [FATAL] Updater:308 - Updater called before beeing initialized
2023-09-23 13:12:46,414 [ERROR] CADModel:125 - Updater not yet initialized, retry later 
2023-09-23 13:12:46,416 [FATAL] Updater:308 - Updater called before beeing initialized
2023-09-23 13:12:46,464 [FATAL] Updater:308 - Updater called before beeing initialized
2023-09-23 13:12:46,468 [INFO] DbMcusAds:53 - JSON generation date=Tue Mar 07 09:50:55 CET 2023 (1678179055114)
2023-09-23 13:12:46,468 [FATAL] Updater:308 - Updater called before beeing initialized
2023-09-23 13:12:46,491 [WARN] DetailPanel:346 - Failed to get advertising image, set to default
2023-09-23 13:12:46,545 [FATAL] Updater:308 - Updater called before beeing initialized
2023-09-23 13:12:46,546 [FATAL] Updater:308 - Updater called before beeing initialized
2023-09-23 13:12:46,546 [FATAL] Updater:308 - Updater called before beeing initialized
2023-09-23 13:12:46,547 [WARN] DetailPanel:346 - Failed to get advertising image, set to default
2023-09-23 13:12:46,547 [FATAL] Updater:308 - Updater called before beeing initialized
2023-09-23 13:12:46,567 [ERROR] Updater:1120 - MainUpdater not yet initialized. External WinMGr cannot be set.
2023-09-23 13:12:46,568 [INFO] Updater:1056 - Updater Version found : 6.9.2
2023-09-23 13:12:46,584 [INFO] ApplicationProperties:184 - Using Application install path: /opt/st/stm32cubeide_1.13.2/plugins/com.st.stm32cube.common.mx_6.9.2.202309101412
2023-09-23 13:12:46,682 [INFO] MainUpdater:2868 - connection check result : 10
2023-09-23 13:12:46,682 [INFO] MainUpdater:285 - Updater Check For Update Now.
2023-09-23 13:12:46,682 [INFO] MicroXplorer:498 - Change Database Version : DB.6.0.92
2023-09-23 13:12:46,686 [INFO] McuFinderGlobals:63 - Set McuFinder mode to 2 (CubeIDE integrated)
2023-09-23 13:12:46,686 [INFO] UserAuth:179 - activating auth plugin
2023-09-23 13:12:46,689 [INFO] UserAuth:393 - Internet connection configuration mode: 1
2023-09-23 13:12:46,699 [INFO] JxBrowserEngine:151 - Initiate JxBrowser Engine with user profile folder
2023-09-23 13:12:46,823 [INFO] CheckServerUpdateThread:120 - End of CheckServer Thread
2023-09-23 13:12:47,192 [INFO] WebApp:157 - Instantiating new browser for Auth
2023-09-23 13:12:47,565 [INFO] WebApp:753 - Register for checkConnection events
2023-09-23 13:12:47,565 [INFO] WebApp:390 - Apply proxy settings
2023-09-23 13:12:47,565 [INFO] WebApp:475 - Chromium requires no authentication
2023-09-23 13:12:47,568 [INFO] WebApp:418 - Direct internet connection detected
2023-09-23 13:12:47,644 [INFO] WebApp:188 - Starting web application
2023-09-23 13:12:47,644 [INFO] WebApp:520 - Web application path used /opt/st/stm32cubeide_1.13.2/plugins/com.st.stm32cube.common.mx_6.9.2.202309101412/db/plugins/mcufinder/reactClient1/index.html
2023-09-23 13:12:48,850 [WARN] PackLoader:240 - Cannot read IP mode file for STMicroelectronics.X-CUBE-SMBUS.2.1.0
2023-09-23 13:12:48,872 [WARN] PackLoader:240 - Cannot read IP mode file for STMicroelectronics.X-CUBE-AZRTOS-F7.1.1.0
2023-09-23 13:12:48,880 [WARN] PackLoader:240 - Cannot read IP mode file for STMicroelectronics.FP-SNS-MOTENV1.4.3.2
2023-09-23 13:12:48,884 [WARN] PackLoader:240 - Cannot read IP mode file for STMicroelectronics.FP-SNS-FLIGHT1.5.0.2
2023-09-23 13:12:48,890 [WARN] PackLoader:240 - Cannot read IP mode file for STMicroelectronics.X-CUBE-DISPLAY.3.0.0
2023-09-23 13:12:48,898 [WARN] PackLoader:240 - Cannot read IP mode file for STMicroelectronics.X-CUBE-BLE1.7.0.0
2023-09-23 13:12:48,902 [WARN] PackLoader:240 - Cannot read IP mode file for emotas.I-CUBE-CANOPEN.1.3.0
2023-09-23 13:12:48,905 [WARN] PackLoader:240 - Cannot read IP mode file for STMicroelectronics.X-CUBE-TOUCHGFX.4.22.0
2023-09-23 13:12:48,907 [WARN] PackLoader:240 - Cannot read IP mode file for STMicroelectronics.FP-SNS-SMARTAG2.1.2.0
2023-09-23 13:12:48,915 [INFO] LogOutputStream:77 - [STDOUT_REDIRECT] 1 : Invalid condition id : UX_CORESTACK_Condition cause : null
2023-09-23 13:12:48,915 [INFO] LogOutputStream:77 - [STDOUT_REDIRECT] 1 : Invalid condition id : UX_CORESTACK_Condition cause : null
2023-09-23 13:12:48,916 [INFO] LogOutputStream:77 - [STDOUT_REDIRECT] 1 : Invalid condition id : UX_CORESTACK_Condition cause : null
2023-09-23 13:12:48,916 [INFO] LogOutputStream:77 - [STDOUT_REDIRECT] 1 : Invalid condition id : UX_CORESTACK_Condition cause : null
2023-09-23 13:12:48,916 [INFO] LogOutputStream:77 - [STDOUT_REDIRECT] 1 : Invalid condition id : UX_CORESTACK_Condition cause : null
2023-09-23 13:12:48,919 [WARN] PackLoader:240 - Cannot read IP mode file for STMicroelectronics.X-CUBE-AZRTOS-WL.2.0.0
2023-09-23 13:12:48,925 [WARN] PackLoader:240 - Cannot read IP mode file for WES.I-CUBE-Cesium.1.3.0
2023-09-23 13:12:48,928 [WARN] PackLoader:240 - Cannot read IP mode file for STMicroelectronics.X-CUBE-BLE2.3.3.0
2023-09-23 13:12:48,932 [WARN] PackLoader:240 - Cannot read IP mode file for STMicroelectronics.X-CUBE-ALGOBUILD.1.3.0
2023-09-23 13:12:48,942 [WARN] PackLoader:240 - Cannot read IP mode file for STMicroelectronics.X-CUBE-AZRTOS-G0.1.1.0
2023-09-23 13:12:48,947 [WARN] PackLoader:240 - Cannot read IP mode file for STMicroelectronics.X-CUBE-NFC4.3.0.0
2023-09-23 13:12:48,950 [WARN] PackLoader:240 - Cannot read IP mode file for STMicroelectronics.FP-ATR-SIGFOX1.3.2.0
2023-09-23 13:12:48,976 [WARN] PackLoader:240 - Cannot read IP mode file for SEGGER.I-CUBE-embOS.1.3.1
2023-09-23 13:12:49,013 [WARN] PackLoader:240 - Cannot read IP mode file for STMicroelectronics.X-CUBE-GNSS1.6.0.0
2023-09-23 13:12:49,022 [WARN] PackLoader:240 - Cannot read IP mode file for STMicroelectronics.X-CUBE-AZRTOS-F4.1.1.0
2023-09-23 13:12:49,026 [WARN] PackLoader:240 - Cannot read IP mode file for wolfSSL.I-CUBE-wolfSSL.5.6.3
2023-09-23 13:12:49,035 [WARN] PackLoader:240 - Cannot read IP mode file for STMicroelectronics.X-CUBE-AZRTOS-L5.2.0.0
2023-09-23 13:12:49,059 [WARN] PackLoader:240 - Cannot read IP mode file for STMicroelectronics.X-CUBE-MEMS1.9.6.0
2023-09-23 13:12:49,187 [WARN] PackLoader:240 - Cannot read IP mode file for STMicroelectronics.X-CUBE-BLEMGR.2.0.0
2023-09-23 13:12:49,216 [WARN] ConditionMgr:438 - getConditionDescription Invalid condition id : UX DEVICE CLASS RTOS Condition cause : null
2023-09-23 13:12:49,216 [WARN] ConditionMgr:438 - getConditionDescription Invalid condition id : UX DEVICE CLASS RTOS Condition cause : null
2023-09-23 13:12:49,218 [WARN] PackLoader:240 - Cannot read IP mode file for STMicroelectronics.X-CUBE-AZRTOS-H7.3.1.0
2023-09-23 13:12:49,220 [WARN] ConditionMgr:1039 - genDependencies : Invalid condition id : UX DEVICE CLASS RTOS Condition cause : null
2023-09-23 13:12:49,220 [WARN] ConditionMgr:1039 - genDependencies : Invalid condition id : UX DEVICE CLASS RTOS Condition cause : null
2023-09-23 13:12:49,221 [WARN] ConditionMgr:1039 - genDependencies : Invalid condition id : UX DEVICE CLASS RTOS Condition cause : null
2023-09-23 13:12:49,221 [WARN] ConditionMgr:1039 - genDependencies : Invalid condition id : UX DEVICE CLASS RTOS Condition cause : null
2023-09-23 13:12:49,221 [WARN] ConditionMgr:1039 - genDependencies : Invalid condition id : UX DEVICE CLASS RTOS Condition cause : null
2023-09-23 13:12:49,226 [WARN] PackLoader:240 - Cannot read IP mode file for STMicroelectronics.X-CUBE-NFC7.1.0.1
2023-09-23 13:12:49,233 [WARN] PackLoader:240 - Cannot read IP mode file for STMicroelectronics.X-CUBE-NFC6.3.0.0
2023-09-23 13:12:49,239 [WARN] PackLoader:240 - Cannot read IP mode file for STMicroelectronics.X-CUBE-EEPRMA1.4.1.0
2023-09-23 13:12:49,243 [WARN] PackLoader:240 - Cannot read IP mode file for STMicroelectronics.X-CUBE-AI.8.1.0
2023-09-23 13:12:49,254 [WARN] ConditionMgr:438 - getConditionDescription Invalid condition id : LAN8742 Phy interface Condition cause : null
2023-09-23 13:12:49,255 [WARN] PackLoader:240 - Cannot read IP mode file for STMicroelectronics.X-CUBE-AZRTOS-L4.2.0.0
2023-09-23 13:12:49,256 [WARN] ConditionMgr:1039 - genDependencies : Invalid condition id : LAN8742 Phy interface Condition cause : null
2023-09-23 13:12:49,256 [WARN] ConditionMgr:1039 - genDependencies : Invalid condition id : LAN8742 Phy interface Condition cause : null
2023-09-23 13:12:49,257 [WARN] ConditionMgr:1039 - genDependencies : Invalid condition id : LAN8742 Phy interface Condition cause : null
2023-09-23 13:12:49,262 [WARN] PackLoader:240 - Cannot read IP mode file for STMicroelectronics.X-CUBE-SFXS2LP1.4.0.0
2023-09-23 13:12:49,266 [WARN] PackLoader:240 - Cannot read IP mode file for STMicroelectronics.X-CUBE-ISPU.1.1.0
2023-09-23 13:12:49,273 [WARN] ConditionMgr:438 - getConditionDescription Invalid condition id : UX DEVICE CLASS RTOS Condition cause : null
2023-09-23 13:12:49,273 [WARN] ConditionMgr:438 - getConditionDescription Invalid condition id : UX DEVICE CLASS RTOS Condition cause : null
2023-09-23 13:12:49,275 [WARN] PackLoader:240 - Cannot read IP mode file for STMicroelectronics.X-CUBE-AZRTOS-WB.2.0.0
2023-09-23 13:12:49,275 [WARN] ConditionMgr:1039 - genDependencies : Invalid condition id : UX DEVICE CLASS RTOS Condition cause : null
2023-09-23 13:12:49,276 [WARN] ConditionMgr:1039 - genDependencies : Invalid condition id : UX DEVICE CLASS RTOS Condition cause : null
2023-09-23 13:12:49,276 [WARN] ConditionMgr:1039 - genDependencies : Invalid condition id : UX DEVICE CLASS RTOS Condition cause : null
2023-09-23 13:12:49,276 [WARN] ConditionMgr:1039 - genDependencies : Invalid condition id : UX DEVICE CLASS RTOS Condition cause : null
2023-09-23 13:12:49,276 [WARN] ConditionMgr:1039 - genDependencies : Invalid condition id : UX DEVICE CLASS RTOS Condition cause : null
2023-09-23 13:12:49,288 [WARN] PackLoader:240 - Cannot read IP mode file for STMicroelectronics.X-CUBE-SUBG2.5.0.0
2023-09-23 13:12:49,296 [WARN] PackLoader:240 - Cannot read IP mode file for STMicroelectronics.X-CUBE-TOF1.3.3.1
2023-09-23 13:12:49,315 [WARN] PackLoader:240 - Cannot read IP mode file for STMicroelectronics.X-CUBE-AZRTOS-G4.2.0.0
2023-09-23 13:12:49,321 [WARN] PackLoader:240 - Cannot read IP mode file for STMicroelectronics.X-CUBE-FREERTOS.1.1.0
2023-09-23 13:12:49,324 [WARN] PackLoader:240 - Cannot read IP mode file for portGmbH.I-Cube-SoM-uGOAL.1.1.0
2023-09-23 13:12:49,328 [WARN] PackLoader:240 - Cannot read IP mode file for STMicroelectronics.X-CUBE-ALS.1.0.1
2023-09-23 13:12:49,331 [WARN] PackLoader:240 - Cannot read IP mode file for STMicroelectronics.FP-ATR-ASTRA1.2.0.0
2023-09-23 13:12:49,332 [INFO] ThirdParty:978 - Integrity check success = true
2023-09-23 13:12:49,332 [INFO] IntegrityCheckThread:100 - exiting critical section [integrity check]
2023-09-23 13:12:49,332 [INFO] IntegrityCheckThread:103 - End integrity checks thread
2023-09-23 13:13:07,931 [ERROR] LogOutputStream:75 - [STDERR_REDIRECT] SLF4J: Failed to load class "org.slf4j.impl.StaticLoggerBinder".
2023-09-23 13:13:07,932 [ERROR] LogOutputStream:75 - [STDERR_REDIRECT] SLF4J: Defaulting to no-operation (NOP) logger implementation
2023-09-23 13:13:07,932 [ERROR] LogOutputStream:75 - [STDERR_REDIRECT] SLF4J: See http://www.slf4j.org/codes.html#StaticLoggerBinder for further details.
2023-09-23 13:13:22,154 [INFO] LogOutputStream:77 - [STDOUT_REDIRECT] Unexpected error loading extension: org.eclipse.equinox.p2.metadata.repository.compositeRepository
2023-09-23 13:13:22,155 [ERROR] LogOutputStream:75 - [STDERR_REDIRECT] java.lang.IllegalStateException: bundle org.eclipse.equinox.p2.repositoryis not started
2023-09-23 13:13:22,155 [ERROR] LogOutputStream:75 - [STDERR_REDIRECT] 	at org.eclipse.equinox.internal.p2.repository.Activator.getContext(Activator.java:65)
2023-09-23 13:13:22,155 [ERROR] LogOutputStream:75 - [STDERR_REDIRECT] 	at org.eclipse.equinox.internal.p2.repository.helpers.AbstractRepositoryManager.restoreFromSystemProperty(AbstractRepositoryManager.java:1013)
2023-09-23 13:13:22,155 [ERROR] LogOutputStream:75 - [STDERR_REDIRECT] 	at org.eclipse.equinox.internal.p2.repository.helpers.AbstractRepositoryManager.restoreRepositories(AbstractRepositoryManager.java:1033)
2023-09-23 13:13:22,155 [ERROR] LogOutputStream:75 - [STDERR_REDIRECT] 	at org.eclipse.equinox.internal.p2.repository.helpers.AbstractRepositoryManager.getRepositoryProperty(AbstractRepositoryManager.java:571)
2023-09-23 13:13:22,155 [ERROR] LogOutputStream:75 - [STDERR_REDIRECT] 	at org.eclipse.equinox.internal.p2.repository.helpers.AbstractRepositoryManager.loadRepository(AbstractRepositoryManager.java:703)
2023-09-23 13:13:22,155 [ERROR] LogOutputStream:75 - [STDERR_REDIRECT] 	at org.eclipse.equinox.internal.p2.metadata.repository.MetadataRepositoryManager.loadRepository(MetadataRepositoryManager.java:110)
2023-09-23 13:13:22,156 [ERROR] LogOutputStream:75 - [STDERR_REDIRECT] 	at org.eclipse.equinox.internal.p2.metadata.repository.MetadataRepositoryManager.loadRepository(MetadataRepositoryManager.java:105)
2023-09-23 13:13:22,156 [ERROR] LogOutputStream:75 - [STDERR_REDIRECT] 	at org.eclipse.equinox.internal.p2.metadata.repository.CompositeMetadataRepository.addChild(CompositeMetadataRepository.java:171)
2023-09-23 13:13:22,156 [ERROR] LogOutputStream:75 - [STDERR_REDIRECT] 	at org.eclipse.equinox.internal.p2.metadata.repository.CompositeMetadataRepository.<init>(CompositeMetadataRepository.java:113)
2023-09-23 13:13:22,156 [ERROR] LogOutputStream:75 - [STDERR_REDIRECT] 	at org.eclipse.equinox.internal.p2.metadata.repository.CompositeMetadataRepositoryFactory.load(CompositeMetadataRepositoryFactory.java:124)
2023-09-23 13:13:22,156 [ERROR] LogOutputStream:75 - [STDERR_REDIRECT] 	at org.eclipse.equinox.internal.p2.metadata.repository.MetadataRepositoryManager.factoryLoad(MetadataRepositoryManager.java:63)
2023-09-23 13:13:22,156 [ERROR] LogOutputStream:75 - [STDERR_REDIRECT] 	at org.eclipse.equinox.internal.p2.repository.helpers.AbstractRepositoryManager.loadRepository(AbstractRepositoryManager.java:787)
2023-09-23 13:13:22,156 [ERROR] LogOutputStream:75 - [STDERR_REDIRECT] 	at org.eclipse.equinox.internal.p2.repository.helpers.AbstractRepositoryManager.loadRepository(AbstractRepositoryManager.java:685)
2023-09-23 13:13:22,157 [ERROR] LogOutputStream:75 - [STDERR_REDIRECT] 	at org.eclipse.equinox.internal.p2.metadata.repository.MetadataRepositoryManager.loadRepository(MetadataRepositoryManager.java:110)
2023-09-23 13:13:22,157 [ERROR] LogOutputStream:75 - [STDERR_REDIRECT] 	at org.eclipse.equinox.internal.p2.metadata.repository.MetadataRepositoryManager.loadRepository(MetadataRepositoryManager.java:105)
2023-09-23 13:13:22,157 [ERROR] LogOutputStream:75 - [STDERR_REDIRECT] 	at org.eclipse.equinox.internal.p2.metadata.repository.CompositeMetadataRepository.addChild(CompositeMetadataRepository.java:171)
2023-09-23 13:13:22,157 [ERROR] LogOutputStream:75 - [STDERR_REDIRECT] 	at org.eclipse.equinox.internal.p2.metadata.repository.CompositeMetadataRepository.<init>(CompositeMetadataRepository.java:113)
2023-09-23 13:13:22,157 [ERROR] LogOutputStream:75 - [STDERR_REDIRECT] 	at org.eclipse.equinox.internal.p2.metadata.repository.CompositeMetadataRepositoryFactory.load(CompositeMetadataRepositoryFactory.java:124)
2023-09-23 13:13:22,157 [ERROR] LogOutputStream:75 - [STDERR_REDIRECT] 	at org.eclipse.equinox.internal.p2.metadata.repository.MetadataRepositoryManager.factoryLoad(MetadataRepositoryManager.java:63)
2023-09-23 13:13:22,157 [ERROR] LogOutputStream:75 - [STDERR_REDIRECT] 	at org.eclipse.equinox.internal.p2.repository.helpers.AbstractRepositoryManager.loadRepository(AbstractRepositoryManager.java:787)
2023-09-23 13:13:22,158 [ERROR] LogOutputStream:75 - [STDERR_REDIRECT] 	at org.eclipse.equinox.internal.p2.repository.helpers.AbstractRepositoryManager.loadRepository(AbstractRepositoryManager.java:685)
2023-09-23 13:13:22,158 [ERROR] LogOutputStream:75 - [STDERR_REDIRECT] 	at org.eclipse.equinox.internal.p2.metadata.repository.MetadataRepositoryManager.loadRepository(MetadataRepositoryManager.java:110)
2023-09-23 13:13:22,158 [ERROR] LogOutputStream:75 - [STDERR_REDIRECT] 	at org.eclipse.equinox.internal.p2.metadata.repository.MetadataRepositoryManager.loadRepository(MetadataRepositoryManager.java:105)
2023-09-23 13:13:22,158 [ERROR] LogOutputStream:75 - [STDERR_REDIRECT] 	at org.eclipse.equinox.internal.p2.metadata.repository.CompositeMetadataRepository.addChild(CompositeMetadataRepository.java:171)
2023-09-23 13:13:22,158 [ERROR] LogOutputStream:75 - [STDERR_REDIRECT] 	at org.eclipse.equinox.internal.p2.metadata.repository.CompositeMetadataRepository.<init>(CompositeMetadataRepository.java:113)
2023-09-23 13:13:22,158 [ERROR] LogOutputStream:75 - [STDERR_REDIRECT] 	at org.eclipse.equinox.internal.p2.metadata.repository.CompositeMetadataRepositoryFactory.load(CompositeMetadataRepositoryFactory.java:124)
2023-09-23 13:13:22,158 [ERROR] LogOutputStream:75 - [STDERR_REDIRECT] 	at org.eclipse.equinox.internal.p2.metadata.repository.MetadataRepositoryManager.factoryLoad(MetadataRepositoryManager.java:63)
2023-09-23 13:13:22,158 [ERROR] LogOutputStream:75 - [STDERR_REDIRECT] 	at org.eclipse.equinox.internal.p2.repository.helpers.AbstractRepositoryManager.loadRepository(AbstractRepositoryManager.java:787)
2023-09-23 13:13:22,159 [ERROR] LogOutputStream:75 - [STDERR_REDIRECT] 	at org.eclipse.equinox.internal.p2.repository.helpers.AbstractRepositoryManager.loadRepository(AbstractRepositoryManager.java:685)
2023-09-23 13:13:22,159 [ERROR] LogOutputStream:75 - [STDERR_REDIRECT] 	at org.eclipse.equinox.internal.p2.metadata.repository.MetadataRepositoryManager.loadRepository(MetadataRepositoryManager.java:110)
2023-09-23 13:13:22,159 [ERROR] LogOutputStream:75 - [STDERR_REDIRECT] 	at org.eclipse.equinox.internal.p2.metadata.repository.MetadataRepositoryManager.loadRepository(MetadataRepositoryManager.java:105)
2023-09-23 13:13:22,159 [ERROR] LogOutputStream:75 - [STDERR_REDIRECT] 	at org.eclipse.equinox.internal.p2.updatechecker.UpdateChecker.getAvailableRepositories(UpdateChecker.java:152)
2023-09-23 13:13:22,159 [ERROR] LogOutputStream:75 - [STDERR_REDIRECT] 	at org.eclipse.equinox.internal.p2.updatechecker.UpdateChecker.checkForUpdates(UpdateChecker.java:130)
2023-09-23 13:13:22,159 [ERROR] LogOutputStream:75 - [STDERR_REDIRECT] 	at org.eclipse.equinox.internal.p2.updatechecker.UpdateChecker$UpdateCheckThread.run(UpdateChecker.java:78)
2023-09-23 13:13:22,160 [INFO] LogOutputStream:77 - [STDOUT_REDIRECT] Provisioning exception
2023-09-23 13:13:22,160 [ERROR] LogOutputStream:75 - [STDERR_REDIRECT] org.eclipse.equinox.p2.core.ProvisionException: No repository found at https://sw-center.st.com/stm32cubeide/eclipse/2022-03.
2023-09-23 13:13:22,160 [ERROR] LogOutputStream:75 - [STDERR_REDIRECT] 	at org.eclipse.equinox.internal.p2.repository.helpers.AbstractRepositoryManager.fail(AbstractRepositoryManager.java:405)
2023-09-23 13:13:22,160 [ERROR] LogOutputStream:75 - [STDERR_REDIRECT] 	at org.eclipse.equinox.internal.p2.repository.helpers.AbstractRepositoryManager.loadRepository(AbstractRepositoryManager.java:709)
2023-09-23 13:13:22,160 [ERROR] LogOutputStream:75 - [STDERR_REDIRECT] 	at org.eclipse.equinox.internal.p2.metadata.repository.MetadataRepositoryManager.loadRepository(MetadataRepositoryManager.java:110)
2023-09-23 13:13:22,160 [ERROR] LogOutputStream:75 - [STDERR_REDIRECT] 	at org.eclipse.equinox.internal.p2.metadata.repository.MetadataRepositoryManager.loadRepository(MetadataRepositoryManager.java:105)
2023-09-23 13:13:22,160 [ERROR] LogOutputStream:75 - [STDERR_REDIRECT] 	at org.eclipse.equinox.internal.p2.metadata.repository.CompositeMetadataRepository.addChild(CompositeMetadataRepository.java:171)
2023-09-23 13:13:22,160 [ERROR] LogOutputStream:75 - [STDERR_REDIRECT] 	at org.eclipse.equinox.internal.p2.metadata.repository.CompositeMetadataRepository.<init>(CompositeMetadataRepository.java:113)
2023-09-23 13:13:22,161 [ERROR] LogOutputStream:75 - [STDERR_REDIRECT] 	at org.eclipse.equinox.internal.p2.metadata.repository.CompositeMetadataRepositoryFactory.load(CompositeMetadataRepositoryFactory.java:124)
2023-09-23 13:13:22,161 [ERROR] LogOutputStream:75 - [STDERR_REDIRECT] 	at org.eclipse.equinox.internal.p2.metadata.repository.MetadataRepositoryManager.factoryLoad(MetadataRepositoryManager.java:63)
2023-09-23 13:13:22,161 [ERROR] LogOutputStream:75 - [STDERR_REDIRECT] 	at org.eclipse.equinox.internal.p2.repository.helpers.AbstractRepositoryManager.loadRepository(AbstractRepositoryManager.java:787)
2023-09-23 13:13:22,161 [ERROR] LogOutputStream:75 - [STDERR_REDIRECT] 	at org.eclipse.equinox.internal.p2.repository.helpers.AbstractRepositoryManager.loadRepository(AbstractRepositoryManager.java:685)
2023-09-23 13:13:22,161 [ERROR] LogOutputStream:75 - [STDERR_REDIRECT] 	at org.eclipse.equinox.internal.p2.metadata.repository.MetadataRepositoryManager.loadRepository(MetadataRepositoryManager.java:110)
2023-09-23 13:13:22,161 [ERROR] LogOutputStream:75 - [STDERR_REDIRECT] 	at org.eclipse.equinox.internal.p2.metadata.repository.MetadataRepositoryManager.loadRepository(MetadataRepositoryManager.java:105)
2023-09-23 13:13:22,161 [ERROR] LogOutputStream:75 - [STDERR_REDIRECT] 	at org.eclipse.equinox.internal.p2.metadata.repository.CompositeMetadataRepository.addChild(CompositeMetadataRepository.java:171)
2023-09-23 13:13:22,161 [ERROR] LogOutputStream:75 - [STDERR_REDIRECT] 	at org.eclipse.equinox.internal.p2.metadata.repository.CompositeMetadataRepository.<init>(CompositeMetadataRepository.java:113)
2023-09-23 13:13:22,161 [ERROR] LogOutputStream:75 - [STDERR_REDIRECT] 	at org.eclipse.equinox.internal.p2.metadata.repository.CompositeMetadataRepositoryFactory.load(CompositeMetadataRepositoryFactory.java:124)
2023-09-23 13:13:22,161 [ERROR] LogOutputStream:75 - [STDERR_REDIRECT] 	at org.eclipse.equinox.internal.p2.metadata.repository.MetadataRepositoryManager.factoryLoad(MetadataRepositoryManager.java:63)
2023-09-23 13:13:22,161 [ERROR] LogOutputStream:75 - [STDERR_REDIRECT] 	at org.eclipse.equinox.internal.p2.repository.helpers.AbstractRepositoryManager.loadRepository(AbstractRepositoryManager.java:787)
2023-09-23 13:13:22,162 [ERROR] LogOutputStream:75 - [STDERR_REDIRECT] 	at org.eclipse.equinox.internal.p2.repository.helpers.AbstractRepositoryManager.loadRepository(AbstractRepositoryManager.java:685)
2023-09-23 13:13:22,162 [ERROR] LogOutputStream:75 - [STDERR_REDIRECT] 	at org.eclipse.equinox.internal.p2.metadata.repository.MetadataRepositoryManager.loadRepository(MetadataRepositoryManager.java:110)
2023-09-23 13:13:22,162 [ERROR] LogOutputStream:75 - [STDERR_REDIRECT] 	at org.eclipse.equinox.internal.p2.metadata.repository.MetadataRepositoryManager.loadRepository(MetadataRepositoryManager.java:105)
2023-09-23 13:13:22,162 [ERROR] LogOutputStream:75 - [STDERR_REDIRECT] 	at org.eclipse.equinox.internal.p2.updatechecker.UpdateChecker.getAvailableRepositories(UpdateChecker.java:152)
2023-09-23 13:13:22,162 [ERROR] LogOutputStream:75 - [STDERR_REDIRECT] 	at org.eclipse.equinox.internal.p2.updatechecker.UpdateChecker.checkForUpdates(UpdateChecker.java:130)
2023-09-23 13:13:22,162 [ERROR] LogOutputStream:75 - [STDERR_REDIRECT] 	at org.eclipse.equinox.internal.p2.updatechecker.UpdateChecker$UpdateCheckThread.run(UpdateChecker.java:78)
2023-09-23 13:13:22,163 [INFO] LogOutputStream:77 - [STDOUT_REDIRECT] Provisioning exception
2023-09-23 13:13:22,163 [ERROR] LogOutputStream:75 - [STDERR_REDIRECT] org.eclipse.equinox.p2.core.ProvisionException: Unable to read repository at https://sw-center.st.com/stm32cubeide/eclipse.
2023-09-23 13:13:22,163 [ERROR] LogOutputStream:75 - [STDERR_REDIRECT] 	at org.eclipse.equinox.internal.p2.metadata.repository.CompositeMetadataRepository.addChild(CompositeMetadataRepository.java:190)
2023-09-23 13:13:22,163 [ERROR] LogOutputStream:75 - [STDERR_REDIRECT] 	at org.eclipse.equinox.internal.p2.metadata.repository.CompositeMetadataRepository.<init>(CompositeMetadataRepository.java:113)
2023-09-23 13:13:22,163 [ERROR] LogOutputStream:75 - [STDERR_REDIRECT] 	at org.eclipse.equinox.internal.p2.metadata.repository.CompositeMetadataRepositoryFactory.load(CompositeMetadataRepositoryFactory.java:124)
2023-09-23 13:13:22,163 [ERROR] LogOutputStream:75 - [STDERR_REDIRECT] 	at org.eclipse.equinox.internal.p2.metadata.repository.MetadataRepositoryManager.factoryLoad(MetadataRepositoryManager.java:63)
2023-09-23 13:13:22,164 [ERROR] LogOutputStream:75 - [STDERR_REDIRECT] 	at org.eclipse.equinox.internal.p2.repository.helpers.AbstractRepositoryManager.loadRepository(AbstractRepositoryManager.java:787)
2023-09-23 13:13:22,164 [ERROR] LogOutputStream:75 - [STDERR_REDIRECT] 	at org.eclipse.equinox.internal.p2.repository.helpers.AbstractRepositoryManager.loadRepository(AbstractRepositoryManager.java:685)
2023-09-23 13:13:22,164 [ERROR] LogOutputStream:75 - [STDERR_REDIRECT] 	at org.eclipse.equinox.internal.p2.metadata.repository.MetadataRepositoryManager.loadRepository(MetadataRepositoryManager.java:110)
2023-09-23 13:13:22,164 [ERROR] LogOutputStream:75 - [STDERR_REDIRECT] 	at org.eclipse.equinox.internal.p2.metadata.repository.MetadataRepositoryManager.loadRepository(MetadataRepositoryManager.java:105)
2023-09-23 13:13:22,164 [ERROR] LogOutputStream:75 - [STDERR_REDIRECT] 	at org.eclipse.equinox.internal.p2.metadata.repository.CompositeMetadataRepository.addChild(CompositeMetadataRepository.java:171)
2023-09-23 13:13:22,164 [ERROR] LogOutputStream:75 - [STDERR_REDIRECT] 	at org.eclipse.equinox.internal.p2.metadata.repository.CompositeMetadataRepository.<init>(CompositeMetadataRepository.java:113)
2023-09-23 13:13:22,164 [ERROR] LogOutputStream:75 - [STDERR_REDIRECT] 	at org.eclipse.equinox.internal.p2.metadata.repository.CompositeMetadataRepositoryFactory.load(CompositeMetadataRepositoryFactory.java:124)
2023-09-23 13:13:22,164 [ERROR] LogOutputStream:75 - [STDERR_REDIRECT] 	at org.eclipse.equinox.internal.p2.metadata.repository.MetadataRepositoryManager.factoryLoad(MetadataRepositoryManager.java:63)
2023-09-23 13:13:22,165 [ERROR] LogOutputStream:75 - [STDERR_REDIRECT] 	at org.eclipse.equinox.internal.p2.repository.helpers.AbstractRepositoryManager.loadRepository(AbstractRepositoryManager.java:787)
2023-09-23 13:13:22,165 [ERROR] LogOutputStream:75 - [STDERR_REDIRECT] 	at org.eclipse.equinox.internal.p2.repository.helpers.AbstractRepositoryManager.loadRepository(AbstractRepositoryManager.java:685)
2023-09-23 13:13:22,165 [ERROR] LogOutputStream:75 - [STDERR_REDIRECT] 	at org.eclipse.equinox.internal.p2.metadata.repository.MetadataRepositoryManager.loadRepository(MetadataRepositoryManager.java:110)
2023-09-23 13:13:22,165 [ERROR] LogOutputStream:75 - [STDERR_REDIRECT] 	at org.eclipse.equinox.internal.p2.metadata.repository.MetadataRepositoryManager.loadRepository(MetadataRepositoryManager.java:105)
2023-09-23 13:13:22,165 [ERROR] LogOutputStream:75 - [STDERR_REDIRECT] 	at org.eclipse.equinox.internal.p2.updatechecker.UpdateChecker.getAvailableRepositories(UpdateChecker.java:152)
2023-09-23 13:13:22,165 [ERROR] LogOutputStream:75 - [STDERR_REDIRECT] 	at org.eclipse.equinox.internal.p2.updatechecker.UpdateChecker.checkForUpdates(UpdateChecker.java:130)
2023-09-23 13:13:22,165 [ERROR] LogOutputStream:75 - [STDERR_REDIRECT] 	at org.eclipse.equinox.internal.p2.updatechecker.UpdateChecker$UpdateCheckThread.run(UpdateChecker.java:78)
2023-09-23 13:13:22,166 [ERROR] LogOutputStream:75 - [STDERR_REDIRECT] Caused by: org.eclipse.equinox.p2.core.ProvisionException: No repository found at https://sw-center.st.com/stm32cubeide/eclipse/2022-03.
2023-09-23 13:13:22,166 [ERROR] LogOutputStream:75 - [STDERR_REDIRECT] 	at org.eclipse.equinox.internal.p2.repository.helpers.AbstractRepositoryManager.fail(AbstractRepositoryManager.java:405)
2023-09-23 13:13:22,166 [ERROR] LogOutputStream:75 - [STDERR_REDIRECT] 	at org.eclipse.equinox.internal.p2.repository.helpers.AbstractRepositoryManager.loadRepository(AbstractRepositoryManager.java:709)
2023-09-23 13:13:22,166 [ERROR] LogOutputStream:75 - [STDERR_REDIRECT] 	at org.eclipse.equinox.internal.p2.metadata.repository.MetadataRepositoryManager.loadRepository(MetadataRepositoryManager.java:110)
2023-09-23 13:13:22,166 [ERROR] LogOutputStream:75 - [STDERR_REDIRECT] 	at org.eclipse.equinox.internal.p2.metadata.repository.MetadataRepositoryManager.loadRepository(MetadataRepositoryManager.java:105)
2023-09-23 13:13:22,166 [ERROR] LogOutputStream:75 - [STDERR_REDIRECT] 	at org.eclipse.equinox.internal.p2.metadata.repository.CompositeMetadataRepository.addChild(CompositeMetadataRepository.java:171)
2023-09-23 13:13:22,166 [ERROR] LogOutputStream:75 - [STDERR_REDIRECT] 	... 18 more
2023-09-23 13:13:22,180 [ERROR] LogOutputStream:75 - [STDERR_REDIRECT] 
2023-09-23 13:14:28,711 [INFO] Activator:176 - 


2023-09-23 13:14:28,713 [INFO] Activator:177 - !SESSION log4j initialized
2023-09-23 13:14:31,588 [INFO] LogOutputStream:77 - [STDOUT_REDIRECT] 
2023-09-23 13:14:32,395 [INFO] ApplicationProperties:184 - Using Application install path: /opt/st/stm32cubeide_1.13.2/plugins/com.st.stm32cube.common.mx_6.9.2.202309101412
2023-09-23 13:14:32,416 [INFO] DbMcusXml:78 - Set database path to: /opt/st/stm32cubeide_1.13.2/plugins/com.st.stm32cube.common.mx_6.9.2.202309101412//db//mcu/
2023-09-23 13:14:32,416 [INFO] ApiDb:274 - Set plugin database path to: /opt/st/stm32cubeide_1.13.2/plugins/com.st.stm32cube.common.mx_6.9.2.202309101412//db//plugins/boardmanager/
2023-09-23 13:14:32,417 [WARN] ApiDb:259 - Overriding images path with different value:  => /opt/st/stm32cubeide_1.13.2/plugins/com.st.stm32cube.common.mx_6.9.2.202309101412//db//plugins/mcufinder/images/
2023-09-23 13:14:32,426 [INFO] ApiDb:250 - Set database path to: /home/laptop/.stmcufinder/plugins/mcufinder//mcu/
2023-09-23 13:14:32,427 [INFO] DbMcusAds:125 - Set database path to: /home/laptop/.stmcufinder/plugins/mcufinder//mcu/
2023-09-23 13:14:32,431 [INFO] CrossReferenceDbSqlite:203 - Set database path to: /home/laptop/.stmcufinder/plugins/mcufinder//mcu/cs/
2023-09-23 13:14:32,533 [INFO] RulesReader:64 - Compatibility file has been processed (293 Rules)
2023-09-23 13:14:32,573 [INFO] DbMcusXml:78 - Set database path to: /opt/st/stm32cubeide_1.13.2/plugins/com.st.stm32cube.common.mx_6.9.2.202309101412//db//mcu/
2023-09-23 13:14:32,573 [INFO] ApiDb:274 - Set plugin database path to: /opt/st/stm32cubeide_1.13.2/plugins/com.st.stm32cube.common.mx_6.9.2.202309101412//db//plugins/boardmanager/
2023-09-23 13:14:32,573 [INFO] ApiDb:261 - Set plugin images path to: /opt/st/stm32cubeide_1.13.2/plugins/com.st.stm32cube.common.mx_6.9.2.202309101412//db//plugins/mcufinder/images/
2023-09-23 13:14:32,573 [WARN] DbFile:41 - Overriding database path with different value: /home/laptop/.stmcufinder/plugins/mcufinder/ => /home/laptop/.stmcufinder/plugins/mcufinder
2023-09-23 13:14:32,574 [INFO] ApiDb:250 - Set database path to: /home/laptop/.stmcufinder/plugins/mcufinder//mcu/
2023-09-23 13:14:32,574 [WARN] DbFile:41 - Overriding database path with different value: /home/laptop/.stmcufinder/plugins/mcufinder/ => /home/laptop/.stmcufinder/plugins/mcufinder
2023-09-23 13:14:32,574 [INFO] DbMcusAds:125 - Set database path to: /home/laptop/.stmcufinder/plugins/mcufinder//mcu/
2023-09-23 13:14:32,574 [WARN] DbFile:41 - Overriding database path with different value: /home/laptop/.stmcufinder/plugins/mcufinder/ => /home/laptop/.stmcufinder/plugins/mcufinder
2023-09-23 13:14:32,574 [WARN] DbFile:41 - Overriding database path with different value: /home/laptop/.stmcufinder/plugins/mcufinder/ => /home/laptop/.stmcufinder/plugins/mcufinder
2023-09-23 13:14:32,574 [INFO] CrossReferenceDbSqlite:203 - Set database path to: /home/laptop/.stmcufinder/plugins/mcufinder//mcu/cs/
2023-09-23 13:14:32,617 [INFO] MainPanel:262 - HeapMemory: 268435456
2023-09-23 13:14:32,672 [INFO] DbMcusXml:78 - Set database path to: /opt/st/stm32cubeide_1.13.2/plugins/com.st.stm32cube.common.mx_6.9.2.202309101412//db//mcu/
2023-09-23 13:14:32,672 [INFO] ApiDb:274 - Set plugin database path to: /opt/st/stm32cubeide_1.13.2/plugins/com.st.stm32cube.common.mx_6.9.2.202309101412//db//plugins/boardmanager/
2023-09-23 13:14:32,672 [INFO] ApiDb:261 - Set plugin images path to: /opt/st/stm32cubeide_1.13.2/plugins/com.st.stm32cube.common.mx_6.9.2.202309101412//db//plugins/mcufinder/images/
2023-09-23 13:14:32,672 [WARN] DbFile:41 - Overriding database path with different value: /home/laptop/.stmcufinder/plugins/mcufinder/ => /home/laptop/.stmcufinder/plugins/mcufinder
2023-09-23 13:14:32,672 [INFO] ApiDb:250 - Set database path to: /home/laptop/.stmcufinder/plugins/mcufinder//mcu/
2023-09-23 13:14:32,672 [WARN] DbFile:41 - Overriding database path with different value: /home/laptop/.stmcufinder/plugins/mcufinder/ => /home/laptop/.stmcufinder/plugins/mcufinder
2023-09-23 13:14:32,672 [INFO] DbMcusAds:125 - Set database path to: /home/laptop/.stmcufinder/plugins/mcufinder//mcu/
2023-09-23 13:14:32,672 [WARN] DbFile:41 - Overriding database path with different value: /home/laptop/.stmcufinder/plugins/mcufinder/ => /home/laptop/.stmcufinder/plugins/mcufinder
2023-09-23 13:14:32,672 [WARN] DbFile:41 - Overriding database path with different value: /home/laptop/.stmcufinder/plugins/mcufinder/ => /home/laptop/.stmcufinder/plugins/mcufinder
2023-09-23 13:14:32,672 [INFO] CrossReferenceDbSqlite:203 - Set database path to: /home/laptop/.stmcufinder/plugins/mcufinder//mcu/cs/
2023-09-23 13:14:32,683 [INFO] ApplicationProperties:184 - Using Application install path: /opt/st/stm32cubeide_1.13.2/plugins/com.st.stm32cube.common.mx_6.9.2.202309101412
2023-09-23 13:14:32,685 [INFO] PluginManage:196 - Search for loadable plugins [exclusion list=, ]
2023-09-23 13:14:32,685 [INFO] PluginManage:310 - Check plugin analytics
2023-09-23 13:14:32,791 [INFO] AnalyticsPlugin:253 - Accepted Software Licenses: 
2023-09-23 13:14:32,791 [INFO] AnalyticsPlugin:255 - Accepted CMSIS Pack Licenses: 
2023-09-23 13:14:32,791 [INFO] AnalyticsPlugin:257 - Accepted Firmware Licenses: 
2023-09-23 13:14:32,793 [INFO] PluginManage:359 - Loaded plugin analytics (category:tool,tabindex:-1)
2023-09-23 13:14:32,793 [INFO] PluginManage:310 - Check plugin cadmodel
2023-09-23 13:14:32,840 [INFO] CADModel:105 - Init CAD model plugin
2023-09-23 13:14:32,841 [INFO] PluginManage:359 - Loaded plugin cadmodel (category:power,tabindex:5)
2023-09-23 13:14:32,841 [INFO] PluginManage:310 - Check plugin clock
2023-09-23 13:14:32,848 [INFO] PluginManage:359 - Loaded plugin clock (category:base,tabindex:2)
2023-09-23 13:14:32,848 [INFO] PluginManage:310 - Check plugin ddr
2023-09-23 13:14:32,849 [INFO] PluginManage:359 - Loaded plugin ddr (category:tool,tabindex:6)
2023-09-23 13:14:32,850 [INFO] PluginManage:310 - Check plugin filemanager
2023-09-23 13:14:32,944 [INFO] PluginManage:359 - Loaded plugin filemanager (category:base,tabindex:10)
2023-09-23 13:14:32,944 [INFO] PluginManage:310 - Check plugin ipmanager
2023-09-23 13:14:32,948 [INFO] PluginManage:359 - Loaded plugin ipmanager (category:base,tabindex:5)
2023-09-23 13:14:32,948 [INFO] PluginManage:310 - Check plugin lpbam
2023-09-23 13:14:32,955 [INFO] PluginManage:359 - Loaded plugin lpbam (category:base,tabindex:0)
2023-09-23 13:14:32,955 [INFO] PluginManage:310 - Check plugin memorymap
2023-09-23 13:14:32,962 [INFO] PluginManage:359 - Loaded plugin memorymap (category:base,tabindex:4)
2023-09-23 13:14:32,962 [INFO] PluginManage:310 - Check plugin pinoutandconfiguration
2023-09-23 13:14:32,967 [INFO] PluginManage:359 - Loaded plugin pinoutandconfiguration (category:base,tabindex:1)
2023-09-23 13:14:32,967 [INFO] PluginManage:310 - Check plugin pinoutconfig
2023-09-23 13:14:33,030 [WARN] SupportedApi:132 - Cannot load RTOS API schema: s4s-elt-must-match.1: The content of 'definitions' must match (annotation?, (simpleType | complexType)?, (unique | key | keyref)*)). A problem was found starting at: attribute.
2023-09-23 13:14:33,121 [INFO] PluginManage:359 - Loaded plugin pinoutconfig (category:base,tabindex:0)
2023-09-23 13:14:33,121 [INFO] PluginManage:310 - Check plugin power
2023-09-23 13:14:33,127 [INFO] PluginManage:359 - Loaded plugin power (category:power,tabindex:4)
2023-09-23 13:14:33,127 [INFO] PluginManage:310 - Check plugin projectmanager
2023-09-23 13:14:33,137 [INFO] PluginManage:359 - Loaded plugin projectmanager (category:projectmanager,tabindex:3)
2023-09-23 13:14:33,137 [INFO] PluginManage:310 - Check plugin thirdparty
2023-09-23 13:14:33,209 [INFO] PluginManage:359 - Loaded plugin thirdparty (category:base,tabindex:-1)
2023-09-23 13:14:33,209 [WARN] IntegrityCheckThread:84 - waiting for thirdparty lock release [integrity check]
2023-09-23 13:14:33,209 [INFO] PluginManage:310 - Check plugin tools
2023-09-23 13:14:33,209 [INFO] IntegrityCheckThread:86 - entering critical section [integrity check]
2023-09-23 13:14:33,209 [INFO] ThirdPartyUpdaterWithRetryManager:70 - Updater plugin not ready yet. [1/15]
2023-09-23 13:14:33,211 [INFO] PluginManage:359 - Loaded plugin tools (category:base,tabindex:7)
2023-09-23 13:14:33,211 [INFO] PluginManage:310 - Check plugin tutovideos
2023-09-23 13:14:33,324 [INFO] PluginManage:359 - Loaded plugin tutovideos (category:base,tabindex:-1)
2023-09-23 13:14:33,325 [INFO] PluginManage:310 - Check plugin updater
2023-09-23 13:14:33,332 [INFO] PluginManage:359 - Loaded plugin updater (category:base,tabindex:12)
2023-09-23 13:14:33,332 [INFO] PluginManage:310 - Check plugin userauth
2023-09-23 13:14:33,336 [INFO] UserAuth:113 - Init User Auth plugin
2023-09-23 13:14:33,336 [INFO] PluginManage:359 - Loaded plugin userauth (category:base,tabindex:14)
2023-09-23 13:14:33,336 [INFO] PluginManage:283 - PluginManage : Loaded plugins [17]
2023-09-23 13:14:33,483 [INFO] PinOutPanel:1499 - setPackage(No Configuration,No Configuration)
2023-09-23 13:14:33,546 [INFO] CADModel:165 - CPN selected for project level
2023-09-23 13:14:33,546 [INFO] CADModel:114 - Register for checkConnection events
2023-09-23 13:14:33,553 [INFO] IPUIPlugin:80 - create IPUIPlugin
2023-09-23 13:14:33,554 [INFO] PluginManager:220 - loadIPPluginJar : add ltdc
2023-09-23 13:14:33,558 [INFO] IPUIPlugin:80 - create IPUIPlugin
2023-09-23 13:14:33,558 [INFO] PluginManager:220 - loadIPPluginJar : add i2s
2023-09-23 13:14:33,559 [INFO] IPUIPlugin:80 - create IPUIPlugin
2023-09-23 13:14:33,560 [INFO] PluginManager:220 - loadIPPluginJar : add can
2023-09-23 13:14:33,562 [INFO] IPUIPlugin:80 - create IPUIPlugin
2023-09-23 13:14:33,562 [INFO] PluginManager:220 - loadIPPluginJar : add gpio
2023-09-23 13:14:33,566 [INFO] IPUIPlugin:80 - create IPUIPlugin
2023-09-23 13:14:33,567 [INFO] PluginManager:220 - loadIPPluginJar : add freertos
2023-09-23 13:14:33,568 [INFO] IPUIPlugin:80 - create IPUIPlugin
2023-09-23 13:14:33,568 [INFO] PluginManager:220 - loadIPPluginJar : add dma3
2023-09-23 13:14:33,569 [INFO] IPUIPlugin:80 - create IPUIPlugin
2023-09-23 13:14:33,569 [INFO] PluginManager:220 - loadIPPluginJar : add fatfs
2023-09-23 13:14:33,571 [INFO] IPUIPlugin:80 - create IPUIPlugin
2023-09-23 13:14:33,571 [INFO] PluginManager:220 - loadIPPluginJar : add cryp
2023-09-23 13:14:33,577 [INFO] IPUIPlugin:80 - create IPUIPlugin
2023-09-23 13:14:33,577 [INFO] PluginManager:220 - loadIPPluginJar : add adc
2023-09-23 13:14:33,578 [INFO] IPUIPlugin:80 - create IPUIPlugin
2023-09-23 13:14:33,578 [INFO] PluginManager:220 - loadIPPluginJar : add usart
2023-09-23 13:14:33,580 [INFO] IPUIPlugin:80 - create IPUIPlugin
2023-09-23 13:14:33,580 [INFO] PluginManager:220 - loadIPPluginJar : add touchsensing
2023-09-23 13:14:33,581 [INFO] IPUIPlugin:80 - create IPUIPlugin
2023-09-23 13:14:33,581 [INFO] PluginManager:220 - loadIPPluginJar : add gtzc
2023-09-23 13:14:33,582 [INFO] IPUIPlugin:80 - create IPUIPlugin
2023-09-23 13:14:33,582 [INFO] PluginManager:220 - loadIPPluginJar : add aes
2023-09-23 13:14:33,585 [INFO] IPUIPlugin:80 - create IPUIPlugin
2023-09-23 13:14:33,585 [INFO] PluginManager:220 - loadIPPluginJar : add nvic
2023-09-23 13:14:33,587 [INFO] IPUIPlugin:80 - create IPUIPlugin
2023-09-23 13:14:33,587 [INFO] PluginManager:220 - loadIPPluginJar : add gfxmmu
2023-09-23 13:14:33,588 [INFO] IPUIPlugin:80 - create IPUIPlugin
2023-09-23 13:14:33,588 [INFO] PluginManager:220 - loadIPPluginJar : add tim
2023-09-23 13:14:33,589 [INFO] IPUIPlugin:80 - create IPUIPlugin
2023-09-23 13:14:33,589 [INFO] PluginManager:220 - loadIPPluginJar : add lorawan
2023-09-23 13:14:33,595 [INFO] IPUIPlugin:80 - create IPUIPlugin
2023-09-23 13:14:33,595 [INFO] PluginManager:220 - loadIPPluginJar : add linkedlist
2023-09-23 13:14:33,599 [INFO] IPUIPlugin:80 - create IPUIPlugin
2023-09-23 13:14:33,599 [INFO] PluginManager:220 - loadIPPluginJar : add mdma
2023-09-23 13:14:33,602 [INFO] IPUIPlugin:80 - create IPUIPlugin
2023-09-23 13:14:33,603 [INFO] PluginManager:220 - loadIPPluginJar : add stm32_wpan
2023-09-23 13:14:33,604 [INFO] IPUIPlugin:80 - create IPUIPlugin
2023-09-23 13:14:33,604 [INFO] PluginManager:220 - loadIPPluginJar : add tsc
2023-09-23 13:14:33,609 [INFO] IPUIPlugin:80 - create IPUIPlugin
2023-09-23 13:14:33,611 [INFO] PluginManager:220 - loadIPPluginJar : add plateformsettings
2023-09-23 13:14:33,612 [INFO] IPUIPlugin:80 - create IPUIPlugin
2023-09-23 13:14:33,612 [INFO] PluginManager:220 - loadIPPluginJar : add spi
2023-09-23 13:14:33,613 [INFO] IPUIPlugin:80 - create IPUIPlugin
2023-09-23 13:14:33,613 [INFO] PluginManager:220 - loadIPPluginJar : add comp
2023-09-23 13:14:33,614 [INFO] IPUIPlugin:80 - create IPUIPlugin
2023-09-23 13:14:33,615 [INFO] PluginManager:220 - loadIPPluginJar : add i2c
2023-09-23 13:14:33,616 [INFO] IPUIPlugin:80 - create IPUIPlugin
2023-09-23 13:14:33,616 [INFO] PluginManager:220 - loadIPPluginJar : add hash
2023-09-23 13:14:33,620 [INFO] IPUIPlugin:80 - create IPUIPlugin
2023-09-23 13:14:33,620 [INFO] PluginManager:220 - loadIPPluginJar : add gic
2023-09-23 13:14:33,622 [INFO] IPUIPlugin:80 - create IPUIPlugin
2023-09-23 13:14:33,622 [INFO] PluginManager:220 - loadIPPluginJar : add i3c
2023-09-23 13:14:33,624 [INFO] IPUIPlugin:80 - create IPUIPlugin
2023-09-23 13:14:33,624 [INFO] PluginManager:220 - loadIPPluginJar : add sai
2023-09-23 13:14:33,627 [INFO] IPUIPlugin:80 - create IPUIPlugin
2023-09-23 13:14:33,627 [INFO] PluginManager:220 - loadIPPluginJar : add fmc
2023-09-23 13:14:33,627 [INFO] IPUIPlugin:80 - create IPUIPlugin
2023-09-23 13:14:33,628 [INFO] PluginManager:220 - loadIPPluginJar : add genericplugin
2023-09-23 13:14:33,629 [INFO] IPUIPlugin:80 - create IPUIPlugin
2023-09-23 13:14:33,629 [INFO] PluginManager:220 - loadIPPluginJar : add pdm2pcm
2023-09-23 13:14:33,631 [INFO] IPUIPlugin:80 - create IPUIPlugin
2023-09-23 13:14:33,631 [INFO] PluginManager:220 - loadIPPluginJar : add ipddr
2023-09-23 13:14:33,631 [INFO] IPUIPlugin:80 - create IPUIPlugin
2023-09-23 13:14:33,632 [INFO] PluginManager:220 - loadIPPluginJar : add quadspi
2023-09-23 13:14:33,632 [INFO] IPUIPlugin:80 - create IPUIPlugin
2023-09-23 13:14:33,632 [INFO] PluginManager:220 - loadIPPluginJar : add ucpd
2023-09-23 13:14:33,633 [INFO] IPUIPlugin:80 - create IPUIPlugin
2023-09-23 13:14:33,633 [INFO] PluginManager:220 - loadIPPluginJar : add ts
2023-09-23 13:14:33,635 [INFO] IPUIPlugin:80 - create IPUIPlugin
2023-09-23 13:14:33,635 [INFO] PluginManager:220 - loadIPPluginJar : add openamp
2023-09-23 13:14:33,637 [INFO] IPUIPlugin:80 - create IPUIPlugin
2023-09-23 13:14:33,637 [INFO] PluginManager:220 - loadIPPluginJar : add resmgrutility
2023-09-23 13:14:33,642 [INFO] IPUIPlugin:80 - create IPUIPlugin
2023-09-23 13:14:33,642 [INFO] PluginManager:220 - loadIPPluginJar : add dma
2023-09-23 13:14:33,644 [INFO] IPUIPlugin:80 - create IPUIPlugin
2023-09-23 13:14:33,644 [INFO] PluginManager:220 - loadIPPluginJar : add dfsdm
2023-09-23 13:14:33,645 [INFO] IPUIPlugin:80 - create IPUIPlugin
2023-09-23 13:14:33,645 [INFO] PluginManager:220 - loadIPPluginJar : add tracer_emb
2023-09-23 13:14:33,647 [INFO] IPUIPlugin:80 - create IPUIPlugin
2023-09-23 13:14:33,647 [INFO] PluginManager:220 - loadIPPluginJar : add opamp
2023-09-23 13:14:33,649 [INFO] IPUIPlugin:80 - create IPUIPlugin
2023-09-23 13:14:33,649 [INFO] PluginManager:220 - loadIPPluginJar : add usbx
2023-09-23 13:14:33,739 [INFO] CADModel:165 - CPN selected for project level
2023-09-23 13:14:33,739 [INFO] CADModel:114 - Register for checkConnection events
2023-09-23 13:14:33,739 [FATAL] Updater:308 - Updater called before beeing initialized
2023-09-23 13:14:33,739 [ERROR] CADModel:125 - Updater not yet initialized, retry later 
2023-09-23 13:14:33,819 [INFO] CADModel:165 - CPN selected for project level
2023-09-23 13:14:33,820 [INFO] CADModel:114 - Register for checkConnection events
2023-09-23 13:14:33,820 [FATAL] Updater:308 - Updater called before beeing initialized
2023-09-23 13:14:33,820 [ERROR] CADModel:125 - Updater not yet initialized, retry later 
2023-09-23 13:14:33,822 [FATAL] Updater:308 - Updater called before beeing initialized
2023-09-23 13:14:33,866 [FATAL] Updater:308 - Updater called before beeing initialized
2023-09-23 13:14:33,870 [INFO] DbMcusAds:53 - JSON generation date=Tue Mar 07 09:50:55 CET 2023 (1678179055114)
2023-09-23 13:14:33,871 [FATAL] Updater:308 - Updater called before beeing initialized
2023-09-23 13:14:33,892 [WARN] DetailPanel:346 - Failed to get advertising image, set to default
2023-09-23 13:14:33,946 [FATAL] Updater:308 - Updater called before beeing initialized
2023-09-23 13:14:33,947 [FATAL] Updater:308 - Updater called before beeing initialized
2023-09-23 13:14:33,947 [FATAL] Updater:308 - Updater called before beeing initialized
2023-09-23 13:14:33,947 [WARN] DetailPanel:346 - Failed to get advertising image, set to default
2023-09-23 13:14:33,948 [FATAL] Updater:308 - Updater called before beeing initialized
2023-09-23 13:14:33,966 [ERROR] Updater:1120 - MainUpdater not yet initialized. External WinMGr cannot be set.
2023-09-23 13:14:33,967 [INFO] Updater:1056 - Updater Version found : 6.9.2
2023-09-23 13:14:33,980 [INFO] ApplicationProperties:184 - Using Application install path: /opt/st/stm32cubeide_1.13.2/plugins/com.st.stm32cube.common.mx_6.9.2.202309101412
2023-09-23 13:14:34,060 [INFO] MainUpdater:2868 - connection check result : 10
2023-09-23 13:14:34,061 [INFO] MainUpdater:285 - Updater Check For Update Now.
2023-09-23 13:14:34,061 [INFO] MicroXplorer:498 - Change Database Version : DB.6.0.92
2023-09-23 13:14:34,064 [INFO] McuFinderGlobals:63 - Set McuFinder mode to 2 (CubeIDE integrated)
2023-09-23 13:14:34,065 [INFO] UserAuth:179 - activating auth plugin
2023-09-23 13:14:34,067 [INFO] UserAuth:393 - Internet connection configuration mode: 1
2023-09-23 13:14:34,075 [INFO] JxBrowserEngine:151 - Initiate JxBrowser Engine with user profile folder
2023-09-23 13:14:34,201 [INFO] CheckServerUpdateThread:120 - End of CheckServer Thread
2023-09-23 13:14:34,429 [INFO] WebApp:157 - Instantiating new browser for Auth
2023-09-23 13:14:34,691 [INFO] WebApp:753 - Register for checkConnection events
2023-09-23 13:14:34,691 [INFO] WebApp:390 - Apply proxy settings
2023-09-23 13:14:34,691 [INFO] WebApp:475 - Chromium requires no authentication
2023-09-23 13:14:34,696 [INFO] WebApp:418 - Direct internet connection detected
2023-09-23 13:14:34,779 [INFO] WebApp:188 - Starting web application
2023-09-23 13:14:34,779 [INFO] WebApp:520 - Web application path used /opt/st/stm32cubeide_1.13.2/plugins/com.st.stm32cube.common.mx_6.9.2.202309101412/db/plugins/mcufinder/reactClient1/index.html
2023-09-23 13:14:36,265 [WARN] PackLoader:240 - Cannot read IP mode file for STMicroelectronics.X-CUBE-SMBUS.2.1.0
2023-09-23 13:14:36,285 [WARN] PackLoader:240 - Cannot read IP mode file for STMicroelectronics.X-CUBE-AZRTOS-F7.1.1.0
2023-09-23 13:14:36,292 [WARN] PackLoader:240 - Cannot read IP mode file for STMicroelectronics.FP-SNS-MOTENV1.4.3.2
2023-09-23 13:14:36,296 [WARN] PackLoader:240 - Cannot read IP mode file for STMicroelectronics.FP-SNS-FLIGHT1.5.0.2
2023-09-23 13:14:36,301 [WARN] PackLoader:240 - Cannot read IP mode file for STMicroelectronics.X-CUBE-DISPLAY.3.0.0
2023-09-23 13:14:36,309 [WARN] PackLoader:240 - Cannot read IP mode file for STMicroelectronics.X-CUBE-BLE1.7.0.0
2023-09-23 13:14:36,312 [WARN] PackLoader:240 - Cannot read IP mode file for emotas.I-CUBE-CANOPEN.1.3.0
2023-09-23 13:14:36,315 [WARN] PackLoader:240 - Cannot read IP mode file for STMicroelectronics.X-CUBE-TOUCHGFX.4.22.0
2023-09-23 13:14:36,317 [WARN] PackLoader:240 - Cannot read IP mode file for STMicroelectronics.FP-SNS-SMARTAG2.1.2.0
2023-09-23 13:14:36,323 [INFO] LogOutputStream:77 - [STDOUT_REDIRECT] 1 : Invalid condition id : UX_CORESTACK_Condition cause : null
2023-09-23 13:14:36,323 [INFO] LogOutputStream:77 - [STDOUT_REDIRECT] 1 : Invalid condition id : UX_CORESTACK_Condition cause : null
2023-09-23 13:14:36,323 [INFO] LogOutputStream:77 - [STDOUT_REDIRECT] 1 : Invalid condition id : UX_CORESTACK_Condition cause : null
2023-09-23 13:14:36,323 [INFO] LogOutputStream:77 - [STDOUT_REDIRECT] 1 : Invalid condition id : UX_CORESTACK_Condition cause : null
2023-09-23 13:14:36,323 [INFO] LogOutputStream:77 - [STDOUT_REDIRECT] 1 : Invalid condition id : UX_CORESTACK_Condition cause : null
2023-09-23 13:14:36,326 [WARN] PackLoader:240 - Cannot read IP mode file for STMicroelectronics.X-CUBE-AZRTOS-WL.2.0.0
2023-09-23 13:14:36,331 [WARN] PackLoader:240 - Cannot read IP mode file for WES.I-CUBE-Cesium.1.3.0
2023-09-23 13:14:36,334 [WARN] PackLoader:240 - Cannot read IP mode file for STMicroelectronics.X-CUBE-BLE2.3.3.0
2023-09-23 13:14:36,337 [WARN] PackLoader:240 - Cannot read IP mode file for STMicroelectronics.X-CUBE-ALGOBUILD.1.3.0
2023-09-23 13:14:36,348 [WARN] PackLoader:240 - Cannot read IP mode file for STMicroelectronics.X-CUBE-AZRTOS-G0.1.1.0
2023-09-23 13:14:36,354 [WARN] PackLoader:240 - Cannot read IP mode file for STMicroelectronics.X-CUBE-NFC4.3.0.0
2023-09-23 13:14:36,359 [WARN] PackLoader:240 - Cannot read IP mode file for STMicroelectronics.FP-ATR-SIGFOX1.3.2.0
2023-09-23 13:14:36,380 [WARN] PackLoader:240 - Cannot read IP mode file for SEGGER.I-CUBE-embOS.1.3.1
2023-09-23 13:14:36,410 [WARN] PackLoader:240 - Cannot read IP mode file for STMicroelectronics.X-CUBE-GNSS1.6.0.0
2023-09-23 13:14:36,420 [WARN] PackLoader:240 - Cannot read IP mode file for STMicroelectronics.X-CUBE-AZRTOS-F4.1.1.0
2023-09-23 13:14:36,423 [WARN] PackLoader:240 - Cannot read IP mode file for wolfSSL.I-CUBE-wolfSSL.5.6.3
2023-09-23 13:14:36,432 [WARN] PackLoader:240 - Cannot read IP mode file for STMicroelectronics.X-CUBE-AZRTOS-L5.2.0.0
2023-09-23 13:14:36,456 [WARN] PackLoader:240 - Cannot read IP mode file for STMicroelectronics.X-CUBE-MEMS1.9.6.0
2023-09-23 13:14:36,559 [WARN] PackLoader:240 - Cannot read IP mode file for STMicroelectronics.X-CUBE-BLEMGR.2.0.0
2023-09-23 13:14:36,573 [WARN] ConditionMgr:438 - getConditionDescription Invalid condition id : UX DEVICE CLASS RTOS Condition cause : null
2023-09-23 13:14:36,574 [WARN] ConditionMgr:438 - getConditionDescription Invalid condition id : UX DEVICE CLASS RTOS Condition cause : null
2023-09-23 13:14:36,577 [WARN] PackLoader:240 - Cannot read IP mode file for STMicroelectronics.X-CUBE-AZRTOS-H7.3.1.0
2023-09-23 13:14:36,578 [WARN] ConditionMgr:1039 - genDependencies : Invalid condition id : UX DEVICE CLASS RTOS Condition cause : null
2023-09-23 13:14:36,578 [WARN] ConditionMgr:1039 - genDependencies : Invalid condition id : UX DEVICE CLASS RTOS Condition cause : null
2023-09-23 13:14:36,578 [WARN] ConditionMgr:1039 - genDependencies : Invalid condition id : UX DEVICE CLASS RTOS Condition cause : null
2023-09-23 13:14:36,579 [WARN] ConditionMgr:1039 - genDependencies : Invalid condition id : UX DEVICE CLASS RTOS Condition cause : null
2023-09-23 13:14:36,579 [WARN] ConditionMgr:1039 - genDependencies : Invalid condition id : UX DEVICE CLASS RTOS Condition cause : null
2023-09-23 13:14:36,582 [WARN] PackLoader:240 - Cannot read IP mode file for STMicroelectronics.X-CUBE-NFC7.1.0.1
2023-09-23 13:14:36,586 [WARN] PackLoader:240 - Cannot read IP mode file for STMicroelectronics.X-CUBE-NFC6.3.0.0
2023-09-23 13:14:36,589 [WARN] PackLoader:240 - Cannot read IP mode file for STMicroelectronics.X-CUBE-EEPRMA1.4.1.0
2023-09-23 13:14:36,592 [WARN] PackLoader:240 - Cannot read IP mode file for STMicroelectronics.X-CUBE-AI.8.1.0
2023-09-23 13:14:36,603 [WARN] ConditionMgr:438 - getConditionDescription Invalid condition id : LAN8742 Phy interface Condition cause : null
2023-09-23 13:14:36,603 [WARN] PackLoader:240 - Cannot read IP mode file for STMicroelectronics.X-CUBE-AZRTOS-L4.2.0.0
2023-09-23 13:14:36,604 [WARN] ConditionMgr:1039 - genDependencies : Invalid condition id : LAN8742 Phy interface Condition cause : null
2023-09-23 13:14:36,604 [WARN] ConditionMgr:1039 - genDependencies : Invalid condition id : LAN8742 Phy interface Condition cause : null
2023-09-23 13:14:36,605 [WARN] ConditionMgr:1039 - genDependencies : Invalid condition id : LAN8742 Phy interface Condition cause : null
2023-09-23 13:14:36,609 [WARN] PackLoader:240 - Cannot read IP mode file for STMicroelectronics.X-CUBE-SFXS2LP1.4.0.0
2023-09-23 13:14:36,612 [WARN] PackLoader:240 - Cannot read IP mode file for STMicroelectronics.X-CUBE-ISPU.1.1.0
2023-09-23 13:14:36,618 [WARN] ConditionMgr:438 - getConditionDescription Invalid condition id : UX DEVICE CLASS RTOS Condition cause : null
2023-09-23 13:14:36,618 [WARN] ConditionMgr:438 - getConditionDescription Invalid condition id : UX DEVICE CLASS RTOS Condition cause : null
2023-09-23 13:14:36,619 [WARN] PackLoader:240 - Cannot read IP mode file for STMicroelectronics.X-CUBE-AZRTOS-WB.2.0.0
2023-09-23 13:14:36,620 [WARN] ConditionMgr:1039 - genDependencies : Invalid condition id : UX DEVICE CLASS RTOS Condition cause : null
2023-09-23 13:14:36,620 [WARN] ConditionMgr:1039 - genDependencies : Invalid condition id : UX DEVICE CLASS RTOS Condition cause : null
2023-09-23 13:14:36,620 [WARN] ConditionMgr:1039 - genDependencies : Invalid condition id : UX DEVICE CLASS RTOS Condition cause : null
2023-09-23 13:14:36,620 [WARN] ConditionMgr:1039 - genDependencies : Invalid condition id : UX DEVICE CLASS RTOS Condition cause : null
2023-09-23 13:14:36,620 [WARN] ConditionMgr:1039 - genDependencies : Invalid condition id : UX DEVICE CLASS RTOS Condition cause : null
2023-09-23 13:14:36,626 [WARN] PackLoader:240 - Cannot read IP mode file for STMicroelectronics.X-CUBE-SUBG2.5.0.0
2023-09-23 13:14:36,639 [WARN] PackLoader:240 - Cannot read IP mode file for STMicroelectronics.X-CUBE-TOF1.3.3.1
2023-09-23 13:14:36,654 [WARN] PackLoader:240 - Cannot read IP mode file for STMicroelectronics.X-CUBE-AZRTOS-G4.2.0.0
2023-09-23 13:14:36,659 [WARN] PackLoader:240 - Cannot read IP mode file for STMicroelectronics.X-CUBE-FREERTOS.1.1.0
2023-09-23 13:14:36,662 [WARN] PackLoader:240 - Cannot read IP mode file for portGmbH.I-Cube-SoM-uGOAL.1.1.0
2023-09-23 13:14:36,664 [WARN] PackLoader:240 - Cannot read IP mode file for STMicroelectronics.X-CUBE-ALS.1.0.1
2023-09-23 13:14:36,667 [WARN] PackLoader:240 - Cannot read IP mode file for STMicroelectronics.FP-ATR-ASTRA1.2.0.0
2023-09-23 13:14:36,667 [INFO] ThirdParty:978 - Integrity check success = true
2023-09-23 13:14:36,667 [INFO] IntegrityCheckThread:100 - exiting critical section [integrity check]
2023-09-23 13:14:36,668 [INFO] IntegrityCheckThread:103 - End integrity checks thread
2023-09-23 13:14:55,001 [ERROR] LogOutputStream:75 - [STDERR_REDIRECT] SLF4J: Failed to load class "org.slf4j.impl.StaticLoggerBinder".
2023-09-23 13:14:55,002 [ERROR] LogOutputStream:75 - [STDERR_REDIRECT] SLF4J: Defaulting to no-operation (NOP) logger implementation
2023-09-23 13:14:55,002 [ERROR] LogOutputStream:75 - [STDERR_REDIRECT] SLF4J: See http://www.slf4j.org/codes.html#StaticLoggerBinder for further details.
2023-09-23 16:13:35,834 [ERROR] LogOutputStream:75 - [STDERR_REDIRECT] 
