2023-09-18 22:05:42,035 [INFO] Activator:176 - 


2023-09-18 22:05:42,036 [INFO] Activator:177 - !SESSION log4j initialized
2023-09-18 22:05:43,215 [INFO] LogOutputStream:77 - [STDOUT_REDIRECT] 
2023-09-18 22:05:54,376 [INFO] ApplicationProperties:184 - Using Application install path: /opt/st/stm32cubeide_1.13.2/plugins/com.st.stm32cube.common.mx_6.9.2.202309101412
2023-09-18 22:05:54,389 [INFO] DbMcusXml:78 - Set database path to: /opt/st/stm32cubeide_1.13.2/plugins/com.st.stm32cube.common.mx_6.9.2.202309101412//db//mcu/
2023-09-18 22:05:54,389 [INFO] ApiDb:274 - Set plugin database path to: /opt/st/stm32cubeide_1.13.2/plugins/com.st.stm32cube.common.mx_6.9.2.202309101412//db//plugins/boardmanager/
2023-09-18 22:05:54,389 [WARN] ApiDb:259 - Overriding images path with different value:  => /opt/st/stm32cubeide_1.13.2/plugins/com.st.stm32cube.common.mx_6.9.2.202309101412//db//plugins/mcufinder/images/
2023-09-18 22:05:54,795 [WARN] ApiFinderProperties:113 - /home/laptop/.stmcufinder/plugins/mcufinder/mcu/mcuFinder.mfd doesn't exist
2023-09-18 22:05:54,795 [INFO] ApiDb:250 - Set database path to: /home/laptop/.stmcufinder/plugins/mcufinder//mcu/
2023-09-18 22:05:54,796 [INFO] DbMcusAds:125 - Set database path to: /home/laptop/.stmcufinder/plugins/mcufinder//mcu/
2023-09-18 22:05:54,798 [INFO] CrossReferenceDbSqlite:203 - Set database path to: /home/laptop/.stmcufinder/plugins/mcufinder//mcu/cs/
2023-09-18 22:05:54,871 [INFO] RulesReader:64 - Compatibility file has been processed (293 Rules)
2023-09-18 22:05:54,900 [INFO] DbMcusXml:78 - Set database path to: /opt/st/stm32cubeide_1.13.2/plugins/com.st.stm32cube.common.mx_6.9.2.202309101412//db//mcu/
2023-09-18 22:05:54,900 [INFO] ApiDb:274 - Set plugin database path to: /opt/st/stm32cubeide_1.13.2/plugins/com.st.stm32cube.common.mx_6.9.2.202309101412//db//plugins/boardmanager/
2023-09-18 22:05:54,900 [INFO] ApiDb:261 - Set plugin images path to: /opt/st/stm32cubeide_1.13.2/plugins/com.st.stm32cube.common.mx_6.9.2.202309101412//db//plugins/mcufinder/images/
2023-09-18 22:05:54,900 [WARN] DbFile:41 - Overriding database path with different value: /home/laptop/.stmcufinder/plugins/mcufinder/ => /home/laptop/.stmcufinder/plugins/mcufinder
2023-09-18 22:05:54,900 [INFO] ApiDb:250 - Set database path to: /home/laptop/.stmcufinder/plugins/mcufinder//mcu/
2023-09-18 22:05:54,900 [WARN] DbFile:41 - Overriding database path with different value: /home/laptop/.stmcufinder/plugins/mcufinder/ => /home/laptop/.stmcufinder/plugins/mcufinder
2023-09-18 22:05:54,900 [INFO] DbMcusAds:125 - Set database path to: /home/laptop/.stmcufinder/plugins/mcufinder//mcu/
2023-09-18 22:05:54,901 [WARN] DbFile:41 - Overriding database path with different value: /home/laptop/.stmcufinder/plugins/mcufinder/ => /home/laptop/.stmcufinder/plugins/mcufinder
2023-09-18 22:05:54,901 [WARN] DbFile:41 - Overriding database path with different value: /home/laptop/.stmcufinder/plugins/mcufinder/ => /home/laptop/.stmcufinder/plugins/mcufinder
2023-09-18 22:05:54,901 [INFO] CrossReferenceDbSqlite:203 - Set database path to: /home/laptop/.stmcufinder/plugins/mcufinder//mcu/cs/
2023-09-18 22:05:54,938 [INFO] MainPanel:262 - HeapMemory: 268435456
2023-09-18 22:05:54,989 [INFO] DbMcusXml:78 - Set database path to: /opt/st/stm32cubeide_1.13.2/plugins/com.st.stm32cube.common.mx_6.9.2.202309101412//db//mcu/
2023-09-18 22:05:54,989 [INFO] ApiDb:274 - Set plugin database path to: /opt/st/stm32cubeide_1.13.2/plugins/com.st.stm32cube.common.mx_6.9.2.202309101412//db//plugins/boardmanager/
2023-09-18 22:05:54,989 [INFO] ApiDb:261 - Set plugin images path to: /opt/st/stm32cubeide_1.13.2/plugins/com.st.stm32cube.common.mx_6.9.2.202309101412//db//plugins/mcufinder/images/
2023-09-18 22:05:54,989 [WARN] DbFile:41 - Overriding database path with different value: /home/laptop/.stmcufinder/plugins/mcufinder/ => /home/laptop/.stmcufinder/plugins/mcufinder
2023-09-18 22:05:54,989 [INFO] ApiDb:250 - Set database path to: /home/laptop/.stmcufinder/plugins/mcufinder//mcu/
2023-09-18 22:05:54,989 [WARN] DbFile:41 - Overriding database path with different value: /home/laptop/.stmcufinder/plugins/mcufinder/ => /home/laptop/.stmcufinder/plugins/mcufinder
2023-09-18 22:05:54,989 [INFO] DbMcusAds:125 - Set database path to: /home/laptop/.stmcufinder/plugins/mcufinder//mcu/
2023-09-18 22:05:54,989 [WARN] DbFile:41 - Overriding database path with different value: /home/laptop/.stmcufinder/plugins/mcufinder/ => /home/laptop/.stmcufinder/plugins/mcufinder
2023-09-18 22:05:54,989 [WARN] DbFile:41 - Overriding database path with different value: /home/laptop/.stmcufinder/plugins/mcufinder/ => /home/laptop/.stmcufinder/plugins/mcufinder
2023-09-18 22:05:54,989 [INFO] CrossReferenceDbSqlite:203 - Set database path to: /home/laptop/.stmcufinder/plugins/mcufinder//mcu/cs/
2023-09-18 22:05:54,999 [INFO] ApplicationProperties:184 - Using Application install path: /opt/st/stm32cubeide_1.13.2/plugins/com.st.stm32cube.common.mx_6.9.2.202309101412
2023-09-18 22:05:55,001 [INFO] PluginManage:196 - Search for loadable plugins [exclusion list=, ]
2023-09-18 22:05:55,001 [INFO] PluginManage:310 - Check plugin analytics
2023-09-18 22:05:55,093 [INFO] AnalyticsPlugin:253 - Accepted Software Licenses: 
2023-09-18 22:05:55,094 [INFO] AnalyticsPlugin:255 - Accepted CMSIS Pack Licenses: 
2023-09-18 22:05:55,094 [INFO] AnalyticsPlugin:257 - Accepted Firmware Licenses: 
2023-09-18 22:05:55,095 [INFO] PluginManage:359 - Loaded plugin analytics (category:tool,tabindex:-1)
2023-09-18 22:05:55,096 [INFO] PluginManage:310 - Check plugin cadmodel
2023-09-18 22:05:55,136 [INFO] CADModel:105 - Init CAD model plugin
2023-09-18 22:05:55,136 [INFO] PluginManage:359 - Loaded plugin cadmodel (category:power,tabindex:5)
2023-09-18 22:05:55,137 [INFO] PluginManage:310 - Check plugin clock
2023-09-18 22:05:55,142 [INFO] PluginManage:359 - Loaded plugin clock (category:base,tabindex:2)
2023-09-18 22:05:55,142 [INFO] PluginManage:310 - Check plugin ddr
2023-09-18 22:05:55,145 [INFO] PluginManage:359 - Loaded plugin ddr (category:tool,tabindex:6)
2023-09-18 22:05:55,145 [INFO] PluginManage:310 - Check plugin filemanager
2023-09-18 22:05:55,221 [INFO] PluginManage:359 - Loaded plugin filemanager (category:base,tabindex:10)
2023-09-18 22:05:55,221 [INFO] PluginManage:310 - Check plugin ipmanager
2023-09-18 22:05:55,224 [INFO] PluginManage:359 - Loaded plugin ipmanager (category:base,tabindex:5)
2023-09-18 22:05:55,224 [INFO] PluginManage:310 - Check plugin lpbam
2023-09-18 22:05:55,229 [INFO] PluginManage:359 - Loaded plugin lpbam (category:base,tabindex:0)
2023-09-18 22:05:55,230 [INFO] PluginManage:310 - Check plugin memorymap
2023-09-18 22:05:55,235 [INFO] PluginManage:359 - Loaded plugin memorymap (category:base,tabindex:4)
2023-09-18 22:05:55,235 [INFO] PluginManage:310 - Check plugin pinoutandconfiguration
2023-09-18 22:05:55,239 [INFO] PluginManage:359 - Loaded plugin pinoutandconfiguration (category:base,tabindex:1)
2023-09-18 22:05:55,239 [INFO] PluginManage:310 - Check plugin pinoutconfig
2023-09-18 22:05:55,285 [WARN] SupportedApi:132 - Cannot load RTOS API schema: s4s-elt-must-match.1: The content of 'definitions' must match (annotation?, (simpleType | complexType)?, (unique | key | keyref)*)). A problem was found starting at: attribute.
2023-09-18 22:05:55,375 [INFO] PluginManage:359 - Loaded plugin pinoutconfig (category:base,tabindex:0)
2023-09-18 22:05:55,375 [INFO] PluginManage:310 - Check plugin power
2023-09-18 22:05:55,382 [INFO] PluginManage:359 - Loaded plugin power (category:power,tabindex:4)
2023-09-18 22:05:55,382 [INFO] PluginManage:310 - Check plugin projectmanager
2023-09-18 22:05:55,393 [INFO] PluginManage:359 - Loaded plugin projectmanager (category:projectmanager,tabindex:3)
2023-09-18 22:05:55,394 [INFO] PluginManage:310 - Check plugin thirdparty
2023-09-18 22:05:55,462 [INFO] PluginManage:359 - Loaded plugin thirdparty (category:base,tabindex:-1)
2023-09-18 22:05:55,462 [WARN] IntegrityCheckThread:84 - waiting for thirdparty lock release [integrity check]
2023-09-18 22:05:55,462 [INFO] IntegrityCheckThread:86 - entering critical section [integrity check]
2023-09-18 22:05:55,463 [INFO] PluginManage:310 - Check plugin tools
2023-09-18 22:05:55,463 [INFO] ThirdPartyUpdaterWithRetryManager:70 - Updater plugin not ready yet. [1/15]
2023-09-18 22:05:55,464 [INFO] PluginManage:359 - Loaded plugin tools (category:base,tabindex:7)
2023-09-18 22:05:55,465 [INFO] PluginManage:310 - Check plugin tutovideos
2023-09-18 22:05:55,566 [INFO] PluginManage:359 - Loaded plugin tutovideos (category:base,tabindex:-1)
2023-09-18 22:05:55,566 [INFO] PluginManage:310 - Check plugin updater
2023-09-18 22:05:55,572 [INFO] PluginManage:359 - Loaded plugin updater (category:base,tabindex:12)
2023-09-18 22:05:55,572 [INFO] PluginManage:310 - Check plugin userauth
2023-09-18 22:05:55,575 [INFO] UserAuth:113 - Init User Auth plugin
2023-09-18 22:05:55,575 [INFO] PluginManage:359 - Loaded plugin userauth (category:base,tabindex:14)
2023-09-18 22:05:55,575 [INFO] PluginManage:283 - PluginManage : Loaded plugins [17]
2023-09-18 22:05:55,685 [INFO] PinOutPanel:1499 - setPackage(No Configuration,No Configuration)
2023-09-18 22:05:55,732 [INFO] CADModel:165 - CPN selected for project level
2023-09-18 22:05:55,732 [INFO] CADModel:114 - Register for checkConnection events
2023-09-18 22:05:55,737 [INFO] IPUIPlugin:80 - create IPUIPlugin
2023-09-18 22:05:55,738 [INFO] PluginManager:220 - loadIPPluginJar : add ltdc
2023-09-18 22:05:55,740 [INFO] IPUIPlugin:80 - create IPUIPlugin
2023-09-18 22:05:55,740 [INFO] PluginManager:220 - loadIPPluginJar : add i2s
2023-09-18 22:05:55,741 [INFO] IPUIPlugin:80 - create IPUIPlugin
2023-09-18 22:05:55,741 [INFO] PluginManager:220 - loadIPPluginJar : add can
2023-09-18 22:05:55,744 [INFO] IPUIPlugin:80 - create IPUIPlugin
2023-09-18 22:05:55,744 [INFO] PluginManager:220 - loadIPPluginJar : add gpio
2023-09-18 22:05:55,747 [INFO] IPUIPlugin:80 - create IPUIPlugin
2023-09-18 22:05:55,747 [INFO] PluginManager:220 - loadIPPluginJar : add freertos
2023-09-18 22:05:55,748 [INFO] IPUIPlugin:80 - create IPUIPlugin
2023-09-18 22:05:55,748 [INFO] PluginManager:220 - loadIPPluginJar : add dma3
2023-09-18 22:05:55,749 [INFO] IPUIPlugin:80 - create IPUIPlugin
2023-09-18 22:05:55,749 [INFO] PluginManager:220 - loadIPPluginJar : add fatfs
2023-09-18 22:05:55,750 [INFO] IPUIPlugin:80 - create IPUIPlugin
2023-09-18 22:05:55,750 [INFO] PluginManager:220 - loadIPPluginJar : add cryp
2023-09-18 22:05:55,754 [INFO] IPUIPlugin:80 - create IPUIPlugin
2023-09-18 22:05:55,754 [INFO] PluginManager:220 - loadIPPluginJar : add adc
2023-09-18 22:05:55,755 [INFO] IPUIPlugin:80 - create IPUIPlugin
2023-09-18 22:05:55,755 [INFO] PluginManager:220 - loadIPPluginJar : add usart
2023-09-18 22:05:55,757 [INFO] IPUIPlugin:80 - create IPUIPlugin
2023-09-18 22:05:55,757 [INFO] PluginManager:220 - loadIPPluginJar : add touchsensing
2023-09-18 22:05:55,758 [INFO] IPUIPlugin:80 - create IPUIPlugin
2023-09-18 22:05:55,758 [INFO] PluginManager:220 - loadIPPluginJar : add gtzc
2023-09-18 22:05:55,759 [INFO] IPUIPlugin:80 - create IPUIPlugin
2023-09-18 22:05:55,759 [INFO] PluginManager:220 - loadIPPluginJar : add aes
2023-09-18 22:05:55,761 [INFO] IPUIPlugin:80 - create IPUIPlugin
2023-09-18 22:05:55,761 [INFO] PluginManager:220 - loadIPPluginJar : add nvic
2023-09-18 22:05:55,762 [INFO] IPUIPlugin:80 - create IPUIPlugin
2023-09-18 22:05:55,762 [INFO] PluginManager:220 - loadIPPluginJar : add gfxmmu
2023-09-18 22:05:55,763 [INFO] IPUIPlugin:80 - create IPUIPlugin
2023-09-18 22:05:55,763 [INFO] PluginManager:220 - loadIPPluginJar : add tim
2023-09-18 22:05:55,764 [INFO] IPUIPlugin:80 - create IPUIPlugin
2023-09-18 22:05:55,765 [INFO] PluginManager:220 - loadIPPluginJar : add lorawan
2023-09-18 22:05:55,769 [INFO] IPUIPlugin:80 - create IPUIPlugin
2023-09-18 22:05:55,769 [INFO] PluginManager:220 - loadIPPluginJar : add linkedlist
2023-09-18 22:05:55,773 [INFO] IPUIPlugin:80 - create IPUIPlugin
2023-09-18 22:05:55,773 [INFO] PluginManager:220 - loadIPPluginJar : add mdma
2023-09-18 22:05:55,776 [INFO] IPUIPlugin:80 - create IPUIPlugin
2023-09-18 22:05:55,776 [INFO] PluginManager:220 - loadIPPluginJar : add stm32_wpan
2023-09-18 22:05:55,777 [INFO] IPUIPlugin:80 - create IPUIPlugin
2023-09-18 22:05:55,778 [INFO] PluginManager:220 - loadIPPluginJar : add tsc
2023-09-18 22:05:55,781 [INFO] IPUIPlugin:80 - create IPUIPlugin
2023-09-18 22:05:55,783 [INFO] PluginManager:220 - loadIPPluginJar : add plateformsettings
2023-09-18 22:05:55,784 [INFO] IPUIPlugin:80 - create IPUIPlugin
2023-09-18 22:05:55,785 [INFO] PluginManager:220 - loadIPPluginJar : add spi
2023-09-18 22:05:55,785 [INFO] IPUIPlugin:80 - create IPUIPlugin
2023-09-18 22:05:55,785 [INFO] PluginManager:220 - loadIPPluginJar : add comp
2023-09-18 22:05:55,787 [INFO] IPUIPlugin:80 - create IPUIPlugin
2023-09-18 22:05:55,787 [INFO] PluginManager:220 - loadIPPluginJar : add i2c
2023-09-18 22:05:55,788 [INFO] IPUIPlugin:80 - create IPUIPlugin
2023-09-18 22:05:55,788 [INFO] PluginManager:220 - loadIPPluginJar : add hash
2023-09-18 22:05:55,791 [INFO] IPUIPlugin:80 - create IPUIPlugin
2023-09-18 22:05:55,792 [INFO] PluginManager:220 - loadIPPluginJar : add gic
2023-09-18 22:05:55,793 [INFO] IPUIPlugin:80 - create IPUIPlugin
2023-09-18 22:05:55,793 [INFO] PluginManager:220 - loadIPPluginJar : add i3c
2023-09-18 22:05:55,795 [INFO] IPUIPlugin:80 - create IPUIPlugin
2023-09-18 22:05:55,795 [INFO] PluginManager:220 - loadIPPluginJar : add sai
2023-09-18 22:05:55,798 [INFO] IPUIPlugin:80 - create IPUIPlugin
2023-09-18 22:05:55,798 [INFO] PluginManager:220 - loadIPPluginJar : add fmc
2023-09-18 22:05:55,799 [INFO] IPUIPlugin:80 - create IPUIPlugin
2023-09-18 22:05:55,799 [INFO] PluginManager:220 - loadIPPluginJar : add genericplugin
2023-09-18 22:05:55,801 [INFO] IPUIPlugin:80 - create IPUIPlugin
2023-09-18 22:05:55,801 [INFO] PluginManager:220 - loadIPPluginJar : add pdm2pcm
2023-09-18 22:05:55,803 [INFO] IPUIPlugin:80 - create IPUIPlugin
2023-09-18 22:05:55,804 [INFO] PluginManager:220 - loadIPPluginJar : add ipddr
2023-09-18 22:05:55,805 [INFO] IPUIPlugin:80 - create IPUIPlugin
2023-09-18 22:05:55,805 [INFO] PluginManager:220 - loadIPPluginJar : add quadspi
2023-09-18 22:05:55,806 [INFO] IPUIPlugin:80 - create IPUIPlugin
2023-09-18 22:05:55,806 [INFO] PluginManager:220 - loadIPPluginJar : add ucpd
2023-09-18 22:05:55,808 [INFO] IPUIPlugin:80 - create IPUIPlugin
2023-09-18 22:05:55,808 [INFO] PluginManager:220 - loadIPPluginJar : add ts
2023-09-18 22:05:55,809 [INFO] IPUIPlugin:80 - create IPUIPlugin
2023-09-18 22:05:55,809 [INFO] PluginManager:220 - loadIPPluginJar : add openamp
2023-09-18 22:05:55,811 [INFO] IPUIPlugin:80 - create IPUIPlugin
2023-09-18 22:05:55,811 [INFO] PluginManager:220 - loadIPPluginJar : add resmgrutility
2023-09-18 22:05:55,815 [INFO] IPUIPlugin:80 - create IPUIPlugin
2023-09-18 22:05:55,815 [INFO] PluginManager:220 - loadIPPluginJar : add dma
2023-09-18 22:05:55,817 [INFO] IPUIPlugin:80 - create IPUIPlugin
2023-09-18 22:05:55,817 [INFO] PluginManager:220 - loadIPPluginJar : add dfsdm
2023-09-18 22:05:55,818 [INFO] IPUIPlugin:80 - create IPUIPlugin
2023-09-18 22:05:55,818 [INFO] PluginManager:220 - loadIPPluginJar : add tracer_emb
2023-09-18 22:05:55,820 [INFO] IPUIPlugin:80 - create IPUIPlugin
2023-09-18 22:05:55,820 [INFO] PluginManager:220 - loadIPPluginJar : add opamp
2023-09-18 22:05:55,822 [INFO] IPUIPlugin:80 - create IPUIPlugin
2023-09-18 22:05:55,822 [INFO] PluginManager:220 - loadIPPluginJar : add usbx
2023-09-18 22:05:55,913 [INFO] CADModel:165 - CPN selected for project level
2023-09-18 22:05:55,913 [INFO] CADModel:114 - Register for checkConnection events
2023-09-18 22:05:55,914 [FATAL] Updater:308 - Updater called before beeing initialized
2023-09-18 22:05:55,914 [ERROR] CADModel:125 - Updater not yet initialized, retry later 
2023-09-18 22:05:55,978 [INFO] CADModel:165 - CPN selected for project level
2023-09-18 22:05:55,978 [INFO] CADModel:114 - Register for checkConnection events
2023-09-18 22:05:55,978 [FATAL] Updater:308 - Updater called before beeing initialized
2023-09-18 22:05:55,978 [ERROR] CADModel:125 - Updater not yet initialized, retry later 
2023-09-18 22:05:55,980 [FATAL] Updater:308 - Updater called before beeing initialized
2023-09-18 22:05:56,021 [FATAL] Updater:308 - Updater called before beeing initialized
2023-09-18 22:05:56,024 [INFO] DbMcusAds:53 - JSON generation date=Thu Sep 30 08:55:09 CEST 2021 (1632984909247)
2023-09-18 22:05:56,025 [FATAL] Updater:308 - Updater called before beeing initialized
2023-09-18 22:05:56,045 [WARN] DetailPanel:346 - Failed to get advertising image, set to default
2023-09-18 22:05:56,105 [FATAL] Updater:308 - Updater called before beeing initialized
2023-09-18 22:05:56,107 [FATAL] Updater:308 - Updater called before beeing initialized
2023-09-18 22:05:56,107 [FATAL] Updater:308 - Updater called before beeing initialized
2023-09-18 22:05:56,107 [WARN] DetailPanel:346 - Failed to get advertising image, set to default
2023-09-18 22:05:56,107 [FATAL] Updater:308 - Updater called before beeing initialized
2023-09-18 22:05:56,124 [ERROR] Updater:1120 - MainUpdater not yet initialized. External WinMGr cannot be set.
2023-09-18 22:05:56,125 [INFO] Updater:1056 - Updater Version found : 6.9.2
2023-09-18 22:05:56,136 [INFO] ApplicationProperties:184 - Using Application install path: /opt/st/stm32cubeide_1.13.2/plugins/com.st.stm32cube.common.mx_6.9.2.202309101412
2023-09-18 22:05:56,154 [INFO] MainUpdater:521 - Copy updater definitions from MX database
2023-09-18 22:05:56,170 [INFO] MainUpdater:554 - Copy flag file definitions from MX database
2023-09-18 22:05:56,171 [INFO] MainUpdater:570 - Copy thirdparty index definitions from MX database
2023-09-18 22:05:56,171 [INFO] MainUpdater:589 - Copy default thirdparty db definitions from MX database
2023-09-18 22:05:56,196 [INFO] MainUpdater:2868 - connection check result : 10
2023-09-18 22:05:56,196 [INFO] MainUpdater:3562 - Updater definition file requires update
2023-09-18 22:05:56,197 [INFO] MainUpdater:285 - Updater Check For Update Now.
2023-09-18 22:05:56,197 [INFO] MicroXplorer:498 - Change Database Version : DB.6.0.92
2023-09-18 22:05:56,200 [INFO] McuFinderGlobals:63 - Set McuFinder mode to 2 (CubeIDE integrated)
2023-09-18 22:05:56,200 [INFO] UserAuth:179 - activating auth plugin
2023-09-18 22:05:56,201 [INFO] UserAuth:393 - Internet connection configuration mode: 1
2023-09-18 22:05:56,206 [INFO] JxBrowserEngine:151 - Initiate JxBrowser Engine with user profile folder
2023-09-18 22:05:56,221 [INFO] ServerAccessManage:473 - Download File updaters.zip
2023-09-18 22:05:56,260 [INFO] FileExtend:240 - Unzip File : updaters.zip
2023-09-18 22:05:56,261 [INFO] FileExtend:255 - Standard Zip Deflate
2023-09-18 22:05:56,364 [INFO] ServerAccessManage:473 - Download File PacksControlFlags.xml
2023-09-18 22:05:56,393 [INFO] ServerAccessManage:473 - Download File cubemx.pidx
2023-09-18 22:05:56,510 [INFO] ServerAccessManage:473 - Download File STMicroelectronics.FP-ATR-ASTRA1.pdsc
2023-09-18 22:05:56,773 [INFO] ServerAccessManage:473 - Download File STMicroelectronics.FP-ATR-SIGFOX1.pdsc
2023-09-18 22:05:57,054 [INFO] ServerAccessManage:473 - Download File STMicroelectronics.FP-SNS-FLIGHT1.pdsc
2023-09-18 22:05:57,298 [INFO] ServerAccessManage:473 - Download File STMicroelectronics.FP-SNS-MOTENV1.pdsc
2023-09-18 22:05:57,643 [INFO] ServerAccessManage:473 - Download File STMicroelectronics.FP-SNS-SMARTAG2.pdsc
2023-09-18 22:05:57,762 [INFO] ServerAccessManage:473 - Download File STMicroelectronics.X-CUBE-AI.pdsc
2023-09-18 22:05:58,222 [INFO] WebApp:157 - Instantiating new browser for Auth
2023-09-18 22:05:58,464 [WARN] MainUpdater:1189 - Updater busy. Cannot search thirdparties
2023-09-18 22:05:58,464 [INFO] ThirdPartyUpdaterWithRetryManager:96 - Updater plugin is busy. [1/15]
2023-09-18 22:05:58,481 [INFO] WebApp:753 - Register for checkConnection events
2023-09-18 22:05:58,481 [INFO] WebApp:390 - Apply proxy settings
2023-09-18 22:05:58,482 [INFO] WebApp:475 - Chromium requires no authentication
2023-09-18 22:05:58,486 [INFO] WebApp:418 - Direct internet connection detected
2023-09-18 22:05:58,562 [INFO] WebApp:188 - Starting web application
2023-09-18 22:05:58,562 [INFO] WebApp:520 - Web application path used /opt/st/stm32cubeide_1.13.2/plugins/com.st.stm32cube.common.mx_6.9.2.202309101412/db/plugins/mcufinder/reactClient1/index.html
2023-09-18 22:05:58,752 [INFO] ServerAccessManage:473 - Download File STMicroelectronics.X-CUBE-ALS.pdsc
2023-09-18 22:05:58,880 [INFO] ServerAccessManage:473 - Download File STMicroelectronics.X-CUBE-BLE1.pdsc
2023-09-18 22:06:00,012 [ERROR] ServerAccessManage:1089 - Problem, file not found on Server
2023-09-18 22:06:00,045 [INFO] ServerAccessManage:473 - Download File STMicroelectronics.X-CUBE-BLE2.pdsc
2023-09-18 22:06:00,712 [INFO] ServerAccessManage:473 - Download File STMicroelectronics.X-CUBE-BLEMGR.pdsc
2023-09-18 22:06:01,062 [INFO] ServerAccessManage:473 - Download File STMicroelectronics.X-CUBE-DISPLAY.pdsc
2023-09-18 22:06:01,464 [WARN] MainUpdater:1189 - Updater busy. Cannot search thirdparties
2023-09-18 22:06:01,464 [INFO] ThirdPartyUpdaterWithRetryManager:96 - Updater plugin is busy. [2/15]
2023-09-18 22:06:01,713 [INFO] ServerAccessManage:473 - Download File STMicroelectronics.X-CUBE-EEPRMA1.pdsc
2023-09-18 22:06:01,903 [ERROR] ServerAccessManage:1089 - Problem, file not found on Server
2023-09-18 22:06:02,116 [INFO] ServerAccessManage:473 - Download File STMicroelectronics.X-CUBE-FREERTOS.pdsc
2023-09-18 22:06:02,371 [INFO] ServerAccessManage:473 - Download File STMicroelectronics.X-CUBE-GNSS1.pdsc
2023-09-18 22:06:03,341 [ERROR] ServerAccessManage:1089 - Problem, file not found on Server
2023-09-18 22:06:03,620 [ERROR] ServerAccessManage:1089 - Problem, file not found on Server
2023-09-18 22:06:03,735 [ERROR] ServerAccessManage:1089 - Problem, file not found on Server
2023-09-18 22:06:03,829 [ERROR] ServerAccessManage:1089 - Problem, file not found on Server
2023-09-18 22:06:03,957 [ERROR] ServerAccessManage:1089 - Problem, file not found on Server
2023-09-18 22:06:04,079 [ERROR] ServerAccessManage:1089 - Problem, file not found on Server
2023-09-18 22:06:04,155 [INFO] ServerAccessManage:473 - Download File STMicroelectronics.X-CUBE-ISPU.pdsc
2023-09-18 22:06:04,324 [INFO] ServerAccessManage:473 - Download File STMicroelectronics.X-CUBE-MEMS1.pdsc
2023-09-18 22:06:04,465 [WARN] MainUpdater:1189 - Updater busy. Cannot search thirdparties
2023-09-18 22:06:04,465 [INFO] ThirdPartyUpdaterWithRetryManager:96 - Updater plugin is busy. [3/15]
2023-09-18 22:06:05,790 [INFO] ServerAccessManage:473 - Download File STMicroelectronics.X-CUBE-NFC4.pdsc
2023-09-18 22:06:06,693 [INFO] ServerAccessManage:473 - Download File STMicroelectronics.X-CUBE-NFC6.pdsc
2023-09-18 22:06:07,136 [INFO] ServerAccessManage:473 - Download File STMicroelectronics.X-CUBE-NFC7.pdsc
2023-09-18 22:06:07,316 [INFO] ServerAccessManage:473 - Download File STMicroelectronics.X-CUBE-SFXS2LP1.pdsc
2023-09-18 22:06:07,465 [WARN] MainUpdater:1189 - Updater busy. Cannot search thirdparties
2023-09-18 22:06:07,465 [INFO] ThirdPartyUpdaterWithRetryManager:96 - Updater plugin is busy. [4/15]
2023-09-18 22:06:07,612 [INFO] ServerAccessManage:473 - Download File STMicroelectronics.X-CUBE-SUBG2.pdsc
2023-09-18 22:06:08,250 [INFO] ServerAccessManage:473 - Download File STMicroelectronics.X-CUBE-SMBUS.pdsc
2023-09-18 22:06:08,436 [ERROR] ServerAccessManage:1089 - Problem, file not found on Server
2023-09-18 22:06:08,500 [INFO] ServerAccessManage:473 - Download File STMicroelectronics.X-CUBE-TOF1.pdsc
2023-09-18 22:06:09,087 [ERROR] ServerAccessManage:1089 - Problem, file not found on Server
2023-09-18 22:06:09,237 [INFO] ServerAccessManage:473 - Download File STMicroelectronics.X-CUBE-TOUCHGFX.pdsc
2023-09-18 22:06:10,466 [WARN] MainUpdater:1189 - Updater busy. Cannot search thirdparties
2023-09-18 22:06:10,466 [INFO] ThirdPartyUpdaterWithRetryManager:96 - Updater plugin is busy. [5/15]
2023-09-18 22:06:11,297 [INFO] ServerAccessManage:473 - Download File STMicroelectronics.X-CUBE-ALGOBUILD.pdsc
2023-09-18 22:06:11,765 [INFO] ServerAccessManage:473 - Download File STMicroelectronics.X-CUBE-AZRTOS-H7.pdsc
2023-09-18 22:06:12,355 [INFO] ServerAccessManage:473 - Download File STMicroelectronics.X-CUBE-AZRTOS-F4.pdsc
2023-09-18 22:06:12,572 [INFO] ServerAccessManage:473 - Download File STMicroelectronics.X-CUBE-AZRTOS-F7.pdsc
2023-09-18 22:06:12,761 [INFO] ServerAccessManage:473 - Download File STMicroelectronics.X-CUBE-AZRTOS-L4.pdsc
2023-09-18 22:06:13,466 [WARN] MainUpdater:1189 - Updater busy. Cannot search thirdparties
2023-09-18 22:06:13,467 [INFO] ThirdPartyUpdaterWithRetryManager:96 - Updater plugin is busy. [6/15]
2023-09-18 22:06:13,968 [INFO] ServerAccessManage:473 - Download File STMicroelectronics.X-CUBE-AZRTOS-L5.pdsc
2023-09-18 22:06:14,262 [INFO] ServerAccessManage:473 - Download File STMicroelectronics.X-CUBE-AZRTOS-G0.pdsc
2023-09-18 22:06:14,443 [INFO] ServerAccessManage:473 - Download File STMicroelectronics.X-CUBE-AZRTOS-G4.pdsc
2023-09-18 22:06:14,655 [INFO] ServerAccessManage:473 - Download File STMicroelectronics.X-CUBE-AZRTOS-WB.pdsc
2023-09-18 22:06:14,888 [INFO] ServerAccessManage:473 - Download File STMicroelectronics.X-CUBE-AZRTOS-WL.pdsc
2023-09-18 22:06:15,519 [INFO] ServerAccessManage:473 - Download File wolfSSL.I-CUBE-wolfSSL.pdsc
2023-09-18 22:06:16,467 [WARN] MainUpdater:1189 - Updater busy. Cannot search thirdparties
2023-09-18 22:06:16,467 [INFO] ThirdPartyUpdaterWithRetryManager:96 - Updater plugin is busy. [7/15]
2023-09-18 22:06:18,300 [ERROR] ServerAccessManage:1089 - Problem, file not found on Server
2023-09-18 22:06:18,613 [ERROR] ServerAccessManage:1089 - Problem, file not found on Server
2023-09-18 22:06:18,923 [ERROR] ServerAccessManage:1089 - Problem, file not found on Server
2023-09-18 22:06:19,015 [ERROR] LogOutputStream:75 - [STDERR_REDIRECT] SLF4J: Failed to load class "org.slf4j.impl.StaticLoggerBinder".
2023-09-18 22:06:19,016 [ERROR] LogOutputStream:75 - [STDERR_REDIRECT] SLF4J: Defaulting to no-operation (NOP) logger implementation
2023-09-18 22:06:19,016 [ERROR] LogOutputStream:75 - [STDERR_REDIRECT] SLF4J: See http://www.slf4j.org/codes.html#StaticLoggerBinder for further details.
2023-09-18 22:06:19,408 [ERROR] ServerAccessManage:1096 - Problem, Http access forbiden
2023-09-18 22:06:19,409 [ERROR] ServerAccessManage:651 - Problem, Http access forbiden : RoweBots.I-CUBE-UNISONRTOS.pdsc.
2023-09-18 22:06:19,467 [WARN] MainUpdater:1189 - Updater busy. Cannot search thirdparties
2023-09-18 22:06:19,467 [INFO] ThirdPartyUpdaterWithRetryManager:96 - Updater plugin is busy. [8/15]
2023-09-18 22:06:19,526 [INFO] ServerAccessManage:473 - Download File SEGGER.I-CUBE-embOS.pdsc
2023-09-18 22:06:19,845 [INFO] ServerAccessManage:473 - Download File portGmbH.I-Cube-SoM-uGOAL.pdsc
2023-09-18 22:06:19,963 [ERROR] ServerAccessManage:1089 - Problem, file not found on Server
2023-09-18 22:06:19,975 [ERROR] ServerAccessManage:1089 - Problem, file not found on Server
2023-09-18 22:06:19,987 [ERROR] ServerAccessManage:1089 - Problem, file not found on Server
2023-09-18 22:06:20,115 [INFO] ServerAccessManage:473 - Download File emotas.I-CUBE-CANOPEN.pdsc
2023-09-18 22:06:20,959 [INFO] ServerAccessManage:473 - Download File WES.I-CUBE-Cesium.pdsc
2023-09-18 22:06:22,468 [WARN] MainUpdater:1189 - Updater busy. Cannot search thirdparties
2023-09-18 22:06:22,468 [INFO] ThirdPartyUpdaterWithRetryManager:96 - Updater plugin is busy. [9/15]
2023-09-18 22:06:23,862 [ERROR] ServerAccessManage:1089 - Problem, file not found on Server
2023-09-18 22:06:24,520 [ERROR] ServerAccessManage:1089 - Problem, file not found on Server
2023-09-18 22:06:24,568 [WARN] PackLoader:240 - Cannot read IP mode file for STMicroelectronics.FP-ATR-ASTRA1.2.0.0
2023-09-18 22:06:24,569 [WARN] CheckServerUpdateThread:151 - Open CheckUpdateFile Fail
2023-09-18 22:06:24,572 [WARN] PackLoader:240 - Cannot read IP mode file for STMicroelectronics.FP-ATR-SIGFOX1.3.2.0
2023-09-18 22:06:24,576 [WARN] PackLoader:240 - Cannot read IP mode file for STMicroelectronics.FP-SNS-FLIGHT1.5.0.2
2023-09-18 22:06:24,581 [WARN] PackLoader:240 - Cannot read IP mode file for STMicroelectronics.FP-SNS-MOTENV1.4.3.2
2023-09-18 22:06:24,587 [WARN] PackLoader:240 - Cannot read IP mode file for STMicroelectronics.FP-SNS-SMARTAG2.1.2.0
2023-09-18 22:06:24,590 [WARN] PackLoader:240 - Cannot read IP mode file for STMicroelectronics.X-CUBE-AI.8.1.0
2023-09-18 22:06:24,593 [WARN] PackLoader:240 - Cannot read IP mode file for STMicroelectronics.X-CUBE-ALS.1.0.1
2023-09-18 22:06:24,597 [WARN] PackLoader:240 - Cannot read IP mode file for STMicroelectronics.X-CUBE-BLE1.7.0.0
2023-09-18 22:06:24,600 [WARN] PackLoader:240 - Cannot read IP mode file for STMicroelectronics.X-CUBE-BLE2.3.3.0
2023-09-18 22:06:24,608 [WARN] PackLoader:240 - Cannot read IP mode file for STMicroelectronics.X-CUBE-BLEMGR.2.0.0
2023-09-18 22:06:24,617 [WARN] PackLoader:240 - Cannot read IP mode file for STMicroelectronics.X-CUBE-DISPLAY.3.0.0
2023-09-18 22:06:24,623 [WARN] PackLoader:240 - Cannot read IP mode file for STMicroelectronics.X-CUBE-EEPRMA1.4.1.0
2023-09-18 22:06:24,627 [WARN] PackLoader:240 - Cannot read IP mode file for STMicroelectronics.X-CUBE-FREERTOS.1.1.0
2023-09-18 22:06:24,630 [WARN] PackLoader:240 - Cannot read IP mode file for STMicroelectronics.X-CUBE-GNSS1.6.0.0
2023-09-18 22:06:24,634 [WARN] PackLoader:240 - Cannot read IP mode file for STMicroelectronics.X-CUBE-ISPU.1.1.0
2023-09-18 22:06:24,661 [WARN] PackLoader:240 - Cannot read IP mode file for STMicroelectronics.X-CUBE-MEMS1.9.6.0
2023-09-18 22:06:24,687 [INFO] CheckServerUpdateThread:120 - End of CheckServer Thread
2023-09-18 22:06:24,755 [WARN] PackLoader:240 - Cannot read IP mode file for STMicroelectronics.X-CUBE-NFC4.3.0.0
2023-09-18 22:06:24,759 [WARN] PackLoader:240 - Cannot read IP mode file for STMicroelectronics.X-CUBE-NFC6.3.0.0
2023-09-18 22:06:24,763 [WARN] PackLoader:240 - Cannot read IP mode file for STMicroelectronics.X-CUBE-NFC7.1.0.1
2023-09-18 22:06:24,770 [WARN] PackLoader:240 - Cannot read IP mode file for STMicroelectronics.X-CUBE-SFXS2LP1.4.0.0
2023-09-18 22:06:24,780 [WARN] PackLoader:240 - Cannot read IP mode file for STMicroelectronics.X-CUBE-SUBG2.5.0.0
2023-09-18 22:06:24,788 [WARN] PackLoader:240 - Cannot read IP mode file for STMicroelectronics.X-CUBE-SMBUS.2.1.0
2023-09-18 22:06:24,797 [WARN] PackLoader:240 - Cannot read IP mode file for STMicroelectronics.X-CUBE-TOF1.3.3.1
2023-09-18 22:06:24,811 [WARN] PackLoader:240 - Cannot read IP mode file for STMicroelectronics.X-CUBE-TOUCHGFX.4.22.0
2023-09-18 22:06:24,815 [WARN] PackLoader:240 - Cannot read IP mode file for STMicroelectronics.X-CUBE-ALGOBUILD.1.3.0
2023-09-18 22:06:24,834 [WARN] ConditionMgr:438 - getConditionDescription Invalid condition id : UX DEVICE CLASS RTOS Condition cause : null
2023-09-18 22:06:24,834 [WARN] ConditionMgr:438 - getConditionDescription Invalid condition id : UX DEVICE CLASS RTOS Condition cause : null
2023-09-18 22:06:24,837 [WARN] PackLoader:240 - Cannot read IP mode file for STMicroelectronics.X-CUBE-AZRTOS-H7.3.1.0
2023-09-18 22:06:24,839 [WARN] ConditionMgr:1039 - genDependencies : Invalid condition id : UX DEVICE CLASS RTOS Condition cause : null
2023-09-18 22:06:24,839 [WARN] ConditionMgr:1039 - genDependencies : Invalid condition id : UX DEVICE CLASS RTOS Condition cause : null
2023-09-18 22:06:24,840 [WARN] ConditionMgr:1039 - genDependencies : Invalid condition id : UX DEVICE CLASS RTOS Condition cause : null
2023-09-18 22:06:24,840 [WARN] ConditionMgr:1039 - genDependencies : Invalid condition id : UX DEVICE CLASS RTOS Condition cause : null
2023-09-18 22:06:24,840 [WARN] ConditionMgr:1039 - genDependencies : Invalid condition id : UX DEVICE CLASS RTOS Condition cause : null
2023-09-18 22:06:24,855 [WARN] PackLoader:240 - Cannot read IP mode file for STMicroelectronics.X-CUBE-AZRTOS-F4.1.1.0
2023-09-18 22:06:24,865 [WARN] PackLoader:240 - Cannot read IP mode file for STMicroelectronics.X-CUBE-AZRTOS-F7.1.1.0
2023-09-18 22:06:24,876 [WARN] ConditionMgr:438 - getConditionDescription Invalid condition id : LAN8742 Phy interface Condition cause : null
2023-09-18 22:06:24,877 [WARN] PackLoader:240 - Cannot read IP mode file for STMicroelectronics.X-CUBE-AZRTOS-L4.2.0.0
2023-09-18 22:06:24,878 [WARN] ConditionMgr:1039 - genDependencies : Invalid condition id : LAN8742 Phy interface Condition cause : null
2023-09-18 22:06:24,878 [WARN] ConditionMgr:1039 - genDependencies : Invalid condition id : LAN8742 Phy interface Condition cause : null
2023-09-18 22:06:24,878 [WARN] ConditionMgr:1039 - genDependencies : Invalid condition id : LAN8742 Phy interface Condition cause : null
2023-09-18 22:06:24,887 [WARN] PackLoader:240 - Cannot read IP mode file for STMicroelectronics.X-CUBE-AZRTOS-L5.2.0.0
2023-09-18 22:06:24,895 [WARN] PackLoader:240 - Cannot read IP mode file for STMicroelectronics.X-CUBE-AZRTOS-G0.1.1.0
2023-09-18 22:06:24,903 [WARN] PackLoader:240 - Cannot read IP mode file for STMicroelectronics.X-CUBE-AZRTOS-G4.2.0.0
2023-09-18 22:06:24,909 [WARN] ConditionMgr:438 - getConditionDescription Invalid condition id : UX DEVICE CLASS RTOS Condition cause : null
2023-09-18 22:06:24,909 [WARN] ConditionMgr:438 - getConditionDescription Invalid condition id : UX DEVICE CLASS RTOS Condition cause : null
2023-09-18 22:06:24,911 [WARN] PackLoader:240 - Cannot read IP mode file for STMicroelectronics.X-CUBE-AZRTOS-WB.2.0.0
2023-09-18 22:06:24,911 [WARN] ConditionMgr:1039 - genDependencies : Invalid condition id : UX DEVICE CLASS RTOS Condition cause : null
2023-09-18 22:06:24,911 [WARN] ConditionMgr:1039 - genDependencies : Invalid condition id : UX DEVICE CLASS RTOS Condition cause : null
2023-09-18 22:06:24,912 [WARN] ConditionMgr:1039 - genDependencies : Invalid condition id : UX DEVICE CLASS RTOS Condition cause : null
2023-09-18 22:06:24,912 [WARN] ConditionMgr:1039 - genDependencies : Invalid condition id : UX DEVICE CLASS RTOS Condition cause : null
2023-09-18 22:06:24,912 [WARN] ConditionMgr:1039 - genDependencies : Invalid condition id : UX DEVICE CLASS RTOS Condition cause : null
2023-09-18 22:06:24,916 [INFO] LogOutputStream:77 - [STDOUT_REDIRECT] 1 : Invalid condition id : UX_CORESTACK_Condition cause : null
2023-09-18 22:06:24,917 [INFO] LogOutputStream:77 - [STDOUT_REDIRECT] 1 : Invalid condition id : UX_CORESTACK_Condition cause : null
2023-09-18 22:06:24,917 [INFO] LogOutputStream:77 - [STDOUT_REDIRECT] 1 : Invalid condition id : UX_CORESTACK_Condition cause : null
2023-09-18 22:06:24,917 [INFO] LogOutputStream:77 - [STDOUT_REDIRECT] 1 : Invalid condition id : UX_CORESTACK_Condition cause : null
2023-09-18 22:06:24,917 [INFO] LogOutputStream:77 - [STDOUT_REDIRECT] 1 : Invalid condition id : UX_CORESTACK_Condition cause : null
2023-09-18 22:06:24,918 [WARN] PackLoader:240 - Cannot read IP mode file for STMicroelectronics.X-CUBE-AZRTOS-WL.2.0.0
2023-09-18 22:06:24,920 [WARN] PackLoader:240 - Cannot read IP mode file for wolfSSL.I-CUBE-wolfSSL.5.6.3
2023-09-18 22:06:24,936 [WARN] PackLoader:240 - Cannot read IP mode file for SEGGER.I-CUBE-embOS.1.3.1
2023-09-18 22:06:24,964 [WARN] PackLoader:240 - Cannot read IP mode file for portGmbH.I-Cube-SoM-uGOAL.1.1.0
2023-09-18 22:06:24,970 [WARN] PackLoader:240 - Cannot read IP mode file for emotas.I-CUBE-CANOPEN.1.3.0
2023-09-18 22:06:24,973 [WARN] PackLoader:240 - Cannot read IP mode file for WES.I-CUBE-Cesium.1.3.0
2023-09-18 22:06:24,974 [INFO] PopulateThirdPartyThread:66 - Ending populate Thread
2023-09-18 22:06:24,976 [INFO] ThirdParty:1030 - CMSIS Pack Vendor :STMicroelectronics X-CUBE-ISPU 1.1.0
2023-09-18 22:06:24,976 [INFO] ThirdParty:1030 - CMSIS Pack Vendor :STMicroelectronics X-CUBE-DISPLAY 3.0.0
2023-09-18 22:06:24,976 [INFO] ThirdParty:1030 - CMSIS Pack Vendor :STMicroelectronics X-CUBE-GNSS1 6.0.0
2023-09-18 22:06:24,976 [INFO] ThirdParty:1030 - CMSIS Pack Vendor :STMicroelectronics X-CUBE-AZRTOS-F4 1.1.0
2023-09-18 22:06:24,976 [INFO] ThirdParty:1030 - CMSIS Pack Vendor :STMicroelectronics FP-ATR-SIGFOX1 3.2.0
2023-09-18 22:06:24,976 [INFO] ThirdParty:1030 - CMSIS Pack Vendor :STMicroelectronics X-CUBE-BLE1 7.0.0
2023-09-18 22:06:24,976 [INFO] ThirdParty:1030 - CMSIS Pack Vendor :wolfSSL I-CUBE-wolfSSL 5.6.3
2023-09-18 22:06:24,976 [INFO] ThirdParty:1030 - CMSIS Pack Vendor :STMicroelectronics X-CUBE-SMBUS 2.1.0
2023-09-18 22:06:24,976 [INFO] ThirdParty:1030 - CMSIS Pack Vendor :STMicroelectronics X-CUBE-AZRTOS-WB 2.0.0
2023-09-18 22:06:24,976 [INFO] ThirdParty:1030 - CMSIS Pack Vendor :emotas I-CUBE-CANOPEN 1.3.0
2023-09-18 22:06:24,976 [INFO] ThirdParty:1030 - CMSIS Pack Vendor :STMicroelectronics X-CUBE-FREERTOS 1.1.0
2023-09-18 22:06:24,976 [INFO] ThirdParty:1030 - CMSIS Pack Vendor :STMicroelectronics X-CUBE-NFC7 1.0.1
2023-09-18 22:06:24,976 [INFO] ThirdParty:1030 - CMSIS Pack Vendor :STMicroelectronics X-CUBE-TOUCHGFX 4.22.0
2023-09-18 22:06:24,976 [INFO] ThirdParty:1030 - CMSIS Pack Vendor :STMicroelectronics X-CUBE-AZRTOS-F7 1.1.0
2023-09-18 22:06:24,976 [INFO] ThirdParty:1030 - CMSIS Pack Vendor :STMicroelectronics X-CUBE-AZRTOS-L5 2.0.0
2023-09-18 22:06:24,977 [INFO] ThirdParty:1030 - CMSIS Pack Vendor :STMicroelectronics X-CUBE-NFC6 3.0.0
2023-09-18 22:06:24,977 [INFO] ThirdParty:1030 - CMSIS Pack Vendor :STMicroelectronics X-CUBE-ALS 1.0.1
2023-09-18 22:06:24,977 [INFO] ThirdParty:1030 - CMSIS Pack Vendor :STMicroelectronics X-CUBE-EEPRMA1 4.1.0
2023-09-18 22:06:24,977 [INFO] ThirdParty:1030 - CMSIS Pack Vendor :portGmbH I-Cube-SoM-uGOAL 1.1.0
2023-09-18 22:06:24,977 [INFO] ThirdParty:1030 - CMSIS Pack Vendor :STMicroelectronics X-CUBE-MEMS1 9.6.0
2023-09-18 22:06:24,977 [INFO] ThirdParty:1030 - CMSIS Pack Vendor :STMicroelectronics FP-SNS-SMARTAG2 1.2.0
2023-09-18 22:06:24,977 [INFO] ThirdParty:1030 - CMSIS Pack Vendor :STMicroelectronics FP-SNS-MOTENV1 4.3.2
2023-09-18 22:06:24,977 [INFO] ThirdParty:1030 - CMSIS Pack Vendor :STMicroelectronics X-CUBE-ALGOBUILD 1.3.0
2023-09-18 22:06:24,977 [INFO] ThirdParty:1030 - CMSIS Pack Vendor :STMicroelectronics X-CUBE-AZRTOS-WL 2.0.0
2023-09-18 22:06:24,977 [INFO] ThirdParty:1030 - CMSIS Pack Vendor :SEGGER I-CUBE-embOS 1.3.1
2023-09-18 22:06:24,977 [INFO] ThirdParty:1030 - CMSIS Pack Vendor :STMicroelectronics X-CUBE-AZRTOS-G0 1.1.0
2023-09-18 22:06:24,977 [INFO] ThirdParty:1030 - CMSIS Pack Vendor :STMicroelectronics X-CUBE-AI 8.1.0
2023-09-18 22:06:24,977 [INFO] ThirdParty:1030 - CMSIS Pack Vendor :STMicroelectronics X-CUBE-BLEMGR 2.0.0
2023-09-18 22:06:24,977 [INFO] ThirdParty:1030 - CMSIS Pack Vendor :STMicroelectronics X-CUBE-NFC4 3.0.0
2023-09-18 22:06:24,977 [INFO] ThirdParty:1030 - CMSIS Pack Vendor :STMicroelectronics X-CUBE-SUBG2 5.0.0
2023-09-18 22:06:24,977 [INFO] ThirdParty:1030 - CMSIS Pack Vendor :STMicroelectronics X-CUBE-AZRTOS-L4 2.0.0
2023-09-18 22:06:24,977 [INFO] ThirdParty:1030 - CMSIS Pack Vendor :STMicroelectronics FP-ATR-ASTRA1 2.0.0
2023-09-18 22:06:24,977 [INFO] ThirdParty:1030 - CMSIS Pack Vendor :WES I-CUBE-Cesium 1.3.0
2023-09-18 22:06:24,977 [INFO] ThirdParty:1030 - CMSIS Pack Vendor :STMicroelectronics X-CUBE-SFXS2LP1 4.0.0
2023-09-18 22:06:24,977 [INFO] ThirdParty:1030 - CMSIS Pack Vendor :STMicroelectronics FP-SNS-FLIGHT1 5.0.2
2023-09-18 22:06:24,977 [INFO] ThirdParty:1030 - CMSIS Pack Vendor :STMicroelectronics X-CUBE-BLE2 3.3.0
2023-09-18 22:06:24,977 [INFO] ThirdParty:1030 - CMSIS Pack Vendor :STMicroelectronics X-CUBE-TOF1 3.3.1
2023-09-18 22:06:24,977 [INFO] ThirdParty:1030 - CMSIS Pack Vendor :STMicroelectronics X-CUBE-AZRTOS-G4 2.0.0
2023-09-18 22:06:24,977 [INFO] ThirdParty:1030 - CMSIS Pack Vendor :STMicroelectronics X-CUBE-AZRTOS-H7 3.1.0
2023-09-18 22:06:24,978 [INFO] LoadServerUpdatesThread:373 - End of LoadServerUpdate Thread
2023-09-18 22:06:25,509 [WARN] PackLoader:240 - Cannot read IP mode file for STMicroelectronics.X-CUBE-SMBUS.2.1.0
2023-09-18 22:06:25,517 [WARN] PackLoader:240 - Cannot read IP mode file for STMicroelectronics.X-CUBE-AZRTOS-F7.1.1.0
2023-09-18 22:06:25,521 [WARN] PackLoader:240 - Cannot read IP mode file for STMicroelectronics.FP-SNS-MOTENV1.4.3.2
2023-09-18 22:06:25,524 [WARN] PackLoader:240 - Cannot read IP mode file for STMicroelectronics.FP-SNS-FLIGHT1.5.0.2
2023-09-18 22:06:25,527 [WARN] PackLoader:240 - Cannot read IP mode file for STMicroelectronics.X-CUBE-DISPLAY.3.0.0
2023-09-18 22:06:25,530 [WARN] PackLoader:240 - Cannot read IP mode file for STMicroelectronics.X-CUBE-BLE1.7.0.0
2023-09-18 22:06:25,532 [WARN] PackLoader:240 - Cannot read IP mode file for emotas.I-CUBE-CANOPEN.1.3.0
2023-09-18 22:06:25,533 [WARN] PackLoader:240 - Cannot read IP mode file for STMicroelectronics.X-CUBE-TOUCHGFX.4.22.0
2023-09-18 22:06:25,535 [WARN] PackLoader:240 - Cannot read IP mode file for STMicroelectronics.FP-SNS-SMARTAG2.1.2.0
2023-09-18 22:06:25,539 [INFO] LogOutputStream:77 - [STDOUT_REDIRECT] 1 : Invalid condition id : UX_CORESTACK_Condition cause : null
2023-09-18 22:06:25,539 [INFO] LogOutputStream:77 - [STDOUT_REDIRECT] 1 : Invalid condition id : UX_CORESTACK_Condition cause : null
2023-09-18 22:06:25,539 [INFO] LogOutputStream:77 - [STDOUT_REDIRECT] 1 : Invalid condition id : UX_CORESTACK_Condition cause : null
2023-09-18 22:06:25,539 [INFO] LogOutputStream:77 - [STDOUT_REDIRECT] 1 : Invalid condition id : UX_CORESTACK_Condition cause : null
2023-09-18 22:06:25,539 [INFO] LogOutputStream:77 - [STDOUT_REDIRECT] 1 : Invalid condition id : UX_CORESTACK_Condition cause : null
2023-09-18 22:06:25,550 [WARN] PackLoader:240 - Cannot read IP mode file for STMicroelectronics.X-CUBE-AZRTOS-WL.2.0.0
2023-09-18 22:06:25,555 [WARN] PackLoader:240 - Cannot read IP mode file for WES.I-CUBE-Cesium.1.3.0
2023-09-18 22:06:25,558 [WARN] PackLoader:240 - Cannot read IP mode file for STMicroelectronics.X-CUBE-BLE2.3.3.0
2023-09-18 22:06:25,563 [WARN] PackLoader:240 - Cannot read IP mode file for STMicroelectronics.X-CUBE-ALGOBUILD.1.3.0
2023-09-18 22:06:25,572 [WARN] PackLoader:240 - Cannot read IP mode file for STMicroelectronics.X-CUBE-AZRTOS-G0.1.1.0
2023-09-18 22:06:25,576 [WARN] PackLoader:240 - Cannot read IP mode file for STMicroelectronics.X-CUBE-NFC4.3.0.0
2023-09-18 22:06:25,578 [WARN] PackLoader:240 - Cannot read IP mode file for STMicroelectronics.FP-ATR-SIGFOX1.3.2.0
2023-09-18 22:06:25,594 [WARN] PackLoader:240 - Cannot read IP mode file for SEGGER.I-CUBE-embOS.1.3.1
2023-09-18 22:06:25,619 [WARN] PackLoader:240 - Cannot read IP mode file for STMicroelectronics.X-CUBE-GNSS1.6.0.0
2023-09-18 22:06:25,633 [WARN] PackLoader:240 - Cannot read IP mode file for STMicroelectronics.X-CUBE-AZRTOS-F4.1.1.0
2023-09-18 22:06:25,637 [WARN] PackLoader:240 - Cannot read IP mode file for wolfSSL.I-CUBE-wolfSSL.5.6.3
2023-09-18 22:06:25,645 [WARN] PackLoader:240 - Cannot read IP mode file for STMicroelectronics.X-CUBE-AZRTOS-L5.2.0.0
2023-09-18 22:06:25,667 [WARN] PackLoader:240 - Cannot read IP mode file for STMicroelectronics.X-CUBE-MEMS1.9.6.0
2023-09-18 22:06:25,748 [WARN] PackLoader:240 - Cannot read IP mode file for STMicroelectronics.X-CUBE-BLEMGR.2.0.0
2023-09-18 22:06:25,756 [WARN] ConditionMgr:438 - getConditionDescription Invalid condition id : UX DEVICE CLASS RTOS Condition cause : null
2023-09-18 22:06:25,757 [WARN] ConditionMgr:438 - getConditionDescription Invalid condition id : UX DEVICE CLASS RTOS Condition cause : null
2023-09-18 22:06:25,758 [WARN] PackLoader:240 - Cannot read IP mode file for STMicroelectronics.X-CUBE-AZRTOS-H7.3.1.0
2023-09-18 22:06:25,759 [WARN] ConditionMgr:1039 - genDependencies : Invalid condition id : UX DEVICE CLASS RTOS Condition cause : null
2023-09-18 22:06:25,759 [WARN] ConditionMgr:1039 - genDependencies : Invalid condition id : UX DEVICE CLASS RTOS Condition cause : null
2023-09-18 22:06:25,759 [WARN] ConditionMgr:1039 - genDependencies : Invalid condition id : UX DEVICE CLASS RTOS Condition cause : null
2023-09-18 22:06:25,759 [WARN] ConditionMgr:1039 - genDependencies : Invalid condition id : UX DEVICE CLASS RTOS Condition cause : null
2023-09-18 22:06:25,759 [WARN] ConditionMgr:1039 - genDependencies : Invalid condition id : UX DEVICE CLASS RTOS Condition cause : null
2023-09-18 22:06:25,762 [WARN] PackLoader:240 - Cannot read IP mode file for STMicroelectronics.X-CUBE-NFC7.1.0.1
2023-09-18 22:06:25,765 [WARN] PackLoader:240 - Cannot read IP mode file for STMicroelectronics.X-CUBE-NFC6.3.0.0
2023-09-18 22:06:25,769 [WARN] PackLoader:240 - Cannot read IP mode file for STMicroelectronics.X-CUBE-EEPRMA1.4.1.0
2023-09-18 22:06:25,771 [WARN] PackLoader:240 - Cannot read IP mode file for STMicroelectronics.X-CUBE-AI.8.1.0
2023-09-18 22:06:25,779 [WARN] ConditionMgr:438 - getConditionDescription Invalid condition id : LAN8742 Phy interface Condition cause : null
2023-09-18 22:06:25,779 [WARN] PackLoader:240 - Cannot read IP mode file for STMicroelectronics.X-CUBE-AZRTOS-L4.2.0.0
2023-09-18 22:06:25,780 [WARN] ConditionMgr:1039 - genDependencies : Invalid condition id : LAN8742 Phy interface Condition cause : null
2023-09-18 22:06:25,780 [WARN] ConditionMgr:1039 - genDependencies : Invalid condition id : LAN8742 Phy interface Condition cause : null
2023-09-18 22:06:25,780 [WARN] ConditionMgr:1039 - genDependencies : Invalid condition id : LAN8742 Phy interface Condition cause : null
2023-09-18 22:06:25,783 [WARN] PackLoader:240 - Cannot read IP mode file for STMicroelectronics.X-CUBE-SFXS2LP1.4.0.0
2023-09-18 22:06:25,786 [WARN] PackLoader:240 - Cannot read IP mode file for STMicroelectronics.X-CUBE-ISPU.1.1.0
2023-09-18 22:06:25,791 [WARN] ConditionMgr:438 - getConditionDescription Invalid condition id : UX DEVICE CLASS RTOS Condition cause : null
2023-09-18 22:06:25,791 [WARN] ConditionMgr:438 - getConditionDescription Invalid condition id : UX DEVICE CLASS RTOS Condition cause : null
2023-09-18 22:06:25,792 [WARN] PackLoader:240 - Cannot read IP mode file for STMicroelectronics.X-CUBE-AZRTOS-WB.2.0.0
2023-09-18 22:06:25,793 [WARN] ConditionMgr:1039 - genDependencies : Invalid condition id : UX DEVICE CLASS RTOS Condition cause : null
2023-09-18 22:06:25,793 [WARN] ConditionMgr:1039 - genDependencies : Invalid condition id : UX DEVICE CLASS RTOS Condition cause : null
2023-09-18 22:06:25,793 [WARN] ConditionMgr:1039 - genDependencies : Invalid condition id : UX DEVICE CLASS RTOS Condition cause : null
2023-09-18 22:06:25,793 [WARN] ConditionMgr:1039 - genDependencies : Invalid condition id : UX DEVICE CLASS RTOS Condition cause : null
2023-09-18 22:06:25,793 [WARN] ConditionMgr:1039 - genDependencies : Invalid condition id : UX DEVICE CLASS RTOS Condition cause : null
2023-09-18 22:06:25,798 [WARN] PackLoader:240 - Cannot read IP mode file for STMicroelectronics.X-CUBE-SUBG2.5.0.0
2023-09-18 22:06:25,818 [WARN] PackLoader:240 - Cannot read IP mode file for STMicroelectronics.X-CUBE-TOF1.3.3.1
2023-09-18 22:06:25,835 [WARN] PackLoader:240 - Cannot read IP mode file for STMicroelectronics.X-CUBE-AZRTOS-G4.2.0.0
2023-09-18 22:06:25,841 [WARN] PackLoader:240 - Cannot read IP mode file for STMicroelectronics.X-CUBE-FREERTOS.1.1.0
2023-09-18 22:06:25,844 [WARN] PackLoader:240 - Cannot read IP mode file for portGmbH.I-Cube-SoM-uGOAL.1.1.0
2023-09-18 22:06:25,847 [WARN] PackLoader:240 - Cannot read IP mode file for STMicroelectronics.X-CUBE-ALS.1.0.1
2023-09-18 22:06:25,849 [WARN] PackLoader:240 - Cannot read IP mode file for STMicroelectronics.FP-ATR-ASTRA1.2.0.0
2023-09-18 22:06:25,850 [INFO] ThirdParty:978 - Integrity check success = true
2023-09-18 22:06:25,850 [INFO] IntegrityCheckThread:100 - exiting critical section [integrity check]
2023-09-18 22:06:25,850 [INFO] IntegrityCheckThread:103 - End integrity checks thread
2023-09-18 22:17:54,880 [ERROR] LogOutputStream:75 - [STDERR_REDIRECT] 
