2023-09-21 20:35:09,011 [INFO] Activator:176 - 


2023-09-21 20:35:09,015 [INFO] Activator:177 - !SESSION log4j initialized
2023-09-21 20:35:12,062 [INFO] LogOutputStream:77 - [STDOUT_REDIRECT] 
2023-09-21 20:35:12,516 [INFO] ApplicationProperties:184 - Using Application install path: /opt/st/stm32cubeide_1.13.2/plugins/com.st.stm32cube.common.mx_6.9.2.202309101412
2023-09-21 20:35:12,545 [INFO] DbMcusXml:78 - Set database path to: /opt/st/stm32cubeide_1.13.2/plugins/com.st.stm32cube.common.mx_6.9.2.202309101412//db//mcu/
2023-09-21 20:35:12,546 [INFO] ApiDb:274 - Set plugin database path to: /opt/st/stm32cubeide_1.13.2/plugins/com.st.stm32cube.common.mx_6.9.2.202309101412//db//plugins/boardmanager/
2023-09-21 20:35:12,546 [WARN] ApiDb:259 - Overriding images path with different value:  => /opt/st/stm32cubeide_1.13.2/plugins/com.st.stm32cube.common.mx_6.9.2.202309101412//db//plugins/mcufinder/images/
2023-09-21 20:35:12,554 [INFO] ApiDb:250 - Set database path to: /home/laptop/.stmcufinder/plugins/mcufinder//mcu/
2023-09-21 20:35:12,555 [INFO] DbMcusAds:125 - Set database path to: /home/laptop/.stmcufinder/plugins/mcufinder//mcu/
2023-09-21 20:35:12,557 [INFO] CrossReferenceDbSqlite:203 - Set database path to: /home/laptop/.stmcufinder/plugins/mcufinder//mcu/cs/
2023-09-21 20:35:12,649 [INFO] RulesReader:64 - Compatibility file has been processed (293 Rules)
2023-09-21 20:35:12,689 [INFO] DbMcusXml:78 - Set database path to: /opt/st/stm32cubeide_1.13.2/plugins/com.st.stm32cube.common.mx_6.9.2.202309101412//db//mcu/
2023-09-21 20:35:12,689 [INFO] ApiDb:274 - Set plugin database path to: /opt/st/stm32cubeide_1.13.2/plugins/com.st.stm32cube.common.mx_6.9.2.202309101412//db//plugins/boardmanager/
2023-09-21 20:35:12,690 [INFO] ApiDb:261 - Set plugin images path to: /opt/st/stm32cubeide_1.13.2/plugins/com.st.stm32cube.common.mx_6.9.2.202309101412//db//plugins/mcufinder/images/
2023-09-21 20:35:12,690 [WARN] DbFile:41 - Overriding database path with different value: /home/laptop/.stmcufinder/plugins/mcufinder/ => /home/laptop/.stmcufinder/plugins/mcufinder
2023-09-21 20:35:12,690 [INFO] ApiDb:250 - Set database path to: /home/laptop/.stmcufinder/plugins/mcufinder//mcu/
2023-09-21 20:35:12,690 [WARN] DbFile:41 - Overriding database path with different value: /home/laptop/.stmcufinder/plugins/mcufinder/ => /home/laptop/.stmcufinder/plugins/mcufinder
2023-09-21 20:35:12,690 [INFO] DbMcusAds:125 - Set database path to: /home/laptop/.stmcufinder/plugins/mcufinder//mcu/
2023-09-21 20:35:12,690 [WARN] DbFile:41 - Overriding database path with different value: /home/laptop/.stmcufinder/plugins/mcufinder/ => /home/laptop/.stmcufinder/plugins/mcufinder
2023-09-21 20:35:12,690 [WARN] DbFile:41 - Overriding database path with different value: /home/laptop/.stmcufinder/plugins/mcufinder/ => /home/laptop/.stmcufinder/plugins/mcufinder
2023-09-21 20:35:12,690 [INFO] CrossReferenceDbSqlite:203 - Set database path to: /home/laptop/.stmcufinder/plugins/mcufinder//mcu/cs/
2023-09-21 20:35:12,737 [INFO] MainPanel:262 - HeapMemory: 268435456
2023-09-21 20:35:12,801 [INFO] DbMcusXml:78 - Set database path to: /opt/st/stm32cubeide_1.13.2/plugins/com.st.stm32cube.common.mx_6.9.2.202309101412//db//mcu/
2023-09-21 20:35:12,801 [INFO] ApiDb:274 - Set plugin database path to: /opt/st/stm32cubeide_1.13.2/plugins/com.st.stm32cube.common.mx_6.9.2.202309101412//db//plugins/boardmanager/
2023-09-21 20:35:12,801 [INFO] ApiDb:261 - Set plugin images path to: /opt/st/stm32cubeide_1.13.2/plugins/com.st.stm32cube.common.mx_6.9.2.202309101412//db//plugins/mcufinder/images/
2023-09-21 20:35:12,801 [WARN] DbFile:41 - Overriding database path with different value: /home/laptop/.stmcufinder/plugins/mcufinder/ => /home/laptop/.stmcufinder/plugins/mcufinder
2023-09-21 20:35:12,801 [INFO] ApiDb:250 - Set database path to: /home/laptop/.stmcufinder/plugins/mcufinder//mcu/
2023-09-21 20:35:12,801 [WARN] DbFile:41 - Overriding database path with different value: /home/laptop/.stmcufinder/plugins/mcufinder/ => /home/laptop/.stmcufinder/plugins/mcufinder
2023-09-21 20:35:12,801 [INFO] DbMcusAds:125 - Set database path to: /home/laptop/.stmcufinder/plugins/mcufinder//mcu/
2023-09-21 20:35:12,801 [WARN] DbFile:41 - Overriding database path with different value: /home/laptop/.stmcufinder/plugins/mcufinder/ => /home/laptop/.stmcufinder/plugins/mcufinder
2023-09-21 20:35:12,801 [WARN] DbFile:41 - Overriding database path with different value: /home/laptop/.stmcufinder/plugins/mcufinder/ => /home/laptop/.stmcufinder/plugins/mcufinder
2023-09-21 20:35:12,802 [INFO] CrossReferenceDbSqlite:203 - Set database path to: /home/laptop/.stmcufinder/plugins/mcufinder//mcu/cs/
2023-09-21 20:35:12,812 [INFO] ApplicationProperties:184 - Using Application install path: /opt/st/stm32cubeide_1.13.2/plugins/com.st.stm32cube.common.mx_6.9.2.202309101412
2023-09-21 20:35:12,814 [INFO] PluginManage:196 - Search for loadable plugins [exclusion list=, ]
2023-09-21 20:35:12,814 [INFO] PluginManage:310 - Check plugin analytics
2023-09-21 20:35:12,921 [INFO] AnalyticsPlugin:253 - Accepted Software Licenses: 
2023-09-21 20:35:12,921 [INFO] AnalyticsPlugin:255 - Accepted CMSIS Pack Licenses: 
2023-09-21 20:35:12,921 [INFO] AnalyticsPlugin:257 - Accepted Firmware Licenses: 
2023-09-21 20:35:12,922 [INFO] PluginManage:359 - Loaded plugin analytics (category:tool,tabindex:-1)
2023-09-21 20:35:12,922 [INFO] PluginManage:310 - Check plugin cadmodel
2023-09-21 20:35:12,972 [INFO] CADModel:105 - Init CAD model plugin
2023-09-21 20:35:12,972 [INFO] PluginManage:359 - Loaded plugin cadmodel (category:power,tabindex:5)
2023-09-21 20:35:12,972 [INFO] PluginManage:310 - Check plugin clock
2023-09-21 20:35:12,979 [INFO] PluginManage:359 - Loaded plugin clock (category:base,tabindex:2)
2023-09-21 20:35:12,980 [INFO] PluginManage:310 - Check plugin ddr
2023-09-21 20:35:12,981 [INFO] PluginManage:359 - Loaded plugin ddr (category:tool,tabindex:6)
2023-09-21 20:35:12,981 [INFO] PluginManage:310 - Check plugin filemanager
2023-09-21 20:35:13,072 [INFO] PluginManage:359 - Loaded plugin filemanager (category:base,tabindex:10)
2023-09-21 20:35:13,072 [INFO] PluginManage:310 - Check plugin ipmanager
2023-09-21 20:35:13,076 [INFO] PluginManage:359 - Loaded plugin ipmanager (category:base,tabindex:5)
2023-09-21 20:35:13,076 [INFO] PluginManage:310 - Check plugin lpbam
2023-09-21 20:35:13,083 [INFO] PluginManage:359 - Loaded plugin lpbam (category:base,tabindex:0)
2023-09-21 20:35:13,083 [INFO] PluginManage:310 - Check plugin memorymap
2023-09-21 20:35:13,090 [INFO] PluginManage:359 - Loaded plugin memorymap (category:base,tabindex:4)
2023-09-21 20:35:13,090 [INFO] PluginManage:310 - Check plugin pinoutandconfiguration
2023-09-21 20:35:13,095 [INFO] PluginManage:359 - Loaded plugin pinoutandconfiguration (category:base,tabindex:1)
2023-09-21 20:35:13,095 [INFO] PluginManage:310 - Check plugin pinoutconfig
2023-09-21 20:35:13,156 [WARN] SupportedApi:132 - Cannot load RTOS API schema: s4s-elt-must-match.1: The content of 'definitions' must match (annotation?, (simpleType | complexType)?, (unique | key | keyref)*)). A problem was found starting at: attribute.
2023-09-21 20:35:13,251 [INFO] PluginManage:359 - Loaded plugin pinoutconfig (category:base,tabindex:0)
2023-09-21 20:35:13,251 [INFO] PluginManage:310 - Check plugin power
2023-09-21 20:35:13,259 [INFO] PluginManage:359 - Loaded plugin power (category:power,tabindex:4)
2023-09-21 20:35:13,260 [INFO] PluginManage:310 - Check plugin projectmanager
2023-09-21 20:35:13,273 [INFO] PluginManage:359 - Loaded plugin projectmanager (category:projectmanager,tabindex:3)
2023-09-21 20:35:13,273 [INFO] PluginManage:310 - Check plugin thirdparty
2023-09-21 20:35:13,373 [INFO] PluginManage:359 - Loaded plugin thirdparty (category:base,tabindex:-1)
2023-09-21 20:35:13,373 [WARN] IntegrityCheckThread:84 - waiting for thirdparty lock release [integrity check]
2023-09-21 20:35:13,374 [INFO] IntegrityCheckThread:86 - entering critical section [integrity check]
2023-09-21 20:35:13,374 [INFO] PluginManage:310 - Check plugin tools
2023-09-21 20:35:13,374 [INFO] ThirdPartyUpdaterWithRetryManager:70 - Updater plugin not ready yet. [1/15]
2023-09-21 20:35:13,376 [INFO] PluginManage:359 - Loaded plugin tools (category:base,tabindex:7)
2023-09-21 20:35:13,376 [INFO] PluginManage:310 - Check plugin tutovideos
2023-09-21 20:35:13,501 [INFO] PluginManage:359 - Loaded plugin tutovideos (category:base,tabindex:-1)
2023-09-21 20:35:13,502 [INFO] PluginManage:310 - Check plugin updater
2023-09-21 20:35:13,508 [INFO] PluginManage:359 - Loaded plugin updater (category:base,tabindex:12)
2023-09-21 20:35:13,508 [INFO] PluginManage:310 - Check plugin userauth
2023-09-21 20:35:13,512 [INFO] UserAuth:113 - Init User Auth plugin
2023-09-21 20:35:13,512 [INFO] PluginManage:359 - Loaded plugin userauth (category:base,tabindex:14)
2023-09-21 20:35:13,512 [INFO] PluginManage:283 - PluginManage : Loaded plugins [17]
2023-09-21 20:35:13,625 [INFO] PinOutPanel:1499 - setPackage(No Configuration,No Configuration)
2023-09-21 20:35:13,682 [INFO] CADModel:165 - CPN selected for project level
2023-09-21 20:35:13,682 [INFO] CADModel:114 - Register for checkConnection events
2023-09-21 20:35:13,689 [INFO] IPUIPlugin:80 - create IPUIPlugin
2023-09-21 20:35:13,690 [INFO] PluginManager:220 - loadIPPluginJar : add ltdc
2023-09-21 20:35:13,693 [INFO] IPUIPlugin:80 - create IPUIPlugin
2023-09-21 20:35:13,693 [INFO] PluginManager:220 - loadIPPluginJar : add i2s
2023-09-21 20:35:13,695 [INFO] IPUIPlugin:80 - create IPUIPlugin
2023-09-21 20:35:13,696 [INFO] PluginManager:220 - loadIPPluginJar : add can
2023-09-21 20:35:13,699 [INFO] IPUIPlugin:80 - create IPUIPlugin
2023-09-21 20:35:13,699 [INFO] PluginManager:220 - loadIPPluginJar : add gpio
2023-09-21 20:35:13,703 [INFO] IPUIPlugin:80 - create IPUIPlugin
2023-09-21 20:35:13,703 [INFO] PluginManager:220 - loadIPPluginJar : add freertos
2023-09-21 20:35:13,705 [INFO] IPUIPlugin:80 - create IPUIPlugin
2023-09-21 20:35:13,705 [INFO] PluginManager:220 - loadIPPluginJar : add dma3
2023-09-21 20:35:13,705 [INFO] IPUIPlugin:80 - create IPUIPlugin
2023-09-21 20:35:13,705 [INFO] PluginManager:220 - loadIPPluginJar : add fatfs
2023-09-21 20:35:13,707 [INFO] IPUIPlugin:80 - create IPUIPlugin
2023-09-21 20:35:13,707 [INFO] PluginManager:220 - loadIPPluginJar : add cryp
2023-09-21 20:35:13,711 [INFO] IPUIPlugin:80 - create IPUIPlugin
2023-09-21 20:35:13,711 [INFO] PluginManager:220 - loadIPPluginJar : add adc
2023-09-21 20:35:13,713 [INFO] IPUIPlugin:80 - create IPUIPlugin
2023-09-21 20:35:13,713 [INFO] PluginManager:220 - loadIPPluginJar : add usart
2023-09-21 20:35:13,714 [INFO] IPUIPlugin:80 - create IPUIPlugin
2023-09-21 20:35:13,714 [INFO] PluginManager:220 - loadIPPluginJar : add touchsensing
2023-09-21 20:35:13,715 [INFO] IPUIPlugin:80 - create IPUIPlugin
2023-09-21 20:35:13,715 [INFO] PluginManager:220 - loadIPPluginJar : add gtzc
2023-09-21 20:35:13,717 [INFO] IPUIPlugin:80 - create IPUIPlugin
2023-09-21 20:35:13,717 [INFO] PluginManager:220 - loadIPPluginJar : add aes
2023-09-21 20:35:13,718 [INFO] IPUIPlugin:80 - create IPUIPlugin
2023-09-21 20:35:13,719 [INFO] PluginManager:220 - loadIPPluginJar : add nvic
2023-09-21 20:35:13,720 [INFO] IPUIPlugin:80 - create IPUIPlugin
2023-09-21 20:35:13,720 [INFO] PluginManager:220 - loadIPPluginJar : add gfxmmu
2023-09-21 20:35:13,721 [INFO] IPUIPlugin:80 - create IPUIPlugin
2023-09-21 20:35:13,721 [INFO] PluginManager:220 - loadIPPluginJar : add tim
2023-09-21 20:35:13,722 [INFO] IPUIPlugin:80 - create IPUIPlugin
2023-09-21 20:35:13,722 [INFO] PluginManager:220 - loadIPPluginJar : add lorawan
2023-09-21 20:35:13,726 [INFO] IPUIPlugin:80 - create IPUIPlugin
2023-09-21 20:35:13,726 [INFO] PluginManager:220 - loadIPPluginJar : add linkedlist
2023-09-21 20:35:13,729 [INFO] IPUIPlugin:80 - create IPUIPlugin
2023-09-21 20:35:13,729 [INFO] PluginManager:220 - loadIPPluginJar : add mdma
2023-09-21 20:35:13,732 [INFO] IPUIPlugin:80 - create IPUIPlugin
2023-09-21 20:35:13,732 [INFO] PluginManager:220 - loadIPPluginJar : add stm32_wpan
2023-09-21 20:35:13,733 [INFO] IPUIPlugin:80 - create IPUIPlugin
2023-09-21 20:35:13,733 [INFO] PluginManager:220 - loadIPPluginJar : add tsc
2023-09-21 20:35:13,737 [INFO] IPUIPlugin:80 - create IPUIPlugin
2023-09-21 20:35:13,739 [INFO] PluginManager:220 - loadIPPluginJar : add plateformsettings
2023-09-21 20:35:13,740 [INFO] IPUIPlugin:80 - create IPUIPlugin
2023-09-21 20:35:13,740 [INFO] PluginManager:220 - loadIPPluginJar : add spi
2023-09-21 20:35:13,741 [INFO] IPUIPlugin:80 - create IPUIPlugin
2023-09-21 20:35:13,741 [INFO] PluginManager:220 - loadIPPluginJar : add comp
2023-09-21 20:35:13,742 [INFO] IPUIPlugin:80 - create IPUIPlugin
2023-09-21 20:35:13,743 [INFO] PluginManager:220 - loadIPPluginJar : add i2c
2023-09-21 20:35:13,744 [INFO] IPUIPlugin:80 - create IPUIPlugin
2023-09-21 20:35:13,744 [INFO] PluginManager:220 - loadIPPluginJar : add hash
2023-09-21 20:35:13,747 [INFO] IPUIPlugin:80 - create IPUIPlugin
2023-09-21 20:35:13,747 [INFO] PluginManager:220 - loadIPPluginJar : add gic
2023-09-21 20:35:13,749 [INFO] IPUIPlugin:80 - create IPUIPlugin
2023-09-21 20:35:13,749 [INFO] PluginManager:220 - loadIPPluginJar : add i3c
2023-09-21 20:35:13,752 [INFO] IPUIPlugin:80 - create IPUIPlugin
2023-09-21 20:35:13,752 [INFO] PluginManager:220 - loadIPPluginJar : add sai
2023-09-21 20:35:13,755 [INFO] IPUIPlugin:80 - create IPUIPlugin
2023-09-21 20:35:13,756 [INFO] PluginManager:220 - loadIPPluginJar : add fmc
2023-09-21 20:35:13,757 [INFO] IPUIPlugin:80 - create IPUIPlugin
2023-09-21 20:35:13,757 [INFO] PluginManager:220 - loadIPPluginJar : add genericplugin
2023-09-21 20:35:13,759 [INFO] IPUIPlugin:80 - create IPUIPlugin
2023-09-21 20:35:13,759 [INFO] PluginManager:220 - loadIPPluginJar : add pdm2pcm
2023-09-21 20:35:13,762 [INFO] IPUIPlugin:80 - create IPUIPlugin
2023-09-21 20:35:13,762 [INFO] PluginManager:220 - loadIPPluginJar : add ipddr
2023-09-21 20:35:13,763 [INFO] IPUIPlugin:80 - create IPUIPlugin
2023-09-21 20:35:13,763 [INFO] PluginManager:220 - loadIPPluginJar : add quadspi
2023-09-21 20:35:13,764 [INFO] IPUIPlugin:80 - create IPUIPlugin
2023-09-21 20:35:13,764 [INFO] PluginManager:220 - loadIPPluginJar : add ucpd
2023-09-21 20:35:13,765 [INFO] IPUIPlugin:80 - create IPUIPlugin
2023-09-21 20:35:13,765 [INFO] PluginManager:220 - loadIPPluginJar : add ts
2023-09-21 20:35:13,767 [INFO] IPUIPlugin:80 - create IPUIPlugin
2023-09-21 20:35:13,767 [INFO] PluginManager:220 - loadIPPluginJar : add openamp
2023-09-21 20:35:13,769 [INFO] IPUIPlugin:80 - create IPUIPlugin
2023-09-21 20:35:13,769 [INFO] PluginManager:220 - loadIPPluginJar : add resmgrutility
2023-09-21 20:35:13,773 [INFO] IPUIPlugin:80 - create IPUIPlugin
2023-09-21 20:35:13,773 [INFO] PluginManager:220 - loadIPPluginJar : add dma
2023-09-21 20:35:13,775 [INFO] IPUIPlugin:80 - create IPUIPlugin
2023-09-21 20:35:13,775 [INFO] PluginManager:220 - loadIPPluginJar : add dfsdm
2023-09-21 20:35:13,777 [INFO] IPUIPlugin:80 - create IPUIPlugin
2023-09-21 20:35:13,777 [INFO] PluginManager:220 - loadIPPluginJar : add tracer_emb
2023-09-21 20:35:13,779 [INFO] IPUIPlugin:80 - create IPUIPlugin
2023-09-21 20:35:13,779 [INFO] PluginManager:220 - loadIPPluginJar : add opamp
2023-09-21 20:35:13,781 [INFO] IPUIPlugin:80 - create IPUIPlugin
2023-09-21 20:35:13,781 [INFO] PluginManager:220 - loadIPPluginJar : add usbx
2023-09-21 20:35:13,875 [INFO] CADModel:165 - CPN selected for project level
2023-09-21 20:35:13,876 [INFO] CADModel:114 - Register for checkConnection events
2023-09-21 20:35:13,876 [FATAL] Updater:308 - Updater called before beeing initialized
2023-09-21 20:35:13,876 [ERROR] CADModel:125 - Updater not yet initialized, retry later 
2023-09-21 20:35:13,949 [INFO] CADModel:165 - CPN selected for project level
2023-09-21 20:35:13,949 [INFO] CADModel:114 - Register for checkConnection events
2023-09-21 20:35:13,949 [FATAL] Updater:308 - Updater called before beeing initialized
2023-09-21 20:35:13,949 [ERROR] CADModel:125 - Updater not yet initialized, retry later 
2023-09-21 20:35:13,951 [FATAL] Updater:308 - Updater called before beeing initialized
2023-09-21 20:35:14,009 [FATAL] Updater:308 - Updater called before beeing initialized
2023-09-21 20:35:14,014 [INFO] DbMcusAds:53 - JSON generation date=Tue Mar 07 09:50:55 CET 2023 (1678179055114)
2023-09-21 20:35:14,014 [FATAL] Updater:308 - Updater called before beeing initialized
2023-09-21 20:35:14,044 [WARN] DetailPanel:346 - Failed to get advertising image, set to default
2023-09-21 20:35:14,109 [FATAL] Updater:308 - Updater called before beeing initialized
2023-09-21 20:35:14,111 [FATAL] Updater:308 - Updater called before beeing initialized
2023-09-21 20:35:14,111 [FATAL] Updater:308 - Updater called before beeing initialized
2023-09-21 20:35:14,111 [WARN] DetailPanel:346 - Failed to get advertising image, set to default
2023-09-21 20:35:14,112 [FATAL] Updater:308 - Updater called before beeing initialized
2023-09-21 20:35:14,134 [ERROR] Updater:1120 - MainUpdater not yet initialized. External WinMGr cannot be set.
2023-09-21 20:35:14,136 [INFO] Updater:1056 - Updater Version found : 6.9.2
2023-09-21 20:35:14,147 [INFO] ApplicationProperties:184 - Using Application install path: /opt/st/stm32cubeide_1.13.2/plugins/com.st.stm32cube.common.mx_6.9.2.202309101412
2023-09-21 20:35:14,216 [INFO] MainUpdater:2868 - connection check result : 10
2023-09-21 20:35:14,217 [INFO] MainUpdater:285 - Updater Check For Update Now.
2023-09-21 20:35:14,217 [INFO] MicroXplorer:498 - Change Database Version : DB.6.0.92
2023-09-21 20:35:14,220 [INFO] McuFinderGlobals:63 - Set McuFinder mode to 2 (CubeIDE integrated)
2023-09-21 20:35:14,220 [INFO] UserAuth:179 - activating auth plugin
2023-09-21 20:35:14,223 [INFO] UserAuth:393 - Internet connection configuration mode: 1
2023-09-21 20:35:14,232 [INFO] JxBrowserEngine:151 - Initiate JxBrowser Engine with user profile folder
2023-09-21 20:35:14,394 [INFO] CheckServerUpdateThread:120 - End of CheckServer Thread
2023-09-21 20:35:14,717 [INFO] WebApp:157 - Instantiating new browser for Auth
2023-09-21 20:35:15,055 [INFO] WebApp:753 - Register for checkConnection events
2023-09-21 20:35:15,056 [INFO] WebApp:390 - Apply proxy settings
2023-09-21 20:35:15,056 [INFO] WebApp:475 - Chromium requires no authentication
2023-09-21 20:35:15,060 [INFO] WebApp:418 - Direct internet connection detected
2023-09-21 20:35:15,138 [INFO] WebApp:188 - Starting web application
2023-09-21 20:35:15,139 [INFO] WebApp:520 - Web application path used /opt/st/stm32cubeide_1.13.2/plugins/com.st.stm32cube.common.mx_6.9.2.202309101412/db/plugins/mcufinder/reactClient1/index.html
2023-09-21 20:35:16,441 [WARN] PackLoader:240 - Cannot read IP mode file for STMicroelectronics.X-CUBE-SMBUS.2.1.0
2023-09-21 20:35:16,462 [WARN] PackLoader:240 - Cannot read IP mode file for STMicroelectronics.X-CUBE-AZRTOS-F7.1.1.0
2023-09-21 20:35:16,470 [WARN] PackLoader:240 - Cannot read IP mode file for STMicroelectronics.FP-SNS-MOTENV1.4.3.2
2023-09-21 20:35:16,475 [WARN] PackLoader:240 - Cannot read IP mode file for STMicroelectronics.FP-SNS-FLIGHT1.5.0.2
2023-09-21 20:35:16,481 [WARN] PackLoader:240 - Cannot read IP mode file for STMicroelectronics.X-CUBE-DISPLAY.3.0.0
2023-09-21 20:35:16,489 [WARN] PackLoader:240 - Cannot read IP mode file for STMicroelectronics.X-CUBE-BLE1.7.0.0
2023-09-21 20:35:16,493 [WARN] PackLoader:240 - Cannot read IP mode file for emotas.I-CUBE-CANOPEN.1.3.0
2023-09-21 20:35:16,496 [WARN] PackLoader:240 - Cannot read IP mode file for STMicroelectronics.X-CUBE-TOUCHGFX.4.22.0
2023-09-21 20:35:16,499 [WARN] PackLoader:240 - Cannot read IP mode file for STMicroelectronics.FP-SNS-SMARTAG2.1.2.0
2023-09-21 20:35:16,506 [INFO] LogOutputStream:77 - [STDOUT_REDIRECT] 1 : Invalid condition id : UX_CORESTACK_Condition cause : null
2023-09-21 20:35:16,507 [INFO] LogOutputStream:77 - [STDOUT_REDIRECT] 1 : Invalid condition id : UX_CORESTACK_Condition cause : null
2023-09-21 20:35:16,507 [INFO] LogOutputStream:77 - [STDOUT_REDIRECT] 1 : Invalid condition id : UX_CORESTACK_Condition cause : null
2023-09-21 20:35:16,507 [INFO] LogOutputStream:77 - [STDOUT_REDIRECT] 1 : Invalid condition id : UX_CORESTACK_Condition cause : null
2023-09-21 20:35:16,507 [INFO] LogOutputStream:77 - [STDOUT_REDIRECT] 1 : Invalid condition id : UX_CORESTACK_Condition cause : null
2023-09-21 20:35:16,510 [WARN] PackLoader:240 - Cannot read IP mode file for STMicroelectronics.X-CUBE-AZRTOS-WL.2.0.0
2023-09-21 20:35:16,521 [WARN] PackLoader:240 - Cannot read IP mode file for WES.I-CUBE-Cesium.1.3.0
2023-09-21 20:35:16,526 [WARN] PackLoader:240 - Cannot read IP mode file for STMicroelectronics.X-CUBE-BLE2.3.3.0
2023-09-21 20:35:16,533 [WARN] PackLoader:240 - Cannot read IP mode file for STMicroelectronics.X-CUBE-ALGOBUILD.1.3.0
2023-09-21 20:35:16,555 [WARN] PackLoader:240 - Cannot read IP mode file for STMicroelectronics.X-CUBE-AZRTOS-G0.1.1.0
2023-09-21 20:35:16,563 [WARN] PackLoader:240 - Cannot read IP mode file for STMicroelectronics.X-CUBE-NFC4.3.0.0
2023-09-21 20:35:16,579 [WARN] PackLoader:240 - Cannot read IP mode file for STMicroelectronics.FP-ATR-SIGFOX1.3.2.0
2023-09-21 20:35:16,606 [WARN] PackLoader:240 - Cannot read IP mode file for SEGGER.I-CUBE-embOS.1.3.1
2023-09-21 20:35:16,639 [WARN] PackLoader:240 - Cannot read IP mode file for STMicroelectronics.X-CUBE-GNSS1.6.0.0
2023-09-21 20:35:16,650 [WARN] PackLoader:240 - Cannot read IP mode file for STMicroelectronics.X-CUBE-AZRTOS-F4.1.1.0
2023-09-21 20:35:16,655 [WARN] PackLoader:240 - Cannot read IP mode file for wolfSSL.I-CUBE-wolfSSL.5.6.3
2023-09-21 20:35:16,670 [WARN] PackLoader:240 - Cannot read IP mode file for STMicroelectronics.X-CUBE-AZRTOS-L5.2.0.0
2023-09-21 20:35:16,702 [WARN] PackLoader:240 - Cannot read IP mode file for STMicroelectronics.X-CUBE-MEMS1.9.6.0
2023-09-21 20:35:16,819 [WARN] PackLoader:240 - Cannot read IP mode file for STMicroelectronics.X-CUBE-BLEMGR.2.0.0
2023-09-21 20:35:16,830 [WARN] ConditionMgr:438 - getConditionDescription Invalid condition id : UX DEVICE CLASS RTOS Condition cause : null
2023-09-21 20:35:16,830 [WARN] ConditionMgr:438 - getConditionDescription Invalid condition id : UX DEVICE CLASS RTOS Condition cause : null
2023-09-21 20:35:16,832 [WARN] PackLoader:240 - Cannot read IP mode file for STMicroelectronics.X-CUBE-AZRTOS-H7.3.1.0
2023-09-21 20:35:16,833 [WARN] ConditionMgr:1039 - genDependencies : Invalid condition id : UX DEVICE CLASS RTOS Condition cause : null
2023-09-21 20:35:16,834 [WARN] ConditionMgr:1039 - genDependencies : Invalid condition id : UX DEVICE CLASS RTOS Condition cause : null
2023-09-21 20:35:16,834 [WARN] ConditionMgr:1039 - genDependencies : Invalid condition id : UX DEVICE CLASS RTOS Condition cause : null
2023-09-21 20:35:16,834 [WARN] ConditionMgr:1039 - genDependencies : Invalid condition id : UX DEVICE CLASS RTOS Condition cause : null
2023-09-21 20:35:16,834 [WARN] ConditionMgr:1039 - genDependencies : Invalid condition id : UX DEVICE CLASS RTOS Condition cause : null
2023-09-21 20:35:16,838 [WARN] PackLoader:240 - Cannot read IP mode file for STMicroelectronics.X-CUBE-NFC7.1.0.1
2023-09-21 20:35:16,842 [WARN] PackLoader:240 - Cannot read IP mode file for STMicroelectronics.X-CUBE-NFC6.3.0.0
2023-09-21 20:35:16,847 [WARN] PackLoader:240 - Cannot read IP mode file for STMicroelectronics.X-CUBE-EEPRMA1.4.1.0
2023-09-21 20:35:16,851 [WARN] PackLoader:240 - Cannot read IP mode file for STMicroelectronics.X-CUBE-AI.8.1.0
2023-09-21 20:35:16,869 [WARN] ConditionMgr:438 - getConditionDescription Invalid condition id : LAN8742 Phy interface Condition cause : null
2023-09-21 20:35:16,870 [WARN] PackLoader:240 - Cannot read IP mode file for STMicroelectronics.X-CUBE-AZRTOS-L4.2.0.0
2023-09-21 20:35:16,871 [WARN] ConditionMgr:1039 - genDependencies : Invalid condition id : LAN8742 Phy interface Condition cause : null
2023-09-21 20:35:16,871 [WARN] ConditionMgr:1039 - genDependencies : Invalid condition id : LAN8742 Phy interface Condition cause : null
2023-09-21 20:35:16,872 [WARN] ConditionMgr:1039 - genDependencies : Invalid condition id : LAN8742 Phy interface Condition cause : null
2023-09-21 20:35:16,877 [WARN] PackLoader:240 - Cannot read IP mode file for STMicroelectronics.X-CUBE-SFXS2LP1.4.0.0
2023-09-21 20:35:16,880 [WARN] PackLoader:240 - Cannot read IP mode file for STMicroelectronics.X-CUBE-ISPU.1.1.0
2023-09-21 20:35:16,887 [WARN] ConditionMgr:438 - getConditionDescription Invalid condition id : UX DEVICE CLASS RTOS Condition cause : null
2023-09-21 20:35:16,887 [WARN] ConditionMgr:438 - getConditionDescription Invalid condition id : UX DEVICE CLASS RTOS Condition cause : null
2023-09-21 20:35:16,894 [WARN] PackLoader:240 - Cannot read IP mode file for STMicroelectronics.X-CUBE-AZRTOS-WB.2.0.0
2023-09-21 20:35:16,894 [WARN] ConditionMgr:1039 - genDependencies : Invalid condition id : UX DEVICE CLASS RTOS Condition cause : null
2023-09-21 20:35:16,895 [WARN] ConditionMgr:1039 - genDependencies : Invalid condition id : UX DEVICE CLASS RTOS Condition cause : null
2023-09-21 20:35:16,895 [WARN] ConditionMgr:1039 - genDependencies : Invalid condition id : UX DEVICE CLASS RTOS Condition cause : null
2023-09-21 20:35:16,895 [WARN] ConditionMgr:1039 - genDependencies : Invalid condition id : UX DEVICE CLASS RTOS Condition cause : null
2023-09-21 20:35:16,895 [WARN] ConditionMgr:1039 - genDependencies : Invalid condition id : UX DEVICE CLASS RTOS Condition cause : null
2023-09-21 20:35:16,905 [WARN] PackLoader:240 - Cannot read IP mode file for STMicroelectronics.X-CUBE-SUBG2.5.0.0
2023-09-21 20:35:16,920 [WARN] PackLoader:240 - Cannot read IP mode file for STMicroelectronics.X-CUBE-TOF1.3.3.1
2023-09-21 20:35:16,944 [WARN] PackLoader:240 - Cannot read IP mode file for STMicroelectronics.X-CUBE-AZRTOS-G4.2.0.0
2023-09-21 20:35:16,949 [WARN] PackLoader:240 - Cannot read IP mode file for STMicroelectronics.X-CUBE-FREERTOS.1.1.0
2023-09-21 20:35:16,954 [WARN] PackLoader:240 - Cannot read IP mode file for portGmbH.I-Cube-SoM-uGOAL.1.1.0
2023-09-21 20:35:16,957 [WARN] PackLoader:240 - Cannot read IP mode file for STMicroelectronics.X-CUBE-ALS.1.0.1
2023-09-21 20:35:16,960 [WARN] PackLoader:240 - Cannot read IP mode file for STMicroelectronics.FP-ATR-ASTRA1.2.0.0
2023-09-21 20:35:16,961 [INFO] ThirdParty:978 - Integrity check success = true
2023-09-21 20:35:16,961 [INFO] IntegrityCheckThread:100 - exiting critical section [integrity check]
2023-09-21 20:35:16,961 [INFO] IntegrityCheckThread:103 - End integrity checks thread
2023-09-21 20:35:35,376 [ERROR] LogOutputStream:75 - [STDERR_REDIRECT] SLF4J: Failed to load class "org.slf4j.impl.StaticLoggerBinder".
2023-09-21 20:35:35,377 [ERROR] LogOutputStream:75 - [STDERR_REDIRECT] SLF4J: Defaulting to no-operation (NOP) logger implementation
2023-09-21 20:35:35,377 [ERROR] LogOutputStream:75 - [STDERR_REDIRECT] SLF4J: See http://www.slf4j.org/codes.html#StaticLoggerBinder for further details.
2023-09-21 21:02:16,672 [ERROR] LogOutputStream:75 - [STDERR_REDIRECT] 
2023-09-21 21:02:20,385 [INFO] Activator:176 - 


2023-09-21 21:02:20,386 [INFO] Activator:177 - !SESSION log4j initialized
2023-09-21 21:02:23,215 [INFO] LogOutputStream:77 - [STDOUT_REDIRECT] 
2023-09-21 21:02:29,329 [INFO] ApplicationProperties:184 - Using Application install path: /opt/st/stm32cubeide_1.13.2/plugins/com.st.stm32cube.common.mx_6.9.2.202309101412
2023-09-21 21:02:29,342 [INFO] DbMcusXml:78 - Set database path to: /opt/st/stm32cubeide_1.13.2/plugins/com.st.stm32cube.common.mx_6.9.2.202309101412//db//mcu/
2023-09-21 21:02:29,343 [INFO] ApiDb:274 - Set plugin database path to: /opt/st/stm32cubeide_1.13.2/plugins/com.st.stm32cube.common.mx_6.9.2.202309101412//db//plugins/boardmanager/
2023-09-21 21:02:29,343 [WARN] ApiDb:259 - Overriding images path with different value:  => /opt/st/stm32cubeide_1.13.2/plugins/com.st.stm32cube.common.mx_6.9.2.202309101412//db//plugins/mcufinder/images/
2023-09-21 21:02:29,347 [INFO] ApiDb:250 - Set database path to: /home/laptop/.stmcufinder/plugins/mcufinder//mcu/
2023-09-21 21:02:29,348 [INFO] DbMcusAds:125 - Set database path to: /home/laptop/.stmcufinder/plugins/mcufinder//mcu/
2023-09-21 21:02:29,350 [INFO] CrossReferenceDbSqlite:203 - Set database path to: /home/laptop/.stmcufinder/plugins/mcufinder//mcu/cs/
2023-09-21 21:02:29,421 [INFO] RulesReader:64 - Compatibility file has been processed (293 Rules)
2023-09-21 21:02:29,455 [INFO] DbMcusXml:78 - Set database path to: /opt/st/stm32cubeide_1.13.2/plugins/com.st.stm32cube.common.mx_6.9.2.202309101412//db//mcu/
2023-09-21 21:02:29,455 [INFO] ApiDb:274 - Set plugin database path to: /opt/st/stm32cubeide_1.13.2/plugins/com.st.stm32cube.common.mx_6.9.2.202309101412//db//plugins/boardmanager/
2023-09-21 21:02:29,455 [INFO] ApiDb:261 - Set plugin images path to: /opt/st/stm32cubeide_1.13.2/plugins/com.st.stm32cube.common.mx_6.9.2.202309101412//db//plugins/mcufinder/images/
2023-09-21 21:02:29,456 [WARN] DbFile:41 - Overriding database path with different value: /home/laptop/.stmcufinder/plugins/mcufinder/ => /home/laptop/.stmcufinder/plugins/mcufinder
2023-09-21 21:02:29,456 [INFO] ApiDb:250 - Set database path to: /home/laptop/.stmcufinder/plugins/mcufinder//mcu/
2023-09-21 21:02:29,456 [WARN] DbFile:41 - Overriding database path with different value: /home/laptop/.stmcufinder/plugins/mcufinder/ => /home/laptop/.stmcufinder/plugins/mcufinder
2023-09-21 21:02:29,456 [INFO] DbMcusAds:125 - Set database path to: /home/laptop/.stmcufinder/plugins/mcufinder//mcu/
2023-09-21 21:02:29,456 [WARN] DbFile:41 - Overriding database path with different value: /home/laptop/.stmcufinder/plugins/mcufinder/ => /home/laptop/.stmcufinder/plugins/mcufinder
2023-09-21 21:02:29,456 [WARN] DbFile:41 - Overriding database path with different value: /home/laptop/.stmcufinder/plugins/mcufinder/ => /home/laptop/.stmcufinder/plugins/mcufinder
2023-09-21 21:02:29,456 [INFO] CrossReferenceDbSqlite:203 - Set database path to: /home/laptop/.stmcufinder/plugins/mcufinder//mcu/cs/
2023-09-21 21:02:29,496 [INFO] MainPanel:262 - HeapMemory: 268435456
2023-09-21 21:02:29,547 [INFO] DbMcusXml:78 - Set database path to: /opt/st/stm32cubeide_1.13.2/plugins/com.st.stm32cube.common.mx_6.9.2.202309101412//db//mcu/
2023-09-21 21:02:29,547 [INFO] ApiDb:274 - Set plugin database path to: /opt/st/stm32cubeide_1.13.2/plugins/com.st.stm32cube.common.mx_6.9.2.202309101412//db//plugins/boardmanager/
2023-09-21 21:02:29,547 [INFO] ApiDb:261 - Set plugin images path to: /opt/st/stm32cubeide_1.13.2/plugins/com.st.stm32cube.common.mx_6.9.2.202309101412//db//plugins/mcufinder/images/
2023-09-21 21:02:29,547 [WARN] DbFile:41 - Overriding database path with different value: /home/laptop/.stmcufinder/plugins/mcufinder/ => /home/laptop/.stmcufinder/plugins/mcufinder
2023-09-21 21:02:29,548 [INFO] ApiDb:250 - Set database path to: /home/laptop/.stmcufinder/plugins/mcufinder//mcu/
2023-09-21 21:02:29,548 [WARN] DbFile:41 - Overriding database path with different value: /home/laptop/.stmcufinder/plugins/mcufinder/ => /home/laptop/.stmcufinder/plugins/mcufinder
2023-09-21 21:02:29,548 [INFO] DbMcusAds:125 - Set database path to: /home/laptop/.stmcufinder/plugins/mcufinder//mcu/
2023-09-21 21:02:29,548 [WARN] DbFile:41 - Overriding database path with different value: /home/laptop/.stmcufinder/plugins/mcufinder/ => /home/laptop/.stmcufinder/plugins/mcufinder
2023-09-21 21:02:29,548 [WARN] DbFile:41 - Overriding database path with different value: /home/laptop/.stmcufinder/plugins/mcufinder/ => /home/laptop/.stmcufinder/plugins/mcufinder
2023-09-21 21:02:29,548 [INFO] CrossReferenceDbSqlite:203 - Set database path to: /home/laptop/.stmcufinder/plugins/mcufinder//mcu/cs/
2023-09-21 21:02:29,557 [INFO] ApplicationProperties:184 - Using Application install path: /opt/st/stm32cubeide_1.13.2/plugins/com.st.stm32cube.common.mx_6.9.2.202309101412
2023-09-21 21:02:29,558 [INFO] PluginManage:196 - Search for loadable plugins [exclusion list=, ]
2023-09-21 21:02:29,559 [INFO] PluginManage:310 - Check plugin analytics
2023-09-21 21:02:29,651 [INFO] AnalyticsPlugin:253 - Accepted Software Licenses: 
2023-09-21 21:02:29,651 [INFO] AnalyticsPlugin:255 - Accepted CMSIS Pack Licenses: 
2023-09-21 21:02:29,651 [INFO] AnalyticsPlugin:257 - Accepted Firmware Licenses: 
2023-09-21 21:02:29,653 [INFO] PluginManage:359 - Loaded plugin analytics (category:tool,tabindex:-1)
2023-09-21 21:02:29,653 [INFO] PluginManage:310 - Check plugin cadmodel
2023-09-21 21:02:29,701 [INFO] CADModel:105 - Init CAD model plugin
2023-09-21 21:02:29,702 [INFO] PluginManage:359 - Loaded plugin cadmodel (category:power,tabindex:5)
2023-09-21 21:02:29,702 [INFO] PluginManage:310 - Check plugin clock
2023-09-21 21:02:29,708 [INFO] PluginManage:359 - Loaded plugin clock (category:base,tabindex:2)
2023-09-21 21:02:29,709 [INFO] PluginManage:310 - Check plugin ddr
2023-09-21 21:02:29,710 [INFO] PluginManage:359 - Loaded plugin ddr (category:tool,tabindex:6)
2023-09-21 21:02:29,710 [INFO] PluginManage:310 - Check plugin filemanager
2023-09-21 21:02:29,803 [INFO] PluginManage:359 - Loaded plugin filemanager (category:base,tabindex:10)
2023-09-21 21:02:29,803 [INFO] PluginManage:310 - Check plugin ipmanager
2023-09-21 21:02:29,807 [INFO] PluginManage:359 - Loaded plugin ipmanager (category:base,tabindex:5)
2023-09-21 21:02:29,807 [INFO] PluginManage:310 - Check plugin lpbam
2023-09-21 21:02:29,812 [INFO] PluginManage:359 - Loaded plugin lpbam (category:base,tabindex:0)
2023-09-21 21:02:29,813 [INFO] PluginManage:310 - Check plugin memorymap
2023-09-21 21:02:29,820 [INFO] PluginManage:359 - Loaded plugin memorymap (category:base,tabindex:4)
2023-09-21 21:02:29,820 [INFO] PluginManage:310 - Check plugin pinoutandconfiguration
2023-09-21 21:02:29,824 [INFO] PluginManage:359 - Loaded plugin pinoutandconfiguration (category:base,tabindex:1)
2023-09-21 21:02:29,824 [INFO] PluginManage:310 - Check plugin pinoutconfig
2023-09-21 21:02:29,875 [WARN] SupportedApi:132 - Cannot load RTOS API schema: s4s-elt-must-match.1: The content of 'definitions' must match (annotation?, (simpleType | complexType)?, (unique | key | keyref)*)). A problem was found starting at: attribute.
2023-09-21 21:02:29,958 [INFO] PluginManage:359 - Loaded plugin pinoutconfig (category:base,tabindex:0)
2023-09-21 21:02:29,958 [INFO] PluginManage:310 - Check plugin power
2023-09-21 21:02:29,963 [INFO] PluginManage:359 - Loaded plugin power (category:power,tabindex:4)
2023-09-21 21:02:29,963 [INFO] PluginManage:310 - Check plugin projectmanager
2023-09-21 21:02:29,974 [INFO] PluginManage:359 - Loaded plugin projectmanager (category:projectmanager,tabindex:3)
2023-09-21 21:02:29,974 [INFO] PluginManage:310 - Check plugin thirdparty
2023-09-21 21:02:30,047 [INFO] PluginManage:359 - Loaded plugin thirdparty (category:base,tabindex:-1)
2023-09-21 21:02:30,047 [WARN] IntegrityCheckThread:84 - waiting for thirdparty lock release [integrity check]
2023-09-21 21:02:30,047 [INFO] IntegrityCheckThread:86 - entering critical section [integrity check]
2023-09-21 21:02:30,047 [INFO] PluginManage:310 - Check plugin tools
2023-09-21 21:02:30,048 [INFO] ThirdPartyUpdaterWithRetryManager:70 - Updater plugin not ready yet. [1/15]
2023-09-21 21:02:30,049 [INFO] PluginManage:359 - Loaded plugin tools (category:base,tabindex:7)
2023-09-21 21:02:30,049 [INFO] PluginManage:310 - Check plugin tutovideos
2023-09-21 21:02:30,155 [INFO] PluginManage:359 - Loaded plugin tutovideos (category:base,tabindex:-1)
2023-09-21 21:02:30,155 [INFO] PluginManage:310 - Check plugin updater
2023-09-21 21:02:30,162 [INFO] PluginManage:359 - Loaded plugin updater (category:base,tabindex:12)
2023-09-21 21:02:30,163 [INFO] PluginManage:310 - Check plugin userauth
2023-09-21 21:02:30,166 [INFO] UserAuth:113 - Init User Auth plugin
2023-09-21 21:02:30,167 [INFO] PluginManage:359 - Loaded plugin userauth (category:base,tabindex:14)
2023-09-21 21:02:30,167 [INFO] PluginManage:283 - PluginManage : Loaded plugins [17]
2023-09-21 21:02:30,286 [INFO] PinOutPanel:1499 - setPackage(No Configuration,No Configuration)
2023-09-21 21:02:30,343 [INFO] CADModel:165 - CPN selected for project level
2023-09-21 21:02:30,343 [INFO] CADModel:114 - Register for checkConnection events
2023-09-21 21:02:30,351 [INFO] IPUIPlugin:80 - create IPUIPlugin
2023-09-21 21:02:30,351 [INFO] PluginManager:220 - loadIPPluginJar : add ltdc
2023-09-21 21:02:30,354 [INFO] IPUIPlugin:80 - create IPUIPlugin
2023-09-21 21:02:30,354 [INFO] PluginManager:220 - loadIPPluginJar : add i2s
2023-09-21 21:02:30,355 [INFO] IPUIPlugin:80 - create IPUIPlugin
2023-09-21 21:02:30,356 [INFO] PluginManager:220 - loadIPPluginJar : add can
2023-09-21 21:02:30,358 [INFO] IPUIPlugin:80 - create IPUIPlugin
2023-09-21 21:02:30,358 [INFO] PluginManager:220 - loadIPPluginJar : add gpio
2023-09-21 21:02:30,362 [INFO] IPUIPlugin:80 - create IPUIPlugin
2023-09-21 21:02:30,362 [INFO] PluginManager:220 - loadIPPluginJar : add freertos
2023-09-21 21:02:30,363 [INFO] IPUIPlugin:80 - create IPUIPlugin
2023-09-21 21:02:30,363 [INFO] PluginManager:220 - loadIPPluginJar : add dma3
2023-09-21 21:02:30,364 [INFO] IPUIPlugin:80 - create IPUIPlugin
2023-09-21 21:02:30,364 [INFO] PluginManager:220 - loadIPPluginJar : add fatfs
2023-09-21 21:02:30,365 [INFO] IPUIPlugin:80 - create IPUIPlugin
2023-09-21 21:02:30,365 [INFO] PluginManager:220 - loadIPPluginJar : add cryp
2023-09-21 21:02:30,371 [INFO] IPUIPlugin:80 - create IPUIPlugin
2023-09-21 21:02:30,371 [INFO] PluginManager:220 - loadIPPluginJar : add adc
2023-09-21 21:02:30,372 [INFO] IPUIPlugin:80 - create IPUIPlugin
2023-09-21 21:02:30,373 [INFO] PluginManager:220 - loadIPPluginJar : add usart
2023-09-21 21:02:30,374 [INFO] IPUIPlugin:80 - create IPUIPlugin
2023-09-21 21:02:30,374 [INFO] PluginManager:220 - loadIPPluginJar : add touchsensing
2023-09-21 21:02:30,375 [INFO] IPUIPlugin:80 - create IPUIPlugin
2023-09-21 21:02:30,375 [INFO] PluginManager:220 - loadIPPluginJar : add gtzc
2023-09-21 21:02:30,376 [INFO] IPUIPlugin:80 - create IPUIPlugin
2023-09-21 21:02:30,376 [INFO] PluginManager:220 - loadIPPluginJar : add aes
2023-09-21 21:02:30,378 [INFO] IPUIPlugin:80 - create IPUIPlugin
2023-09-21 21:02:30,378 [INFO] PluginManager:220 - loadIPPluginJar : add nvic
2023-09-21 21:02:30,379 [INFO] IPUIPlugin:80 - create IPUIPlugin
2023-09-21 21:02:30,379 [INFO] PluginManager:220 - loadIPPluginJar : add gfxmmu
2023-09-21 21:02:30,380 [INFO] IPUIPlugin:80 - create IPUIPlugin
2023-09-21 21:02:30,380 [INFO] PluginManager:220 - loadIPPluginJar : add tim
2023-09-21 21:02:30,381 [INFO] IPUIPlugin:80 - create IPUIPlugin
2023-09-21 21:02:30,381 [INFO] PluginManager:220 - loadIPPluginJar : add lorawan
2023-09-21 21:02:30,386 [INFO] IPUIPlugin:80 - create IPUIPlugin
2023-09-21 21:02:30,386 [INFO] PluginManager:220 - loadIPPluginJar : add linkedlist
2023-09-21 21:02:30,390 [INFO] IPUIPlugin:80 - create IPUIPlugin
2023-09-21 21:02:30,390 [INFO] PluginManager:220 - loadIPPluginJar : add mdma
2023-09-21 21:02:30,393 [INFO] IPUIPlugin:80 - create IPUIPlugin
2023-09-21 21:02:30,393 [INFO] PluginManager:220 - loadIPPluginJar : add stm32_wpan
2023-09-21 21:02:30,394 [INFO] IPUIPlugin:80 - create IPUIPlugin
2023-09-21 21:02:30,394 [INFO] PluginManager:220 - loadIPPluginJar : add tsc
2023-09-21 21:02:30,398 [INFO] IPUIPlugin:80 - create IPUIPlugin
2023-09-21 21:02:30,399 [INFO] PluginManager:220 - loadIPPluginJar : add plateformsettings
2023-09-21 21:02:30,401 [INFO] IPUIPlugin:80 - create IPUIPlugin
2023-09-21 21:02:30,401 [INFO] PluginManager:220 - loadIPPluginJar : add spi
2023-09-21 21:02:30,402 [INFO] IPUIPlugin:80 - create IPUIPlugin
2023-09-21 21:02:30,402 [INFO] PluginManager:220 - loadIPPluginJar : add comp
2023-09-21 21:02:30,404 [INFO] IPUIPlugin:80 - create IPUIPlugin
2023-09-21 21:02:30,404 [INFO] PluginManager:220 - loadIPPluginJar : add i2c
2023-09-21 21:02:30,405 [INFO] IPUIPlugin:80 - create IPUIPlugin
2023-09-21 21:02:30,406 [INFO] PluginManager:220 - loadIPPluginJar : add hash
2023-09-21 21:02:30,409 [INFO] IPUIPlugin:80 - create IPUIPlugin
2023-09-21 21:02:30,409 [INFO] PluginManager:220 - loadIPPluginJar : add gic
2023-09-21 21:02:30,411 [INFO] IPUIPlugin:80 - create IPUIPlugin
2023-09-21 21:02:30,411 [INFO] PluginManager:220 - loadIPPluginJar : add i3c
2023-09-21 21:02:30,413 [INFO] IPUIPlugin:80 - create IPUIPlugin
2023-09-21 21:02:30,413 [INFO] PluginManager:220 - loadIPPluginJar : add sai
2023-09-21 21:02:30,416 [INFO] IPUIPlugin:80 - create IPUIPlugin
2023-09-21 21:02:30,417 [INFO] PluginManager:220 - loadIPPluginJar : add fmc
2023-09-21 21:02:30,418 [INFO] IPUIPlugin:80 - create IPUIPlugin
2023-09-21 21:02:30,418 [INFO] PluginManager:220 - loadIPPluginJar : add genericplugin
2023-09-21 21:02:30,420 [INFO] IPUIPlugin:80 - create IPUIPlugin
2023-09-21 21:02:30,420 [INFO] PluginManager:220 - loadIPPluginJar : add pdm2pcm
2023-09-21 21:02:30,423 [INFO] IPUIPlugin:80 - create IPUIPlugin
2023-09-21 21:02:30,423 [INFO] PluginManager:220 - loadIPPluginJar : add ipddr
2023-09-21 21:02:30,424 [INFO] IPUIPlugin:80 - create IPUIPlugin
2023-09-21 21:02:30,424 [INFO] PluginManager:220 - loadIPPluginJar : add quadspi
2023-09-21 21:02:30,425 [INFO] IPUIPlugin:80 - create IPUIPlugin
2023-09-21 21:02:30,425 [INFO] PluginManager:220 - loadIPPluginJar : add ucpd
2023-09-21 21:02:30,426 [INFO] IPUIPlugin:80 - create IPUIPlugin
2023-09-21 21:02:30,426 [INFO] PluginManager:220 - loadIPPluginJar : add ts
2023-09-21 21:02:30,428 [INFO] IPUIPlugin:80 - create IPUIPlugin
2023-09-21 21:02:30,428 [INFO] PluginManager:220 - loadIPPluginJar : add openamp
2023-09-21 21:02:30,430 [INFO] IPUIPlugin:80 - create IPUIPlugin
2023-09-21 21:02:30,430 [INFO] PluginManager:220 - loadIPPluginJar : add resmgrutility
2023-09-21 21:02:30,434 [INFO] IPUIPlugin:80 - create IPUIPlugin
2023-09-21 21:02:30,435 [INFO] PluginManager:220 - loadIPPluginJar : add dma
2023-09-21 21:02:30,436 [INFO] IPUIPlugin:80 - create IPUIPlugin
2023-09-21 21:02:30,436 [INFO] PluginManager:220 - loadIPPluginJar : add dfsdm
2023-09-21 21:02:30,437 [INFO] IPUIPlugin:80 - create IPUIPlugin
2023-09-21 21:02:30,437 [INFO] PluginManager:220 - loadIPPluginJar : add tracer_emb
2023-09-21 21:02:30,439 [INFO] IPUIPlugin:80 - create IPUIPlugin
2023-09-21 21:02:30,439 [INFO] PluginManager:220 - loadIPPluginJar : add opamp
2023-09-21 21:02:30,441 [INFO] IPUIPlugin:80 - create IPUIPlugin
2023-09-21 21:02:30,441 [INFO] PluginManager:220 - loadIPPluginJar : add usbx
2023-09-21 21:02:30,533 [INFO] CADModel:165 - CPN selected for project level
2023-09-21 21:02:30,533 [INFO] CADModel:114 - Register for checkConnection events
2023-09-21 21:02:30,534 [FATAL] Updater:308 - Updater called before beeing initialized
2023-09-21 21:02:30,534 [ERROR] CADModel:125 - Updater not yet initialized, retry later 
2023-09-21 21:02:30,607 [INFO] CADModel:165 - CPN selected for project level
2023-09-21 21:02:30,607 [INFO] CADModel:114 - Register for checkConnection events
2023-09-21 21:02:30,607 [FATAL] Updater:308 - Updater called before beeing initialized
2023-09-21 21:02:30,607 [ERROR] CADModel:125 - Updater not yet initialized, retry later 
2023-09-21 21:02:30,610 [FATAL] Updater:308 - Updater called before beeing initialized
2023-09-21 21:02:30,654 [FATAL] Updater:308 - Updater called before beeing initialized
2023-09-21 21:02:30,659 [INFO] DbMcusAds:53 - JSON generation date=Tue Mar 07 09:50:55 CET 2023 (1678179055114)
2023-09-21 21:02:30,659 [FATAL] Updater:308 - Updater called before beeing initialized
2023-09-21 21:02:30,682 [WARN] DetailPanel:346 - Failed to get advertising image, set to default
2023-09-21 21:02:30,737 [FATAL] Updater:308 - Updater called before beeing initialized
2023-09-21 21:02:30,739 [FATAL] Updater:308 - Updater called before beeing initialized
2023-09-21 21:02:30,739 [FATAL] Updater:308 - Updater called before beeing initialized
2023-09-21 21:02:30,739 [WARN] DetailPanel:346 - Failed to get advertising image, set to default
2023-09-21 21:02:30,740 [FATAL] Updater:308 - Updater called before beeing initialized
2023-09-21 21:02:30,769 [ERROR] Updater:1120 - MainUpdater not yet initialized. External WinMGr cannot be set.
2023-09-21 21:02:30,771 [INFO] Updater:1056 - Updater Version found : 6.9.2
2023-09-21 21:02:30,800 [INFO] ApplicationProperties:184 - Using Application install path: /opt/st/stm32cubeide_1.13.2/plugins/com.st.stm32cube.common.mx_6.9.2.202309101412
2023-09-21 21:02:30,887 [INFO] MainUpdater:2868 - connection check result : 10
2023-09-21 21:02:30,887 [INFO] MainUpdater:285 - Updater Check For Update Now.
2023-09-21 21:02:30,888 [INFO] MicroXplorer:498 - Change Database Version : DB.6.0.92
2023-09-21 21:02:30,891 [INFO] McuFinderGlobals:63 - Set McuFinder mode to 2 (CubeIDE integrated)
2023-09-21 21:02:30,891 [INFO] UserAuth:179 - activating auth plugin
2023-09-21 21:02:30,893 [INFO] UserAuth:393 - Internet connection configuration mode: 1
2023-09-21 21:02:30,902 [INFO] JxBrowserEngine:151 - Initiate JxBrowser Engine with user profile folder
2023-09-21 21:02:31,037 [INFO] CheckServerUpdateThread:120 - End of CheckServer Thread
2023-09-21 21:02:31,259 [INFO] WebApp:157 - Instantiating new browser for Auth
2023-09-21 21:02:31,547 [INFO] WebApp:753 - Register for checkConnection events
2023-09-21 21:02:31,547 [INFO] WebApp:390 - Apply proxy settings
2023-09-21 21:02:31,547 [INFO] WebApp:475 - Chromium requires no authentication
2023-09-21 21:02:31,551 [INFO] WebApp:418 - Direct internet connection detected
2023-09-21 21:02:31,638 [INFO] WebApp:188 - Starting web application
2023-09-21 21:02:31,639 [INFO] WebApp:520 - Web application path used /opt/st/stm32cubeide_1.13.2/plugins/com.st.stm32cube.common.mx_6.9.2.202309101412/db/plugins/mcufinder/reactClient1/index.html
2023-09-21 21:02:33,111 [WARN] PackLoader:240 - Cannot read IP mode file for STMicroelectronics.X-CUBE-SMBUS.2.1.0
2023-09-21 21:02:33,147 [WARN] PackLoader:240 - Cannot read IP mode file for STMicroelectronics.X-CUBE-AZRTOS-F7.1.1.0
2023-09-21 21:02:33,155 [WARN] PackLoader:240 - Cannot read IP mode file for STMicroelectronics.FP-SNS-MOTENV1.4.3.2
2023-09-21 21:02:33,160 [WARN] PackLoader:240 - Cannot read IP mode file for STMicroelectronics.FP-SNS-FLIGHT1.5.0.2
2023-09-21 21:02:33,166 [WARN] PackLoader:240 - Cannot read IP mode file for STMicroelectronics.X-CUBE-DISPLAY.3.0.0
2023-09-21 21:02:33,175 [WARN] PackLoader:240 - Cannot read IP mode file for STMicroelectronics.X-CUBE-BLE1.7.0.0
2023-09-21 21:02:33,189 [WARN] PackLoader:240 - Cannot read IP mode file for emotas.I-CUBE-CANOPEN.1.3.0
2023-09-21 21:02:33,192 [WARN] PackLoader:240 - Cannot read IP mode file for STMicroelectronics.X-CUBE-TOUCHGFX.4.22.0
2023-09-21 21:02:33,195 [WARN] PackLoader:240 - Cannot read IP mode file for STMicroelectronics.FP-SNS-SMARTAG2.1.2.0
2023-09-21 21:02:33,203 [INFO] LogOutputStream:77 - [STDOUT_REDIRECT] 1 : Invalid condition id : UX_CORESTACK_Condition cause : null
2023-09-21 21:02:33,203 [INFO] LogOutputStream:77 - [STDOUT_REDIRECT] 1 : Invalid condition id : UX_CORESTACK_Condition cause : null
2023-09-21 21:02:33,203 [INFO] LogOutputStream:77 - [STDOUT_REDIRECT] 1 : Invalid condition id : UX_CORESTACK_Condition cause : null
2023-09-21 21:02:33,203 [INFO] LogOutputStream:77 - [STDOUT_REDIRECT] 1 : Invalid condition id : UX_CORESTACK_Condition cause : null
2023-09-21 21:02:33,203 [INFO] LogOutputStream:77 - [STDOUT_REDIRECT] 1 : Invalid condition id : UX_CORESTACK_Condition cause : null
2023-09-21 21:02:33,221 [WARN] PackLoader:240 - Cannot read IP mode file for STMicroelectronics.X-CUBE-AZRTOS-WL.2.0.0
2023-09-21 21:02:33,227 [WARN] PackLoader:240 - Cannot read IP mode file for WES.I-CUBE-Cesium.1.3.0
2023-09-21 21:02:33,231 [WARN] PackLoader:240 - Cannot read IP mode file for STMicroelectronics.X-CUBE-BLE2.3.3.0
2023-09-21 21:02:33,235 [WARN] PackLoader:240 - Cannot read IP mode file for STMicroelectronics.X-CUBE-ALGOBUILD.1.3.0
2023-09-21 21:02:33,246 [WARN] PackLoader:240 - Cannot read IP mode file for STMicroelectronics.X-CUBE-AZRTOS-G0.1.1.0
2023-09-21 21:02:33,252 [WARN] PackLoader:240 - Cannot read IP mode file for STMicroelectronics.X-CUBE-NFC4.3.0.0
2023-09-21 21:02:33,255 [WARN] PackLoader:240 - Cannot read IP mode file for STMicroelectronics.FP-ATR-SIGFOX1.3.2.0
2023-09-21 21:02:33,277 [WARN] PackLoader:240 - Cannot read IP mode file for SEGGER.I-CUBE-embOS.1.3.1
2023-09-21 21:02:33,305 [WARN] PackLoader:240 - Cannot read IP mode file for STMicroelectronics.X-CUBE-GNSS1.6.0.0
2023-09-21 21:02:33,315 [WARN] PackLoader:240 - Cannot read IP mode file for STMicroelectronics.X-CUBE-AZRTOS-F4.1.1.0
2023-09-21 21:02:33,320 [WARN] PackLoader:240 - Cannot read IP mode file for wolfSSL.I-CUBE-wolfSSL.5.6.3
2023-09-21 21:02:33,330 [WARN] PackLoader:240 - Cannot read IP mode file for STMicroelectronics.X-CUBE-AZRTOS-L5.2.0.0
2023-09-21 21:02:33,361 [WARN] PackLoader:240 - Cannot read IP mode file for STMicroelectronics.X-CUBE-MEMS1.9.6.0
2023-09-21 21:02:33,455 [WARN] PackLoader:240 - Cannot read IP mode file for STMicroelectronics.X-CUBE-BLEMGR.2.0.0
2023-09-21 21:02:33,466 [WARN] ConditionMgr:438 - getConditionDescription Invalid condition id : UX DEVICE CLASS RTOS Condition cause : null
2023-09-21 21:02:33,466 [WARN] ConditionMgr:438 - getConditionDescription Invalid condition id : UX DEVICE CLASS RTOS Condition cause : null
2023-09-21 21:02:33,468 [WARN] PackLoader:240 - Cannot read IP mode file for STMicroelectronics.X-CUBE-AZRTOS-H7.3.1.0
2023-09-21 21:02:33,469 [WARN] ConditionMgr:1039 - genDependencies : Invalid condition id : UX DEVICE CLASS RTOS Condition cause : null
2023-09-21 21:02:33,470 [WARN] ConditionMgr:1039 - genDependencies : Invalid condition id : UX DEVICE CLASS RTOS Condition cause : null
2023-09-21 21:02:33,470 [WARN] ConditionMgr:1039 - genDependencies : Invalid condition id : UX DEVICE CLASS RTOS Condition cause : null
2023-09-21 21:02:33,470 [WARN] ConditionMgr:1039 - genDependencies : Invalid condition id : UX DEVICE CLASS RTOS Condition cause : null
2023-09-21 21:02:33,470 [WARN] ConditionMgr:1039 - genDependencies : Invalid condition id : UX DEVICE CLASS RTOS Condition cause : null
2023-09-21 21:02:33,474 [WARN] PackLoader:240 - Cannot read IP mode file for STMicroelectronics.X-CUBE-NFC7.1.0.1
2023-09-21 21:02:33,478 [WARN] PackLoader:240 - Cannot read IP mode file for STMicroelectronics.X-CUBE-NFC6.3.0.0
2023-09-21 21:02:33,482 [WARN] PackLoader:240 - Cannot read IP mode file for STMicroelectronics.X-CUBE-EEPRMA1.4.1.0
2023-09-21 21:02:33,488 [WARN] PackLoader:240 - Cannot read IP mode file for STMicroelectronics.X-CUBE-AI.8.1.0
2023-09-21 21:02:33,500 [WARN] ConditionMgr:438 - getConditionDescription Invalid condition id : LAN8742 Phy interface Condition cause : null
2023-09-21 21:02:33,500 [WARN] PackLoader:240 - Cannot read IP mode file for STMicroelectronics.X-CUBE-AZRTOS-L4.2.0.0
2023-09-21 21:02:33,501 [WARN] ConditionMgr:1039 - genDependencies : Invalid condition id : LAN8742 Phy interface Condition cause : null
2023-09-21 21:02:33,502 [WARN] ConditionMgr:1039 - genDependencies : Invalid condition id : LAN8742 Phy interface Condition cause : null
2023-09-21 21:02:33,502 [WARN] ConditionMgr:1039 - genDependencies : Invalid condition id : LAN8742 Phy interface Condition cause : null
2023-09-21 21:02:33,507 [WARN] PackLoader:240 - Cannot read IP mode file for STMicroelectronics.X-CUBE-SFXS2LP1.4.0.0
2023-09-21 21:02:33,510 [WARN] PackLoader:240 - Cannot read IP mode file for STMicroelectronics.X-CUBE-ISPU.1.1.0
2023-09-21 21:02:33,518 [WARN] ConditionMgr:438 - getConditionDescription Invalid condition id : UX DEVICE CLASS RTOS Condition cause : null
2023-09-21 21:02:33,519 [WARN] ConditionMgr:438 - getConditionDescription Invalid condition id : UX DEVICE CLASS RTOS Condition cause : null
2023-09-21 21:02:33,521 [WARN] PackLoader:240 - Cannot read IP mode file for STMicroelectronics.X-CUBE-AZRTOS-WB.2.0.0
2023-09-21 21:02:33,521 [WARN] ConditionMgr:1039 - genDependencies : Invalid condition id : UX DEVICE CLASS RTOS Condition cause : null
2023-09-21 21:02:33,521 [WARN] ConditionMgr:1039 - genDependencies : Invalid condition id : UX DEVICE CLASS RTOS Condition cause : null
2023-09-21 21:02:33,522 [WARN] ConditionMgr:1039 - genDependencies : Invalid condition id : UX DEVICE CLASS RTOS Condition cause : null
2023-09-21 21:02:33,522 [WARN] ConditionMgr:1039 - genDependencies : Invalid condition id : UX DEVICE CLASS RTOS Condition cause : null
2023-09-21 21:02:33,522 [WARN] ConditionMgr:1039 - genDependencies : Invalid condition id : UX DEVICE CLASS RTOS Condition cause : null
2023-09-21 21:02:33,529 [WARN] PackLoader:240 - Cannot read IP mode file for STMicroelectronics.X-CUBE-SUBG2.5.0.0
2023-09-21 21:02:33,545 [WARN] PackLoader:240 - Cannot read IP mode file for STMicroelectronics.X-CUBE-TOF1.3.3.1
2023-09-21 21:02:33,562 [WARN] PackLoader:240 - Cannot read IP mode file for STMicroelectronics.X-CUBE-AZRTOS-G4.2.0.0
2023-09-21 21:02:33,566 [WARN] PackLoader:240 - Cannot read IP mode file for STMicroelectronics.X-CUBE-FREERTOS.1.1.0
2023-09-21 21:02:33,569 [WARN] PackLoader:240 - Cannot read IP mode file for portGmbH.I-Cube-SoM-uGOAL.1.1.0
2023-09-21 21:02:33,571 [WARN] PackLoader:240 - Cannot read IP mode file for STMicroelectronics.X-CUBE-ALS.1.0.1
2023-09-21 21:02:33,573 [WARN] PackLoader:240 - Cannot read IP mode file for STMicroelectronics.FP-ATR-ASTRA1.2.0.0
2023-09-21 21:02:33,573 [INFO] ThirdParty:978 - Integrity check success = true
2023-09-21 21:02:33,574 [INFO] IntegrityCheckThread:100 - exiting critical section [integrity check]
2023-09-21 21:02:33,574 [INFO] IntegrityCheckThread:103 - End integrity checks thread
2023-09-21 21:02:51,919 [ERROR] LogOutputStream:75 - [STDERR_REDIRECT] SLF4J: Failed to load class "org.slf4j.impl.StaticLoggerBinder".
2023-09-21 21:02:51,919 [ERROR] LogOutputStream:75 - [STDERR_REDIRECT] SLF4J: Defaulting to no-operation (NOP) logger implementation
2023-09-21 21:02:51,919 [ERROR] LogOutputStream:75 - [STDERR_REDIRECT] SLF4J: See http://www.slf4j.org/codes.html#StaticLoggerBinder for further details.
2023-09-21 22:30:58,307 [ERROR] LogOutputStream:75 - [STDERR_REDIRECT] 
