2023-10-10 08:01:33,704 [INFO] Activator:176 - 


2023-10-10 08:01:33,708 [INFO] Activator:177 - !SESSION log4j initialized
2023-10-10 08:01:35,470 [INFO] LogOutputStream:77 - [STDOUT_REDIRECT] 
2023-10-10 08:01:37,095 [INFO] ApplicationProperties:184 - Using Application install path: /opt/st/stm32cubeide_1.13.2/plugins/com.st.stm32cube.common.mx_6.9.2.202309101412
2023-10-10 08:01:37,106 [INFO] DbMcusXml:78 - Set database path to: /opt/st/stm32cubeide_1.13.2/plugins/com.st.stm32cube.common.mx_6.9.2.202309101412//db//mcu/
2023-10-10 08:01:37,107 [INFO] ApiDb:274 - Set plugin database path to: /opt/st/stm32cubeide_1.13.2/plugins/com.st.stm32cube.common.mx_6.9.2.202309101412//db//plugins/boardmanager/
2023-10-10 08:01:37,107 [WARN] ApiDb:259 - Overriding images path with different value:  => /opt/st/stm32cubeide_1.13.2/plugins/com.st.stm32cube.common.mx_6.9.2.202309101412//db//plugins/mcufinder/images/
2023-10-10 08:01:37,114 [INFO] ApiDb:250 - Set database path to: /home/laptop/.stmcufinder/plugins/mcufinder//mcu/
2023-10-10 08:01:37,115 [INFO] DbMcusAds:125 - Set database path to: /home/laptop/.stmcufinder/plugins/mcufinder//mcu/
2023-10-10 08:01:37,118 [INFO] CrossReferenceDbSqlite:203 - Set database path to: /home/laptop/.stmcufinder/plugins/mcufinder//mcu/cs/
2023-10-10 08:01:37,190 [INFO] RulesReader:64 - Compatibility file has been processed (293 Rules)
2023-10-10 08:01:37,233 [INFO] DbMcusXml:78 - Set database path to: /opt/st/stm32cubeide_1.13.2/plugins/com.st.stm32cube.common.mx_6.9.2.202309101412//db//mcu/
2023-10-10 08:01:37,234 [INFO] ApiDb:274 - Set plugin database path to: /opt/st/stm32cubeide_1.13.2/plugins/com.st.stm32cube.common.mx_6.9.2.202309101412//db//plugins/boardmanager/
2023-10-10 08:01:37,234 [INFO] ApiDb:261 - Set plugin images path to: /opt/st/stm32cubeide_1.13.2/plugins/com.st.stm32cube.common.mx_6.9.2.202309101412//db//plugins/mcufinder/images/
2023-10-10 08:01:37,234 [WARN] DbFile:41 - Overriding database path with different value: /home/laptop/.stmcufinder/plugins/mcufinder/ => /home/laptop/.stmcufinder/plugins/mcufinder
2023-10-10 08:01:37,234 [INFO] ApiDb:250 - Set database path to: /home/laptop/.stmcufinder/plugins/mcufinder//mcu/
2023-10-10 08:01:37,234 [WARN] DbFile:41 - Overriding database path with different value: /home/laptop/.stmcufinder/plugins/mcufinder/ => /home/laptop/.stmcufinder/plugins/mcufinder
2023-10-10 08:01:37,234 [INFO] DbMcusAds:125 - Set database path to: /home/laptop/.stmcufinder/plugins/mcufinder//mcu/
2023-10-10 08:01:37,234 [WARN] DbFile:41 - Overriding database path with different value: /home/laptop/.stmcufinder/plugins/mcufinder/ => /home/laptop/.stmcufinder/plugins/mcufinder
2023-10-10 08:01:37,234 [WARN] DbFile:41 - Overriding database path with different value: /home/laptop/.stmcufinder/plugins/mcufinder/ => /home/laptop/.stmcufinder/plugins/mcufinder
2023-10-10 08:01:37,234 [INFO] CrossReferenceDbSqlite:203 - Set database path to: /home/laptop/.stmcufinder/plugins/mcufinder//mcu/cs/
2023-10-10 08:01:37,297 [INFO] MainPanel:262 - HeapMemory: 268435456
2023-10-10 08:01:37,366 [INFO] DbMcusXml:78 - Set database path to: /opt/st/stm32cubeide_1.13.2/plugins/com.st.stm32cube.common.mx_6.9.2.202309101412//db//mcu/
2023-10-10 08:01:37,366 [INFO] ApiDb:274 - Set plugin database path to: /opt/st/stm32cubeide_1.13.2/plugins/com.st.stm32cube.common.mx_6.9.2.202309101412//db//plugins/boardmanager/
2023-10-10 08:01:37,366 [INFO] ApiDb:261 - Set plugin images path to: /opt/st/stm32cubeide_1.13.2/plugins/com.st.stm32cube.common.mx_6.9.2.202309101412//db//plugins/mcufinder/images/
2023-10-10 08:01:37,367 [WARN] DbFile:41 - Overriding database path with different value: /home/laptop/.stmcufinder/plugins/mcufinder/ => /home/laptop/.stmcufinder/plugins/mcufinder
2023-10-10 08:01:37,367 [INFO] ApiDb:250 - Set database path to: /home/laptop/.stmcufinder/plugins/mcufinder//mcu/
2023-10-10 08:01:37,367 [WARN] DbFile:41 - Overriding database path with different value: /home/laptop/.stmcufinder/plugins/mcufinder/ => /home/laptop/.stmcufinder/plugins/mcufinder
2023-10-10 08:01:37,367 [INFO] DbMcusAds:125 - Set database path to: /home/laptop/.stmcufinder/plugins/mcufinder//mcu/
2023-10-10 08:01:37,367 [WARN] DbFile:41 - Overriding database path with different value: /home/laptop/.stmcufinder/plugins/mcufinder/ => /home/laptop/.stmcufinder/plugins/mcufinder
2023-10-10 08:01:37,367 [WARN] DbFile:41 - Overriding database path with different value: /home/laptop/.stmcufinder/plugins/mcufinder/ => /home/laptop/.stmcufinder/plugins/mcufinder
2023-10-10 08:01:37,367 [INFO] CrossReferenceDbSqlite:203 - Set database path to: /home/laptop/.stmcufinder/plugins/mcufinder//mcu/cs/
2023-10-10 08:01:37,378 [INFO] ApplicationProperties:184 - Using Application install path: /opt/st/stm32cubeide_1.13.2/plugins/com.st.stm32cube.common.mx_6.9.2.202309101412
2023-10-10 08:01:37,379 [INFO] PluginManage:196 - Search for loadable plugins [exclusion list=, ]
2023-10-10 08:01:37,380 [INFO] PluginManage:310 - Check plugin analytics
2023-10-10 08:01:37,470 [INFO] AnalyticsPlugin:253 - Accepted Software Licenses: 
2023-10-10 08:01:37,470 [INFO] AnalyticsPlugin:255 - Accepted CMSIS Pack Licenses: 
2023-10-10 08:01:37,470 [INFO] AnalyticsPlugin:257 - Accepted Firmware Licenses: 
2023-10-10 08:01:37,471 [INFO] PluginManage:359 - Loaded plugin analytics (category:tool,tabindex:-1)
2023-10-10 08:01:37,472 [INFO] PluginManage:310 - Check plugin cadmodel
2023-10-10 08:01:37,547 [INFO] CADModel:105 - Init CAD model plugin
2023-10-10 08:01:37,548 [INFO] PluginManage:359 - Loaded plugin cadmodel (category:power,tabindex:5)
2023-10-10 08:01:37,548 [INFO] PluginManage:310 - Check plugin clock
2023-10-10 08:01:37,557 [INFO] PluginManage:359 - Loaded plugin clock (category:base,tabindex:2)
2023-10-10 08:01:37,557 [INFO] PluginManage:310 - Check plugin ddr
2023-10-10 08:01:37,559 [INFO] PluginManage:359 - Loaded plugin ddr (category:tool,tabindex:6)
2023-10-10 08:01:37,559 [INFO] PluginManage:310 - Check plugin filemanager
2023-10-10 08:01:37,668 [INFO] PluginManage:359 - Loaded plugin filemanager (category:base,tabindex:10)
2023-10-10 08:01:37,668 [INFO] PluginManage:310 - Check plugin ipmanager
2023-10-10 08:01:37,671 [INFO] PluginManage:359 - Loaded plugin ipmanager (category:base,tabindex:5)
2023-10-10 08:01:37,672 [INFO] PluginManage:310 - Check plugin lpbam
2023-10-10 08:01:37,677 [INFO] PluginManage:359 - Loaded plugin lpbam (category:base,tabindex:0)
2023-10-10 08:01:37,678 [INFO] PluginManage:310 - Check plugin memorymap
2023-10-10 08:01:37,684 [INFO] PluginManage:359 - Loaded plugin memorymap (category:base,tabindex:4)
2023-10-10 08:01:37,684 [INFO] PluginManage:310 - Check plugin pinoutandconfiguration
2023-10-10 08:01:37,688 [INFO] PluginManage:359 - Loaded plugin pinoutandconfiguration (category:base,tabindex:1)
2023-10-10 08:01:37,688 [INFO] PluginManage:310 - Check plugin pinoutconfig
2023-10-10 08:01:37,735 [WARN] SupportedApi:132 - Cannot load RTOS API schema: s4s-elt-must-match.1: The content of 'definitions' must match (annotation?, (simpleType | complexType)?, (unique | key | keyref)*)). A problem was found starting at: attribute.
2023-10-10 08:01:37,803 [INFO] PluginManage:359 - Loaded plugin pinoutconfig (category:base,tabindex:0)
2023-10-10 08:01:37,803 [INFO] PluginManage:310 - Check plugin power
2023-10-10 08:01:37,808 [INFO] PluginManage:359 - Loaded plugin power (category:power,tabindex:4)
2023-10-10 08:01:37,808 [INFO] PluginManage:310 - Check plugin projectmanager
2023-10-10 08:01:37,816 [INFO] PluginManage:359 - Loaded plugin projectmanager (category:projectmanager,tabindex:3)
2023-10-10 08:01:37,816 [INFO] PluginManage:310 - Check plugin thirdparty
2023-10-10 08:01:37,890 [INFO] PluginManage:359 - Loaded plugin thirdparty (category:base,tabindex:-1)
2023-10-10 08:01:37,890 [WARN] IntegrityCheckThread:84 - waiting for thirdparty lock release [integrity check]
2023-10-10 08:01:37,890 [INFO] IntegrityCheckThread:86 - entering critical section [integrity check]
2023-10-10 08:01:37,890 [INFO] PluginManage:310 - Check plugin tools
2023-10-10 08:01:37,891 [INFO] ThirdPartyUpdaterWithRetryManager:70 - Updater plugin not ready yet. [1/15]
2023-10-10 08:01:37,892 [INFO] PluginManage:359 - Loaded plugin tools (category:base,tabindex:7)
2023-10-10 08:01:37,892 [INFO] PluginManage:310 - Check plugin tutovideos
2023-10-10 08:01:37,996 [INFO] PluginManage:359 - Loaded plugin tutovideos (category:base,tabindex:-1)
2023-10-10 08:01:37,996 [INFO] PluginManage:310 - Check plugin updater
2023-10-10 08:01:38,005 [INFO] PluginManage:359 - Loaded plugin updater (category:base,tabindex:12)
2023-10-10 08:01:38,005 [INFO] PluginManage:310 - Check plugin userauth
2023-10-10 08:01:38,008 [INFO] UserAuth:113 - Init User Auth plugin
2023-10-10 08:01:38,008 [INFO] PluginManage:359 - Loaded plugin userauth (category:base,tabindex:14)
2023-10-10 08:01:38,008 [INFO] PluginManage:283 - PluginManage : Loaded plugins [17]
2023-10-10 08:01:38,114 [INFO] PinOutPanel:1499 - setPackage(No Configuration,No Configuration)
2023-10-10 08:01:38,164 [INFO] CADModel:165 - CPN selected for project level
2023-10-10 08:01:38,164 [INFO] CADModel:114 - Register for checkConnection events
2023-10-10 08:01:38,170 [INFO] IPUIPlugin:80 - create IPUIPlugin
2023-10-10 08:01:38,170 [INFO] PluginManager:220 - loadIPPluginJar : add ltdc
2023-10-10 08:01:38,172 [INFO] IPUIPlugin:80 - create IPUIPlugin
2023-10-10 08:01:38,172 [INFO] PluginManager:220 - loadIPPluginJar : add i2s
2023-10-10 08:01:38,173 [INFO] IPUIPlugin:80 - create IPUIPlugin
2023-10-10 08:01:38,174 [INFO] PluginManager:220 - loadIPPluginJar : add can
2023-10-10 08:01:38,176 [INFO] IPUIPlugin:80 - create IPUIPlugin
2023-10-10 08:01:38,176 [INFO] PluginManager:220 - loadIPPluginJar : add gpio
2023-10-10 08:01:38,179 [INFO] IPUIPlugin:80 - create IPUIPlugin
2023-10-10 08:01:38,179 [INFO] PluginManager:220 - loadIPPluginJar : add freertos
2023-10-10 08:01:38,181 [INFO] IPUIPlugin:80 - create IPUIPlugin
2023-10-10 08:01:38,181 [INFO] PluginManager:220 - loadIPPluginJar : add dma3
2023-10-10 08:01:38,181 [INFO] IPUIPlugin:80 - create IPUIPlugin
2023-10-10 08:01:38,181 [INFO] PluginManager:220 - loadIPPluginJar : add fatfs
2023-10-10 08:01:38,182 [INFO] IPUIPlugin:80 - create IPUIPlugin
2023-10-10 08:01:38,183 [INFO] PluginManager:220 - loadIPPluginJar : add cryp
2023-10-10 08:01:38,187 [INFO] IPUIPlugin:80 - create IPUIPlugin
2023-10-10 08:01:38,187 [INFO] PluginManager:220 - loadIPPluginJar : add adc
2023-10-10 08:01:38,188 [INFO] IPUIPlugin:80 - create IPUIPlugin
2023-10-10 08:01:38,188 [INFO] PluginManager:220 - loadIPPluginJar : add usart
2023-10-10 08:01:38,190 [INFO] IPUIPlugin:80 - create IPUIPlugin
2023-10-10 08:01:38,190 [INFO] PluginManager:220 - loadIPPluginJar : add touchsensing
2023-10-10 08:01:38,191 [INFO] IPUIPlugin:80 - create IPUIPlugin
2023-10-10 08:01:38,191 [INFO] PluginManager:220 - loadIPPluginJar : add gtzc
2023-10-10 08:01:38,192 [INFO] IPUIPlugin:80 - create IPUIPlugin
2023-10-10 08:01:38,193 [INFO] PluginManager:220 - loadIPPluginJar : add aes
2023-10-10 08:01:38,194 [INFO] IPUIPlugin:80 - create IPUIPlugin
2023-10-10 08:01:38,194 [INFO] PluginManager:220 - loadIPPluginJar : add nvic
2023-10-10 08:01:38,195 [INFO] IPUIPlugin:80 - create IPUIPlugin
2023-10-10 08:01:38,195 [INFO] PluginManager:220 - loadIPPluginJar : add gfxmmu
2023-10-10 08:01:38,196 [INFO] IPUIPlugin:80 - create IPUIPlugin
2023-10-10 08:01:38,196 [INFO] PluginManager:220 - loadIPPluginJar : add tim
2023-10-10 08:01:38,197 [INFO] IPUIPlugin:80 - create IPUIPlugin
2023-10-10 08:01:38,197 [INFO] PluginManager:220 - loadIPPluginJar : add lorawan
2023-10-10 08:01:38,201 [INFO] IPUIPlugin:80 - create IPUIPlugin
2023-10-10 08:01:38,202 [INFO] PluginManager:220 - loadIPPluginJar : add linkedlist
2023-10-10 08:01:38,205 [INFO] IPUIPlugin:80 - create IPUIPlugin
2023-10-10 08:01:38,205 [INFO] PluginManager:220 - loadIPPluginJar : add mdma
2023-10-10 08:01:38,208 [INFO] IPUIPlugin:80 - create IPUIPlugin
2023-10-10 08:01:38,208 [INFO] PluginManager:220 - loadIPPluginJar : add stm32_wpan
2023-10-10 08:01:38,209 [INFO] IPUIPlugin:80 - create IPUIPlugin
2023-10-10 08:01:38,209 [INFO] PluginManager:220 - loadIPPluginJar : add tsc
2023-10-10 08:01:38,213 [INFO] IPUIPlugin:80 - create IPUIPlugin
2023-10-10 08:01:38,215 [INFO] PluginManager:220 - loadIPPluginJar : add plateformsettings
2023-10-10 08:01:38,216 [INFO] IPUIPlugin:80 - create IPUIPlugin
2023-10-10 08:01:38,216 [INFO] PluginManager:220 - loadIPPluginJar : add spi
2023-10-10 08:01:38,217 [INFO] IPUIPlugin:80 - create IPUIPlugin
2023-10-10 08:01:38,217 [INFO] PluginManager:220 - loadIPPluginJar : add comp
2023-10-10 08:01:38,219 [INFO] IPUIPlugin:80 - create IPUIPlugin
2023-10-10 08:01:38,219 [INFO] PluginManager:220 - loadIPPluginJar : add i2c
2023-10-10 08:01:38,220 [INFO] IPUIPlugin:80 - create IPUIPlugin
2023-10-10 08:01:38,220 [INFO] PluginManager:220 - loadIPPluginJar : add hash
2023-10-10 08:01:38,222 [INFO] IPUIPlugin:80 - create IPUIPlugin
2023-10-10 08:01:38,223 [INFO] PluginManager:220 - loadIPPluginJar : add gic
2023-10-10 08:01:38,224 [INFO] IPUIPlugin:80 - create IPUIPlugin
2023-10-10 08:01:38,224 [INFO] PluginManager:220 - loadIPPluginJar : add i3c
2023-10-10 08:01:38,226 [INFO] IPUIPlugin:80 - create IPUIPlugin
2023-10-10 08:01:38,226 [INFO] PluginManager:220 - loadIPPluginJar : add sai
2023-10-10 08:01:38,228 [INFO] IPUIPlugin:80 - create IPUIPlugin
2023-10-10 08:01:38,228 [INFO] PluginManager:220 - loadIPPluginJar : add fmc
2023-10-10 08:01:38,229 [INFO] IPUIPlugin:80 - create IPUIPlugin
2023-10-10 08:01:38,230 [INFO] PluginManager:220 - loadIPPluginJar : add genericplugin
2023-10-10 08:01:38,231 [INFO] IPUIPlugin:80 - create IPUIPlugin
2023-10-10 08:01:38,231 [INFO] PluginManager:220 - loadIPPluginJar : add pdm2pcm
2023-10-10 08:01:38,233 [INFO] IPUIPlugin:80 - create IPUIPlugin
2023-10-10 08:01:38,233 [INFO] PluginManager:220 - loadIPPluginJar : add ipddr
2023-10-10 08:01:38,234 [INFO] IPUIPlugin:80 - create IPUIPlugin
2023-10-10 08:01:38,234 [INFO] PluginManager:220 - loadIPPluginJar : add quadspi
2023-10-10 08:01:38,235 [INFO] IPUIPlugin:80 - create IPUIPlugin
2023-10-10 08:01:38,235 [INFO] PluginManager:220 - loadIPPluginJar : add ucpd
2023-10-10 08:01:38,236 [INFO] IPUIPlugin:80 - create IPUIPlugin
2023-10-10 08:01:38,236 [INFO] PluginManager:220 - loadIPPluginJar : add ts
2023-10-10 08:01:38,237 [INFO] IPUIPlugin:80 - create IPUIPlugin
2023-10-10 08:01:38,237 [INFO] PluginManager:220 - loadIPPluginJar : add openamp
2023-10-10 08:01:38,239 [INFO] IPUIPlugin:80 - create IPUIPlugin
2023-10-10 08:01:38,240 [INFO] PluginManager:220 - loadIPPluginJar : add resmgrutility
2023-10-10 08:01:38,244 [INFO] IPUIPlugin:80 - create IPUIPlugin
2023-10-10 08:01:38,244 [INFO] PluginManager:220 - loadIPPluginJar : add dma
2023-10-10 08:01:38,246 [INFO] IPUIPlugin:80 - create IPUIPlugin
2023-10-10 08:01:38,246 [INFO] PluginManager:220 - loadIPPluginJar : add dfsdm
2023-10-10 08:01:38,247 [INFO] IPUIPlugin:80 - create IPUIPlugin
2023-10-10 08:01:38,247 [INFO] PluginManager:220 - loadIPPluginJar : add tracer_emb
2023-10-10 08:01:38,248 [INFO] IPUIPlugin:80 - create IPUIPlugin
2023-10-10 08:01:38,248 [INFO] PluginManager:220 - loadIPPluginJar : add opamp
2023-10-10 08:01:38,250 [INFO] IPUIPlugin:80 - create IPUIPlugin
2023-10-10 08:01:38,250 [INFO] PluginManager:220 - loadIPPluginJar : add usbx
2023-10-10 08:01:38,339 [INFO] CADModel:165 - CPN selected for project level
2023-10-10 08:01:38,340 [INFO] CADModel:114 - Register for checkConnection events
2023-10-10 08:01:38,340 [FATAL] Updater:308 - Updater called before beeing initialized
2023-10-10 08:01:38,340 [ERROR] CADModel:125 - Updater not yet initialized, retry later 
2023-10-10 08:01:38,412 [INFO] CADModel:165 - CPN selected for project level
2023-10-10 08:01:38,412 [INFO] CADModel:114 - Register for checkConnection events
2023-10-10 08:01:38,412 [FATAL] Updater:308 - Updater called before beeing initialized
2023-10-10 08:01:38,412 [ERROR] CADModel:125 - Updater not yet initialized, retry later 
2023-10-10 08:01:38,414 [FATAL] Updater:308 - Updater called before beeing initialized
2023-10-10 08:01:38,457 [FATAL] Updater:308 - Updater called before beeing initialized
2023-10-10 08:01:38,460 [INFO] DbMcusAds:53 - JSON generation date=Tue Mar 07 09:50:55 CET 2023 (1678179055335)
2023-10-10 08:01:38,460 [FATAL] Updater:308 - Updater called before beeing initialized
2023-10-10 08:01:38,481 [WARN] DetailPanel:346 - Failed to get advertising image, set to default
2023-10-10 08:01:38,533 [FATAL] Updater:308 - Updater called before beeing initialized
2023-10-10 08:01:38,534 [FATAL] Updater:308 - Updater called before beeing initialized
2023-10-10 08:01:38,534 [FATAL] Updater:308 - Updater called before beeing initialized
2023-10-10 08:01:38,534 [WARN] DetailPanel:346 - Failed to get advertising image, set to default
2023-10-10 08:01:38,535 [FATAL] Updater:308 - Updater called before beeing initialized
2023-10-10 08:01:38,551 [ERROR] Updater:1120 - MainUpdater not yet initialized. External WinMGr cannot be set.
2023-10-10 08:01:38,553 [INFO] Updater:1056 - Updater Version found : 6.9.2
2023-10-10 08:01:38,563 [INFO] ApplicationProperties:184 - Using Application install path: /opt/st/stm32cubeide_1.13.2/plugins/com.st.stm32cube.common.mx_6.9.2.202309101412
2023-10-10 08:01:38,671 [INFO] MainUpdater:2868 - connection check result : 10
2023-10-10 08:01:38,671 [INFO] MainUpdater:285 - Updater Check For Update Now.
2023-10-10 08:01:38,671 [INFO] MicroXplorer:498 - Change Database Version : DB.6.0.92
2023-10-10 08:01:38,674 [INFO] McuFinderGlobals:63 - Set McuFinder mode to 2 (CubeIDE integrated)
2023-10-10 08:01:38,818 [INFO] CheckServerUpdateThread:120 - End of CheckServer Thread
2023-10-10 08:01:40,947 [WARN] PackLoader:240 - Cannot read IP mode file for STMicroelectronics.X-CUBE-SMBUS.2.1.0
2023-10-10 08:01:40,970 [WARN] PackLoader:240 - Cannot read IP mode file for STMicroelectronics.X-CUBE-AZRTOS-F7.1.1.0
2023-10-10 08:01:40,978 [WARN] PackLoader:240 - Cannot read IP mode file for STMicroelectronics.FP-SNS-MOTENV1.4.3.2
2023-10-10 08:01:40,982 [WARN] PackLoader:240 - Cannot read IP mode file for STMicroelectronics.FP-SNS-FLIGHT1.5.0.2
2023-10-10 08:01:40,989 [WARN] PackLoader:240 - Cannot read IP mode file for STMicroelectronics.X-CUBE-DISPLAY.3.0.0
2023-10-10 08:01:40,997 [WARN] PackLoader:240 - Cannot read IP mode file for STMicroelectronics.X-CUBE-BLE1.7.0.0
2023-10-10 08:01:41,001 [WARN] PackLoader:240 - Cannot read IP mode file for emotas.I-CUBE-CANOPEN.1.3.0
2023-10-10 08:01:41,004 [WARN] PackLoader:240 - Cannot read IP mode file for STMicroelectronics.X-CUBE-TOUCHGFX.4.22.0
2023-10-10 08:01:41,006 [WARN] PackLoader:240 - Cannot read IP mode file for STMicroelectronics.X-CUBE-TOUCHGFX.4.22.1
2023-10-10 08:01:41,009 [WARN] PackLoader:240 - Cannot read IP mode file for STMicroelectronics.FP-SNS-SMARTAG2.1.2.0
2023-10-10 08:01:41,018 [INFO] LogOutputStream:77 - [STDOUT_REDIRECT] 1 : Invalid condition id : UX_CORESTACK_Condition cause : null
2023-10-10 08:01:41,018 [INFO] LogOutputStream:77 - [STDOUT_REDIRECT] 1 : Invalid condition id : UX_CORESTACK_Condition cause : null
2023-10-10 08:01:41,019 [INFO] LogOutputStream:77 - [STDOUT_REDIRECT] 1 : Invalid condition id : UX_CORESTACK_Condition cause : null
2023-10-10 08:01:41,019 [INFO] LogOutputStream:77 - [STDOUT_REDIRECT] 1 : Invalid condition id : UX_CORESTACK_Condition cause : null
2023-10-10 08:01:41,019 [INFO] LogOutputStream:77 - [STDOUT_REDIRECT] 1 : Invalid condition id : UX_CORESTACK_Condition cause : null
2023-10-10 08:01:41,023 [WARN] PackLoader:240 - Cannot read IP mode file for STMicroelectronics.X-CUBE-AZRTOS-WL.2.0.0
2023-10-10 08:01:41,029 [WARN] PackLoader:240 - Cannot read IP mode file for WES.I-CUBE-Cesium.1.3.0
2023-10-10 08:01:41,032 [WARN] PackLoader:240 - Cannot read IP mode file for STMicroelectronics.X-CUBE-BLE2.3.3.0
2023-10-10 08:01:41,036 [WARN] PackLoader:240 - Cannot read IP mode file for STMicroelectronics.X-CUBE-ALGOBUILD.1.3.0
2023-10-10 08:01:41,048 [WARN] PackLoader:240 - Cannot read IP mode file for STMicroelectronics.X-CUBE-AZRTOS-G0.1.1.0
2023-10-10 08:01:41,053 [WARN] PackLoader:240 - Cannot read IP mode file for STMicroelectronics.X-CUBE-NFC4.3.0.0
2023-10-10 08:01:41,056 [WARN] PackLoader:240 - Cannot read IP mode file for STMicroelectronics.FP-ATR-SIGFOX1.3.2.0
2023-10-10 08:01:41,077 [WARN] PackLoader:240 - Cannot read IP mode file for SEGGER.I-CUBE-embOS.1.3.1
2023-10-10 08:01:41,101 [WARN] PackLoader:240 - Cannot read IP mode file for STMicroelectronics.X-CUBE-GNSS1.6.0.0
2023-10-10 08:01:41,117 [WARN] PackLoader:240 - Cannot read IP mode file for STMicroelectronics.X-CUBE-AZRTOS-F4.1.1.0
2023-10-10 08:01:41,123 [WARN] PackLoader:240 - Cannot read IP mode file for wolfSSL.I-CUBE-wolfSSL.5.6.3
2023-10-10 08:01:41,142 [WARN] PackLoader:240 - Cannot read IP mode file for STMicroelectronics.X-CUBE-AZRTOS-L5.2.0.0
2023-10-10 08:01:41,176 [WARN] PackLoader:240 - Cannot read IP mode file for STMicroelectronics.X-CUBE-MEMS1.9.6.0
2023-10-10 08:01:41,255 [WARN] PackLoader:240 - Cannot read IP mode file for ITTIA_DB.I-CUBE-ITTIADB.8.8.0
2023-10-10 08:01:41,259 [WARN] PackLoader:240 - Cannot read IP mode file for STMicroelectronics.X-CUBE-BLEMGR.2.0.0
2023-10-10 08:01:41,272 [WARN] ConditionMgr:438 - getConditionDescription Invalid condition id : UX DEVICE CLASS RTOS Condition cause : null
2023-10-10 08:01:41,273 [WARN] ConditionMgr:438 - getConditionDescription Invalid condition id : UX DEVICE CLASS RTOS Condition cause : null
2023-10-10 08:01:41,274 [WARN] PackLoader:240 - Cannot read IP mode file for STMicroelectronics.X-CUBE-AZRTOS-H7.3.1.0
2023-10-10 08:01:41,275 [WARN] ConditionMgr:1039 - genDependencies : Invalid condition id : UX DEVICE CLASS RTOS Condition cause : null
2023-10-10 08:01:41,275 [WARN] ConditionMgr:1039 - genDependencies : Invalid condition id : UX DEVICE CLASS RTOS Condition cause : null
2023-10-10 08:01:41,279 [WARN] ConditionMgr:1039 - genDependencies : Invalid condition id : UX DEVICE CLASS RTOS Condition cause : null
2023-10-10 08:01:41,279 [WARN] ConditionMgr:1039 - genDependencies : Invalid condition id : UX DEVICE CLASS RTOS Condition cause : null
2023-10-10 08:01:41,279 [WARN] ConditionMgr:1039 - genDependencies : Invalid condition id : UX DEVICE CLASS RTOS Condition cause : null
2023-10-10 08:01:41,283 [WARN] PackLoader:240 - Cannot read IP mode file for STMicroelectronics.X-CUBE-NFC7.1.0.1
2023-10-10 08:01:41,287 [WARN] PackLoader:240 - Cannot read IP mode file for STMicroelectronics.X-CUBE-NFC6.3.0.0
2023-10-10 08:01:41,291 [WARN] PackLoader:240 - Cannot read IP mode file for STMicroelectronics.X-CUBE-EEPRMA1.4.1.0
2023-10-10 08:01:41,293 [WARN] PackLoader:240 - Cannot read IP mode file for STMicroelectronics.X-CUBE-AI.8.1.0
2023-10-10 08:01:41,302 [WARN] ConditionMgr:438 - getConditionDescription Invalid condition id : LAN8742 Phy interface Condition cause : null
2023-10-10 08:01:41,303 [WARN] PackLoader:240 - Cannot read IP mode file for STMicroelectronics.X-CUBE-AZRTOS-L4.2.0.0
2023-10-10 08:01:41,304 [WARN] ConditionMgr:1039 - genDependencies : Invalid condition id : LAN8742 Phy interface Condition cause : null
2023-10-10 08:01:41,304 [WARN] ConditionMgr:1039 - genDependencies : Invalid condition id : LAN8742 Phy interface Condition cause : null
2023-10-10 08:01:41,304 [WARN] ConditionMgr:1039 - genDependencies : Invalid condition id : LAN8742 Phy interface Condition cause : null
2023-10-10 08:01:41,308 [WARN] PackLoader:240 - Cannot read IP mode file for STMicroelectronics.X-CUBE-SFXS2LP1.4.0.0
2023-10-10 08:01:41,310 [WARN] PackLoader:240 - Cannot read IP mode file for STMicroelectronics.X-CUBE-ISPU.1.1.0
2023-10-10 08:01:41,317 [WARN] ConditionMgr:438 - getConditionDescription Invalid condition id : UX DEVICE CLASS RTOS Condition cause : null
2023-10-10 08:01:41,317 [WARN] ConditionMgr:438 - getConditionDescription Invalid condition id : UX DEVICE CLASS RTOS Condition cause : null
2023-10-10 08:01:41,318 [WARN] PackLoader:240 - Cannot read IP mode file for STMicroelectronics.X-CUBE-AZRTOS-WB.2.0.0
2023-10-10 08:01:41,318 [WARN] ConditionMgr:1039 - genDependencies : Invalid condition id : UX DEVICE CLASS RTOS Condition cause : null
2023-10-10 08:01:41,318 [WARN] ConditionMgr:1039 - genDependencies : Invalid condition id : UX DEVICE CLASS RTOS Condition cause : null
2023-10-10 08:01:41,319 [WARN] ConditionMgr:1039 - genDependencies : Invalid condition id : UX DEVICE CLASS RTOS Condition cause : null
2023-10-10 08:01:41,319 [WARN] ConditionMgr:1039 - genDependencies : Invalid condition id : UX DEVICE CLASS RTOS Condition cause : null
2023-10-10 08:01:41,319 [WARN] ConditionMgr:1039 - genDependencies : Invalid condition id : UX DEVICE CLASS RTOS Condition cause : null
2023-10-10 08:01:41,324 [WARN] PackLoader:240 - Cannot read IP mode file for STMicroelectronics.X-CUBE-SUBG2.5.0.0
2023-10-10 08:01:41,331 [WARN] PackLoader:240 - Cannot read IP mode file for STMicroelectronics.X-CUBE-TOF1.3.3.1
2023-10-10 08:01:41,343 [WARN] PackLoader:240 - Cannot read IP mode file for STMicroelectronics.X-CUBE-AZRTOS-G4.2.0.0
2023-10-10 08:01:41,350 [WARN] PackLoader:240 - Cannot read IP mode file for Infineon.AIROC-Wi-Fi-Bluetooth-STM32.1.5.1
2023-10-10 08:01:41,354 [WARN] PackLoader:240 - Cannot read IP mode file for STMicroelectronics.X-CUBE-FREERTOS.1.1.0
2023-10-10 08:01:41,356 [WARN] PackLoader:240 - Cannot read IP mode file for portGmbH.I-Cube-SoM-uGOAL.1.1.0
2023-10-10 08:01:41,358 [WARN] PackLoader:240 - Cannot read IP mode file for STMicroelectronics.X-CUBE-ALS.1.0.1
2023-10-10 08:01:41,360 [WARN] PackLoader:240 - Cannot read IP mode file for STMicroelectronics.FP-ATR-ASTRA1.2.0.0
2023-10-10 08:01:41,361 [INFO] ThirdParty:978 - Integrity check success = true
2023-10-10 08:01:41,361 [INFO] IntegrityCheckThread:100 - exiting critical section [integrity check]
2023-10-10 08:01:41,361 [INFO] IntegrityCheckThread:103 - End integrity checks thread
2023-10-10 08:01:59,167 [ERROR] LogOutputStream:75 - [STDERR_REDIRECT] SLF4J: Failed to load class "org.slf4j.impl.StaticLoggerBinder".
2023-10-10 08:01:59,168 [ERROR] LogOutputStream:75 - [STDERR_REDIRECT] SLF4J: Defaulting to no-operation (NOP) logger implementation
2023-10-10 08:01:59,168 [ERROR] LogOutputStream:75 - [STDERR_REDIRECT] SLF4J: See http://www.slf4j.org/codes.html#StaticLoggerBinder for further details.
2023-10-10 20:02:44,658 [INFO] Activator:176 - 


2023-10-10 20:02:44,660 [INFO] Activator:177 - !SESSION log4j initialized
2023-10-10 20:02:47,616 [INFO] LogOutputStream:77 - [STDOUT_REDIRECT] 
2023-10-10 20:02:50,110 [INFO] ApplicationProperties:184 - Using Application install path: /opt/st/stm32cubeide_1.13.2/plugins/com.st.stm32cube.common.mx_6.9.2.202309101412
2023-10-10 20:02:50,125 [INFO] DbMcusXml:78 - Set database path to: /opt/st/stm32cubeide_1.13.2/plugins/com.st.stm32cube.common.mx_6.9.2.202309101412//db//mcu/
2023-10-10 20:02:50,125 [INFO] ApiDb:274 - Set plugin database path to: /opt/st/stm32cubeide_1.13.2/plugins/com.st.stm32cube.common.mx_6.9.2.202309101412//db//plugins/boardmanager/
2023-10-10 20:02:50,126 [WARN] ApiDb:259 - Overriding images path with different value:  => /opt/st/stm32cubeide_1.13.2/plugins/com.st.stm32cube.common.mx_6.9.2.202309101412//db//plugins/mcufinder/images/
2023-10-10 20:02:50,133 [INFO] ApiDb:250 - Set database path to: /home/laptop/.stmcufinder/plugins/mcufinder//mcu/
2023-10-10 20:02:50,134 [INFO] DbMcusAds:125 - Set database path to: /home/laptop/.stmcufinder/plugins/mcufinder//mcu/
2023-10-10 20:02:50,136 [INFO] CrossReferenceDbSqlite:203 - Set database path to: /home/laptop/.stmcufinder/plugins/mcufinder//mcu/cs/
2023-10-10 20:02:50,211 [INFO] RulesReader:64 - Compatibility file has been processed (293 Rules)
2023-10-10 20:02:50,253 [INFO] DbMcusXml:78 - Set database path to: /opt/st/stm32cubeide_1.13.2/plugins/com.st.stm32cube.common.mx_6.9.2.202309101412//db//mcu/
2023-10-10 20:02:50,253 [INFO] ApiDb:274 - Set plugin database path to: /opt/st/stm32cubeide_1.13.2/plugins/com.st.stm32cube.common.mx_6.9.2.202309101412//db//plugins/boardmanager/
2023-10-10 20:02:50,253 [INFO] ApiDb:261 - Set plugin images path to: /opt/st/stm32cubeide_1.13.2/plugins/com.st.stm32cube.common.mx_6.9.2.202309101412//db//plugins/mcufinder/images/
2023-10-10 20:02:50,253 [WARN] DbFile:41 - Overriding database path with different value: /home/laptop/.stmcufinder/plugins/mcufinder/ => /home/laptop/.stmcufinder/plugins/mcufinder
2023-10-10 20:02:50,253 [INFO] ApiDb:250 - Set database path to: /home/laptop/.stmcufinder/plugins/mcufinder//mcu/
2023-10-10 20:02:50,253 [WARN] DbFile:41 - Overriding database path with different value: /home/laptop/.stmcufinder/plugins/mcufinder/ => /home/laptop/.stmcufinder/plugins/mcufinder
2023-10-10 20:02:50,253 [INFO] DbMcusAds:125 - Set database path to: /home/laptop/.stmcufinder/plugins/mcufinder//mcu/
2023-10-10 20:02:50,253 [WARN] DbFile:41 - Overriding database path with different value: /home/laptop/.stmcufinder/plugins/mcufinder/ => /home/laptop/.stmcufinder/plugins/mcufinder
2023-10-10 20:02:50,254 [WARN] DbFile:41 - Overriding database path with different value: /home/laptop/.stmcufinder/plugins/mcufinder/ => /home/laptop/.stmcufinder/plugins/mcufinder
2023-10-10 20:02:50,254 [INFO] CrossReferenceDbSqlite:203 - Set database path to: /home/laptop/.stmcufinder/plugins/mcufinder//mcu/cs/
2023-10-10 20:02:50,301 [INFO] MainPanel:262 - HeapMemory: 268435456
2023-10-10 20:02:50,365 [INFO] DbMcusXml:78 - Set database path to: /opt/st/stm32cubeide_1.13.2/plugins/com.st.stm32cube.common.mx_6.9.2.202309101412//db//mcu/
2023-10-10 20:02:50,365 [INFO] ApiDb:274 - Set plugin database path to: /opt/st/stm32cubeide_1.13.2/plugins/com.st.stm32cube.common.mx_6.9.2.202309101412//db//plugins/boardmanager/
2023-10-10 20:02:50,365 [INFO] ApiDb:261 - Set plugin images path to: /opt/st/stm32cubeide_1.13.2/plugins/com.st.stm32cube.common.mx_6.9.2.202309101412//db//plugins/mcufinder/images/
2023-10-10 20:02:50,365 [WARN] DbFile:41 - Overriding database path with different value: /home/laptop/.stmcufinder/plugins/mcufinder/ => /home/laptop/.stmcufinder/plugins/mcufinder
2023-10-10 20:02:50,365 [INFO] ApiDb:250 - Set database path to: /home/laptop/.stmcufinder/plugins/mcufinder//mcu/
2023-10-10 20:02:50,365 [WARN] DbFile:41 - Overriding database path with different value: /home/laptop/.stmcufinder/plugins/mcufinder/ => /home/laptop/.stmcufinder/plugins/mcufinder
2023-10-10 20:02:50,365 [INFO] DbMcusAds:125 - Set database path to: /home/laptop/.stmcufinder/plugins/mcufinder//mcu/
2023-10-10 20:02:50,365 [WARN] DbFile:41 - Overriding database path with different value: /home/laptop/.stmcufinder/plugins/mcufinder/ => /home/laptop/.stmcufinder/plugins/mcufinder
2023-10-10 20:02:50,365 [WARN] DbFile:41 - Overriding database path with different value: /home/laptop/.stmcufinder/plugins/mcufinder/ => /home/laptop/.stmcufinder/plugins/mcufinder
2023-10-10 20:02:50,365 [INFO] CrossReferenceDbSqlite:203 - Set database path to: /home/laptop/.stmcufinder/plugins/mcufinder//mcu/cs/
2023-10-10 20:02:50,378 [INFO] ApplicationProperties:184 - Using Application install path: /opt/st/stm32cubeide_1.13.2/plugins/com.st.stm32cube.common.mx_6.9.2.202309101412
2023-10-10 20:02:50,379 [INFO] PluginManage:196 - Search for loadable plugins [exclusion list=, ]
2023-10-10 20:02:50,380 [INFO] PluginManage:310 - Check plugin analytics
2023-10-10 20:02:50,486 [INFO] AnalyticsPlugin:253 - Accepted Software Licenses: 
2023-10-10 20:02:50,486 [INFO] AnalyticsPlugin:255 - Accepted CMSIS Pack Licenses: 
2023-10-10 20:02:50,486 [INFO] AnalyticsPlugin:257 - Accepted Firmware Licenses: 
2023-10-10 20:02:50,489 [INFO] PluginManage:359 - Loaded plugin analytics (category:tool,tabindex:-1)
2023-10-10 20:02:50,489 [INFO] PluginManage:310 - Check plugin cadmodel
2023-10-10 20:02:50,539 [INFO] CADModel:105 - Init CAD model plugin
2023-10-10 20:02:50,539 [INFO] PluginManage:359 - Loaded plugin cadmodel (category:power,tabindex:5)
2023-10-10 20:02:50,539 [INFO] PluginManage:310 - Check plugin clock
2023-10-10 20:02:50,546 [INFO] PluginManage:359 - Loaded plugin clock (category:base,tabindex:2)
2023-10-10 20:02:50,547 [INFO] PluginManage:310 - Check plugin ddr
2023-10-10 20:02:50,548 [INFO] PluginManage:359 - Loaded plugin ddr (category:tool,tabindex:6)
2023-10-10 20:02:50,549 [INFO] PluginManage:310 - Check plugin filemanager
2023-10-10 20:02:50,639 [INFO] PluginManage:359 - Loaded plugin filemanager (category:base,tabindex:10)
2023-10-10 20:02:50,639 [INFO] PluginManage:310 - Check plugin ipmanager
2023-10-10 20:02:50,642 [INFO] PluginManage:359 - Loaded plugin ipmanager (category:base,tabindex:5)
2023-10-10 20:02:50,643 [INFO] PluginManage:310 - Check plugin lpbam
2023-10-10 20:02:50,649 [INFO] PluginManage:359 - Loaded plugin lpbam (category:base,tabindex:0)
2023-10-10 20:02:50,649 [INFO] PluginManage:310 - Check plugin memorymap
2023-10-10 20:02:50,657 [INFO] PluginManage:359 - Loaded plugin memorymap (category:base,tabindex:4)
2023-10-10 20:02:50,658 [INFO] PluginManage:310 - Check plugin pinoutandconfiguration
2023-10-10 20:02:50,662 [INFO] PluginManage:359 - Loaded plugin pinoutandconfiguration (category:base,tabindex:1)
2023-10-10 20:02:50,662 [INFO] PluginManage:310 - Check plugin pinoutconfig
2023-10-10 20:02:50,717 [WARN] SupportedApi:132 - Cannot load RTOS API schema: s4s-elt-must-match.1: The content of 'definitions' must match (annotation?, (simpleType | complexType)?, (unique | key | keyref)*)). A problem was found starting at: attribute.
2023-10-10 20:02:50,805 [INFO] PluginManage:359 - Loaded plugin pinoutconfig (category:base,tabindex:0)
2023-10-10 20:02:50,806 [INFO] PluginManage:310 - Check plugin power
2023-10-10 20:02:50,812 [INFO] PluginManage:359 - Loaded plugin power (category:power,tabindex:4)
2023-10-10 20:02:50,812 [INFO] PluginManage:310 - Check plugin projectmanager
2023-10-10 20:02:50,821 [INFO] PluginManage:359 - Loaded plugin projectmanager (category:projectmanager,tabindex:3)
2023-10-10 20:02:50,821 [INFO] PluginManage:310 - Check plugin thirdparty
2023-10-10 20:02:50,903 [INFO] PluginManage:359 - Loaded plugin thirdparty (category:base,tabindex:-1)
2023-10-10 20:02:50,903 [WARN] IntegrityCheckThread:84 - waiting for thirdparty lock release [integrity check]
2023-10-10 20:02:50,903 [INFO] PluginManage:310 - Check plugin tools
2023-10-10 20:02:50,903 [INFO] IntegrityCheckThread:86 - entering critical section [integrity check]
2023-10-10 20:02:50,904 [INFO] ThirdPartyUpdaterWithRetryManager:70 - Updater plugin not ready yet. [1/15]
2023-10-10 20:02:50,905 [INFO] PluginManage:359 - Loaded plugin tools (category:base,tabindex:7)
2023-10-10 20:02:50,905 [INFO] PluginManage:310 - Check plugin tutovideos
2023-10-10 20:02:51,018 [INFO] PluginManage:359 - Loaded plugin tutovideos (category:base,tabindex:-1)
2023-10-10 20:02:51,019 [INFO] PluginManage:310 - Check plugin updater
2023-10-10 20:02:51,026 [INFO] PluginManage:359 - Loaded plugin updater (category:base,tabindex:12)
2023-10-10 20:02:51,027 [INFO] PluginManage:310 - Check plugin userauth
2023-10-10 20:02:51,030 [INFO] UserAuth:113 - Init User Auth plugin
2023-10-10 20:02:51,031 [INFO] PluginManage:359 - Loaded plugin userauth (category:base,tabindex:14)
2023-10-10 20:02:51,031 [INFO] PluginManage:283 - PluginManage : Loaded plugins [17]
2023-10-10 20:02:51,158 [INFO] PinOutPanel:1499 - setPackage(No Configuration,No Configuration)
2023-10-10 20:02:51,225 [INFO] CADModel:165 - CPN selected for project level
2023-10-10 20:02:51,226 [INFO] CADModel:114 - Register for checkConnection events
2023-10-10 20:02:51,234 [INFO] IPUIPlugin:80 - create IPUIPlugin
2023-10-10 20:02:51,234 [INFO] PluginManager:220 - loadIPPluginJar : add ltdc
2023-10-10 20:02:51,238 [INFO] IPUIPlugin:80 - create IPUIPlugin
2023-10-10 20:02:51,238 [INFO] PluginManager:220 - loadIPPluginJar : add i2s
2023-10-10 20:02:51,239 [INFO] IPUIPlugin:80 - create IPUIPlugin
2023-10-10 20:02:51,239 [INFO] PluginManager:220 - loadIPPluginJar : add can
2023-10-10 20:02:51,241 [INFO] IPUIPlugin:80 - create IPUIPlugin
2023-10-10 20:02:51,242 [INFO] PluginManager:220 - loadIPPluginJar : add gpio
2023-10-10 20:02:51,245 [INFO] IPUIPlugin:80 - create IPUIPlugin
2023-10-10 20:02:51,245 [INFO] PluginManager:220 - loadIPPluginJar : add freertos
2023-10-10 20:02:51,246 [INFO] IPUIPlugin:80 - create IPUIPlugin
2023-10-10 20:02:51,246 [INFO] PluginManager:220 - loadIPPluginJar : add dma3
2023-10-10 20:02:51,247 [INFO] IPUIPlugin:80 - create IPUIPlugin
2023-10-10 20:02:51,247 [INFO] PluginManager:220 - loadIPPluginJar : add fatfs
2023-10-10 20:02:51,248 [INFO] IPUIPlugin:80 - create IPUIPlugin
2023-10-10 20:02:51,248 [INFO] PluginManager:220 - loadIPPluginJar : add cryp
2023-10-10 20:02:51,252 [INFO] IPUIPlugin:80 - create IPUIPlugin
2023-10-10 20:02:51,252 [INFO] PluginManager:220 - loadIPPluginJar : add adc
2023-10-10 20:02:51,254 [INFO] IPUIPlugin:80 - create IPUIPlugin
2023-10-10 20:02:51,254 [INFO] PluginManager:220 - loadIPPluginJar : add usart
2023-10-10 20:02:51,256 [INFO] IPUIPlugin:80 - create IPUIPlugin
2023-10-10 20:02:51,256 [INFO] PluginManager:220 - loadIPPluginJar : add touchsensing
2023-10-10 20:02:51,258 [INFO] IPUIPlugin:80 - create IPUIPlugin
2023-10-10 20:02:51,258 [INFO] PluginManager:220 - loadIPPluginJar : add gtzc
2023-10-10 20:02:51,259 [INFO] IPUIPlugin:80 - create IPUIPlugin
2023-10-10 20:02:51,259 [INFO] PluginManager:220 - loadIPPluginJar : add aes
2023-10-10 20:02:51,261 [INFO] IPUIPlugin:80 - create IPUIPlugin
2023-10-10 20:02:51,261 [INFO] PluginManager:220 - loadIPPluginJar : add nvic
2023-10-10 20:02:51,262 [INFO] IPUIPlugin:80 - create IPUIPlugin
2023-10-10 20:02:51,262 [INFO] PluginManager:220 - loadIPPluginJar : add gfxmmu
2023-10-10 20:02:51,263 [INFO] IPUIPlugin:80 - create IPUIPlugin
2023-10-10 20:02:51,263 [INFO] PluginManager:220 - loadIPPluginJar : add tim
2023-10-10 20:02:51,264 [INFO] IPUIPlugin:80 - create IPUIPlugin
2023-10-10 20:02:51,264 [INFO] PluginManager:220 - loadIPPluginJar : add lorawan
2023-10-10 20:02:51,268 [INFO] IPUIPlugin:80 - create IPUIPlugin
2023-10-10 20:02:51,268 [INFO] PluginManager:220 - loadIPPluginJar : add linkedlist
2023-10-10 20:02:51,272 [INFO] IPUIPlugin:80 - create IPUIPlugin
2023-10-10 20:02:51,272 [INFO] PluginManager:220 - loadIPPluginJar : add mdma
2023-10-10 20:02:51,275 [INFO] IPUIPlugin:80 - create IPUIPlugin
2023-10-10 20:02:51,275 [INFO] PluginManager:220 - loadIPPluginJar : add stm32_wpan
2023-10-10 20:02:51,276 [INFO] IPUIPlugin:80 - create IPUIPlugin
2023-10-10 20:02:51,276 [INFO] PluginManager:220 - loadIPPluginJar : add tsc
2023-10-10 20:02:51,281 [INFO] IPUIPlugin:80 - create IPUIPlugin
2023-10-10 20:02:51,283 [INFO] PluginManager:220 - loadIPPluginJar : add plateformsettings
2023-10-10 20:02:51,285 [INFO] IPUIPlugin:80 - create IPUIPlugin
2023-10-10 20:02:51,286 [INFO] PluginManager:220 - loadIPPluginJar : add spi
2023-10-10 20:02:51,287 [INFO] IPUIPlugin:80 - create IPUIPlugin
2023-10-10 20:02:51,287 [INFO] PluginManager:220 - loadIPPluginJar : add comp
2023-10-10 20:02:51,290 [INFO] IPUIPlugin:80 - create IPUIPlugin
2023-10-10 20:02:51,290 [INFO] PluginManager:220 - loadIPPluginJar : add i2c
2023-10-10 20:02:51,292 [INFO] IPUIPlugin:80 - create IPUIPlugin
2023-10-10 20:02:51,292 [INFO] PluginManager:220 - loadIPPluginJar : add hash
2023-10-10 20:02:51,298 [INFO] IPUIPlugin:80 - create IPUIPlugin
2023-10-10 20:02:51,298 [INFO] PluginManager:220 - loadIPPluginJar : add gic
2023-10-10 20:02:51,301 [INFO] IPUIPlugin:80 - create IPUIPlugin
2023-10-10 20:02:51,301 [INFO] PluginManager:220 - loadIPPluginJar : add i3c
2023-10-10 20:02:51,304 [INFO] IPUIPlugin:80 - create IPUIPlugin
2023-10-10 20:02:51,304 [INFO] PluginManager:220 - loadIPPluginJar : add sai
2023-10-10 20:02:51,309 [INFO] IPUIPlugin:80 - create IPUIPlugin
2023-10-10 20:02:51,309 [INFO] PluginManager:220 - loadIPPluginJar : add fmc
2023-10-10 20:02:51,310 [INFO] IPUIPlugin:80 - create IPUIPlugin
2023-10-10 20:02:51,310 [INFO] PluginManager:220 - loadIPPluginJar : add genericplugin
2023-10-10 20:02:51,312 [INFO] IPUIPlugin:80 - create IPUIPlugin
2023-10-10 20:02:51,312 [INFO] PluginManager:220 - loadIPPluginJar : add pdm2pcm
2023-10-10 20:02:51,315 [INFO] IPUIPlugin:80 - create IPUIPlugin
2023-10-10 20:02:51,315 [INFO] PluginManager:220 - loadIPPluginJar : add ipddr
2023-10-10 20:02:51,316 [INFO] IPUIPlugin:80 - create IPUIPlugin
2023-10-10 20:02:51,316 [INFO] PluginManager:220 - loadIPPluginJar : add quadspi
2023-10-10 20:02:51,317 [INFO] IPUIPlugin:80 - create IPUIPlugin
2023-10-10 20:02:51,317 [INFO] PluginManager:220 - loadIPPluginJar : add ucpd
2023-10-10 20:02:51,319 [INFO] IPUIPlugin:80 - create IPUIPlugin
2023-10-10 20:02:51,319 [INFO] PluginManager:220 - loadIPPluginJar : add ts
2023-10-10 20:02:51,321 [INFO] IPUIPlugin:80 - create IPUIPlugin
2023-10-10 20:02:51,321 [INFO] PluginManager:220 - loadIPPluginJar : add openamp
2023-10-10 20:02:51,324 [INFO] IPUIPlugin:80 - create IPUIPlugin
2023-10-10 20:02:51,324 [INFO] PluginManager:220 - loadIPPluginJar : add resmgrutility
2023-10-10 20:02:51,329 [INFO] IPUIPlugin:80 - create IPUIPlugin
2023-10-10 20:02:51,329 [INFO] PluginManager:220 - loadIPPluginJar : add dma
2023-10-10 20:02:51,330 [INFO] IPUIPlugin:80 - create IPUIPlugin
2023-10-10 20:02:51,331 [INFO] PluginManager:220 - loadIPPluginJar : add dfsdm
2023-10-10 20:02:51,332 [INFO] IPUIPlugin:80 - create IPUIPlugin
2023-10-10 20:02:51,332 [INFO] PluginManager:220 - loadIPPluginJar : add tracer_emb
2023-10-10 20:02:51,334 [INFO] IPUIPlugin:80 - create IPUIPlugin
2023-10-10 20:02:51,334 [INFO] PluginManager:220 - loadIPPluginJar : add opamp
2023-10-10 20:02:51,336 [INFO] IPUIPlugin:80 - create IPUIPlugin
2023-10-10 20:02:51,336 [INFO] PluginManager:220 - loadIPPluginJar : add usbx
2023-10-10 20:02:51,428 [INFO] CADModel:165 - CPN selected for project level
2023-10-10 20:02:51,428 [INFO] CADModel:114 - Register for checkConnection events
2023-10-10 20:02:51,428 [FATAL] Updater:308 - Updater called before beeing initialized
2023-10-10 20:02:51,428 [ERROR] CADModel:125 - Updater not yet initialized, retry later 
2023-10-10 20:02:51,509 [INFO] CADModel:165 - CPN selected for project level
2023-10-10 20:02:51,509 [INFO] CADModel:114 - Register for checkConnection events
2023-10-10 20:02:51,509 [FATAL] Updater:308 - Updater called before beeing initialized
2023-10-10 20:02:51,509 [ERROR] CADModel:125 - Updater not yet initialized, retry later 
2023-10-10 20:02:51,511 [FATAL] Updater:308 - Updater called before beeing initialized
2023-10-10 20:02:51,575 [FATAL] Updater:308 - Updater called before beeing initialized
2023-10-10 20:02:51,579 [INFO] DbMcusAds:53 - JSON generation date=Tue Mar 07 09:50:55 CET 2023 (1678179055335)
2023-10-10 20:02:51,579 [FATAL] Updater:308 - Updater called before beeing initialized
2023-10-10 20:02:51,603 [WARN] DetailPanel:346 - Failed to get advertising image, set to default
2023-10-10 20:02:51,657 [FATAL] Updater:308 - Updater called before beeing initialized
2023-10-10 20:02:51,659 [FATAL] Updater:308 - Updater called before beeing initialized
2023-10-10 20:02:51,659 [FATAL] Updater:308 - Updater called before beeing initialized
2023-10-10 20:02:51,659 [WARN] DetailPanel:346 - Failed to get advertising image, set to default
2023-10-10 20:02:51,660 [FATAL] Updater:308 - Updater called before beeing initialized
2023-10-10 20:02:51,677 [ERROR] Updater:1120 - MainUpdater not yet initialized. External WinMGr cannot be set.
2023-10-10 20:02:51,679 [INFO] Updater:1056 - Updater Version found : 6.9.2
2023-10-10 20:02:51,694 [INFO] ApplicationProperties:184 - Using Application install path: /opt/st/stm32cubeide_1.13.2/plugins/com.st.stm32cube.common.mx_6.9.2.202309101412
2023-10-10 20:02:51,767 [INFO] MainUpdater:2868 - connection check result : 10
2023-10-10 20:02:51,768 [INFO] MainUpdater:285 - Updater Check For Update Now.
2023-10-10 20:02:51,768 [INFO] MicroXplorer:498 - Change Database Version : DB.6.0.92
2023-10-10 20:02:51,772 [INFO] McuFinderGlobals:63 - Set McuFinder mode to 2 (CubeIDE integrated)
2023-10-10 20:02:51,911 [INFO] CheckServerUpdateThread:120 - End of CheckServer Thread
2023-10-10 20:02:53,967 [WARN] PackLoader:240 - Cannot read IP mode file for STMicroelectronics.X-CUBE-SMBUS.2.1.0
2023-10-10 20:02:53,990 [WARN] PackLoader:240 - Cannot read IP mode file for STMicroelectronics.X-CUBE-AZRTOS-F7.1.1.0
2023-10-10 20:02:53,997 [WARN] PackLoader:240 - Cannot read IP mode file for STMicroelectronics.FP-SNS-MOTENV1.4.3.2
2023-10-10 20:02:54,001 [WARN] PackLoader:240 - Cannot read IP mode file for STMicroelectronics.FP-SNS-FLIGHT1.5.0.2
2023-10-10 20:02:54,006 [WARN] PackLoader:240 - Cannot read IP mode file for STMicroelectronics.X-CUBE-DISPLAY.3.0.0
2023-10-10 20:02:54,013 [WARN] PackLoader:240 - Cannot read IP mode file for STMicroelectronics.X-CUBE-BLE1.7.0.0
2023-10-10 20:02:54,017 [WARN] PackLoader:240 - Cannot read IP mode file for emotas.I-CUBE-CANOPEN.1.3.0
2023-10-10 20:02:54,020 [WARN] PackLoader:240 - Cannot read IP mode file for STMicroelectronics.X-CUBE-TOUCHGFX.4.22.0
2023-10-10 20:02:54,022 [WARN] PackLoader:240 - Cannot read IP mode file for STMicroelectronics.X-CUBE-TOUCHGFX.4.22.1
2023-10-10 20:02:54,025 [WARN] PackLoader:240 - Cannot read IP mode file for STMicroelectronics.FP-SNS-SMARTAG2.1.2.0
2023-10-10 20:02:54,031 [INFO] LogOutputStream:77 - [STDOUT_REDIRECT] 1 : Invalid condition id : UX_CORESTACK_Condition cause : null
2023-10-10 20:02:54,032 [INFO] LogOutputStream:77 - [STDOUT_REDIRECT] 1 : Invalid condition id : UX_CORESTACK_Condition cause : null
2023-10-10 20:02:54,032 [INFO] LogOutputStream:77 - [STDOUT_REDIRECT] 1 : Invalid condition id : UX_CORESTACK_Condition cause : null
2023-10-10 20:02:54,032 [INFO] LogOutputStream:77 - [STDOUT_REDIRECT] 1 : Invalid condition id : UX_CORESTACK_Condition cause : null
2023-10-10 20:02:54,032 [INFO] LogOutputStream:77 - [STDOUT_REDIRECT] 1 : Invalid condition id : UX_CORESTACK_Condition cause : null
2023-10-10 20:02:54,035 [WARN] PackLoader:240 - Cannot read IP mode file for STMicroelectronics.X-CUBE-AZRTOS-WL.2.0.0
2023-10-10 20:02:54,040 [WARN] PackLoader:240 - Cannot read IP mode file for WES.I-CUBE-Cesium.1.3.0
2023-10-10 20:02:54,044 [WARN] PackLoader:240 - Cannot read IP mode file for STMicroelectronics.X-CUBE-BLE2.3.3.0
2023-10-10 20:02:54,048 [WARN] PackLoader:240 - Cannot read IP mode file for STMicroelectronics.X-CUBE-ALGOBUILD.1.3.0
2023-10-10 20:02:54,064 [WARN] PackLoader:240 - Cannot read IP mode file for STMicroelectronics.X-CUBE-AZRTOS-G0.1.1.0
2023-10-10 20:02:54,072 [WARN] PackLoader:240 - Cannot read IP mode file for STMicroelectronics.X-CUBE-NFC4.3.0.0
2023-10-10 20:02:54,076 [WARN] PackLoader:240 - Cannot read IP mode file for STMicroelectronics.FP-ATR-SIGFOX1.3.2.0
2023-10-10 20:02:54,106 [WARN] PackLoader:240 - Cannot read IP mode file for SEGGER.I-CUBE-embOS.1.3.1
2023-10-10 20:02:54,159 [WARN] PackLoader:240 - Cannot read IP mode file for STMicroelectronics.X-CUBE-GNSS1.6.0.0
2023-10-10 20:02:54,171 [WARN] PackLoader:240 - Cannot read IP mode file for STMicroelectronics.X-CUBE-AZRTOS-F4.1.1.0
2023-10-10 20:02:54,177 [WARN] PackLoader:240 - Cannot read IP mode file for wolfSSL.I-CUBE-wolfSSL.5.6.3
2023-10-10 20:02:54,201 [WARN] PackLoader:240 - Cannot read IP mode file for STMicroelectronics.X-CUBE-AZRTOS-L5.2.0.0
2023-10-10 20:02:54,228 [WARN] PackLoader:240 - Cannot read IP mode file for STMicroelectronics.X-CUBE-MEMS1.9.6.0
2023-10-10 20:02:54,340 [WARN] PackLoader:240 - Cannot read IP mode file for ITTIA_DB.I-CUBE-ITTIADB.8.8.0
2023-10-10 20:02:54,345 [WARN] PackLoader:240 - Cannot read IP mode file for STMicroelectronics.X-CUBE-BLEMGR.2.0.0
2023-10-10 20:02:54,354 [WARN] ConditionMgr:438 - getConditionDescription Invalid condition id : UX DEVICE CLASS RTOS Condition cause : null
2023-10-10 20:02:54,355 [WARN] ConditionMgr:438 - getConditionDescription Invalid condition id : UX DEVICE CLASS RTOS Condition cause : null
2023-10-10 20:02:54,356 [WARN] PackLoader:240 - Cannot read IP mode file for STMicroelectronics.X-CUBE-AZRTOS-H7.3.1.0
2023-10-10 20:02:54,357 [WARN] ConditionMgr:1039 - genDependencies : Invalid condition id : UX DEVICE CLASS RTOS Condition cause : null
2023-10-10 20:02:54,357 [WARN] ConditionMgr:1039 - genDependencies : Invalid condition id : UX DEVICE CLASS RTOS Condition cause : null
2023-10-10 20:02:54,358 [WARN] ConditionMgr:1039 - genDependencies : Invalid condition id : UX DEVICE CLASS RTOS Condition cause : null
2023-10-10 20:02:54,358 [WARN] ConditionMgr:1039 - genDependencies : Invalid condition id : UX DEVICE CLASS RTOS Condition cause : null
2023-10-10 20:02:54,358 [WARN] ConditionMgr:1039 - genDependencies : Invalid condition id : UX DEVICE CLASS RTOS Condition cause : null
2023-10-10 20:02:54,361 [WARN] PackLoader:240 - Cannot read IP mode file for STMicroelectronics.X-CUBE-NFC7.1.0.1
2023-10-10 20:02:54,366 [WARN] PackLoader:240 - Cannot read IP mode file for STMicroelectronics.X-CUBE-NFC6.3.0.0
2023-10-10 20:02:54,370 [WARN] PackLoader:240 - Cannot read IP mode file for STMicroelectronics.X-CUBE-EEPRMA1.4.1.0
2023-10-10 20:02:54,373 [WARN] PackLoader:240 - Cannot read IP mode file for STMicroelectronics.X-CUBE-AI.8.1.0
2023-10-10 20:02:54,382 [WARN] ConditionMgr:438 - getConditionDescription Invalid condition id : LAN8742 Phy interface Condition cause : null
2023-10-10 20:02:54,383 [WARN] PackLoader:240 - Cannot read IP mode file for STMicroelectronics.X-CUBE-AZRTOS-L4.2.0.0
2023-10-10 20:02:54,383 [WARN] ConditionMgr:1039 - genDependencies : Invalid condition id : LAN8742 Phy interface Condition cause : null
2023-10-10 20:02:54,384 [WARN] ConditionMgr:1039 - genDependencies : Invalid condition id : LAN8742 Phy interface Condition cause : null
2023-10-10 20:02:54,384 [WARN] ConditionMgr:1039 - genDependencies : Invalid condition id : LAN8742 Phy interface Condition cause : null
2023-10-10 20:02:54,388 [WARN] PackLoader:240 - Cannot read IP mode file for STMicroelectronics.X-CUBE-SFXS2LP1.4.0.0
2023-10-10 20:02:54,391 [WARN] PackLoader:240 - Cannot read IP mode file for STMicroelectronics.X-CUBE-ISPU.1.1.0
2023-10-10 20:02:54,398 [WARN] ConditionMgr:438 - getConditionDescription Invalid condition id : UX DEVICE CLASS RTOS Condition cause : null
2023-10-10 20:02:54,398 [WARN] ConditionMgr:438 - getConditionDescription Invalid condition id : UX DEVICE CLASS RTOS Condition cause : null
2023-10-10 20:02:54,400 [WARN] PackLoader:240 - Cannot read IP mode file for STMicroelectronics.X-CUBE-AZRTOS-WB.2.0.0
2023-10-10 20:02:54,400 [WARN] ConditionMgr:1039 - genDependencies : Invalid condition id : UX DEVICE CLASS RTOS Condition cause : null
2023-10-10 20:02:54,400 [WARN] ConditionMgr:1039 - genDependencies : Invalid condition id : UX DEVICE CLASS RTOS Condition cause : null
2023-10-10 20:02:54,400 [WARN] ConditionMgr:1039 - genDependencies : Invalid condition id : UX DEVICE CLASS RTOS Condition cause : null
2023-10-10 20:02:54,401 [WARN] ConditionMgr:1039 - genDependencies : Invalid condition id : UX DEVICE CLASS RTOS Condition cause : null
2023-10-10 20:02:54,401 [WARN] ConditionMgr:1039 - genDependencies : Invalid condition id : UX DEVICE CLASS RTOS Condition cause : null
2023-10-10 20:02:54,407 [WARN] PackLoader:240 - Cannot read IP mode file for STMicroelectronics.X-CUBE-SUBG2.5.0.0
2023-10-10 20:02:54,419 [WARN] PackLoader:240 - Cannot read IP mode file for STMicroelectronics.X-CUBE-TOF1.3.3.1
2023-10-10 20:02:54,441 [WARN] PackLoader:240 - Cannot read IP mode file for STMicroelectronics.X-CUBE-AZRTOS-G4.2.0.0
2023-10-10 20:02:54,454 [WARN] PackLoader:240 - Cannot read IP mode file for Infineon.AIROC-Wi-Fi-Bluetooth-STM32.1.5.1
2023-10-10 20:02:54,467 [WARN] PackLoader:240 - Cannot read IP mode file for STMicroelectronics.X-CUBE-FREERTOS.1.1.0
2023-10-10 20:02:54,472 [WARN] PackLoader:240 - Cannot read IP mode file for portGmbH.I-Cube-SoM-uGOAL.1.1.0
2023-10-10 20:02:54,475 [WARN] PackLoader:240 - Cannot read IP mode file for STMicroelectronics.X-CUBE-ALS.1.0.1
2023-10-10 20:02:54,479 [WARN] PackLoader:240 - Cannot read IP mode file for STMicroelectronics.FP-ATR-ASTRA1.2.0.0
2023-10-10 20:02:54,480 [INFO] ThirdParty:978 - Integrity check success = true
2023-10-10 20:02:54,480 [INFO] IntegrityCheckThread:100 - exiting critical section [integrity check]
2023-10-10 20:02:54,480 [INFO] IntegrityCheckThread:103 - End integrity checks thread
2023-10-10 20:03:12,241 [ERROR] LogOutputStream:75 - [STDERR_REDIRECT] SLF4J: Failed to load class "org.slf4j.impl.StaticLoggerBinder".
2023-10-10 20:03:12,241 [ERROR] LogOutputStream:75 - [STDERR_REDIRECT] SLF4J: Defaulting to no-operation (NOP) logger implementation
2023-10-10 20:03:12,242 [ERROR] LogOutputStream:75 - [STDERR_REDIRECT] SLF4J: See http://www.slf4j.org/codes.html#StaticLoggerBinder for further details.
