2023-09-25 20:26:48,961 [INFO] Activator:176 - 


2023-09-25 20:26:48,962 [INFO] Activator:177 - !SESSION log4j initialized
2023-09-25 20:26:50,706 [INFO] LogOutputStream:77 - [STDOUT_REDIRECT] 
2023-09-25 20:26:54,046 [INFO] ApplicationProperties:184 - Using Application install path: /opt/st/stm32cubeide_1.13.2/plugins/com.st.stm32cube.common.mx_6.9.2.202309101412
2023-09-25 20:26:54,060 [INFO] DbMcusXml:78 - Set database path to: /opt/st/stm32cubeide_1.13.2/plugins/com.st.stm32cube.common.mx_6.9.2.202309101412//db//mcu/
2023-09-25 20:26:54,060 [INFO] ApiDb:274 - Set plugin database path to: /opt/st/stm32cubeide_1.13.2/plugins/com.st.stm32cube.common.mx_6.9.2.202309101412//db//plugins/boardmanager/
2023-09-25 20:26:54,061 [WARN] ApiDb:259 - Overriding images path with different value:  => /opt/st/stm32cubeide_1.13.2/plugins/com.st.stm32cube.common.mx_6.9.2.202309101412//db//plugins/mcufinder/images/
2023-09-25 20:26:54,067 [INFO] ApiDb:250 - Set database path to: /home/laptop/.stmcufinder/plugins/mcufinder//mcu/
2023-09-25 20:26:54,069 [INFO] DbMcusAds:125 - Set database path to: /home/laptop/.stmcufinder/plugins/mcufinder//mcu/
2023-09-25 20:26:54,070 [INFO] CrossReferenceDbSqlite:203 - Set database path to: /home/laptop/.stmcufinder/plugins/mcufinder//mcu/cs/
2023-09-25 20:26:54,152 [INFO] RulesReader:64 - Compatibility file has been processed (293 Rules)
2023-09-25 20:26:54,192 [INFO] DbMcusXml:78 - Set database path to: /opt/st/stm32cubeide_1.13.2/plugins/com.st.stm32cube.common.mx_6.9.2.202309101412//db//mcu/
2023-09-25 20:26:54,192 [INFO] ApiDb:274 - Set plugin database path to: /opt/st/stm32cubeide_1.13.2/plugins/com.st.stm32cube.common.mx_6.9.2.202309101412//db//plugins/boardmanager/
2023-09-25 20:26:54,192 [INFO] ApiDb:261 - Set plugin images path to: /opt/st/stm32cubeide_1.13.2/plugins/com.st.stm32cube.common.mx_6.9.2.202309101412//db//plugins/mcufinder/images/
2023-09-25 20:26:54,192 [WARN] DbFile:41 - Overriding database path with different value: /home/laptop/.stmcufinder/plugins/mcufinder/ => /home/laptop/.stmcufinder/plugins/mcufinder
2023-09-25 20:26:54,192 [INFO] ApiDb:250 - Set database path to: /home/laptop/.stmcufinder/plugins/mcufinder//mcu/
2023-09-25 20:26:54,192 [WARN] DbFile:41 - Overriding database path with different value: /home/laptop/.stmcufinder/plugins/mcufinder/ => /home/laptop/.stmcufinder/plugins/mcufinder
2023-09-25 20:26:54,192 [INFO] DbMcusAds:125 - Set database path to: /home/laptop/.stmcufinder/plugins/mcufinder//mcu/
2023-09-25 20:26:54,192 [WARN] DbFile:41 - Overriding database path with different value: /home/laptop/.stmcufinder/plugins/mcufinder/ => /home/laptop/.stmcufinder/plugins/mcufinder
2023-09-25 20:26:54,192 [WARN] DbFile:41 - Overriding database path with different value: /home/laptop/.stmcufinder/plugins/mcufinder/ => /home/laptop/.stmcufinder/plugins/mcufinder
2023-09-25 20:26:54,192 [INFO] CrossReferenceDbSqlite:203 - Set database path to: /home/laptop/.stmcufinder/plugins/mcufinder//mcu/cs/
2023-09-25 20:26:54,238 [INFO] MainPanel:262 - HeapMemory: 268435456
2023-09-25 20:26:54,294 [INFO] DbMcusXml:78 - Set database path to: /opt/st/stm32cubeide_1.13.2/plugins/com.st.stm32cube.common.mx_6.9.2.202309101412//db//mcu/
2023-09-25 20:26:54,295 [INFO] ApiDb:274 - Set plugin database path to: /opt/st/stm32cubeide_1.13.2/plugins/com.st.stm32cube.common.mx_6.9.2.202309101412//db//plugins/boardmanager/
2023-09-25 20:26:54,295 [INFO] ApiDb:261 - Set plugin images path to: /opt/st/stm32cubeide_1.13.2/plugins/com.st.stm32cube.common.mx_6.9.2.202309101412//db//plugins/mcufinder/images/
2023-09-25 20:26:54,295 [WARN] DbFile:41 - Overriding database path with different value: /home/laptop/.stmcufinder/plugins/mcufinder/ => /home/laptop/.stmcufinder/plugins/mcufinder
2023-09-25 20:26:54,295 [INFO] ApiDb:250 - Set database path to: /home/laptop/.stmcufinder/plugins/mcufinder//mcu/
2023-09-25 20:26:54,295 [WARN] DbFile:41 - Overriding database path with different value: /home/laptop/.stmcufinder/plugins/mcufinder/ => /home/laptop/.stmcufinder/plugins/mcufinder
2023-09-25 20:26:54,295 [INFO] DbMcusAds:125 - Set database path to: /home/laptop/.stmcufinder/plugins/mcufinder//mcu/
2023-09-25 20:26:54,295 [WARN] DbFile:41 - Overriding database path with different value: /home/laptop/.stmcufinder/plugins/mcufinder/ => /home/laptop/.stmcufinder/plugins/mcufinder
2023-09-25 20:26:54,295 [WARN] DbFile:41 - Overriding database path with different value: /home/laptop/.stmcufinder/plugins/mcufinder/ => /home/laptop/.stmcufinder/plugins/mcufinder
2023-09-25 20:26:54,295 [INFO] CrossReferenceDbSqlite:203 - Set database path to: /home/laptop/.stmcufinder/plugins/mcufinder//mcu/cs/
2023-09-25 20:26:54,305 [INFO] ApplicationProperties:184 - Using Application install path: /opt/st/stm32cubeide_1.13.2/plugins/com.st.stm32cube.common.mx_6.9.2.202309101412
2023-09-25 20:26:54,307 [INFO] PluginManage:196 - Search for loadable plugins [exclusion list=, ]
2023-09-25 20:26:54,307 [INFO] PluginManage:310 - Check plugin analytics
2023-09-25 20:26:54,400 [INFO] AnalyticsPlugin:253 - Accepted Software Licenses: 
2023-09-25 20:26:54,401 [INFO] AnalyticsPlugin:255 - Accepted CMSIS Pack Licenses: 
2023-09-25 20:26:54,401 [INFO] AnalyticsPlugin:257 - Accepted Firmware Licenses: 
2023-09-25 20:26:54,402 [INFO] PluginManage:359 - Loaded plugin analytics (category:tool,tabindex:-1)
2023-09-25 20:26:54,403 [INFO] PluginManage:310 - Check plugin cadmodel
2023-09-25 20:26:54,421 [INFO] CADModel:105 - Init CAD model plugin
2023-09-25 20:26:54,422 [INFO] PluginManage:359 - Loaded plugin cadmodel (category:power,tabindex:5)
2023-09-25 20:26:54,422 [INFO] PluginManage:310 - Check plugin clock
2023-09-25 20:26:54,428 [INFO] PluginManage:359 - Loaded plugin clock (category:base,tabindex:2)
2023-09-25 20:26:54,429 [INFO] PluginManage:310 - Check plugin ddr
2023-09-25 20:26:54,430 [INFO] PluginManage:359 - Loaded plugin ddr (category:tool,tabindex:6)
2023-09-25 20:26:54,430 [INFO] PluginManage:310 - Check plugin filemanager
2023-09-25 20:26:54,520 [INFO] PluginManage:359 - Loaded plugin filemanager (category:base,tabindex:10)
2023-09-25 20:26:54,520 [INFO] PluginManage:310 - Check plugin ipmanager
2023-09-25 20:26:54,525 [INFO] PluginManage:359 - Loaded plugin ipmanager (category:base,tabindex:5)
2023-09-25 20:26:54,525 [INFO] PluginManage:310 - Check plugin lpbam
2023-09-25 20:26:54,531 [INFO] PluginManage:359 - Loaded plugin lpbam (category:base,tabindex:0)
2023-09-25 20:26:54,531 [INFO] PluginManage:310 - Check plugin memorymap
2023-09-25 20:26:54,538 [INFO] PluginManage:359 - Loaded plugin memorymap (category:base,tabindex:4)
2023-09-25 20:26:54,538 [INFO] PluginManage:310 - Check plugin pinoutandconfiguration
2023-09-25 20:26:54,543 [INFO] PluginManage:359 - Loaded plugin pinoutandconfiguration (category:base,tabindex:1)
2023-09-25 20:26:54,543 [INFO] PluginManage:310 - Check plugin pinoutconfig
2023-09-25 20:26:54,626 [WARN] SupportedApi:132 - Cannot load RTOS API schema: s4s-elt-must-match.1: The content of 'definitions' must match (annotation?, (simpleType | complexType)?, (unique | key | keyref)*)). A problem was found starting at: attribute.
2023-09-25 20:26:54,711 [INFO] PluginManage:359 - Loaded plugin pinoutconfig (category:base,tabindex:0)
2023-09-25 20:26:54,712 [INFO] PluginManage:310 - Check plugin power
2023-09-25 20:26:54,717 [INFO] PluginManage:359 - Loaded plugin power (category:power,tabindex:4)
2023-09-25 20:26:54,717 [INFO] PluginManage:310 - Check plugin projectmanager
2023-09-25 20:26:54,728 [INFO] PluginManage:359 - Loaded plugin projectmanager (category:projectmanager,tabindex:3)
2023-09-25 20:26:54,729 [INFO] PluginManage:310 - Check plugin thirdparty
2023-09-25 20:26:54,807 [INFO] PluginManage:359 - Loaded plugin thirdparty (category:base,tabindex:-1)
2023-09-25 20:26:54,807 [WARN] IntegrityCheckThread:84 - waiting for thirdparty lock release [integrity check]
2023-09-25 20:26:54,807 [INFO] PluginManage:310 - Check plugin tools
2023-09-25 20:26:54,807 [INFO] IntegrityCheckThread:86 - entering critical section [integrity check]
2023-09-25 20:26:54,807 [INFO] ThirdPartyUpdaterWithRetryManager:70 - Updater plugin not ready yet. [1/15]
2023-09-25 20:26:54,808 [INFO] PluginManage:359 - Loaded plugin tools (category:base,tabindex:7)
2023-09-25 20:26:54,808 [INFO] PluginManage:310 - Check plugin tutovideos
2023-09-25 20:26:54,917 [INFO] PluginManage:359 - Loaded plugin tutovideos (category:base,tabindex:-1)
2023-09-25 20:26:54,917 [INFO] PluginManage:310 - Check plugin updater
2023-09-25 20:26:54,924 [INFO] PluginManage:359 - Loaded plugin updater (category:base,tabindex:12)
2023-09-25 20:26:54,924 [INFO] PluginManage:310 - Check plugin userauth
2023-09-25 20:26:54,928 [INFO] UserAuth:113 - Init User Auth plugin
2023-09-25 20:26:54,928 [INFO] PluginManage:359 - Loaded plugin userauth (category:base,tabindex:14)
2023-09-25 20:26:54,929 [INFO] PluginManage:283 - PluginManage : Loaded plugins [17]
2023-09-25 20:26:55,092 [INFO] PinOutPanel:1499 - setPackage(No Configuration,No Configuration)
2023-09-25 20:26:55,172 [INFO] CADModel:165 - CPN selected for project level
2023-09-25 20:26:55,172 [INFO] CADModel:114 - Register for checkConnection events
2023-09-25 20:26:55,181 [INFO] IPUIPlugin:80 - create IPUIPlugin
2023-09-25 20:26:55,182 [INFO] PluginManager:220 - loadIPPluginJar : add ltdc
2023-09-25 20:26:55,186 [INFO] IPUIPlugin:80 - create IPUIPlugin
2023-09-25 20:26:55,186 [INFO] PluginManager:220 - loadIPPluginJar : add i2s
2023-09-25 20:26:55,187 [INFO] IPUIPlugin:80 - create IPUIPlugin
2023-09-25 20:26:55,188 [INFO] PluginManager:220 - loadIPPluginJar : add can
2023-09-25 20:26:55,190 [INFO] IPUIPlugin:80 - create IPUIPlugin
2023-09-25 20:26:55,191 [INFO] PluginManager:220 - loadIPPluginJar : add gpio
2023-09-25 20:26:55,195 [INFO] IPUIPlugin:80 - create IPUIPlugin
2023-09-25 20:26:55,195 [INFO] PluginManager:220 - loadIPPluginJar : add freertos
2023-09-25 20:26:55,196 [INFO] IPUIPlugin:80 - create IPUIPlugin
2023-09-25 20:26:55,196 [INFO] PluginManager:220 - loadIPPluginJar : add dma3
2023-09-25 20:26:55,197 [INFO] IPUIPlugin:80 - create IPUIPlugin
2023-09-25 20:26:55,197 [INFO] PluginManager:220 - loadIPPluginJar : add fatfs
2023-09-25 20:26:55,198 [INFO] IPUIPlugin:80 - create IPUIPlugin
2023-09-25 20:26:55,198 [INFO] PluginManager:220 - loadIPPluginJar : add cryp
2023-09-25 20:26:55,203 [INFO] IPUIPlugin:80 - create IPUIPlugin
2023-09-25 20:26:55,203 [INFO] PluginManager:220 - loadIPPluginJar : add adc
2023-09-25 20:26:55,205 [INFO] IPUIPlugin:80 - create IPUIPlugin
2023-09-25 20:26:55,205 [INFO] PluginManager:220 - loadIPPluginJar : add usart
2023-09-25 20:26:55,207 [INFO] IPUIPlugin:80 - create IPUIPlugin
2023-09-25 20:26:55,207 [INFO] PluginManager:220 - loadIPPluginJar : add touchsensing
2023-09-25 20:26:55,209 [INFO] IPUIPlugin:80 - create IPUIPlugin
2023-09-25 20:26:55,209 [INFO] PluginManager:220 - loadIPPluginJar : add gtzc
2023-09-25 20:26:55,210 [INFO] IPUIPlugin:80 - create IPUIPlugin
2023-09-25 20:26:55,210 [INFO] PluginManager:220 - loadIPPluginJar : add aes
2023-09-25 20:26:55,212 [INFO] IPUIPlugin:80 - create IPUIPlugin
2023-09-25 20:26:55,212 [INFO] PluginManager:220 - loadIPPluginJar : add nvic
2023-09-25 20:26:55,213 [INFO] IPUIPlugin:80 - create IPUIPlugin
2023-09-25 20:26:55,213 [INFO] PluginManager:220 - loadIPPluginJar : add gfxmmu
2023-09-25 20:26:55,214 [INFO] IPUIPlugin:80 - create IPUIPlugin
2023-09-25 20:26:55,214 [INFO] PluginManager:220 - loadIPPluginJar : add tim
2023-09-25 20:26:55,215 [INFO] IPUIPlugin:80 - create IPUIPlugin
2023-09-25 20:26:55,215 [INFO] PluginManager:220 - loadIPPluginJar : add lorawan
2023-09-25 20:26:55,221 [INFO] IPUIPlugin:80 - create IPUIPlugin
2023-09-25 20:26:55,221 [INFO] PluginManager:220 - loadIPPluginJar : add linkedlist
2023-09-25 20:26:55,225 [INFO] IPUIPlugin:80 - create IPUIPlugin
2023-09-25 20:26:55,225 [INFO] PluginManager:220 - loadIPPluginJar : add mdma
2023-09-25 20:26:55,229 [INFO] IPUIPlugin:80 - create IPUIPlugin
2023-09-25 20:26:55,229 [INFO] PluginManager:220 - loadIPPluginJar : add stm32_wpan
2023-09-25 20:26:55,230 [INFO] IPUIPlugin:80 - create IPUIPlugin
2023-09-25 20:26:55,230 [INFO] PluginManager:220 - loadIPPluginJar : add tsc
2023-09-25 20:26:55,233 [INFO] IPUIPlugin:80 - create IPUIPlugin
2023-09-25 20:26:55,236 [INFO] PluginManager:220 - loadIPPluginJar : add plateformsettings
2023-09-25 20:26:55,237 [INFO] IPUIPlugin:80 - create IPUIPlugin
2023-09-25 20:26:55,237 [INFO] PluginManager:220 - loadIPPluginJar : add spi
2023-09-25 20:26:55,238 [INFO] IPUIPlugin:80 - create IPUIPlugin
2023-09-25 20:26:55,239 [INFO] PluginManager:220 - loadIPPluginJar : add comp
2023-09-25 20:26:55,240 [INFO] IPUIPlugin:80 - create IPUIPlugin
2023-09-25 20:26:55,240 [INFO] PluginManager:220 - loadIPPluginJar : add i2c
2023-09-25 20:26:55,242 [INFO] IPUIPlugin:80 - create IPUIPlugin
2023-09-25 20:26:55,242 [INFO] PluginManager:220 - loadIPPluginJar : add hash
2023-09-25 20:26:55,246 [INFO] IPUIPlugin:80 - create IPUIPlugin
2023-09-25 20:26:55,246 [INFO] PluginManager:220 - loadIPPluginJar : add gic
2023-09-25 20:26:55,247 [INFO] IPUIPlugin:80 - create IPUIPlugin
2023-09-25 20:26:55,248 [INFO] PluginManager:220 - loadIPPluginJar : add i3c
2023-09-25 20:26:55,249 [INFO] IPUIPlugin:80 - create IPUIPlugin
2023-09-25 20:26:55,249 [INFO] PluginManager:220 - loadIPPluginJar : add sai
2023-09-25 20:26:55,252 [INFO] IPUIPlugin:80 - create IPUIPlugin
2023-09-25 20:26:55,252 [INFO] PluginManager:220 - loadIPPluginJar : add fmc
2023-09-25 20:26:55,253 [INFO] IPUIPlugin:80 - create IPUIPlugin
2023-09-25 20:26:55,253 [INFO] PluginManager:220 - loadIPPluginJar : add genericplugin
2023-09-25 20:26:55,255 [INFO] IPUIPlugin:80 - create IPUIPlugin
2023-09-25 20:26:55,255 [INFO] PluginManager:220 - loadIPPluginJar : add pdm2pcm
2023-09-25 20:26:55,257 [INFO] IPUIPlugin:80 - create IPUIPlugin
2023-09-25 20:26:55,257 [INFO] PluginManager:220 - loadIPPluginJar : add ipddr
2023-09-25 20:26:55,258 [INFO] IPUIPlugin:80 - create IPUIPlugin
2023-09-25 20:26:55,258 [INFO] PluginManager:220 - loadIPPluginJar : add quadspi
2023-09-25 20:26:55,259 [INFO] IPUIPlugin:80 - create IPUIPlugin
2023-09-25 20:26:55,259 [INFO] PluginManager:220 - loadIPPluginJar : add ucpd
2023-09-25 20:26:55,260 [INFO] IPUIPlugin:80 - create IPUIPlugin
2023-09-25 20:26:55,260 [INFO] PluginManager:220 - loadIPPluginJar : add ts
2023-09-25 20:26:55,262 [INFO] IPUIPlugin:80 - create IPUIPlugin
2023-09-25 20:26:55,262 [INFO] PluginManager:220 - loadIPPluginJar : add openamp
2023-09-25 20:26:55,264 [INFO] IPUIPlugin:80 - create IPUIPlugin
2023-09-25 20:26:55,264 [INFO] PluginManager:220 - loadIPPluginJar : add resmgrutility
2023-09-25 20:26:55,268 [INFO] IPUIPlugin:80 - create IPUIPlugin
2023-09-25 20:26:55,268 [INFO] PluginManager:220 - loadIPPluginJar : add dma
2023-09-25 20:26:55,270 [INFO] IPUIPlugin:80 - create IPUIPlugin
2023-09-25 20:26:55,270 [INFO] PluginManager:220 - loadIPPluginJar : add dfsdm
2023-09-25 20:26:55,271 [INFO] IPUIPlugin:80 - create IPUIPlugin
2023-09-25 20:26:55,271 [INFO] PluginManager:220 - loadIPPluginJar : add tracer_emb
2023-09-25 20:26:55,272 [INFO] IPUIPlugin:80 - create IPUIPlugin
2023-09-25 20:26:55,272 [INFO] PluginManager:220 - loadIPPluginJar : add opamp
2023-09-25 20:26:55,274 [INFO] IPUIPlugin:80 - create IPUIPlugin
2023-09-25 20:26:55,274 [INFO] PluginManager:220 - loadIPPluginJar : add usbx
2023-09-25 20:26:55,366 [INFO] CADModel:165 - CPN selected for project level
2023-09-25 20:26:55,366 [INFO] CADModel:114 - Register for checkConnection events
2023-09-25 20:26:55,366 [FATAL] Updater:308 - Updater called before beeing initialized
2023-09-25 20:26:55,366 [ERROR] CADModel:125 - Updater not yet initialized, retry later 
2023-09-25 20:26:55,453 [INFO] CADModel:165 - CPN selected for project level
2023-09-25 20:26:55,453 [INFO] CADModel:114 - Register for checkConnection events
2023-09-25 20:26:55,454 [FATAL] Updater:308 - Updater called before beeing initialized
2023-09-25 20:26:55,454 [ERROR] CADModel:125 - Updater not yet initialized, retry later 
2023-09-25 20:26:55,456 [FATAL] Updater:308 - Updater called before beeing initialized
2023-09-25 20:26:55,514 [FATAL] Updater:308 - Updater called before beeing initialized
2023-09-25 20:26:55,519 [INFO] DbMcusAds:53 - JSON generation date=Thu Sep 30 08:55:09 CEST 2021 (1632984909247)
2023-09-25 20:26:55,519 [FATAL] Updater:308 - Updater called before beeing initialized
2023-09-25 20:26:55,544 [WARN] DetailPanel:346 - Failed to get advertising image, set to default
2023-09-25 20:26:55,609 [FATAL] Updater:308 - Updater called before beeing initialized
2023-09-25 20:26:55,611 [FATAL] Updater:308 - Updater called before beeing initialized
2023-09-25 20:26:55,611 [FATAL] Updater:308 - Updater called before beeing initialized
2023-09-25 20:26:55,611 [WARN] DetailPanel:346 - Failed to get advertising image, set to default
2023-09-25 20:26:55,612 [FATAL] Updater:308 - Updater called before beeing initialized
2023-09-25 20:26:55,642 [ERROR] Updater:1120 - MainUpdater not yet initialized. External WinMGr cannot be set.
2023-09-25 20:26:55,644 [INFO] Updater:1056 - Updater Version found : 6.9.2
2023-09-25 20:26:55,666 [INFO] ApplicationProperties:184 - Using Application install path: /opt/st/stm32cubeide_1.13.2/plugins/com.st.stm32cube.common.mx_6.9.2.202309101412
2023-09-25 20:26:55,797 [INFO] MainUpdater:2868 - connection check result : 10
2023-09-25 20:26:55,798 [INFO] MainUpdater:285 - Updater Check For Update Now.
2023-09-25 20:26:55,798 [INFO] MicroXplorer:498 - Change Database Version : DB.6.0.92
2023-09-25 20:26:55,801 [INFO] McuFinderGlobals:63 - Set McuFinder mode to 2 (CubeIDE integrated)
2023-09-25 20:26:55,802 [INFO] UserAuth:179 - activating auth plugin
2023-09-25 20:26:55,804 [INFO] UserAuth:393 - Internet connection configuration mode: 1
2023-09-25 20:26:55,821 [INFO] JxBrowserEngine:151 - Initiate JxBrowser Engine with user profile folder
2023-09-25 20:26:55,962 [INFO] CheckServerUpdateThread:120 - End of CheckServer Thread
2023-09-25 20:26:57,894 [WARN] PackLoader:240 - Cannot read IP mode file for STMicroelectronics.X-CUBE-SMBUS.2.1.0
2023-09-25 20:26:57,928 [WARN] PackLoader:240 - Cannot read IP mode file for STMicroelectronics.X-CUBE-AZRTOS-F7.1.1.0
2023-09-25 20:26:57,938 [WARN] PackLoader:240 - Cannot read IP mode file for STMicroelectronics.FP-SNS-MOTENV1.4.3.2
2023-09-25 20:26:57,943 [WARN] PackLoader:240 - Cannot read IP mode file for STMicroelectronics.FP-SNS-FLIGHT1.5.0.2
2023-09-25 20:26:57,951 [WARN] PackLoader:240 - Cannot read IP mode file for STMicroelectronics.X-CUBE-DISPLAY.3.0.0
2023-09-25 20:26:57,962 [WARN] PackLoader:240 - Cannot read IP mode file for STMicroelectronics.X-CUBE-BLE1.7.0.0
2023-09-25 20:26:57,967 [WARN] PackLoader:240 - Cannot read IP mode file for emotas.I-CUBE-CANOPEN.1.3.0
2023-09-25 20:26:57,970 [WARN] PackLoader:240 - Cannot read IP mode file for STMicroelectronics.X-CUBE-TOUCHGFX.4.22.0
2023-09-25 20:26:57,974 [WARN] PackLoader:240 - Cannot read IP mode file for STMicroelectronics.FP-SNS-SMARTAG2.1.2.0
2023-09-25 20:26:57,974 [INFO] WebApp:157 - Instantiating new browser for Auth
2023-09-25 20:26:57,984 [INFO] LogOutputStream:77 - [STDOUT_REDIRECT] 1 : Invalid condition id : UX_CORESTACK_Condition cause : null
2023-09-25 20:26:57,985 [INFO] LogOutputStream:77 - [STDOUT_REDIRECT] 1 : Invalid condition id : UX_CORESTACK_Condition cause : null
2023-09-25 20:26:57,986 [INFO] LogOutputStream:77 - [STDOUT_REDIRECT] 1 : Invalid condition id : UX_CORESTACK_Condition cause : null
2023-09-25 20:26:57,986 [INFO] LogOutputStream:77 - [STDOUT_REDIRECT] 1 : Invalid condition id : UX_CORESTACK_Condition cause : null
2023-09-25 20:26:57,986 [INFO] LogOutputStream:77 - [STDOUT_REDIRECT] 1 : Invalid condition id : UX_CORESTACK_Condition cause : null
2023-09-25 20:26:57,995 [WARN] PackLoader:240 - Cannot read IP mode file for STMicroelectronics.X-CUBE-AZRTOS-WL.2.0.0
2023-09-25 20:26:58,005 [WARN] PackLoader:240 - Cannot read IP mode file for WES.I-CUBE-Cesium.1.3.0
2023-09-25 20:26:58,009 [WARN] PackLoader:240 - Cannot read IP mode file for STMicroelectronics.X-CUBE-BLE2.3.3.0
2023-09-25 20:26:58,016 [WARN] PackLoader:240 - Cannot read IP mode file for STMicroelectronics.X-CUBE-ALGOBUILD.1.3.0
2023-09-25 20:26:58,034 [WARN] PackLoader:240 - Cannot read IP mode file for STMicroelectronics.X-CUBE-AZRTOS-G0.1.1.0
2023-09-25 20:26:58,041 [WARN] PackLoader:240 - Cannot read IP mode file for STMicroelectronics.X-CUBE-NFC4.3.0.0
2023-09-25 20:26:58,048 [WARN] PackLoader:240 - Cannot read IP mode file for STMicroelectronics.FP-ATR-SIGFOX1.3.2.0
2023-09-25 20:26:58,091 [WARN] PackLoader:240 - Cannot read IP mode file for SEGGER.I-CUBE-embOS.1.3.1
2023-09-25 20:26:58,146 [WARN] PackLoader:240 - Cannot read IP mode file for STMicroelectronics.X-CUBE-GNSS1.6.0.0
2023-09-25 20:26:58,162 [WARN] PackLoader:240 - Cannot read IP mode file for STMicroelectronics.X-CUBE-AZRTOS-F4.1.1.0
2023-09-25 20:26:58,168 [WARN] PackLoader:240 - Cannot read IP mode file for wolfSSL.I-CUBE-wolfSSL.5.6.3
2023-09-25 20:26:58,183 [WARN] PackLoader:240 - Cannot read IP mode file for STMicroelectronics.X-CUBE-AZRTOS-L5.2.0.0
2023-09-25 20:26:58,222 [WARN] PackLoader:240 - Cannot read IP mode file for STMicroelectronics.X-CUBE-MEMS1.9.6.0
2023-09-25 20:26:58,379 [WARN] PackLoader:240 - Cannot read IP mode file for STMicroelectronics.X-CUBE-BLEMGR.2.0.0
2023-09-25 20:26:58,396 [WARN] ConditionMgr:438 - getConditionDescription Invalid condition id : UX DEVICE CLASS RTOS Condition cause : null
2023-09-25 20:26:58,396 [WARN] ConditionMgr:438 - getConditionDescription Invalid condition id : UX DEVICE CLASS RTOS Condition cause : null
2023-09-25 20:26:58,399 [WARN] PackLoader:240 - Cannot read IP mode file for STMicroelectronics.X-CUBE-AZRTOS-H7.3.1.0
2023-09-25 20:26:58,401 [WARN] ConditionMgr:1039 - genDependencies : Invalid condition id : UX DEVICE CLASS RTOS Condition cause : null
2023-09-25 20:26:58,401 [WARN] ConditionMgr:1039 - genDependencies : Invalid condition id : UX DEVICE CLASS RTOS Condition cause : null
2023-09-25 20:26:58,402 [WARN] ConditionMgr:1039 - genDependencies : Invalid condition id : UX DEVICE CLASS RTOS Condition cause : null
2023-09-25 20:26:58,402 [WARN] ConditionMgr:1039 - genDependencies : Invalid condition id : UX DEVICE CLASS RTOS Condition cause : null
2023-09-25 20:26:58,402 [WARN] ConditionMgr:1039 - genDependencies : Invalid condition id : UX DEVICE CLASS RTOS Condition cause : null
2023-09-25 20:26:58,407 [WARN] PackLoader:240 - Cannot read IP mode file for STMicroelectronics.X-CUBE-NFC7.1.0.1
2023-09-25 20:26:58,414 [WARN] PackLoader:240 - Cannot read IP mode file for STMicroelectronics.X-CUBE-NFC6.3.0.0
2023-09-25 20:26:58,420 [WARN] PackLoader:240 - Cannot read IP mode file for STMicroelectronics.X-CUBE-EEPRMA1.4.1.0
2023-09-25 20:26:58,423 [WARN] PackLoader:240 - Cannot read IP mode file for STMicroelectronics.X-CUBE-AI.8.1.0
2023-09-25 20:26:58,440 [WARN] ConditionMgr:438 - getConditionDescription Invalid condition id : LAN8742 Phy interface Condition cause : null
2023-09-25 20:26:58,441 [WARN] PackLoader:240 - Cannot read IP mode file for STMicroelectronics.X-CUBE-AZRTOS-L4.2.0.0
2023-09-25 20:26:58,442 [WARN] ConditionMgr:1039 - genDependencies : Invalid condition id : LAN8742 Phy interface Condition cause : null
2023-09-25 20:26:58,442 [WARN] ConditionMgr:1039 - genDependencies : Invalid condition id : LAN8742 Phy interface Condition cause : null
2023-09-25 20:26:58,443 [WARN] ConditionMgr:1039 - genDependencies : Invalid condition id : LAN8742 Phy interface Condition cause : null
2023-09-25 20:26:58,449 [WARN] PackLoader:240 - Cannot read IP mode file for STMicroelectronics.X-CUBE-SFXS2LP1.4.0.0
2023-09-25 20:26:58,452 [INFO] WebApp:753 - Register for checkConnection events
2023-09-25 20:26:58,452 [INFO] WebApp:390 - Apply proxy settings
2023-09-25 20:26:58,452 [INFO] WebApp:475 - Chromium requires no authentication
2023-09-25 20:26:58,453 [WARN] PackLoader:240 - Cannot read IP mode file for STMicroelectronics.X-CUBE-ISPU.1.1.0
2023-09-25 20:26:58,461 [INFO] WebApp:418 - Direct internet connection detected
2023-09-25 20:26:58,465 [WARN] ConditionMgr:438 - getConditionDescription Invalid condition id : UX DEVICE CLASS RTOS Condition cause : null
2023-09-25 20:26:58,466 [WARN] ConditionMgr:438 - getConditionDescription Invalid condition id : UX DEVICE CLASS RTOS Condition cause : null
2023-09-25 20:26:58,469 [WARN] PackLoader:240 - Cannot read IP mode file for STMicroelectronics.X-CUBE-AZRTOS-WB.2.0.0
2023-09-25 20:26:58,470 [WARN] ConditionMgr:1039 - genDependencies : Invalid condition id : UX DEVICE CLASS RTOS Condition cause : null
2023-09-25 20:26:58,470 [WARN] ConditionMgr:1039 - genDependencies : Invalid condition id : UX DEVICE CLASS RTOS Condition cause : null
2023-09-25 20:26:58,470 [WARN] ConditionMgr:1039 - genDependencies : Invalid condition id : UX DEVICE CLASS RTOS Condition cause : null
2023-09-25 20:26:58,471 [WARN] ConditionMgr:1039 - genDependencies : Invalid condition id : UX DEVICE CLASS RTOS Condition cause : null
2023-09-25 20:26:58,471 [WARN] ConditionMgr:1039 - genDependencies : Invalid condition id : UX DEVICE CLASS RTOS Condition cause : null
2023-09-25 20:26:58,492 [WARN] PackLoader:240 - Cannot read IP mode file for STMicroelectronics.X-CUBE-SUBG2.5.0.0
2023-09-25 20:26:58,514 [WARN] PackLoader:240 - Cannot read IP mode file for STMicroelectronics.X-CUBE-TOF1.3.3.1
2023-09-25 20:26:58,527 [WARN] PackLoader:240 - Cannot read IP mode file for STMicroelectronics.X-CUBE-AZRTOS-G4.2.0.0
2023-09-25 20:26:58,531 [WARN] PackLoader:240 - Cannot read IP mode file for STMicroelectronics.X-CUBE-FREERTOS.1.1.0
2023-09-25 20:26:58,534 [WARN] PackLoader:240 - Cannot read IP mode file for portGmbH.I-Cube-SoM-uGOAL.1.1.0
2023-09-25 20:26:58,536 [WARN] PackLoader:240 - Cannot read IP mode file for STMicroelectronics.X-CUBE-ALS.1.0.1
2023-09-25 20:26:58,538 [WARN] PackLoader:240 - Cannot read IP mode file for STMicroelectronics.FP-ATR-ASTRA1.2.0.0
2023-09-25 20:26:58,539 [INFO] ThirdParty:978 - Integrity check success = true
2023-09-25 20:26:58,539 [INFO] IntegrityCheckThread:100 - exiting critical section [integrity check]
2023-09-25 20:26:58,539 [INFO] IntegrityCheckThread:103 - End integrity checks thread
2023-09-25 20:26:58,637 [INFO] WebApp:188 - Starting web application
2023-09-25 20:26:58,637 [INFO] WebApp:520 - Web application path used /opt/st/stm32cubeide_1.13.2/plugins/com.st.stm32cube.common.mx_6.9.2.202309101412/db/plugins/mcufinder/reactClient1/index.html
2023-09-25 20:27:04,069 [ERROR] LogOutputStream:75 - [STDERR_REDIRECT] 
2023-09-25 21:04:13,463 [INFO] Activator:176 - 


2023-09-25 21:04:13,464 [INFO] Activator:177 - !SESSION log4j initialized
2023-09-25 21:04:14,947 [INFO] LogOutputStream:77 - [STDOUT_REDIRECT] 
2023-09-25 21:04:18,353 [INFO] ApplicationProperties:184 - Using Application install path: /opt/st/stm32cubeide_1.13.2/plugins/com.st.stm32cube.common.mx_6.9.2.202309101412
2023-09-25 21:04:18,366 [INFO] DbMcusXml:78 - Set database path to: /opt/st/stm32cubeide_1.13.2/plugins/com.st.stm32cube.common.mx_6.9.2.202309101412//db//mcu/
2023-09-25 21:04:18,366 [INFO] ApiDb:274 - Set plugin database path to: /opt/st/stm32cubeide_1.13.2/plugins/com.st.stm32cube.common.mx_6.9.2.202309101412//db//plugins/boardmanager/
2023-09-25 21:04:18,367 [WARN] ApiDb:259 - Overriding images path with different value:  => /opt/st/stm32cubeide_1.13.2/plugins/com.st.stm32cube.common.mx_6.9.2.202309101412//db//plugins/mcufinder/images/
2023-09-25 21:04:18,371 [INFO] ApiDb:250 - Set database path to: /home/laptop/.stmcufinder/plugins/mcufinder//mcu/
2023-09-25 21:04:18,373 [INFO] DbMcusAds:125 - Set database path to: /home/laptop/.stmcufinder/plugins/mcufinder//mcu/
2023-09-25 21:04:18,374 [INFO] CrossReferenceDbSqlite:203 - Set database path to: /home/laptop/.stmcufinder/plugins/mcufinder//mcu/cs/
2023-09-25 21:04:18,454 [INFO] RulesReader:64 - Compatibility file has been processed (293 Rules)
2023-09-25 21:04:18,488 [INFO] DbMcusXml:78 - Set database path to: /opt/st/stm32cubeide_1.13.2/plugins/com.st.stm32cube.common.mx_6.9.2.202309101412//db//mcu/
2023-09-25 21:04:18,488 [INFO] ApiDb:274 - Set plugin database path to: /opt/st/stm32cubeide_1.13.2/plugins/com.st.stm32cube.common.mx_6.9.2.202309101412//db//plugins/boardmanager/
2023-09-25 21:04:18,488 [INFO] ApiDb:261 - Set plugin images path to: /opt/st/stm32cubeide_1.13.2/plugins/com.st.stm32cube.common.mx_6.9.2.202309101412//db//plugins/mcufinder/images/
2023-09-25 21:04:18,489 [WARN] DbFile:41 - Overriding database path with different value: /home/laptop/.stmcufinder/plugins/mcufinder/ => /home/laptop/.stmcufinder/plugins/mcufinder
2023-09-25 21:04:18,489 [INFO] ApiDb:250 - Set database path to: /home/laptop/.stmcufinder/plugins/mcufinder//mcu/
2023-09-25 21:04:18,489 [WARN] DbFile:41 - Overriding database path with different value: /home/laptop/.stmcufinder/plugins/mcufinder/ => /home/laptop/.stmcufinder/plugins/mcufinder
2023-09-25 21:04:18,489 [INFO] DbMcusAds:125 - Set database path to: /home/laptop/.stmcufinder/plugins/mcufinder//mcu/
2023-09-25 21:04:18,489 [WARN] DbFile:41 - Overriding database path with different value: /home/laptop/.stmcufinder/plugins/mcufinder/ => /home/laptop/.stmcufinder/plugins/mcufinder
2023-09-25 21:04:18,489 [WARN] DbFile:41 - Overriding database path with different value: /home/laptop/.stmcufinder/plugins/mcufinder/ => /home/laptop/.stmcufinder/plugins/mcufinder
2023-09-25 21:04:18,489 [INFO] CrossReferenceDbSqlite:203 - Set database path to: /home/laptop/.stmcufinder/plugins/mcufinder//mcu/cs/
2023-09-25 21:04:18,528 [INFO] MainPanel:262 - HeapMemory: 268435456
2023-09-25 21:04:18,578 [INFO] DbMcusXml:78 - Set database path to: /opt/st/stm32cubeide_1.13.2/plugins/com.st.stm32cube.common.mx_6.9.2.202309101412//db//mcu/
2023-09-25 21:04:18,578 [INFO] ApiDb:274 - Set plugin database path to: /opt/st/stm32cubeide_1.13.2/plugins/com.st.stm32cube.common.mx_6.9.2.202309101412//db//plugins/boardmanager/
2023-09-25 21:04:18,578 [INFO] ApiDb:261 - Set plugin images path to: /opt/st/stm32cubeide_1.13.2/plugins/com.st.stm32cube.common.mx_6.9.2.202309101412//db//plugins/mcufinder/images/
2023-09-25 21:04:18,578 [WARN] DbFile:41 - Overriding database path with different value: /home/laptop/.stmcufinder/plugins/mcufinder/ => /home/laptop/.stmcufinder/plugins/mcufinder
2023-09-25 21:04:18,578 [INFO] ApiDb:250 - Set database path to: /home/laptop/.stmcufinder/plugins/mcufinder//mcu/
2023-09-25 21:04:18,579 [WARN] DbFile:41 - Overriding database path with different value: /home/laptop/.stmcufinder/plugins/mcufinder/ => /home/laptop/.stmcufinder/plugins/mcufinder
2023-09-25 21:04:18,579 [INFO] DbMcusAds:125 - Set database path to: /home/laptop/.stmcufinder/plugins/mcufinder//mcu/
2023-09-25 21:04:18,579 [WARN] DbFile:41 - Overriding database path with different value: /home/laptop/.stmcufinder/plugins/mcufinder/ => /home/laptop/.stmcufinder/plugins/mcufinder
2023-09-25 21:04:18,579 [WARN] DbFile:41 - Overriding database path with different value: /home/laptop/.stmcufinder/plugins/mcufinder/ => /home/laptop/.stmcufinder/plugins/mcufinder
2023-09-25 21:04:18,579 [INFO] CrossReferenceDbSqlite:203 - Set database path to: /home/laptop/.stmcufinder/plugins/mcufinder//mcu/cs/
2023-09-25 21:04:18,589 [INFO] ApplicationProperties:184 - Using Application install path: /opt/st/stm32cubeide_1.13.2/plugins/com.st.stm32cube.common.mx_6.9.2.202309101412
2023-09-25 21:04:18,590 [INFO] PluginManage:196 - Search for loadable plugins [exclusion list=, ]
2023-09-25 21:04:18,591 [INFO] PluginManage:310 - Check plugin analytics
2023-09-25 21:04:18,681 [INFO] AnalyticsPlugin:253 - Accepted Software Licenses: 
2023-09-25 21:04:18,681 [INFO] AnalyticsPlugin:255 - Accepted CMSIS Pack Licenses: 
2023-09-25 21:04:18,681 [INFO] AnalyticsPlugin:257 - Accepted Firmware Licenses: 
2023-09-25 21:04:18,683 [INFO] PluginManage:359 - Loaded plugin analytics (category:tool,tabindex:-1)
2023-09-25 21:04:18,683 [INFO] PluginManage:310 - Check plugin cadmodel
2023-09-25 21:04:18,732 [INFO] CADModel:105 - Init CAD model plugin
2023-09-25 21:04:18,732 [INFO] PluginManage:359 - Loaded plugin cadmodel (category:power,tabindex:5)
2023-09-25 21:04:18,733 [INFO] PluginManage:310 - Check plugin clock
2023-09-25 21:04:18,739 [INFO] PluginManage:359 - Loaded plugin clock (category:base,tabindex:2)
2023-09-25 21:04:18,739 [INFO] PluginManage:310 - Check plugin ddr
2023-09-25 21:04:18,740 [INFO] PluginManage:359 - Loaded plugin ddr (category:tool,tabindex:6)
2023-09-25 21:04:18,740 [INFO] PluginManage:310 - Check plugin filemanager
2023-09-25 21:04:18,830 [INFO] PluginManage:359 - Loaded plugin filemanager (category:base,tabindex:10)
2023-09-25 21:04:18,830 [INFO] PluginManage:310 - Check plugin ipmanager
2023-09-25 21:04:18,834 [INFO] PluginManage:359 - Loaded plugin ipmanager (category:base,tabindex:5)
2023-09-25 21:04:18,834 [INFO] PluginManage:310 - Check plugin lpbam
2023-09-25 21:04:18,840 [INFO] PluginManage:359 - Loaded plugin lpbam (category:base,tabindex:0)
2023-09-25 21:04:18,840 [INFO] PluginManage:310 - Check plugin memorymap
2023-09-25 21:04:18,848 [INFO] PluginManage:359 - Loaded plugin memorymap (category:base,tabindex:4)
2023-09-25 21:04:18,848 [INFO] PluginManage:310 - Check plugin pinoutandconfiguration
2023-09-25 21:04:18,853 [INFO] PluginManage:359 - Loaded plugin pinoutandconfiguration (category:base,tabindex:1)
2023-09-25 21:04:18,853 [INFO] PluginManage:310 - Check plugin pinoutconfig
2023-09-25 21:04:18,906 [WARN] SupportedApi:132 - Cannot load RTOS API schema: s4s-elt-must-match.1: The content of 'definitions' must match (annotation?, (simpleType | complexType)?, (unique | key | keyref)*)). A problem was found starting at: attribute.
2023-09-25 21:04:18,984 [INFO] PluginManage:359 - Loaded plugin pinoutconfig (category:base,tabindex:0)
2023-09-25 21:04:18,984 [INFO] PluginManage:310 - Check plugin power
2023-09-25 21:04:18,989 [INFO] PluginManage:359 - Loaded plugin power (category:power,tabindex:4)
2023-09-25 21:04:18,989 [INFO] PluginManage:310 - Check plugin projectmanager
2023-09-25 21:04:18,998 [INFO] PluginManage:359 - Loaded plugin projectmanager (category:projectmanager,tabindex:3)
2023-09-25 21:04:18,998 [INFO] PluginManage:310 - Check plugin thirdparty
2023-09-25 21:04:19,069 [INFO] PluginManage:359 - Loaded plugin thirdparty (category:base,tabindex:-1)
2023-09-25 21:04:19,069 [WARN] IntegrityCheckThread:84 - waiting for thirdparty lock release [integrity check]
2023-09-25 21:04:19,070 [INFO] IntegrityCheckThread:86 - entering critical section [integrity check]
2023-09-25 21:04:19,070 [INFO] PluginManage:310 - Check plugin tools
2023-09-25 21:04:19,070 [INFO] ThirdPartyUpdaterWithRetryManager:70 - Updater plugin not ready yet. [1/15]
2023-09-25 21:04:19,071 [INFO] PluginManage:359 - Loaded plugin tools (category:base,tabindex:7)
2023-09-25 21:04:19,072 [INFO] PluginManage:310 - Check plugin tutovideos
2023-09-25 21:04:19,210 [INFO] PluginManage:359 - Loaded plugin tutovideos (category:base,tabindex:-1)
2023-09-25 21:04:19,210 [INFO] PluginManage:310 - Check plugin updater
2023-09-25 21:04:19,216 [INFO] PluginManage:359 - Loaded plugin updater (category:base,tabindex:12)
2023-09-25 21:04:19,216 [INFO] PluginManage:310 - Check plugin userauth
2023-09-25 21:04:19,219 [INFO] UserAuth:113 - Init User Auth plugin
2023-09-25 21:04:19,219 [INFO] PluginManage:359 - Loaded plugin userauth (category:base,tabindex:14)
2023-09-25 21:04:19,219 [INFO] PluginManage:283 - PluginManage : Loaded plugins [17]
2023-09-25 21:04:19,319 [INFO] PinOutPanel:1499 - setPackage(No Configuration,No Configuration)
2023-09-25 21:04:19,367 [INFO] CADModel:165 - CPN selected for project level
2023-09-25 21:04:19,367 [INFO] CADModel:114 - Register for checkConnection events
2023-09-25 21:04:19,372 [INFO] IPUIPlugin:80 - create IPUIPlugin
2023-09-25 21:04:19,372 [INFO] PluginManager:220 - loadIPPluginJar : add ltdc
2023-09-25 21:04:19,374 [INFO] IPUIPlugin:80 - create IPUIPlugin
2023-09-25 21:04:19,374 [INFO] PluginManager:220 - loadIPPluginJar : add i2s
2023-09-25 21:04:19,375 [INFO] IPUIPlugin:80 - create IPUIPlugin
2023-09-25 21:04:19,376 [INFO] PluginManager:220 - loadIPPluginJar : add can
2023-09-25 21:04:19,377 [INFO] IPUIPlugin:80 - create IPUIPlugin
2023-09-25 21:04:19,378 [INFO] PluginManager:220 - loadIPPluginJar : add gpio
2023-09-25 21:04:19,380 [INFO] IPUIPlugin:80 - create IPUIPlugin
2023-09-25 21:04:19,381 [INFO] PluginManager:220 - loadIPPluginJar : add freertos
2023-09-25 21:04:19,382 [INFO] IPUIPlugin:80 - create IPUIPlugin
2023-09-25 21:04:19,382 [INFO] PluginManager:220 - loadIPPluginJar : add dma3
2023-09-25 21:04:19,382 [INFO] IPUIPlugin:80 - create IPUIPlugin
2023-09-25 21:04:19,382 [INFO] PluginManager:220 - loadIPPluginJar : add fatfs
2023-09-25 21:04:19,383 [INFO] IPUIPlugin:80 - create IPUIPlugin
2023-09-25 21:04:19,383 [INFO] PluginManager:220 - loadIPPluginJar : add cryp
2023-09-25 21:04:19,387 [INFO] IPUIPlugin:80 - create IPUIPlugin
2023-09-25 21:04:19,387 [INFO] PluginManager:220 - loadIPPluginJar : add adc
2023-09-25 21:04:19,388 [INFO] IPUIPlugin:80 - create IPUIPlugin
2023-09-25 21:04:19,388 [INFO] PluginManager:220 - loadIPPluginJar : add usart
2023-09-25 21:04:19,389 [INFO] IPUIPlugin:80 - create IPUIPlugin
2023-09-25 21:04:19,389 [INFO] PluginManager:220 - loadIPPluginJar : add touchsensing
2023-09-25 21:04:19,390 [INFO] IPUIPlugin:80 - create IPUIPlugin
2023-09-25 21:04:19,390 [INFO] PluginManager:220 - loadIPPluginJar : add gtzc
2023-09-25 21:04:19,390 [INFO] IPUIPlugin:80 - create IPUIPlugin
2023-09-25 21:04:19,390 [INFO] PluginManager:220 - loadIPPluginJar : add aes
2023-09-25 21:04:19,392 [INFO] IPUIPlugin:80 - create IPUIPlugin
2023-09-25 21:04:19,392 [INFO] PluginManager:220 - loadIPPluginJar : add nvic
2023-09-25 21:04:19,393 [INFO] IPUIPlugin:80 - create IPUIPlugin
2023-09-25 21:04:19,393 [INFO] PluginManager:220 - loadIPPluginJar : add gfxmmu
2023-09-25 21:04:19,393 [INFO] IPUIPlugin:80 - create IPUIPlugin
2023-09-25 21:04:19,393 [INFO] PluginManager:220 - loadIPPluginJar : add tim
2023-09-25 21:04:19,394 [INFO] IPUIPlugin:80 - create IPUIPlugin
2023-09-25 21:04:19,394 [INFO] PluginManager:220 - loadIPPluginJar : add lorawan
2023-09-25 21:04:19,398 [INFO] IPUIPlugin:80 - create IPUIPlugin
2023-09-25 21:04:19,398 [INFO] PluginManager:220 - loadIPPluginJar : add linkedlist
2023-09-25 21:04:19,400 [INFO] IPUIPlugin:80 - create IPUIPlugin
2023-09-25 21:04:19,401 [INFO] PluginManager:220 - loadIPPluginJar : add mdma
2023-09-25 21:04:19,402 [INFO] IPUIPlugin:80 - create IPUIPlugin
2023-09-25 21:04:19,403 [INFO] PluginManager:220 - loadIPPluginJar : add stm32_wpan
2023-09-25 21:04:19,403 [INFO] IPUIPlugin:80 - create IPUIPlugin
2023-09-25 21:04:19,403 [INFO] PluginManager:220 - loadIPPluginJar : add tsc
2023-09-25 21:04:19,406 [INFO] IPUIPlugin:80 - create IPUIPlugin
2023-09-25 21:04:19,407 [INFO] PluginManager:220 - loadIPPluginJar : add plateformsettings
2023-09-25 21:04:19,408 [INFO] IPUIPlugin:80 - create IPUIPlugin
2023-09-25 21:04:19,408 [INFO] PluginManager:220 - loadIPPluginJar : add spi
2023-09-25 21:04:19,408 [INFO] IPUIPlugin:80 - create IPUIPlugin
2023-09-25 21:04:19,409 [INFO] PluginManager:220 - loadIPPluginJar : add comp
2023-09-25 21:04:19,410 [INFO] IPUIPlugin:80 - create IPUIPlugin
2023-09-25 21:04:19,410 [INFO] PluginManager:220 - loadIPPluginJar : add i2c
2023-09-25 21:04:19,411 [INFO] IPUIPlugin:80 - create IPUIPlugin
2023-09-25 21:04:19,411 [INFO] PluginManager:220 - loadIPPluginJar : add hash
2023-09-25 21:04:19,413 [INFO] IPUIPlugin:80 - create IPUIPlugin
2023-09-25 21:04:19,413 [INFO] PluginManager:220 - loadIPPluginJar : add gic
2023-09-25 21:04:19,414 [INFO] IPUIPlugin:80 - create IPUIPlugin
2023-09-25 21:04:19,414 [INFO] PluginManager:220 - loadIPPluginJar : add i3c
2023-09-25 21:04:19,415 [INFO] IPUIPlugin:80 - create IPUIPlugin
2023-09-25 21:04:19,415 [INFO] PluginManager:220 - loadIPPluginJar : add sai
2023-09-25 21:04:19,417 [INFO] IPUIPlugin:80 - create IPUIPlugin
2023-09-25 21:04:19,417 [INFO] PluginManager:220 - loadIPPluginJar : add fmc
2023-09-25 21:04:19,418 [INFO] IPUIPlugin:80 - create IPUIPlugin
2023-09-25 21:04:19,418 [INFO] PluginManager:220 - loadIPPluginJar : add genericplugin
2023-09-25 21:04:19,419 [INFO] IPUIPlugin:80 - create IPUIPlugin
2023-09-25 21:04:19,419 [INFO] PluginManager:220 - loadIPPluginJar : add pdm2pcm
2023-09-25 21:04:19,420 [INFO] IPUIPlugin:80 - create IPUIPlugin
2023-09-25 21:04:19,420 [INFO] PluginManager:220 - loadIPPluginJar : add ipddr
2023-09-25 21:04:19,421 [INFO] IPUIPlugin:80 - create IPUIPlugin
2023-09-25 21:04:19,421 [INFO] PluginManager:220 - loadIPPluginJar : add quadspi
2023-09-25 21:04:19,421 [INFO] IPUIPlugin:80 - create IPUIPlugin
2023-09-25 21:04:19,421 [INFO] PluginManager:220 - loadIPPluginJar : add ucpd
2023-09-25 21:04:19,422 [INFO] IPUIPlugin:80 - create IPUIPlugin
2023-09-25 21:04:19,422 [INFO] PluginManager:220 - loadIPPluginJar : add ts
2023-09-25 21:04:19,423 [INFO] IPUIPlugin:80 - create IPUIPlugin
2023-09-25 21:04:19,423 [INFO] PluginManager:220 - loadIPPluginJar : add openamp
2023-09-25 21:04:19,424 [INFO] IPUIPlugin:80 - create IPUIPlugin
2023-09-25 21:04:19,424 [INFO] PluginManager:220 - loadIPPluginJar : add resmgrutility
2023-09-25 21:04:19,427 [INFO] IPUIPlugin:80 - create IPUIPlugin
2023-09-25 21:04:19,427 [INFO] PluginManager:220 - loadIPPluginJar : add dma
2023-09-25 21:04:19,428 [INFO] IPUIPlugin:80 - create IPUIPlugin
2023-09-25 21:04:19,428 [INFO] PluginManager:220 - loadIPPluginJar : add dfsdm
2023-09-25 21:04:19,429 [INFO] IPUIPlugin:80 - create IPUIPlugin
2023-09-25 21:04:19,429 [INFO] PluginManager:220 - loadIPPluginJar : add tracer_emb
2023-09-25 21:04:19,430 [INFO] IPUIPlugin:80 - create IPUIPlugin
2023-09-25 21:04:19,430 [INFO] PluginManager:220 - loadIPPluginJar : add opamp
2023-09-25 21:04:19,431 [INFO] IPUIPlugin:80 - create IPUIPlugin
2023-09-25 21:04:19,431 [INFO] PluginManager:220 - loadIPPluginJar : add usbx
2023-09-25 21:04:19,519 [INFO] CADModel:165 - CPN selected for project level
2023-09-25 21:04:19,519 [INFO] CADModel:114 - Register for checkConnection events
2023-09-25 21:04:19,520 [FATAL] Updater:308 - Updater called before beeing initialized
2023-09-25 21:04:19,520 [ERROR] CADModel:125 - Updater not yet initialized, retry later 
2023-09-25 21:04:19,600 [INFO] CADModel:165 - CPN selected for project level
2023-09-25 21:04:19,600 [INFO] CADModel:114 - Register for checkConnection events
2023-09-25 21:04:19,601 [FATAL] Updater:308 - Updater called before beeing initialized
2023-09-25 21:04:19,601 [ERROR] CADModel:125 - Updater not yet initialized, retry later 
2023-09-25 21:04:19,603 [FATAL] Updater:308 - Updater called before beeing initialized
2023-09-25 21:04:19,664 [FATAL] Updater:308 - Updater called before beeing initialized
2023-09-25 21:04:19,668 [INFO] DbMcusAds:53 - JSON generation date=Thu Sep 30 08:55:09 CEST 2021 (1632984909247)
2023-09-25 21:04:19,668 [FATAL] Updater:308 - Updater called before beeing initialized
2023-09-25 21:04:19,690 [WARN] DetailPanel:346 - Failed to get advertising image, set to default
2023-09-25 21:04:19,750 [FATAL] Updater:308 - Updater called before beeing initialized
2023-09-25 21:04:19,752 [FATAL] Updater:308 - Updater called before beeing initialized
2023-09-25 21:04:19,752 [FATAL] Updater:308 - Updater called before beeing initialized
2023-09-25 21:04:19,752 [WARN] DetailPanel:346 - Failed to get advertising image, set to default
2023-09-25 21:04:19,752 [FATAL] Updater:308 - Updater called before beeing initialized
2023-09-25 21:04:19,770 [ERROR] Updater:1120 - MainUpdater not yet initialized. External WinMGr cannot be set.
2023-09-25 21:04:19,771 [INFO] Updater:1056 - Updater Version found : 6.9.2
2023-09-25 21:04:19,782 [INFO] ApplicationProperties:184 - Using Application install path: /opt/st/stm32cubeide_1.13.2/plugins/com.st.stm32cube.common.mx_6.9.2.202309101412
2023-09-25 21:04:19,889 [INFO] MainUpdater:2868 - connection check result : 10
2023-09-25 21:04:19,889 [INFO] MainUpdater:285 - Updater Check For Update Now.
2023-09-25 21:04:19,890 [INFO] MicroXplorer:498 - Change Database Version : DB.6.0.92
2023-09-25 21:04:19,892 [INFO] McuFinderGlobals:63 - Set McuFinder mode to 2 (CubeIDE integrated)
2023-09-25 21:04:19,892 [INFO] UserAuth:179 - activating auth plugin
2023-09-25 21:04:19,894 [INFO] UserAuth:393 - Internet connection configuration mode: 1
2023-09-25 21:04:19,902 [INFO] JxBrowserEngine:151 - Initiate JxBrowser Engine with user profile folder
2023-09-25 21:04:20,030 [INFO] CheckServerUpdateThread:120 - End of CheckServer Thread
2023-09-25 21:04:20,230 [INFO] WebApp:157 - Instantiating new browser for Auth
2023-09-25 21:04:20,491 [INFO] WebApp:753 - Register for checkConnection events
2023-09-25 21:04:20,491 [INFO] WebApp:390 - Apply proxy settings
2023-09-25 21:04:20,491 [INFO] WebApp:475 - Chromium requires no authentication
2023-09-25 21:04:20,496 [INFO] WebApp:418 - Direct internet connection detected
2023-09-25 21:04:20,571 [INFO] WebApp:188 - Starting web application
2023-09-25 21:04:20,572 [INFO] WebApp:520 - Web application path used /opt/st/stm32cubeide_1.13.2/plugins/com.st.stm32cube.common.mx_6.9.2.202309101412/db/plugins/mcufinder/reactClient1/index.html
2023-09-25 21:04:22,141 [WARN] PackLoader:240 - Cannot read IP mode file for STMicroelectronics.X-CUBE-SMBUS.2.1.0
2023-09-25 21:04:22,170 [WARN] PackLoader:240 - Cannot read IP mode file for STMicroelectronics.X-CUBE-AZRTOS-F7.1.1.0
2023-09-25 21:04:22,177 [WARN] PackLoader:240 - Cannot read IP mode file for STMicroelectronics.FP-SNS-MOTENV1.4.3.2
2023-09-25 21:04:22,182 [WARN] PackLoader:240 - Cannot read IP mode file for STMicroelectronics.FP-SNS-FLIGHT1.5.0.2
2023-09-25 21:04:22,187 [WARN] PackLoader:240 - Cannot read IP mode file for STMicroelectronics.X-CUBE-DISPLAY.3.0.0
2023-09-25 21:04:22,195 [WARN] PackLoader:240 - Cannot read IP mode file for STMicroelectronics.X-CUBE-BLE1.7.0.0
2023-09-25 21:04:22,199 [WARN] PackLoader:240 - Cannot read IP mode file for emotas.I-CUBE-CANOPEN.1.3.0
2023-09-25 21:04:22,202 [WARN] PackLoader:240 - Cannot read IP mode file for STMicroelectronics.X-CUBE-TOUCHGFX.4.22.0
2023-09-25 21:04:22,205 [WARN] PackLoader:240 - Cannot read IP mode file for STMicroelectronics.FP-SNS-SMARTAG2.1.2.0
2023-09-25 21:04:22,212 [INFO] LogOutputStream:77 - [STDOUT_REDIRECT] 1 : Invalid condition id : UX_CORESTACK_Condition cause : null
2023-09-25 21:04:22,212 [INFO] LogOutputStream:77 - [STDOUT_REDIRECT] 1 : Invalid condition id : UX_CORESTACK_Condition cause : null
2023-09-25 21:04:22,212 [INFO] LogOutputStream:77 - [STDOUT_REDIRECT] 1 : Invalid condition id : UX_CORESTACK_Condition cause : null
2023-09-25 21:04:22,213 [INFO] LogOutputStream:77 - [STDOUT_REDIRECT] 1 : Invalid condition id : UX_CORESTACK_Condition cause : null
2023-09-25 21:04:22,213 [INFO] LogOutputStream:77 - [STDOUT_REDIRECT] 1 : Invalid condition id : UX_CORESTACK_Condition cause : null
2023-09-25 21:04:22,216 [WARN] PackLoader:240 - Cannot read IP mode file for STMicroelectronics.X-CUBE-AZRTOS-WL.2.0.0
2023-09-25 21:04:22,222 [WARN] PackLoader:240 - Cannot read IP mode file for WES.I-CUBE-Cesium.1.3.0
2023-09-25 21:04:22,225 [WARN] PackLoader:240 - Cannot read IP mode file for STMicroelectronics.X-CUBE-BLE2.3.3.0
2023-09-25 21:04:22,229 [WARN] PackLoader:240 - Cannot read IP mode file for STMicroelectronics.X-CUBE-ALGOBUILD.1.3.0
2023-09-25 21:04:22,243 [WARN] PackLoader:240 - Cannot read IP mode file for STMicroelectronics.X-CUBE-AZRTOS-G0.1.1.0
2023-09-25 21:04:22,248 [WARN] PackLoader:240 - Cannot read IP mode file for STMicroelectronics.X-CUBE-NFC4.3.0.0
2023-09-25 21:04:22,251 [WARN] PackLoader:240 - Cannot read IP mode file for STMicroelectronics.FP-ATR-SIGFOX1.3.2.0
2023-09-25 21:04:22,277 [WARN] PackLoader:240 - Cannot read IP mode file for SEGGER.I-CUBE-embOS.1.3.1
2023-09-25 21:04:22,305 [WARN] PackLoader:240 - Cannot read IP mode file for STMicroelectronics.X-CUBE-GNSS1.6.0.0
2023-09-25 21:04:22,316 [WARN] PackLoader:240 - Cannot read IP mode file for STMicroelectronics.X-CUBE-AZRTOS-F4.1.1.0
2023-09-25 21:04:22,320 [WARN] PackLoader:240 - Cannot read IP mode file for wolfSSL.I-CUBE-wolfSSL.5.6.3
2023-09-25 21:04:22,331 [WARN] PackLoader:240 - Cannot read IP mode file for STMicroelectronics.X-CUBE-AZRTOS-L5.2.0.0
2023-09-25 21:04:22,358 [WARN] PackLoader:240 - Cannot read IP mode file for STMicroelectronics.X-CUBE-MEMS1.9.6.0
2023-09-25 21:04:22,489 [WARN] PackLoader:240 - Cannot read IP mode file for STMicroelectronics.X-CUBE-BLEMGR.2.0.0
2023-09-25 21:04:22,502 [WARN] ConditionMgr:438 - getConditionDescription Invalid condition id : UX DEVICE CLASS RTOS Condition cause : null
2023-09-25 21:04:22,502 [WARN] ConditionMgr:438 - getConditionDescription Invalid condition id : UX DEVICE CLASS RTOS Condition cause : null
2023-09-25 21:04:22,505 [WARN] PackLoader:240 - Cannot read IP mode file for STMicroelectronics.X-CUBE-AZRTOS-H7.3.1.0
2023-09-25 21:04:22,506 [WARN] ConditionMgr:1039 - genDependencies : Invalid condition id : UX DEVICE CLASS RTOS Condition cause : null
2023-09-25 21:04:22,506 [WARN] ConditionMgr:1039 - genDependencies : Invalid condition id : UX DEVICE CLASS RTOS Condition cause : null
2023-09-25 21:04:22,506 [WARN] ConditionMgr:1039 - genDependencies : Invalid condition id : UX DEVICE CLASS RTOS Condition cause : null
2023-09-25 21:04:22,506 [WARN] ConditionMgr:1039 - genDependencies : Invalid condition id : UX DEVICE CLASS RTOS Condition cause : null
2023-09-25 21:04:22,507 [WARN] ConditionMgr:1039 - genDependencies : Invalid condition id : UX DEVICE CLASS RTOS Condition cause : null
2023-09-25 21:04:22,510 [WARN] PackLoader:240 - Cannot read IP mode file for STMicroelectronics.X-CUBE-NFC7.1.0.1
2023-09-25 21:04:22,515 [WARN] PackLoader:240 - Cannot read IP mode file for STMicroelectronics.X-CUBE-NFC6.3.0.0
2023-09-25 21:04:22,519 [WARN] PackLoader:240 - Cannot read IP mode file for STMicroelectronics.X-CUBE-EEPRMA1.4.1.0
2023-09-25 21:04:22,522 [WARN] PackLoader:240 - Cannot read IP mode file for STMicroelectronics.X-CUBE-AI.8.1.0
2023-09-25 21:04:22,537 [WARN] ConditionMgr:438 - getConditionDescription Invalid condition id : LAN8742 Phy interface Condition cause : null
2023-09-25 21:04:22,538 [WARN] PackLoader:240 - Cannot read IP mode file for STMicroelectronics.X-CUBE-AZRTOS-L4.2.0.0
2023-09-25 21:04:22,538 [WARN] ConditionMgr:1039 - genDependencies : Invalid condition id : LAN8742 Phy interface Condition cause : null
2023-09-25 21:04:22,539 [WARN] ConditionMgr:1039 - genDependencies : Invalid condition id : LAN8742 Phy interface Condition cause : null
2023-09-25 21:04:22,539 [WARN] ConditionMgr:1039 - genDependencies : Invalid condition id : LAN8742 Phy interface Condition cause : null
2023-09-25 21:04:22,545 [WARN] PackLoader:240 - Cannot read IP mode file for STMicroelectronics.X-CUBE-SFXS2LP1.4.0.0
2023-09-25 21:04:22,549 [WARN] PackLoader:240 - Cannot read IP mode file for STMicroelectronics.X-CUBE-ISPU.1.1.0
2023-09-25 21:04:22,558 [WARN] ConditionMgr:438 - getConditionDescription Invalid condition id : UX DEVICE CLASS RTOS Condition cause : null
2023-09-25 21:04:22,558 [WARN] ConditionMgr:438 - getConditionDescription Invalid condition id : UX DEVICE CLASS RTOS Condition cause : null
2023-09-25 21:04:22,561 [WARN] PackLoader:240 - Cannot read IP mode file for STMicroelectronics.X-CUBE-AZRTOS-WB.2.0.0
2023-09-25 21:04:22,561 [WARN] ConditionMgr:1039 - genDependencies : Invalid condition id : UX DEVICE CLASS RTOS Condition cause : null
2023-09-25 21:04:22,562 [WARN] ConditionMgr:1039 - genDependencies : Invalid condition id : UX DEVICE CLASS RTOS Condition cause : null
2023-09-25 21:04:22,562 [WARN] ConditionMgr:1039 - genDependencies : Invalid condition id : UX DEVICE CLASS RTOS Condition cause : null
2023-09-25 21:04:22,562 [WARN] ConditionMgr:1039 - genDependencies : Invalid condition id : UX DEVICE CLASS RTOS Condition cause : null
2023-09-25 21:04:22,562 [WARN] ConditionMgr:1039 - genDependencies : Invalid condition id : UX DEVICE CLASS RTOS Condition cause : null
2023-09-25 21:04:22,572 [WARN] PackLoader:240 - Cannot read IP mode file for STMicroelectronics.X-CUBE-SUBG2.5.0.0
2023-09-25 21:04:22,585 [WARN] PackLoader:240 - Cannot read IP mode file for STMicroelectronics.X-CUBE-TOF1.3.3.1
2023-09-25 21:04:22,609 [WARN] PackLoader:240 - Cannot read IP mode file for STMicroelectronics.X-CUBE-AZRTOS-G4.2.0.0
2023-09-25 21:04:22,614 [WARN] PackLoader:240 - Cannot read IP mode file for STMicroelectronics.X-CUBE-FREERTOS.1.1.0
2023-09-25 21:04:22,617 [WARN] PackLoader:240 - Cannot read IP mode file for portGmbH.I-Cube-SoM-uGOAL.1.1.0
2023-09-25 21:04:22,620 [WARN] PackLoader:240 - Cannot read IP mode file for STMicroelectronics.X-CUBE-ALS.1.0.1
2023-09-25 21:04:22,622 [WARN] PackLoader:240 - Cannot read IP mode file for STMicroelectronics.FP-ATR-ASTRA1.2.0.0
2023-09-25 21:04:22,622 [INFO] ThirdParty:978 - Integrity check success = true
2023-09-25 21:04:22,622 [INFO] IntegrityCheckThread:100 - exiting critical section [integrity check]
2023-09-25 21:04:22,622 [INFO] IntegrityCheckThread:103 - End integrity checks thread
2023-09-25 21:04:41,047 [ERROR] LogOutputStream:75 - [STDERR_REDIRECT] SLF4J: Failed to load class "org.slf4j.impl.StaticLoggerBinder".
2023-09-25 21:04:41,047 [ERROR] LogOutputStream:75 - [STDERR_REDIRECT] SLF4J: Defaulting to no-operation (NOP) logger implementation
2023-09-25 21:04:41,048 [ERROR] LogOutputStream:75 - [STDERR_REDIRECT] SLF4J: See http://www.slf4j.org/codes.html#StaticLoggerBinder for further details.
2023-09-25 21:05:19,438 [ERROR] LogOutputStream:75 - [STDERR_REDIRECT] 
