2023-11-02 11:08:40,480 [INFO] Activator:176 - 


2023-11-02 11:08:40,484 [INFO] Activator:177 - !SESSION log4j initialized
2023-11-02 11:08:42,633 [INFO] LogOutputStream:77 - [STDOUT_REDIRECT] 
2023-11-02 11:08:42,923 [ERROR] ConfigurationRetriever:142 - IOException on connection: sw-center.st.com
2023-11-02 11:08:42,924 [ERROR] ConfigurationRetriever:142 - IOException on connection: sw-center.st.com
2023-11-02 11:08:42,925 [ERROR] ConfigurationRetriever:142 - IOException on connection: sw-center.st.com
2023-11-02 11:08:43,176 [INFO] ApplicationProperties:184 - Using Application install path: /opt/st/stm32cubeide_1.13.2/plugins/com.st.stm32cube.common.mx_6.9.2.202309101412
2023-11-02 11:08:43,200 [INFO] DbMcusXml:78 - Set database path to: /opt/st/stm32cubeide_1.13.2/plugins/com.st.stm32cube.common.mx_6.9.2.202309101412//db//mcu/
2023-11-02 11:08:43,201 [INFO] ApiDb:274 - Set plugin database path to: /opt/st/stm32cubeide_1.13.2/plugins/com.st.stm32cube.common.mx_6.9.2.202309101412//db//plugins/boardmanager/
2023-11-02 11:08:43,201 [WARN] ApiDb:259 - Overriding images path with different value:  => /opt/st/stm32cubeide_1.13.2/plugins/com.st.stm32cube.common.mx_6.9.2.202309101412//db//plugins/mcufinder/images/
2023-11-02 11:08:43,213 [INFO] ApiDb:250 - Set database path to: /home/laptop/.stmcufinder/plugins/mcufinder//mcu/
2023-11-02 11:08:43,215 [INFO] DbMcusAds:125 - Set database path to: /home/laptop/.stmcufinder/plugins/mcufinder//mcu/
2023-11-02 11:08:43,218 [INFO] CrossReferenceDbSqlite:203 - Set database path to: /home/laptop/.stmcufinder/plugins/mcufinder//mcu/cs/
2023-11-02 11:08:43,388 [INFO] RulesReader:64 - Compatibility file has been processed (293 Rules)
2023-11-02 11:08:43,459 [INFO] DbMcusXml:78 - Set database path to: /opt/st/stm32cubeide_1.13.2/plugins/com.st.stm32cube.common.mx_6.9.2.202309101412//db//mcu/
2023-11-02 11:08:43,459 [INFO] ApiDb:274 - Set plugin database path to: /opt/st/stm32cubeide_1.13.2/plugins/com.st.stm32cube.common.mx_6.9.2.202309101412//db//plugins/boardmanager/
2023-11-02 11:08:43,460 [INFO] ApiDb:261 - Set plugin images path to: /opt/st/stm32cubeide_1.13.2/plugins/com.st.stm32cube.common.mx_6.9.2.202309101412//db//plugins/mcufinder/images/
2023-11-02 11:08:43,460 [WARN] DbFile:41 - Overriding database path with different value: /home/laptop/.stmcufinder/plugins/mcufinder/ => /home/laptop/.stmcufinder/plugins/mcufinder
2023-11-02 11:08:43,460 [INFO] ApiDb:250 - Set database path to: /home/laptop/.stmcufinder/plugins/mcufinder//mcu/
2023-11-02 11:08:43,460 [WARN] DbFile:41 - Overriding database path with different value: /home/laptop/.stmcufinder/plugins/mcufinder/ => /home/laptop/.stmcufinder/plugins/mcufinder
2023-11-02 11:08:43,460 [INFO] DbMcusAds:125 - Set database path to: /home/laptop/.stmcufinder/plugins/mcufinder//mcu/
2023-11-02 11:08:43,460 [WARN] DbFile:41 - Overriding database path with different value: /home/laptop/.stmcufinder/plugins/mcufinder/ => /home/laptop/.stmcufinder/plugins/mcufinder
2023-11-02 11:08:43,460 [WARN] DbFile:41 - Overriding database path with different value: /home/laptop/.stmcufinder/plugins/mcufinder/ => /home/laptop/.stmcufinder/plugins/mcufinder
2023-11-02 11:08:43,461 [INFO] CrossReferenceDbSqlite:203 - Set database path to: /home/laptop/.stmcufinder/plugins/mcufinder//mcu/cs/
2023-11-02 11:08:43,523 [INFO] MainPanel:262 - HeapMemory: 268435456
2023-11-02 11:08:43,632 [INFO] DbMcusXml:78 - Set database path to: /opt/st/stm32cubeide_1.13.2/plugins/com.st.stm32cube.common.mx_6.9.2.202309101412//db//mcu/
2023-11-02 11:08:43,632 [INFO] ApiDb:274 - Set plugin database path to: /opt/st/stm32cubeide_1.13.2/plugins/com.st.stm32cube.common.mx_6.9.2.202309101412//db//plugins/boardmanager/
2023-11-02 11:08:43,632 [INFO] ApiDb:261 - Set plugin images path to: /opt/st/stm32cubeide_1.13.2/plugins/com.st.stm32cube.common.mx_6.9.2.202309101412//db//plugins/mcufinder/images/
2023-11-02 11:08:43,633 [WARN] DbFile:41 - Overriding database path with different value: /home/laptop/.stmcufinder/plugins/mcufinder/ => /home/laptop/.stmcufinder/plugins/mcufinder
2023-11-02 11:08:43,633 [INFO] ApiDb:250 - Set database path to: /home/laptop/.stmcufinder/plugins/mcufinder//mcu/
2023-11-02 11:08:43,633 [WARN] DbFile:41 - Overriding database path with different value: /home/laptop/.stmcufinder/plugins/mcufinder/ => /home/laptop/.stmcufinder/plugins/mcufinder
2023-11-02 11:08:43,633 [INFO] DbMcusAds:125 - Set database path to: /home/laptop/.stmcufinder/plugins/mcufinder//mcu/
2023-11-02 11:08:43,633 [WARN] DbFile:41 - Overriding database path with different value: /home/laptop/.stmcufinder/plugins/mcufinder/ => /home/laptop/.stmcufinder/plugins/mcufinder
2023-11-02 11:08:43,633 [WARN] DbFile:41 - Overriding database path with different value: /home/laptop/.stmcufinder/plugins/mcufinder/ => /home/laptop/.stmcufinder/plugins/mcufinder
2023-11-02 11:08:43,633 [INFO] CrossReferenceDbSqlite:203 - Set database path to: /home/laptop/.stmcufinder/plugins/mcufinder//mcu/cs/
2023-11-02 11:08:43,649 [INFO] ApplicationProperties:184 - Using Application install path: /opt/st/stm32cubeide_1.13.2/plugins/com.st.stm32cube.common.mx_6.9.2.202309101412
2023-11-02 11:08:43,651 [INFO] PluginManage:196 - Search for loadable plugins [exclusion list=, ]
2023-11-02 11:08:43,652 [INFO] PluginManage:310 - Check plugin analytics
2023-11-02 11:08:43,776 [INFO] AnalyticsPlugin:253 - Accepted Software Licenses: 
2023-11-02 11:08:43,776 [INFO] AnalyticsPlugin:255 - Accepted CMSIS Pack Licenses: 
2023-11-02 11:08:43,776 [INFO] AnalyticsPlugin:257 - Accepted Firmware Licenses: 
2023-11-02 11:08:43,778 [INFO] PluginManage:359 - Loaded plugin analytics (category:tool,tabindex:-1)
2023-11-02 11:08:43,778 [INFO] PluginManage:310 - Check plugin cadmodel
2023-11-02 11:08:43,779 [ERROR] ConfigurationRetriever:142 - IOException on connection: sw-center.st.com
2023-11-02 11:08:43,780 [ERROR] ConfigurationRetriever:142 - IOException on connection: sw-center.st.com
2023-11-02 11:08:43,780 [ERROR] ConfigurationRetriever:142 - IOException on connection: sw-center.st.com
2023-11-02 11:08:43,839 [INFO] CADModel:105 - Init CAD model plugin
2023-11-02 11:08:43,839 [INFO] PluginManage:359 - Loaded plugin cadmodel (category:power,tabindex:5)
2023-11-02 11:08:43,839 [INFO] PluginManage:310 - Check plugin clock
2023-11-02 11:08:43,846 [INFO] PluginManage:359 - Loaded plugin clock (category:base,tabindex:2)
2023-11-02 11:08:43,847 [INFO] PluginManage:310 - Check plugin ddr
2023-11-02 11:08:43,848 [INFO] PluginManage:359 - Loaded plugin ddr (category:tool,tabindex:6)
2023-11-02 11:08:43,848 [INFO] PluginManage:310 - Check plugin filemanager
2023-11-02 11:08:43,953 [INFO] PluginManage:359 - Loaded plugin filemanager (category:base,tabindex:10)
2023-11-02 11:08:43,953 [INFO] PluginManage:310 - Check plugin ipmanager
2023-11-02 11:08:43,959 [INFO] PluginManage:359 - Loaded plugin ipmanager (category:base,tabindex:5)
2023-11-02 11:08:43,959 [INFO] PluginManage:310 - Check plugin lpbam
2023-11-02 11:08:43,967 [INFO] PluginManage:359 - Loaded plugin lpbam (category:base,tabindex:0)
2023-11-02 11:08:43,967 [INFO] PluginManage:310 - Check plugin memorymap
2023-11-02 11:08:43,977 [INFO] PluginManage:359 - Loaded plugin memorymap (category:base,tabindex:4)
2023-11-02 11:08:43,977 [INFO] PluginManage:310 - Check plugin pinoutandconfiguration
2023-11-02 11:08:43,983 [INFO] PluginManage:359 - Loaded plugin pinoutandconfiguration (category:base,tabindex:1)
2023-11-02 11:08:43,983 [INFO] PluginManage:310 - Check plugin pinoutconfig
2023-11-02 11:08:44,055 [WARN] SupportedApi:132 - Cannot load RTOS API schema: s4s-elt-must-match.1: The content of 'definitions' must match (annotation?, (simpleType | complexType)?, (unique | key | keyref)*)). A problem was found starting at: attribute.
2023-11-02 11:08:44,162 [INFO] PluginManage:359 - Loaded plugin pinoutconfig (category:base,tabindex:0)
2023-11-02 11:08:44,163 [INFO] PluginManage:310 - Check plugin power
2023-11-02 11:08:44,170 [INFO] PluginManage:359 - Loaded plugin power (category:power,tabindex:4)
2023-11-02 11:08:44,170 [INFO] PluginManage:310 - Check plugin projectmanager
2023-11-02 11:08:44,181 [INFO] PluginManage:359 - Loaded plugin projectmanager (category:projectmanager,tabindex:3)
2023-11-02 11:08:44,181 [INFO] PluginManage:310 - Check plugin thirdparty
2023-11-02 11:08:44,277 [INFO] PluginManage:359 - Loaded plugin thirdparty (category:base,tabindex:-1)
2023-11-02 11:08:44,277 [INFO] PluginManage:310 - Check plugin tools
2023-11-02 11:08:44,277 [WARN] IntegrityCheckThread:84 - waiting for thirdparty lock release [integrity check]
2023-11-02 11:08:44,277 [INFO] IntegrityCheckThread:86 - entering critical section [integrity check]
2023-11-02 11:08:44,278 [INFO] ThirdPartyUpdaterWithRetryManager:70 - Updater plugin not ready yet. [1/15]
2023-11-02 11:08:44,279 [INFO] PluginManage:359 - Loaded plugin tools (category:base,tabindex:7)
2023-11-02 11:08:44,279 [INFO] PluginManage:310 - Check plugin tutovideos
2023-11-02 11:08:44,424 [INFO] PluginManage:359 - Loaded plugin tutovideos (category:base,tabindex:-1)
2023-11-02 11:08:44,424 [INFO] PluginManage:310 - Check plugin updater
2023-11-02 11:08:44,435 [INFO] PluginManage:359 - Loaded plugin updater (category:base,tabindex:12)
2023-11-02 11:08:44,436 [INFO] PluginManage:310 - Check plugin userauth
2023-11-02 11:08:44,440 [INFO] UserAuth:113 - Init User Auth plugin
2023-11-02 11:08:44,440 [INFO] PluginManage:359 - Loaded plugin userauth (category:base,tabindex:14)
2023-11-02 11:08:44,441 [INFO] PluginManage:283 - PluginManage : Loaded plugins [17]
2023-11-02 11:08:44,620 [INFO] PinOutPanel:1499 - setPackage(No Configuration,No Configuration)
2023-11-02 11:08:44,713 [INFO] CADModel:165 - CPN selected for project level
2023-11-02 11:08:44,713 [INFO] CADModel:114 - Register for checkConnection events
2023-11-02 11:08:44,725 [INFO] IPUIPlugin:80 - create IPUIPlugin
2023-11-02 11:08:44,725 [INFO] PluginManager:220 - loadIPPluginJar : add ltdc
2023-11-02 11:08:44,731 [INFO] IPUIPlugin:80 - create IPUIPlugin
2023-11-02 11:08:44,732 [INFO] PluginManager:220 - loadIPPluginJar : add i2s
2023-11-02 11:08:44,735 [INFO] IPUIPlugin:80 - create IPUIPlugin
2023-11-02 11:08:44,735 [INFO] PluginManager:220 - loadIPPluginJar : add can
2023-11-02 11:08:44,740 [INFO] IPUIPlugin:80 - create IPUIPlugin
2023-11-02 11:08:44,741 [INFO] PluginManager:220 - loadIPPluginJar : add gpio
2023-11-02 11:08:44,748 [INFO] IPUIPlugin:80 - create IPUIPlugin
2023-11-02 11:08:44,748 [INFO] PluginManager:220 - loadIPPluginJar : add freertos
2023-11-02 11:08:44,751 [INFO] IPUIPlugin:80 - create IPUIPlugin
2023-11-02 11:08:44,752 [INFO] PluginManager:220 - loadIPPluginJar : add dma3
2023-11-02 11:08:44,753 [INFO] IPUIPlugin:80 - create IPUIPlugin
2023-11-02 11:08:44,753 [INFO] PluginManager:220 - loadIPPluginJar : add fatfs
2023-11-02 11:08:44,756 [INFO] IPUIPlugin:80 - create IPUIPlugin
2023-11-02 11:08:44,756 [INFO] PluginManager:220 - loadIPPluginJar : add cryp
2023-11-02 11:08:44,764 [INFO] IPUIPlugin:80 - create IPUIPlugin
2023-11-02 11:08:44,764 [INFO] PluginManager:220 - loadIPPluginJar : add adc
2023-11-02 11:08:44,767 [INFO] IPUIPlugin:80 - create IPUIPlugin
2023-11-02 11:08:44,767 [INFO] PluginManager:220 - loadIPPluginJar : add usart
2023-11-02 11:08:44,770 [INFO] IPUIPlugin:80 - create IPUIPlugin
2023-11-02 11:08:44,770 [INFO] PluginManager:220 - loadIPPluginJar : add touchsensing
2023-11-02 11:08:44,773 [INFO] IPUIPlugin:80 - create IPUIPlugin
2023-11-02 11:08:44,773 [INFO] PluginManager:220 - loadIPPluginJar : add gtzc
2023-11-02 11:08:44,776 [INFO] IPUIPlugin:80 - create IPUIPlugin
2023-11-02 11:08:44,776 [INFO] PluginManager:220 - loadIPPluginJar : add aes
2023-11-02 11:08:44,779 [INFO] IPUIPlugin:80 - create IPUIPlugin
2023-11-02 11:08:44,780 [INFO] PluginManager:220 - loadIPPluginJar : add nvic
2023-11-02 11:08:44,782 [INFO] IPUIPlugin:80 - create IPUIPlugin
2023-11-02 11:08:44,782 [INFO] PluginManager:220 - loadIPPluginJar : add gfxmmu
2023-11-02 11:08:44,783 [INFO] IPUIPlugin:80 - create IPUIPlugin
2023-11-02 11:08:44,784 [INFO] PluginManager:220 - loadIPPluginJar : add tim
2023-11-02 11:08:44,786 [INFO] IPUIPlugin:80 - create IPUIPlugin
2023-11-02 11:08:44,786 [INFO] PluginManager:220 - loadIPPluginJar : add lorawan
2023-11-02 11:08:44,794 [INFO] IPUIPlugin:80 - create IPUIPlugin
2023-11-02 11:08:44,794 [INFO] PluginManager:220 - loadIPPluginJar : add linkedlist
2023-11-02 11:08:44,801 [INFO] IPUIPlugin:80 - create IPUIPlugin
2023-11-02 11:08:44,801 [INFO] PluginManager:220 - loadIPPluginJar : add mdma
2023-11-02 11:08:44,805 [INFO] IPUIPlugin:80 - create IPUIPlugin
2023-11-02 11:08:44,805 [INFO] PluginManager:220 - loadIPPluginJar : add stm32_wpan
2023-11-02 11:08:44,806 [INFO] IPUIPlugin:80 - create IPUIPlugin
2023-11-02 11:08:44,806 [INFO] PluginManager:220 - loadIPPluginJar : add tsc
2023-11-02 11:08:44,811 [INFO] IPUIPlugin:80 - create IPUIPlugin
2023-11-02 11:08:44,813 [INFO] PluginManager:220 - loadIPPluginJar : add plateformsettings
2023-11-02 11:08:44,815 [INFO] IPUIPlugin:80 - create IPUIPlugin
2023-11-02 11:08:44,815 [INFO] PluginManager:220 - loadIPPluginJar : add spi
2023-11-02 11:08:44,816 [INFO] IPUIPlugin:80 - create IPUIPlugin
2023-11-02 11:08:44,816 [INFO] PluginManager:220 - loadIPPluginJar : add comp
2023-11-02 11:08:44,818 [INFO] IPUIPlugin:80 - create IPUIPlugin
2023-11-02 11:08:44,818 [INFO] PluginManager:220 - loadIPPluginJar : add i2c
2023-11-02 11:08:44,819 [INFO] IPUIPlugin:80 - create IPUIPlugin
2023-11-02 11:08:44,819 [INFO] PluginManager:220 - loadIPPluginJar : add hash
2023-11-02 11:08:44,823 [INFO] IPUIPlugin:80 - create IPUIPlugin
2023-11-02 11:08:44,823 [INFO] PluginManager:220 - loadIPPluginJar : add gic
2023-11-02 11:08:44,825 [INFO] IPUIPlugin:80 - create IPUIPlugin
2023-11-02 11:08:44,825 [INFO] PluginManager:220 - loadIPPluginJar : add i3c
2023-11-02 11:08:44,827 [INFO] IPUIPlugin:80 - create IPUIPlugin
2023-11-02 11:08:44,827 [INFO] PluginManager:220 - loadIPPluginJar : add sai
2023-11-02 11:08:44,830 [INFO] IPUIPlugin:80 - create IPUIPlugin
2023-11-02 11:08:44,830 [INFO] PluginManager:220 - loadIPPluginJar : add fmc
2023-11-02 11:08:44,831 [INFO] IPUIPlugin:80 - create IPUIPlugin
2023-11-02 11:08:44,831 [INFO] PluginManager:220 - loadIPPluginJar : add genericplugin
2023-11-02 11:08:44,832 [INFO] IPUIPlugin:80 - create IPUIPlugin
2023-11-02 11:08:44,832 [INFO] PluginManager:220 - loadIPPluginJar : add pdm2pcm
2023-11-02 11:08:44,834 [INFO] IPUIPlugin:80 - create IPUIPlugin
2023-11-02 11:08:44,834 [INFO] PluginManager:220 - loadIPPluginJar : add ipddr
2023-11-02 11:08:44,835 [INFO] IPUIPlugin:80 - create IPUIPlugin
2023-11-02 11:08:44,835 [INFO] PluginManager:220 - loadIPPluginJar : add quadspi
2023-11-02 11:08:44,836 [INFO] IPUIPlugin:80 - create IPUIPlugin
2023-11-02 11:08:44,836 [INFO] PluginManager:220 - loadIPPluginJar : add ucpd
2023-11-02 11:08:44,837 [INFO] IPUIPlugin:80 - create IPUIPlugin
2023-11-02 11:08:44,838 [INFO] PluginManager:220 - loadIPPluginJar : add ts
2023-11-02 11:08:44,839 [INFO] IPUIPlugin:80 - create IPUIPlugin
2023-11-02 11:08:44,839 [INFO] PluginManager:220 - loadIPPluginJar : add openamp
2023-11-02 11:08:44,842 [INFO] IPUIPlugin:80 - create IPUIPlugin
2023-11-02 11:08:44,842 [INFO] PluginManager:220 - loadIPPluginJar : add resmgrutility
2023-11-02 11:08:44,847 [INFO] IPUIPlugin:80 - create IPUIPlugin
2023-11-02 11:08:44,847 [INFO] PluginManager:220 - loadIPPluginJar : add dma
2023-11-02 11:08:44,849 [INFO] IPUIPlugin:80 - create IPUIPlugin
2023-11-02 11:08:44,849 [INFO] PluginManager:220 - loadIPPluginJar : add dfsdm
2023-11-02 11:08:44,850 [INFO] IPUIPlugin:80 - create IPUIPlugin
2023-11-02 11:08:44,850 [INFO] PluginManager:220 - loadIPPluginJar : add tracer_emb
2023-11-02 11:08:44,852 [INFO] IPUIPlugin:80 - create IPUIPlugin
2023-11-02 11:08:44,852 [INFO] PluginManager:220 - loadIPPluginJar : add opamp
2023-11-02 11:08:44,854 [INFO] IPUIPlugin:80 - create IPUIPlugin
2023-11-02 11:08:44,854 [INFO] PluginManager:220 - loadIPPluginJar : add usbx
2023-11-02 11:08:44,948 [INFO] CADModel:165 - CPN selected for project level
2023-11-02 11:08:44,948 [INFO] CADModel:114 - Register for checkConnection events
2023-11-02 11:08:44,948 [FATAL] Updater:308 - Updater called before beeing initialized
2023-11-02 11:08:44,948 [ERROR] CADModel:125 - Updater not yet initialized, retry later 
2023-11-02 11:08:45,042 [INFO] CADModel:165 - CPN selected for project level
2023-11-02 11:08:45,042 [INFO] CADModel:114 - Register for checkConnection events
2023-11-02 11:08:45,042 [FATAL] Updater:308 - Updater called before beeing initialized
2023-11-02 11:08:45,042 [ERROR] CADModel:125 - Updater not yet initialized, retry later 
2023-11-02 11:08:45,045 [FATAL] Updater:308 - Updater called before beeing initialized
2023-11-02 11:08:45,107 [FATAL] Updater:308 - Updater called before beeing initialized
2023-11-02 11:08:45,112 [INFO] DbMcusAds:53 - JSON generation date=Tue Mar 07 09:50:55 CET 2023 (1678179055114)
2023-11-02 11:08:45,112 [FATAL] Updater:308 - Updater called before beeing initialized
2023-11-02 11:08:45,142 [WARN] DetailPanel:346 - Failed to get advertising image, set to default
2023-11-02 11:08:45,204 [FATAL] Updater:308 - Updater called before beeing initialized
2023-11-02 11:08:45,206 [FATAL] Updater:308 - Updater called before beeing initialized
2023-11-02 11:08:45,206 [FATAL] Updater:308 - Updater called before beeing initialized
2023-11-02 11:08:45,206 [WARN] DetailPanel:346 - Failed to get advertising image, set to default
2023-11-02 11:08:45,207 [FATAL] Updater:308 - Updater called before beeing initialized
2023-11-02 11:08:45,234 [ERROR] Updater:1120 - MainUpdater not yet initialized. External WinMGr cannot be set.
2023-11-02 11:08:45,236 [INFO] Updater:1056 - Updater Version found : 6.9.2
2023-11-02 11:08:45,254 [INFO] ApplicationProperties:184 - Using Application install path: /opt/st/stm32cubeide_1.13.2/plugins/com.st.stm32cube.common.mx_6.9.2.202309101412
2023-11-02 11:08:45,335 [ERROR] ServerAccessManage:1146 - Warning during Server Connection :  Unknown host sw-center.st.com
2023-11-02 11:08:45,337 [INFO] MainUpdater:2868 - connection check result : 22
2023-11-02 11:08:45,338 [INFO] MainUpdater:285 - Updater Check For Update Now.
2023-11-02 11:08:45,338 [INFO] MicroXplorer:498 - Change Database Version : DB.6.0.92
2023-11-02 11:08:45,342 [INFO] McuFinderGlobals:63 - Set McuFinder mode to 2 (CubeIDE integrated)
2023-11-02 11:08:45,500 [INFO] CheckServerUpdateThread:120 - End of CheckServer Thread
2023-11-02 11:08:46,719 [ERROR] ConfigurationRetriever:142 - IOException on connection: sw-center.st.com
2023-11-02 11:08:46,720 [ERROR] ConfigurationRetriever:142 - IOException on connection: sw-center.st.com
2023-11-02 11:08:46,720 [ERROR] ConfigurationRetriever:142 - IOException on connection: sw-center.st.com
2023-11-02 11:08:47,359 [WARN] PackLoader:240 - Cannot read IP mode file for STMicroelectronics.X-CUBE-SMBUS.2.1.0
2023-11-02 11:08:47,389 [WARN] PackLoader:240 - Cannot read IP mode file for STMicroelectronics.X-CUBE-AZRTOS-F7.1.1.0
2023-11-02 11:08:47,400 [WARN] PackLoader:240 - Cannot read IP mode file for STMicroelectronics.FP-SNS-MOTENV1.4.3.2
2023-11-02 11:08:47,407 [WARN] PackLoader:240 - Cannot read IP mode file for STMicroelectronics.FP-SNS-FLIGHT1.5.0.2
2023-11-02 11:08:47,416 [WARN] PackLoader:240 - Cannot read IP mode file for STMicroelectronics.X-CUBE-DISPLAY.3.0.0
2023-11-02 11:08:47,427 [WARN] PackLoader:240 - Cannot read IP mode file for STMicroelectronics.X-CUBE-BLE1.7.0.0
2023-11-02 11:08:47,432 [WARN] PackLoader:240 - Cannot read IP mode file for emotas.I-CUBE-CANOPEN.1.3.0
2023-11-02 11:08:47,437 [WARN] PackLoader:240 - Cannot read IP mode file for STMicroelectronics.X-CUBE-TOUCHGFX.4.22.0
2023-11-02 11:08:47,439 [WARN] PackLoader:240 - Cannot read IP mode file for STMicroelectronics.X-CUBE-TOUCHGFX.4.22.1
2023-11-02 11:08:47,443 [WARN] PackLoader:240 - Cannot read IP mode file for STMicroelectronics.FP-SNS-SMARTAG2.1.2.0
2023-11-02 11:08:47,454 [INFO] LogOutputStream:77 - [STDOUT_REDIRECT] 1 : Invalid condition id : UX_CORESTACK_Condition cause : null
2023-11-02 11:08:47,455 [INFO] LogOutputStream:77 - [STDOUT_REDIRECT] 1 : Invalid condition id : UX_CORESTACK_Condition cause : null
2023-11-02 11:08:47,455 [INFO] LogOutputStream:77 - [STDOUT_REDIRECT] 1 : Invalid condition id : UX_CORESTACK_Condition cause : null
2023-11-02 11:08:47,455 [INFO] LogOutputStream:77 - [STDOUT_REDIRECT] 1 : Invalid condition id : UX_CORESTACK_Condition cause : null
2023-11-02 11:08:47,456 [INFO] LogOutputStream:77 - [STDOUT_REDIRECT] 1 : Invalid condition id : UX_CORESTACK_Condition cause : null
2023-11-02 11:08:47,459 [WARN] PackLoader:240 - Cannot read IP mode file for STMicroelectronics.X-CUBE-AZRTOS-WL.2.0.0
2023-11-02 11:08:47,468 [WARN] PackLoader:240 - Cannot read IP mode file for WES.I-CUBE-Cesium.1.3.0
2023-11-02 11:08:47,472 [WARN] PackLoader:240 - Cannot read IP mode file for STMicroelectronics.X-CUBE-BLE2.3.3.0
2023-11-02 11:08:47,478 [WARN] PackLoader:240 - Cannot read IP mode file for STMicroelectronics.X-CUBE-ALGOBUILD.1.3.0
2023-11-02 11:08:47,496 [WARN] PackLoader:240 - Cannot read IP mode file for STMicroelectronics.X-CUBE-AZRTOS-G0.1.1.0
2023-11-02 11:08:47,502 [WARN] PackLoader:240 - Cannot read IP mode file for STMicroelectronics.X-CUBE-NFC4.3.0.0
2023-11-02 11:08:47,506 [WARN] PackLoader:240 - Cannot read IP mode file for STMicroelectronics.FP-ATR-SIGFOX1.3.2.0
2023-11-02 11:08:47,532 [WARN] PackLoader:240 - Cannot read IP mode file for SEGGER.I-CUBE-embOS.1.3.1
2023-11-02 11:08:47,573 [WARN] PackLoader:240 - Cannot read IP mode file for STMicroelectronics.X-CUBE-GNSS1.6.0.0
2023-11-02 11:08:47,594 [WARN] PackLoader:240 - Cannot read IP mode file for STMicroelectronics.X-CUBE-AZRTOS-F4.1.1.0
2023-11-02 11:08:47,599 [WARN] PackLoader:240 - Cannot read IP mode file for wolfSSL.I-CUBE-wolfSSL.5.6.3
2023-11-02 11:08:47,613 [WARN] PackLoader:240 - Cannot read IP mode file for STMicroelectronics.X-CUBE-AZRTOS-L5.2.0.0
2023-11-02 11:08:47,642 [WARN] PackLoader:240 - Cannot read IP mode file for STMicroelectronics.X-CUBE-MEMS1.9.6.0
2023-11-02 11:08:47,765 [WARN] PackLoader:240 - Cannot read IP mode file for STMicroelectronics.X-CUBE-EEPRMA1.4.2.0
2023-11-02 11:08:47,769 [WARN] PackLoader:240 - Cannot read IP mode file for ITTIA_DB.I-CUBE-ITTIADB.8.8.0
2023-11-02 11:08:47,775 [WARN] PackLoader:240 - Cannot read IP mode file for STMicroelectronics.X-CUBE-BLEMGR.2.0.0
2023-11-02 11:08:47,790 [WARN] ConditionMgr:438 - getConditionDescription Invalid condition id : UX DEVICE CLASS RTOS Condition cause : null
2023-11-02 11:08:47,790 [WARN] ConditionMgr:438 - getConditionDescription Invalid condition id : UX DEVICE CLASS RTOS Condition cause : null
2023-11-02 11:08:47,793 [WARN] PackLoader:240 - Cannot read IP mode file for STMicroelectronics.X-CUBE-AZRTOS-H7.3.1.0
2023-11-02 11:08:47,794 [WARN] ConditionMgr:1039 - genDependencies : Invalid condition id : UX DEVICE CLASS RTOS Condition cause : null
2023-11-02 11:08:47,794 [WARN] ConditionMgr:1039 - genDependencies : Invalid condition id : UX DEVICE CLASS RTOS Condition cause : null
2023-11-02 11:08:47,795 [WARN] ConditionMgr:1039 - genDependencies : Invalid condition id : UX DEVICE CLASS RTOS Condition cause : null
2023-11-02 11:08:47,795 [WARN] ConditionMgr:1039 - genDependencies : Invalid condition id : UX DEVICE CLASS RTOS Condition cause : null
2023-11-02 11:08:47,795 [WARN] ConditionMgr:1039 - genDependencies : Invalid condition id : UX DEVICE CLASS RTOS Condition cause : null
2023-11-02 11:08:47,800 [WARN] PackLoader:240 - Cannot read IP mode file for STMicroelectronics.X-CUBE-NFC7.1.0.1
2023-11-02 11:08:47,805 [WARN] PackLoader:240 - Cannot read IP mode file for STMicroelectronics.X-CUBE-NFC6.3.0.0
2023-11-02 11:08:47,822 [WARN] PackLoader:240 - Cannot read IP mode file for STMicroelectronics.X-CUBE-EEPRMA1.4.1.0
2023-11-02 11:08:47,827 [WARN] PackLoader:240 - Cannot read IP mode file for STMicroelectronics.X-CUBE-AI.8.1.0
2023-11-02 11:08:47,843 [WARN] ConditionMgr:438 - getConditionDescription Invalid condition id : LAN8742 Phy interface Condition cause : null
2023-11-02 11:08:47,844 [WARN] PackLoader:240 - Cannot read IP mode file for STMicroelectronics.X-CUBE-AZRTOS-L4.2.0.0
2023-11-02 11:08:47,845 [WARN] ConditionMgr:1039 - genDependencies : Invalid condition id : LAN8742 Phy interface Condition cause : null
2023-11-02 11:08:47,845 [WARN] ConditionMgr:1039 - genDependencies : Invalid condition id : LAN8742 Phy interface Condition cause : null
2023-11-02 11:08:47,846 [WARN] ConditionMgr:1039 - genDependencies : Invalid condition id : LAN8742 Phy interface Condition cause : null
2023-11-02 11:08:47,855 [WARN] PackLoader:240 - Cannot read IP mode file for STMicroelectronics.X-CUBE-SFXS2LP1.4.0.0
2023-11-02 11:08:47,859 [WARN] PackLoader:240 - Cannot read IP mode file for STMicroelectronics.X-CUBE-ISPU.1.1.0
2023-11-02 11:08:47,869 [WARN] ConditionMgr:438 - getConditionDescription Invalid condition id : UX DEVICE CLASS RTOS Condition cause : null
2023-11-02 11:08:47,869 [WARN] ConditionMgr:438 - getConditionDescription Invalid condition id : UX DEVICE CLASS RTOS Condition cause : null
2023-11-02 11:08:47,871 [WARN] PackLoader:240 - Cannot read IP mode file for STMicroelectronics.X-CUBE-AZRTOS-WB.2.0.0
2023-11-02 11:08:47,871 [WARN] ConditionMgr:1039 - genDependencies : Invalid condition id : UX DEVICE CLASS RTOS Condition cause : null
2023-11-02 11:08:47,871 [WARN] ConditionMgr:1039 - genDependencies : Invalid condition id : UX DEVICE CLASS RTOS Condition cause : null
2023-11-02 11:08:47,871 [WARN] ConditionMgr:1039 - genDependencies : Invalid condition id : UX DEVICE CLASS RTOS Condition cause : null
2023-11-02 11:08:47,872 [WARN] ConditionMgr:1039 - genDependencies : Invalid condition id : UX DEVICE CLASS RTOS Condition cause : null
2023-11-02 11:08:47,872 [WARN] ConditionMgr:1039 - genDependencies : Invalid condition id : UX DEVICE CLASS RTOS Condition cause : null
2023-11-02 11:08:47,879 [WARN] PackLoader:240 - Cannot read IP mode file for STMicroelectronics.X-CUBE-SUBG2.5.0.0
2023-11-02 11:08:47,890 [WARN] PackLoader:240 - Cannot read IP mode file for STMicroelectronics.X-CUBE-TOF1.3.3.1
2023-11-02 11:08:47,908 [WARN] PackLoader:240 - Cannot read IP mode file for STMicroelectronics.X-CUBE-AZRTOS-G4.2.0.0
2023-11-02 11:08:47,918 [WARN] PackLoader:240 - Cannot read IP mode file for Infineon.AIROC-Wi-Fi-Bluetooth-STM32.1.5.1
2023-11-02 11:08:47,952 [WARN] PackLoader:240 - Cannot read IP mode file for STMicroelectronics.X-CUBE-MEMS1.10.0.0
2023-11-02 11:08:48,020 [WARN] PackLoader:240 - Cannot read IP mode file for STMicroelectronics.X-CUBE-FREERTOS.1.1.0
2023-11-02 11:08:48,023 [WARN] PackLoader:240 - Cannot read IP mode file for portGmbH.I-Cube-SoM-uGOAL.1.1.0
2023-11-02 11:08:48,026 [WARN] PackLoader:240 - Cannot read IP mode file for STMicroelectronics.X-CUBE-ALS.1.0.1
2023-11-02 11:08:48,029 [WARN] PackLoader:240 - Cannot read IP mode file for STMicroelectronics.FP-ATR-ASTRA1.2.0.0
2023-11-02 11:08:48,030 [INFO] ThirdParty:978 - Integrity check success = true
2023-11-02 11:08:48,030 [INFO] IntegrityCheckThread:100 - exiting critical section [integrity check]
2023-11-02 11:08:48,030 [INFO] IntegrityCheckThread:103 - End integrity checks thread
2023-11-02 15:02:26,200 [INFO] Activator:176 - 


2023-11-02 15:02:26,201 [INFO] Activator:177 - !SESSION log4j initialized
2023-11-02 15:02:27,963 [INFO] LogOutputStream:77 - [STDOUT_REDIRECT] 
2023-11-02 15:02:28,143 [ERROR] ConfigurationRetriever:142 - IOException on connection: sw-center.st.com
2023-11-02 15:02:28,144 [ERROR] ConfigurationRetriever:142 - IOException on connection: sw-center.st.com
2023-11-02 15:02:28,144 [ERROR] ConfigurationRetriever:142 - IOException on connection: sw-center.st.com
2023-11-02 15:02:28,350 [INFO] ApplicationProperties:184 - Using Application install path: /opt/st/stm32cubeide_1.13.2/plugins/com.st.stm32cube.common.mx_6.9.2.202309101412
2023-11-02 15:02:28,370 [INFO] DbMcusXml:78 - Set database path to: /opt/st/stm32cubeide_1.13.2/plugins/com.st.stm32cube.common.mx_6.9.2.202309101412//db//mcu/
2023-11-02 15:02:28,371 [INFO] ApiDb:274 - Set plugin database path to: /opt/st/stm32cubeide_1.13.2/plugins/com.st.stm32cube.common.mx_6.9.2.202309101412//db//plugins/boardmanager/
2023-11-02 15:02:28,371 [WARN] ApiDb:259 - Overriding images path with different value:  => /opt/st/stm32cubeide_1.13.2/plugins/com.st.stm32cube.common.mx_6.9.2.202309101412//db//plugins/mcufinder/images/
2023-11-02 15:02:28,382 [INFO] ApiDb:250 - Set database path to: /home/laptop/.stmcufinder/plugins/mcufinder//mcu/
2023-11-02 15:02:28,383 [INFO] DbMcusAds:125 - Set database path to: /home/laptop/.stmcufinder/plugins/mcufinder//mcu/
2023-11-02 15:02:28,385 [INFO] CrossReferenceDbSqlite:203 - Set database path to: /home/laptop/.stmcufinder/plugins/mcufinder//mcu/cs/
2023-11-02 15:02:28,494 [INFO] RulesReader:64 - Compatibility file has been processed (293 Rules)
2023-11-02 15:02:28,542 [INFO] DbMcusXml:78 - Set database path to: /opt/st/stm32cubeide_1.13.2/plugins/com.st.stm32cube.common.mx_6.9.2.202309101412//db//mcu/
2023-11-02 15:02:28,542 [INFO] ApiDb:274 - Set plugin database path to: /opt/st/stm32cubeide_1.13.2/plugins/com.st.stm32cube.common.mx_6.9.2.202309101412//db//plugins/boardmanager/
2023-11-02 15:02:28,542 [INFO] ApiDb:261 - Set plugin images path to: /opt/st/stm32cubeide_1.13.2/plugins/com.st.stm32cube.common.mx_6.9.2.202309101412//db//plugins/mcufinder/images/
2023-11-02 15:02:28,542 [WARN] DbFile:41 - Overriding database path with different value: /home/laptop/.stmcufinder/plugins/mcufinder/ => /home/laptop/.stmcufinder/plugins/mcufinder
2023-11-02 15:02:28,542 [INFO] ApiDb:250 - Set database path to: /home/laptop/.stmcufinder/plugins/mcufinder//mcu/
2023-11-02 15:02:28,543 [WARN] DbFile:41 - Overriding database path with different value: /home/laptop/.stmcufinder/plugins/mcufinder/ => /home/laptop/.stmcufinder/plugins/mcufinder
2023-11-02 15:02:28,543 [INFO] DbMcusAds:125 - Set database path to: /home/laptop/.stmcufinder/plugins/mcufinder//mcu/
2023-11-02 15:02:28,543 [WARN] DbFile:41 - Overriding database path with different value: /home/laptop/.stmcufinder/plugins/mcufinder/ => /home/laptop/.stmcufinder/plugins/mcufinder
2023-11-02 15:02:28,543 [WARN] DbFile:41 - Overriding database path with different value: /home/laptop/.stmcufinder/plugins/mcufinder/ => /home/laptop/.stmcufinder/plugins/mcufinder
2023-11-02 15:02:28,543 [INFO] CrossReferenceDbSqlite:203 - Set database path to: /home/laptop/.stmcufinder/plugins/mcufinder//mcu/cs/
2023-11-02 15:02:28,595 [INFO] MainPanel:262 - HeapMemory: 268435456
2023-11-02 15:02:28,674 [INFO] DbMcusXml:78 - Set database path to: /opt/st/stm32cubeide_1.13.2/plugins/com.st.stm32cube.common.mx_6.9.2.202309101412//db//mcu/
2023-11-02 15:02:28,674 [INFO] ApiDb:274 - Set plugin database path to: /opt/st/stm32cubeide_1.13.2/plugins/com.st.stm32cube.common.mx_6.9.2.202309101412//db//plugins/boardmanager/
2023-11-02 15:02:28,674 [INFO] ApiDb:261 - Set plugin images path to: /opt/st/stm32cubeide_1.13.2/plugins/com.st.stm32cube.common.mx_6.9.2.202309101412//db//plugins/mcufinder/images/
2023-11-02 15:02:28,675 [WARN] DbFile:41 - Overriding database path with different value: /home/laptop/.stmcufinder/plugins/mcufinder/ => /home/laptop/.stmcufinder/plugins/mcufinder
2023-11-02 15:02:28,675 [INFO] ApiDb:250 - Set database path to: /home/laptop/.stmcufinder/plugins/mcufinder//mcu/
2023-11-02 15:02:28,675 [WARN] DbFile:41 - Overriding database path with different value: /home/laptop/.stmcufinder/plugins/mcufinder/ => /home/laptop/.stmcufinder/plugins/mcufinder
2023-11-02 15:02:28,675 [INFO] DbMcusAds:125 - Set database path to: /home/laptop/.stmcufinder/plugins/mcufinder//mcu/
2023-11-02 15:02:28,675 [WARN] DbFile:41 - Overriding database path with different value: /home/laptop/.stmcufinder/plugins/mcufinder/ => /home/laptop/.stmcufinder/plugins/mcufinder
2023-11-02 15:02:28,675 [WARN] DbFile:41 - Overriding database path with different value: /home/laptop/.stmcufinder/plugins/mcufinder/ => /home/laptop/.stmcufinder/plugins/mcufinder
2023-11-02 15:02:28,675 [INFO] CrossReferenceDbSqlite:203 - Set database path to: /home/laptop/.stmcufinder/plugins/mcufinder//mcu/cs/
2023-11-02 15:02:28,688 [INFO] ApplicationProperties:184 - Using Application install path: /opt/st/stm32cubeide_1.13.2/plugins/com.st.stm32cube.common.mx_6.9.2.202309101412
2023-11-02 15:02:28,690 [INFO] PluginManage:196 - Search for loadable plugins [exclusion list=, ]
2023-11-02 15:02:28,691 [INFO] PluginManage:310 - Check plugin analytics
2023-11-02 15:02:28,829 [INFO] AnalyticsPlugin:253 - Accepted Software Licenses: 
2023-11-02 15:02:28,829 [INFO] AnalyticsPlugin:255 - Accepted CMSIS Pack Licenses: 
2023-11-02 15:02:28,830 [INFO] AnalyticsPlugin:257 - Accepted Firmware Licenses: 
2023-11-02 15:02:28,831 [INFO] PluginManage:359 - Loaded plugin analytics (category:tool,tabindex:-1)
2023-11-02 15:02:28,831 [INFO] PluginManage:310 - Check plugin cadmodel
2023-11-02 15:02:28,831 [ERROR] ConfigurationRetriever:142 - IOException on connection: sw-center.st.com
2023-11-02 15:02:28,832 [ERROR] ConfigurationRetriever:142 - IOException on connection: sw-center.st.com
2023-11-02 15:02:28,832 [ERROR] ConfigurationRetriever:142 - IOException on connection: sw-center.st.com
2023-11-02 15:02:28,889 [INFO] CADModel:105 - Init CAD model plugin
2023-11-02 15:02:28,889 [INFO] PluginManage:359 - Loaded plugin cadmodel (category:power,tabindex:5)
2023-11-02 15:02:28,889 [INFO] PluginManage:310 - Check plugin clock
2023-11-02 15:02:28,897 [INFO] PluginManage:359 - Loaded plugin clock (category:base,tabindex:2)
2023-11-02 15:02:28,898 [INFO] PluginManage:310 - Check plugin ddr
2023-11-02 15:02:28,900 [INFO] PluginManage:359 - Loaded plugin ddr (category:tool,tabindex:6)
2023-11-02 15:02:28,900 [INFO] PluginManage:310 - Check plugin filemanager
2023-11-02 15:02:29,011 [INFO] PluginManage:359 - Loaded plugin filemanager (category:base,tabindex:10)
2023-11-02 15:02:29,011 [INFO] PluginManage:310 - Check plugin ipmanager
2023-11-02 15:02:29,015 [INFO] PluginManage:359 - Loaded plugin ipmanager (category:base,tabindex:5)
2023-11-02 15:02:29,015 [INFO] PluginManage:310 - Check plugin lpbam
2023-11-02 15:02:29,022 [INFO] PluginManage:359 - Loaded plugin lpbam (category:base,tabindex:0)
2023-11-02 15:02:29,022 [INFO] PluginManage:310 - Check plugin memorymap
2023-11-02 15:02:29,030 [INFO] PluginManage:359 - Loaded plugin memorymap (category:base,tabindex:4)
2023-11-02 15:02:29,030 [INFO] PluginManage:310 - Check plugin pinoutandconfiguration
2023-11-02 15:02:29,035 [INFO] PluginManage:359 - Loaded plugin pinoutandconfiguration (category:base,tabindex:1)
2023-11-02 15:02:29,035 [INFO] PluginManage:310 - Check plugin pinoutconfig
2023-11-02 15:02:29,088 [WARN] SupportedApi:132 - Cannot load RTOS API schema: s4s-elt-must-match.1: The content of 'definitions' must match (annotation?, (simpleType | complexType)?, (unique | key | keyref)*)). A problem was found starting at: attribute.
2023-11-02 15:02:29,187 [INFO] PluginManage:359 - Loaded plugin pinoutconfig (category:base,tabindex:0)
2023-11-02 15:02:29,187 [INFO] PluginManage:310 - Check plugin power
2023-11-02 15:02:29,196 [INFO] PluginManage:359 - Loaded plugin power (category:power,tabindex:4)
2023-11-02 15:02:29,197 [INFO] PluginManage:310 - Check plugin projectmanager
2023-11-02 15:02:29,208 [INFO] PluginManage:359 - Loaded plugin projectmanager (category:projectmanager,tabindex:3)
2023-11-02 15:02:29,209 [INFO] PluginManage:310 - Check plugin thirdparty
2023-11-02 15:02:29,290 [INFO] PluginManage:359 - Loaded plugin thirdparty (category:base,tabindex:-1)
2023-11-02 15:02:29,290 [WARN] IntegrityCheckThread:84 - waiting for thirdparty lock release [integrity check]
2023-11-02 15:02:29,290 [INFO] PluginManage:310 - Check plugin tools
2023-11-02 15:02:29,290 [INFO] IntegrityCheckThread:86 - entering critical section [integrity check]
2023-11-02 15:02:29,290 [INFO] ThirdPartyUpdaterWithRetryManager:70 - Updater plugin not ready yet. [1/15]
2023-11-02 15:02:29,292 [INFO] PluginManage:359 - Loaded plugin tools (category:base,tabindex:7)
2023-11-02 15:02:29,292 [INFO] PluginManage:310 - Check plugin tutovideos
2023-11-02 15:02:29,402 [INFO] PluginManage:359 - Loaded plugin tutovideos (category:base,tabindex:-1)
2023-11-02 15:02:29,403 [INFO] PluginManage:310 - Check plugin updater
2023-11-02 15:02:29,411 [INFO] PluginManage:359 - Loaded plugin updater (category:base,tabindex:12)
2023-11-02 15:02:29,411 [INFO] PluginManage:310 - Check plugin userauth
2023-11-02 15:02:29,415 [INFO] UserAuth:113 - Init User Auth plugin
2023-11-02 15:02:29,415 [INFO] PluginManage:359 - Loaded plugin userauth (category:base,tabindex:14)
2023-11-02 15:02:29,416 [INFO] PluginManage:283 - PluginManage : Loaded plugins [17]
2023-11-02 15:02:29,553 [INFO] PinOutPanel:1499 - setPackage(No Configuration,No Configuration)
2023-11-02 15:02:29,614 [INFO] CADModel:165 - CPN selected for project level
2023-11-02 15:02:29,614 [INFO] CADModel:114 - Register for checkConnection events
2023-11-02 15:02:29,621 [INFO] IPUIPlugin:80 - create IPUIPlugin
2023-11-02 15:02:29,621 [INFO] PluginManager:220 - loadIPPluginJar : add ltdc
2023-11-02 15:02:29,624 [INFO] IPUIPlugin:80 - create IPUIPlugin
2023-11-02 15:02:29,624 [INFO] PluginManager:220 - loadIPPluginJar : add i2s
2023-11-02 15:02:29,626 [INFO] IPUIPlugin:80 - create IPUIPlugin
2023-11-02 15:02:29,626 [INFO] PluginManager:220 - loadIPPluginJar : add can
2023-11-02 15:02:29,628 [INFO] IPUIPlugin:80 - create IPUIPlugin
2023-11-02 15:02:29,629 [INFO] PluginManager:220 - loadIPPluginJar : add gpio
2023-11-02 15:02:29,632 [INFO] IPUIPlugin:80 - create IPUIPlugin
2023-11-02 15:02:29,632 [INFO] PluginManager:220 - loadIPPluginJar : add freertos
2023-11-02 15:02:29,633 [INFO] IPUIPlugin:80 - create IPUIPlugin
2023-11-02 15:02:29,633 [INFO] PluginManager:220 - loadIPPluginJar : add dma3
2023-11-02 15:02:29,634 [INFO] IPUIPlugin:80 - create IPUIPlugin
2023-11-02 15:02:29,634 [INFO] PluginManager:220 - loadIPPluginJar : add fatfs
2023-11-02 15:02:29,635 [INFO] IPUIPlugin:80 - create IPUIPlugin
2023-11-02 15:02:29,635 [INFO] PluginManager:220 - loadIPPluginJar : add cryp
2023-11-02 15:02:29,640 [INFO] IPUIPlugin:80 - create IPUIPlugin
2023-11-02 15:02:29,640 [INFO] PluginManager:220 - loadIPPluginJar : add adc
2023-11-02 15:02:29,641 [INFO] IPUIPlugin:80 - create IPUIPlugin
2023-11-02 15:02:29,642 [INFO] PluginManager:220 - loadIPPluginJar : add usart
2023-11-02 15:02:29,643 [INFO] IPUIPlugin:80 - create IPUIPlugin
2023-11-02 15:02:29,643 [INFO] PluginManager:220 - loadIPPluginJar : add touchsensing
2023-11-02 15:02:29,645 [INFO] IPUIPlugin:80 - create IPUIPlugin
2023-11-02 15:02:29,645 [INFO] PluginManager:220 - loadIPPluginJar : add gtzc
2023-11-02 15:02:29,646 [INFO] IPUIPlugin:80 - create IPUIPlugin
2023-11-02 15:02:29,647 [INFO] PluginManager:220 - loadIPPluginJar : add aes
2023-11-02 15:02:29,649 [INFO] IPUIPlugin:80 - create IPUIPlugin
2023-11-02 15:02:29,649 [INFO] PluginManager:220 - loadIPPluginJar : add nvic
2023-11-02 15:02:29,650 [INFO] IPUIPlugin:80 - create IPUIPlugin
2023-11-02 15:02:29,650 [INFO] PluginManager:220 - loadIPPluginJar : add gfxmmu
2023-11-02 15:02:29,651 [INFO] IPUIPlugin:80 - create IPUIPlugin
2023-11-02 15:02:29,651 [INFO] PluginManager:220 - loadIPPluginJar : add tim
2023-11-02 15:02:29,652 [INFO] IPUIPlugin:80 - create IPUIPlugin
2023-11-02 15:02:29,652 [INFO] PluginManager:220 - loadIPPluginJar : add lorawan
2023-11-02 15:02:29,658 [INFO] IPUIPlugin:80 - create IPUIPlugin
2023-11-02 15:02:29,658 [INFO] PluginManager:220 - loadIPPluginJar : add linkedlist
2023-11-02 15:02:29,662 [INFO] IPUIPlugin:80 - create IPUIPlugin
2023-11-02 15:02:29,663 [INFO] PluginManager:220 - loadIPPluginJar : add mdma
2023-11-02 15:02:29,666 [INFO] IPUIPlugin:80 - create IPUIPlugin
2023-11-02 15:02:29,666 [INFO] PluginManager:220 - loadIPPluginJar : add stm32_wpan
2023-11-02 15:02:29,667 [INFO] IPUIPlugin:80 - create IPUIPlugin
2023-11-02 15:02:29,667 [INFO] PluginManager:220 - loadIPPluginJar : add tsc
2023-11-02 15:02:29,673 [INFO] IPUIPlugin:80 - create IPUIPlugin
2023-11-02 15:02:29,675 [INFO] PluginManager:220 - loadIPPluginJar : add plateformsettings
2023-11-02 15:02:29,676 [INFO] IPUIPlugin:80 - create IPUIPlugin
2023-11-02 15:02:29,676 [INFO] PluginManager:220 - loadIPPluginJar : add spi
2023-11-02 15:02:29,677 [INFO] IPUIPlugin:80 - create IPUIPlugin
2023-11-02 15:02:29,678 [INFO] PluginManager:220 - loadIPPluginJar : add comp
2023-11-02 15:02:29,679 [INFO] IPUIPlugin:80 - create IPUIPlugin
2023-11-02 15:02:29,679 [INFO] PluginManager:220 - loadIPPluginJar : add i2c
2023-11-02 15:02:29,681 [INFO] IPUIPlugin:80 - create IPUIPlugin
2023-11-02 15:02:29,681 [INFO] PluginManager:220 - loadIPPluginJar : add hash
2023-11-02 15:02:29,685 [INFO] IPUIPlugin:80 - create IPUIPlugin
2023-11-02 15:02:29,685 [INFO] PluginManager:220 - loadIPPluginJar : add gic
2023-11-02 15:02:29,687 [INFO] IPUIPlugin:80 - create IPUIPlugin
2023-11-02 15:02:29,687 [INFO] PluginManager:220 - loadIPPluginJar : add i3c
2023-11-02 15:02:29,689 [INFO] IPUIPlugin:80 - create IPUIPlugin
2023-11-02 15:02:29,689 [INFO] PluginManager:220 - loadIPPluginJar : add sai
2023-11-02 15:02:29,692 [INFO] IPUIPlugin:80 - create IPUIPlugin
2023-11-02 15:02:29,693 [INFO] PluginManager:220 - loadIPPluginJar : add fmc
2023-11-02 15:02:29,693 [INFO] IPUIPlugin:80 - create IPUIPlugin
2023-11-02 15:02:29,694 [INFO] PluginManager:220 - loadIPPluginJar : add genericplugin
2023-11-02 15:02:29,696 [INFO] IPUIPlugin:80 - create IPUIPlugin
2023-11-02 15:02:29,696 [INFO] PluginManager:220 - loadIPPluginJar : add pdm2pcm
2023-11-02 15:02:29,699 [INFO] IPUIPlugin:80 - create IPUIPlugin
2023-11-02 15:02:29,699 [INFO] PluginManager:220 - loadIPPluginJar : add ipddr
2023-11-02 15:02:29,700 [INFO] IPUIPlugin:80 - create IPUIPlugin
2023-11-02 15:02:29,700 [INFO] PluginManager:220 - loadIPPluginJar : add quadspi
2023-11-02 15:02:29,701 [INFO] IPUIPlugin:80 - create IPUIPlugin
2023-11-02 15:02:29,701 [INFO] PluginManager:220 - loadIPPluginJar : add ucpd
2023-11-02 15:02:29,702 [INFO] IPUIPlugin:80 - create IPUIPlugin
2023-11-02 15:02:29,702 [INFO] PluginManager:220 - loadIPPluginJar : add ts
2023-11-02 15:02:29,704 [INFO] IPUIPlugin:80 - create IPUIPlugin
2023-11-02 15:02:29,704 [INFO] PluginManager:220 - loadIPPluginJar : add openamp
2023-11-02 15:02:29,706 [INFO] IPUIPlugin:80 - create IPUIPlugin
2023-11-02 15:02:29,706 [INFO] PluginManager:220 - loadIPPluginJar : add resmgrutility
2023-11-02 15:02:29,710 [INFO] IPUIPlugin:80 - create IPUIPlugin
2023-11-02 15:02:29,710 [INFO] PluginManager:220 - loadIPPluginJar : add dma
2023-11-02 15:02:29,712 [INFO] IPUIPlugin:80 - create IPUIPlugin
2023-11-02 15:02:29,712 [INFO] PluginManager:220 - loadIPPluginJar : add dfsdm
2023-11-02 15:02:29,713 [INFO] IPUIPlugin:80 - create IPUIPlugin
2023-11-02 15:02:29,713 [INFO] PluginManager:220 - loadIPPluginJar : add tracer_emb
2023-11-02 15:02:29,714 [INFO] IPUIPlugin:80 - create IPUIPlugin
2023-11-02 15:02:29,714 [INFO] PluginManager:220 - loadIPPluginJar : add opamp
2023-11-02 15:02:29,716 [INFO] IPUIPlugin:80 - create IPUIPlugin
2023-11-02 15:02:29,716 [INFO] PluginManager:220 - loadIPPluginJar : add usbx
2023-11-02 15:02:29,805 [INFO] CADModel:165 - CPN selected for project level
2023-11-02 15:02:29,806 [INFO] CADModel:114 - Register for checkConnection events
2023-11-02 15:02:29,806 [FATAL] Updater:308 - Updater called before beeing initialized
2023-11-02 15:02:29,806 [ERROR] CADModel:125 - Updater not yet initialized, retry later 
2023-11-02 15:02:29,892 [INFO] CADModel:165 - CPN selected for project level
2023-11-02 15:02:29,893 [INFO] CADModel:114 - Register for checkConnection events
2023-11-02 15:02:29,893 [FATAL] Updater:308 - Updater called before beeing initialized
2023-11-02 15:02:29,893 [ERROR] CADModel:125 - Updater not yet initialized, retry later 
2023-11-02 15:02:29,895 [FATAL] Updater:308 - Updater called before beeing initialized
2023-11-02 15:02:29,952 [FATAL] Updater:308 - Updater called before beeing initialized
2023-11-02 15:02:29,956 [INFO] DbMcusAds:53 - JSON generation date=Tue Mar 07 09:50:55 CET 2023 (1678179055114)
2023-11-02 15:02:29,957 [FATAL] Updater:308 - Updater called before beeing initialized
2023-11-02 15:02:29,980 [WARN] DetailPanel:346 - Failed to get advertising image, set to default
2023-11-02 15:02:30,033 [FATAL] Updater:308 - Updater called before beeing initialized
2023-11-02 15:02:30,034 [FATAL] Updater:308 - Updater called before beeing initialized
2023-11-02 15:02:30,034 [FATAL] Updater:308 - Updater called before beeing initialized
2023-11-02 15:02:30,035 [WARN] DetailPanel:346 - Failed to get advertising image, set to default
2023-11-02 15:02:30,035 [FATAL] Updater:308 - Updater called before beeing initialized
2023-11-02 15:02:30,054 [ERROR] Updater:1120 - MainUpdater not yet initialized. External WinMGr cannot be set.
2023-11-02 15:02:30,056 [INFO] Updater:1056 - Updater Version found : 6.9.2
2023-11-02 15:02:30,070 [INFO] ApplicationProperties:184 - Using Application install path: /opt/st/stm32cubeide_1.13.2/plugins/com.st.stm32cube.common.mx_6.9.2.202309101412
2023-11-02 15:02:30,123 [ERROR] ServerAccessManage:1146 - Warning during Server Connection :  Unknown host sw-center.st.com
2023-11-02 15:02:30,125 [INFO] MainUpdater:2868 - connection check result : 22
2023-11-02 15:02:30,125 [INFO] MainUpdater:285 - Updater Check For Update Now.
2023-11-02 15:02:30,125 [INFO] MicroXplorer:498 - Change Database Version : DB.6.0.92
2023-11-02 15:02:30,129 [INFO] McuFinderGlobals:63 - Set McuFinder mode to 2 (CubeIDE integrated)
2023-11-02 15:02:30,267 [INFO] CheckServerUpdateThread:120 - End of CheckServer Thread
2023-11-02 15:02:32,351 [WARN] PackLoader:240 - Cannot read IP mode file for STMicroelectronics.X-CUBE-SMBUS.2.1.0
2023-11-02 15:02:32,371 [WARN] PackLoader:240 - Cannot read IP mode file for STMicroelectronics.X-CUBE-AZRTOS-F7.1.1.0
2023-11-02 15:02:32,378 [WARN] PackLoader:240 - Cannot read IP mode file for STMicroelectronics.FP-SNS-MOTENV1.4.3.2
2023-11-02 15:02:32,382 [WARN] PackLoader:240 - Cannot read IP mode file for STMicroelectronics.FP-SNS-FLIGHT1.5.0.2
2023-11-02 15:02:32,388 [WARN] PackLoader:240 - Cannot read IP mode file for STMicroelectronics.X-CUBE-DISPLAY.3.0.0
2023-11-02 15:02:32,395 [WARN] PackLoader:240 - Cannot read IP mode file for STMicroelectronics.X-CUBE-BLE1.7.0.0
2023-11-02 15:02:32,399 [WARN] PackLoader:240 - Cannot read IP mode file for emotas.I-CUBE-CANOPEN.1.3.0
2023-11-02 15:02:32,402 [WARN] PackLoader:240 - Cannot read IP mode file for STMicroelectronics.X-CUBE-TOUCHGFX.4.22.0
2023-11-02 15:02:32,404 [WARN] PackLoader:240 - Cannot read IP mode file for STMicroelectronics.X-CUBE-TOUCHGFX.4.22.1
2023-11-02 15:02:32,407 [WARN] PackLoader:240 - Cannot read IP mode file for STMicroelectronics.FP-SNS-SMARTAG2.1.2.0
2023-11-02 15:02:32,413 [INFO] LogOutputStream:77 - [STDOUT_REDIRECT] 1 : Invalid condition id : UX_CORESTACK_Condition cause : null
2023-11-02 15:02:32,414 [INFO] LogOutputStream:77 - [STDOUT_REDIRECT] 1 : Invalid condition id : UX_CORESTACK_Condition cause : null
2023-11-02 15:02:32,414 [INFO] LogOutputStream:77 - [STDOUT_REDIRECT] 1 : Invalid condition id : UX_CORESTACK_Condition cause : null
2023-11-02 15:02:32,414 [INFO] LogOutputStream:77 - [STDOUT_REDIRECT] 1 : Invalid condition id : UX_CORESTACK_Condition cause : null
2023-11-02 15:02:32,414 [INFO] LogOutputStream:77 - [STDOUT_REDIRECT] 1 : Invalid condition id : UX_CORESTACK_Condition cause : null
2023-11-02 15:02:32,417 [WARN] PackLoader:240 - Cannot read IP mode file for STMicroelectronics.X-CUBE-AZRTOS-WL.2.0.0
2023-11-02 15:02:32,423 [WARN] PackLoader:240 - Cannot read IP mode file for WES.I-CUBE-Cesium.1.3.0
2023-11-02 15:02:32,431 [WARN] PackLoader:240 - Cannot read IP mode file for STMicroelectronics.X-CUBE-BLE2.3.3.0
2023-11-02 15:02:32,436 [WARN] PackLoader:240 - Cannot read IP mode file for STMicroelectronics.X-CUBE-ALGOBUILD.1.3.0
2023-11-02 15:02:32,449 [WARN] PackLoader:240 - Cannot read IP mode file for STMicroelectronics.X-CUBE-AZRTOS-G0.1.1.0
2023-11-02 15:02:32,455 [WARN] PackLoader:240 - Cannot read IP mode file for STMicroelectronics.X-CUBE-NFC4.3.0.0
2023-11-02 15:02:32,458 [WARN] PackLoader:240 - Cannot read IP mode file for STMicroelectronics.FP-ATR-SIGFOX1.3.2.0
2023-11-02 15:02:32,507 [WARN] PackLoader:240 - Cannot read IP mode file for SEGGER.I-CUBE-embOS.1.3.1
2023-11-02 15:02:32,553 [WARN] PackLoader:240 - Cannot read IP mode file for STMicroelectronics.X-CUBE-GNSS1.6.0.0
2023-11-02 15:02:32,569 [WARN] PackLoader:240 - Cannot read IP mode file for STMicroelectronics.X-CUBE-AZRTOS-F4.1.1.0
2023-11-02 15:02:32,574 [WARN] PackLoader:240 - Cannot read IP mode file for wolfSSL.I-CUBE-wolfSSL.5.6.3
2023-11-02 15:02:32,589 [WARN] PackLoader:240 - Cannot read IP mode file for STMicroelectronics.X-CUBE-AZRTOS-L5.2.0.0
2023-11-02 15:02:32,615 [WARN] PackLoader:240 - Cannot read IP mode file for STMicroelectronics.X-CUBE-MEMS1.9.6.0
2023-11-02 15:02:32,722 [WARN] PackLoader:240 - Cannot read IP mode file for STMicroelectronics.X-CUBE-EEPRMA1.4.2.0
2023-11-02 15:02:32,726 [WARN] PackLoader:240 - Cannot read IP mode file for ITTIA_DB.I-CUBE-ITTIADB.8.8.0
2023-11-02 15:02:32,729 [WARN] PackLoader:240 - Cannot read IP mode file for STMicroelectronics.X-CUBE-BLEMGR.2.0.0
2023-11-02 15:02:32,739 [WARN] ConditionMgr:438 - getConditionDescription Invalid condition id : UX DEVICE CLASS RTOS Condition cause : null
2023-11-02 15:02:32,739 [WARN] ConditionMgr:438 - getConditionDescription Invalid condition id : UX DEVICE CLASS RTOS Condition cause : null
2023-11-02 15:02:32,740 [WARN] PackLoader:240 - Cannot read IP mode file for STMicroelectronics.X-CUBE-AZRTOS-H7.3.1.0
2023-11-02 15:02:32,741 [WARN] ConditionMgr:1039 - genDependencies : Invalid condition id : UX DEVICE CLASS RTOS Condition cause : null
2023-11-02 15:02:32,741 [WARN] ConditionMgr:1039 - genDependencies : Invalid condition id : UX DEVICE CLASS RTOS Condition cause : null
2023-11-02 15:02:32,742 [WARN] ConditionMgr:1039 - genDependencies : Invalid condition id : UX DEVICE CLASS RTOS Condition cause : null
2023-11-02 15:02:32,742 [WARN] ConditionMgr:1039 - genDependencies : Invalid condition id : UX DEVICE CLASS RTOS Condition cause : null
2023-11-02 15:02:32,742 [WARN] ConditionMgr:1039 - genDependencies : Invalid condition id : UX DEVICE CLASS RTOS Condition cause : null
2023-11-02 15:02:32,745 [WARN] PackLoader:240 - Cannot read IP mode file for STMicroelectronics.X-CUBE-NFC7.1.0.1
2023-11-02 15:02:32,749 [WARN] PackLoader:240 - Cannot read IP mode file for STMicroelectronics.X-CUBE-NFC6.3.0.0
2023-11-02 15:02:32,754 [WARN] PackLoader:240 - Cannot read IP mode file for STMicroelectronics.X-CUBE-EEPRMA1.4.1.0
2023-11-02 15:02:32,757 [WARN] PackLoader:240 - Cannot read IP mode file for STMicroelectronics.X-CUBE-AI.8.1.0
2023-11-02 15:02:32,771 [WARN] ConditionMgr:438 - getConditionDescription Invalid condition id : LAN8742 Phy interface Condition cause : null
2023-11-02 15:02:32,772 [WARN] PackLoader:240 - Cannot read IP mode file for STMicroelectronics.X-CUBE-AZRTOS-L4.2.0.0
2023-11-02 15:02:32,773 [WARN] ConditionMgr:1039 - genDependencies : Invalid condition id : LAN8742 Phy interface Condition cause : null
2023-11-02 15:02:32,773 [WARN] ConditionMgr:1039 - genDependencies : Invalid condition id : LAN8742 Phy interface Condition cause : null
2023-11-02 15:02:32,773 [WARN] ConditionMgr:1039 - genDependencies : Invalid condition id : LAN8742 Phy interface Condition cause : null
2023-11-02 15:02:32,778 [WARN] PackLoader:240 - Cannot read IP mode file for STMicroelectronics.X-CUBE-SFXS2LP1.4.0.0
2023-11-02 15:02:32,781 [WARN] PackLoader:240 - Cannot read IP mode file for STMicroelectronics.X-CUBE-ISPU.1.1.0
2023-11-02 15:02:32,789 [WARN] ConditionMgr:438 - getConditionDescription Invalid condition id : UX DEVICE CLASS RTOS Condition cause : null
2023-11-02 15:02:32,790 [WARN] ConditionMgr:438 - getConditionDescription Invalid condition id : UX DEVICE CLASS RTOS Condition cause : null
2023-11-02 15:02:32,791 [WARN] PackLoader:240 - Cannot read IP mode file for STMicroelectronics.X-CUBE-AZRTOS-WB.2.0.0
2023-11-02 15:02:32,792 [WARN] ConditionMgr:1039 - genDependencies : Invalid condition id : UX DEVICE CLASS RTOS Condition cause : null
2023-11-02 15:02:32,792 [WARN] ConditionMgr:1039 - genDependencies : Invalid condition id : UX DEVICE CLASS RTOS Condition cause : null
2023-11-02 15:02:32,792 [WARN] ConditionMgr:1039 - genDependencies : Invalid condition id : UX DEVICE CLASS RTOS Condition cause : null
2023-11-02 15:02:32,792 [WARN] ConditionMgr:1039 - genDependencies : Invalid condition id : UX DEVICE CLASS RTOS Condition cause : null
2023-11-02 15:02:32,792 [WARN] ConditionMgr:1039 - genDependencies : Invalid condition id : UX DEVICE CLASS RTOS Condition cause : null
2023-11-02 15:02:32,798 [WARN] PackLoader:240 - Cannot read IP mode file for STMicroelectronics.X-CUBE-SUBG2.5.0.0
2023-11-02 15:02:32,808 [WARN] PackLoader:240 - Cannot read IP mode file for STMicroelectronics.X-CUBE-TOF1.3.3.1
2023-11-02 15:02:32,834 [WARN] PackLoader:240 - Cannot read IP mode file for STMicroelectronics.X-CUBE-AZRTOS-G4.2.0.0
2023-11-02 15:02:32,843 [WARN] PackLoader:240 - Cannot read IP mode file for Infineon.AIROC-Wi-Fi-Bluetooth-STM32.1.5.1
2023-11-02 15:02:32,869 [WARN] PackLoader:240 - Cannot read IP mode file for STMicroelectronics.X-CUBE-MEMS1.10.0.0
2023-11-02 15:02:32,946 [WARN] PackLoader:240 - Cannot read IP mode file for STMicroelectronics.X-CUBE-FREERTOS.1.1.0
2023-11-02 15:02:32,948 [WARN] PackLoader:240 - Cannot read IP mode file for portGmbH.I-Cube-SoM-uGOAL.1.1.0
2023-11-02 15:02:32,951 [WARN] PackLoader:240 - Cannot read IP mode file for STMicroelectronics.X-CUBE-ALS.1.0.1
2023-11-02 15:02:32,953 [WARN] PackLoader:240 - Cannot read IP mode file for STMicroelectronics.FP-ATR-ASTRA1.2.0.0
2023-11-02 15:02:32,953 [INFO] ThirdParty:978 - Integrity check success = true
2023-11-02 15:02:32,953 [INFO] IntegrityCheckThread:100 - exiting critical section [integrity check]
2023-11-02 15:02:32,953 [INFO] IntegrityCheckThread:103 - End integrity checks thread
2023-11-02 15:02:50,383 [ERROR] LogOutputStream:75 - [STDERR_REDIRECT] SLF4J: Failed to load class "org.slf4j.impl.StaticLoggerBinder".
2023-11-02 15:02:50,383 [ERROR] LogOutputStream:75 - [STDERR_REDIRECT] SLF4J: Defaulting to no-operation (NOP) logger implementation
2023-11-02 15:02:50,383 [ERROR] LogOutputStream:75 - [STDERR_REDIRECT] SLF4J: See http://www.slf4j.org/codes.html#StaticLoggerBinder for further details.
