2023-10-17 09:03:49,473 [INFO] Activator:176 - 


2023-10-17 09:03:49,477 [INFO] Activator:177 - !SESSION log4j initialized
2023-10-17 09:03:52,239 [INFO] LogOutputStream:77 - [STDOUT_REDIRECT] 
2023-10-17 09:03:52,633 [INFO] ApplicationProperties:184 - Using Application install path: /opt/st/stm32cubeide_1.13.2/plugins/com.st.stm32cube.common.mx_6.9.2.202309101412
2023-10-17 09:03:52,650 [INFO] DbMcusXml:78 - Set database path to: /opt/st/stm32cubeide_1.13.2/plugins/com.st.stm32cube.common.mx_6.9.2.202309101412//db//mcu/
2023-10-17 09:03:52,651 [INFO] ApiDb:274 - Set plugin database path to: /opt/st/stm32cubeide_1.13.2/plugins/com.st.stm32cube.common.mx_6.9.2.202309101412//db//plugins/boardmanager/
2023-10-17 09:03:52,651 [WARN] ApiDb:259 - Overriding images path with different value:  => /opt/st/stm32cubeide_1.13.2/plugins/com.st.stm32cube.common.mx_6.9.2.202309101412//db//plugins/mcufinder/images/
2023-10-17 09:03:52,659 [INFO] ApiDb:250 - Set database path to: /home/laptop/.stmcufinder/plugins/mcufinder//mcu/
2023-10-17 09:03:52,660 [INFO] DbMcusAds:125 - Set database path to: /home/laptop/.stmcufinder/plugins/mcufinder//mcu/
2023-10-17 09:03:52,663 [INFO] CrossReferenceDbSqlite:203 - Set database path to: /home/laptop/.stmcufinder/plugins/mcufinder//mcu/cs/
2023-10-17 09:03:52,750 [INFO] RulesReader:64 - Compatibility file has been processed (293 Rules)
2023-10-17 09:03:52,789 [INFO] DbMcusXml:78 - Set database path to: /opt/st/stm32cubeide_1.13.2/plugins/com.st.stm32cube.common.mx_6.9.2.202309101412//db//mcu/
2023-10-17 09:03:52,789 [INFO] ApiDb:274 - Set plugin database path to: /opt/st/stm32cubeide_1.13.2/plugins/com.st.stm32cube.common.mx_6.9.2.202309101412//db//plugins/boardmanager/
2023-10-17 09:03:52,789 [INFO] ApiDb:261 - Set plugin images path to: /opt/st/stm32cubeide_1.13.2/plugins/com.st.stm32cube.common.mx_6.9.2.202309101412//db//plugins/mcufinder/images/
2023-10-17 09:03:52,789 [WARN] DbFile:41 - Overriding database path with different value: /home/laptop/.stmcufinder/plugins/mcufinder/ => /home/laptop/.stmcufinder/plugins/mcufinder
2023-10-17 09:03:52,789 [INFO] ApiDb:250 - Set database path to: /home/laptop/.stmcufinder/plugins/mcufinder//mcu/
2023-10-17 09:03:52,789 [WARN] DbFile:41 - Overriding database path with different value: /home/laptop/.stmcufinder/plugins/mcufinder/ => /home/laptop/.stmcufinder/plugins/mcufinder
2023-10-17 09:03:52,789 [INFO] DbMcusAds:125 - Set database path to: /home/laptop/.stmcufinder/plugins/mcufinder//mcu/
2023-10-17 09:03:52,790 [WARN] DbFile:41 - Overriding database path with different value: /home/laptop/.stmcufinder/plugins/mcufinder/ => /home/laptop/.stmcufinder/plugins/mcufinder
2023-10-17 09:03:52,790 [WARN] DbFile:41 - Overriding database path with different value: /home/laptop/.stmcufinder/plugins/mcufinder/ => /home/laptop/.stmcufinder/plugins/mcufinder
2023-10-17 09:03:52,790 [INFO] CrossReferenceDbSqlite:203 - Set database path to: /home/laptop/.stmcufinder/plugins/mcufinder//mcu/cs/
2023-10-17 09:03:52,840 [INFO] MainPanel:262 - HeapMemory: 268435456
2023-10-17 09:03:52,894 [INFO] DbMcusXml:78 - Set database path to: /opt/st/stm32cubeide_1.13.2/plugins/com.st.stm32cube.common.mx_6.9.2.202309101412//db//mcu/
2023-10-17 09:03:52,894 [INFO] ApiDb:274 - Set plugin database path to: /opt/st/stm32cubeide_1.13.2/plugins/com.st.stm32cube.common.mx_6.9.2.202309101412//db//plugins/boardmanager/
2023-10-17 09:03:52,894 [INFO] ApiDb:261 - Set plugin images path to: /opt/st/stm32cubeide_1.13.2/plugins/com.st.stm32cube.common.mx_6.9.2.202309101412//db//plugins/mcufinder/images/
2023-10-17 09:03:52,894 [WARN] DbFile:41 - Overriding database path with different value: /home/laptop/.stmcufinder/plugins/mcufinder/ => /home/laptop/.stmcufinder/plugins/mcufinder
2023-10-17 09:03:52,894 [INFO] ApiDb:250 - Set database path to: /home/laptop/.stmcufinder/plugins/mcufinder//mcu/
2023-10-17 09:03:52,894 [WARN] DbFile:41 - Overriding database path with different value: /home/laptop/.stmcufinder/plugins/mcufinder/ => /home/laptop/.stmcufinder/plugins/mcufinder
2023-10-17 09:03:52,894 [INFO] DbMcusAds:125 - Set database path to: /home/laptop/.stmcufinder/plugins/mcufinder//mcu/
2023-10-17 09:03:52,894 [WARN] DbFile:41 - Overriding database path with different value: /home/laptop/.stmcufinder/plugins/mcufinder/ => /home/laptop/.stmcufinder/plugins/mcufinder
2023-10-17 09:03:52,894 [WARN] DbFile:41 - Overriding database path with different value: /home/laptop/.stmcufinder/plugins/mcufinder/ => /home/laptop/.stmcufinder/plugins/mcufinder
2023-10-17 09:03:52,894 [INFO] CrossReferenceDbSqlite:203 - Set database path to: /home/laptop/.stmcufinder/plugins/mcufinder//mcu/cs/
2023-10-17 09:03:52,904 [INFO] ApplicationProperties:184 - Using Application install path: /opt/st/stm32cubeide_1.13.2/plugins/com.st.stm32cube.common.mx_6.9.2.202309101412
2023-10-17 09:03:52,905 [INFO] PluginManage:196 - Search for loadable plugins [exclusion list=, ]
2023-10-17 09:03:52,906 [INFO] PluginManage:310 - Check plugin analytics
2023-10-17 09:03:53,006 [INFO] AnalyticsPlugin:253 - Accepted Software Licenses: 
2023-10-17 09:03:53,006 [INFO] AnalyticsPlugin:255 - Accepted CMSIS Pack Licenses: 
2023-10-17 09:03:53,006 [INFO] AnalyticsPlugin:257 - Accepted Firmware Licenses: 
2023-10-17 09:03:53,009 [INFO] PluginManage:359 - Loaded plugin analytics (category:tool,tabindex:-1)
2023-10-17 09:03:53,009 [INFO] PluginManage:310 - Check plugin cadmodel
2023-10-17 09:03:53,080 [INFO] CADModel:105 - Init CAD model plugin
2023-10-17 09:03:53,080 [INFO] PluginManage:359 - Loaded plugin cadmodel (category:power,tabindex:5)
2023-10-17 09:03:53,080 [INFO] PluginManage:310 - Check plugin clock
2023-10-17 09:03:53,087 [INFO] PluginManage:359 - Loaded plugin clock (category:base,tabindex:2)
2023-10-17 09:03:53,087 [INFO] PluginManage:310 - Check plugin ddr
2023-10-17 09:03:53,089 [INFO] PluginManage:359 - Loaded plugin ddr (category:tool,tabindex:6)
2023-10-17 09:03:53,089 [INFO] PluginManage:310 - Check plugin filemanager
2023-10-17 09:03:53,164 [INFO] PluginManage:359 - Loaded plugin filemanager (category:base,tabindex:10)
2023-10-17 09:03:53,164 [INFO] PluginManage:310 - Check plugin ipmanager
2023-10-17 09:03:53,168 [INFO] PluginManage:359 - Loaded plugin ipmanager (category:base,tabindex:5)
2023-10-17 09:03:53,168 [INFO] PluginManage:310 - Check plugin lpbam
2023-10-17 09:03:53,173 [INFO] PluginManage:359 - Loaded plugin lpbam (category:base,tabindex:0)
2023-10-17 09:03:53,173 [INFO] PluginManage:310 - Check plugin memorymap
2023-10-17 09:03:53,179 [INFO] PluginManage:359 - Loaded plugin memorymap (category:base,tabindex:4)
2023-10-17 09:03:53,179 [INFO] PluginManage:310 - Check plugin pinoutandconfiguration
2023-10-17 09:03:53,183 [INFO] PluginManage:359 - Loaded plugin pinoutandconfiguration (category:base,tabindex:1)
2023-10-17 09:03:53,183 [INFO] PluginManage:310 - Check plugin pinoutconfig
2023-10-17 09:03:53,230 [WARN] SupportedApi:132 - Cannot load RTOS API schema: s4s-elt-must-match.1: The content of 'definitions' must match (annotation?, (simpleType | complexType)?, (unique | key | keyref)*)). A problem was found starting at: attribute.
2023-10-17 09:03:53,307 [INFO] PluginManage:359 - Loaded plugin pinoutconfig (category:base,tabindex:0)
2023-10-17 09:03:53,308 [INFO] PluginManage:310 - Check plugin power
2023-10-17 09:03:53,313 [INFO] PluginManage:359 - Loaded plugin power (category:power,tabindex:4)
2023-10-17 09:03:53,313 [INFO] PluginManage:310 - Check plugin projectmanager
2023-10-17 09:03:53,321 [INFO] PluginManage:359 - Loaded plugin projectmanager (category:projectmanager,tabindex:3)
2023-10-17 09:03:53,321 [INFO] PluginManage:310 - Check plugin thirdparty
2023-10-17 09:03:53,389 [INFO] PluginManage:359 - Loaded plugin thirdparty (category:base,tabindex:-1)
2023-10-17 09:03:53,389 [WARN] IntegrityCheckThread:84 - waiting for thirdparty lock release [integrity check]
2023-10-17 09:03:53,389 [INFO] PluginManage:310 - Check plugin tools
2023-10-17 09:03:53,389 [INFO] IntegrityCheckThread:86 - entering critical section [integrity check]
2023-10-17 09:03:53,389 [INFO] ThirdPartyUpdaterWithRetryManager:70 - Updater plugin not ready yet. [1/15]
2023-10-17 09:03:53,391 [INFO] PluginManage:359 - Loaded plugin tools (category:base,tabindex:7)
2023-10-17 09:03:53,391 [INFO] PluginManage:310 - Check plugin tutovideos
2023-10-17 09:03:53,493 [INFO] PluginManage:359 - Loaded plugin tutovideos (category:base,tabindex:-1)
2023-10-17 09:03:53,494 [INFO] PluginManage:310 - Check plugin updater
2023-10-17 09:03:53,501 [INFO] PluginManage:359 - Loaded plugin updater (category:base,tabindex:12)
2023-10-17 09:03:53,501 [INFO] PluginManage:310 - Check plugin userauth
2023-10-17 09:03:53,505 [INFO] UserAuth:113 - Init User Auth plugin
2023-10-17 09:03:53,505 [INFO] PluginManage:359 - Loaded plugin userauth (category:base,tabindex:14)
2023-10-17 09:03:53,506 [INFO] PluginManage:283 - PluginManage : Loaded plugins [17]
2023-10-17 09:03:53,626 [INFO] PinOutPanel:1499 - setPackage(No Configuration,No Configuration)
2023-10-17 09:03:53,684 [INFO] CADModel:165 - CPN selected for project level
2023-10-17 09:03:53,684 [INFO] CADModel:114 - Register for checkConnection events
2023-10-17 09:03:53,690 [INFO] IPUIPlugin:80 - create IPUIPlugin
2023-10-17 09:03:53,691 [INFO] PluginManager:220 - loadIPPluginJar : add ltdc
2023-10-17 09:03:53,694 [INFO] IPUIPlugin:80 - create IPUIPlugin
2023-10-17 09:03:53,694 [INFO] PluginManager:220 - loadIPPluginJar : add i2s
2023-10-17 09:03:53,695 [INFO] IPUIPlugin:80 - create IPUIPlugin
2023-10-17 09:03:53,695 [INFO] PluginManager:220 - loadIPPluginJar : add can
2023-10-17 09:03:53,698 [INFO] IPUIPlugin:80 - create IPUIPlugin
2023-10-17 09:03:53,698 [INFO] PluginManager:220 - loadIPPluginJar : add gpio
2023-10-17 09:03:53,702 [INFO] IPUIPlugin:80 - create IPUIPlugin
2023-10-17 09:03:53,702 [INFO] PluginManager:220 - loadIPPluginJar : add freertos
2023-10-17 09:03:53,704 [INFO] IPUIPlugin:80 - create IPUIPlugin
2023-10-17 09:03:53,704 [INFO] PluginManager:220 - loadIPPluginJar : add dma3
2023-10-17 09:03:53,704 [INFO] IPUIPlugin:80 - create IPUIPlugin
2023-10-17 09:03:53,704 [INFO] PluginManager:220 - loadIPPluginJar : add fatfs
2023-10-17 09:03:53,705 [INFO] IPUIPlugin:80 - create IPUIPlugin
2023-10-17 09:03:53,706 [INFO] PluginManager:220 - loadIPPluginJar : add cryp
2023-10-17 09:03:53,710 [INFO] IPUIPlugin:80 - create IPUIPlugin
2023-10-17 09:03:53,710 [INFO] PluginManager:220 - loadIPPluginJar : add adc
2023-10-17 09:03:53,711 [INFO] IPUIPlugin:80 - create IPUIPlugin
2023-10-17 09:03:53,711 [INFO] PluginManager:220 - loadIPPluginJar : add usart
2023-10-17 09:03:53,713 [INFO] IPUIPlugin:80 - create IPUIPlugin
2023-10-17 09:03:53,713 [INFO] PluginManager:220 - loadIPPluginJar : add touchsensing
2023-10-17 09:03:53,714 [INFO] IPUIPlugin:80 - create IPUIPlugin
2023-10-17 09:03:53,714 [INFO] PluginManager:220 - loadIPPluginJar : add gtzc
2023-10-17 09:03:53,715 [INFO] IPUIPlugin:80 - create IPUIPlugin
2023-10-17 09:03:53,715 [INFO] PluginManager:220 - loadIPPluginJar : add aes
2023-10-17 09:03:53,717 [INFO] IPUIPlugin:80 - create IPUIPlugin
2023-10-17 09:03:53,717 [INFO] PluginManager:220 - loadIPPluginJar : add nvic
2023-10-17 09:03:53,718 [INFO] IPUIPlugin:80 - create IPUIPlugin
2023-10-17 09:03:53,718 [INFO] PluginManager:220 - loadIPPluginJar : add gfxmmu
2023-10-17 09:03:53,719 [INFO] IPUIPlugin:80 - create IPUIPlugin
2023-10-17 09:03:53,719 [INFO] PluginManager:220 - loadIPPluginJar : add tim
2023-10-17 09:03:53,720 [INFO] IPUIPlugin:80 - create IPUIPlugin
2023-10-17 09:03:53,720 [INFO] PluginManager:220 - loadIPPluginJar : add lorawan
2023-10-17 09:03:53,724 [INFO] IPUIPlugin:80 - create IPUIPlugin
2023-10-17 09:03:53,724 [INFO] PluginManager:220 - loadIPPluginJar : add linkedlist
2023-10-17 09:03:53,728 [INFO] IPUIPlugin:80 - create IPUIPlugin
2023-10-17 09:03:53,728 [INFO] PluginManager:220 - loadIPPluginJar : add mdma
2023-10-17 09:03:53,730 [INFO] IPUIPlugin:80 - create IPUIPlugin
2023-10-17 09:03:53,731 [INFO] PluginManager:220 - loadIPPluginJar : add stm32_wpan
2023-10-17 09:03:53,731 [INFO] IPUIPlugin:80 - create IPUIPlugin
2023-10-17 09:03:53,731 [INFO] PluginManager:220 - loadIPPluginJar : add tsc
2023-10-17 09:03:53,735 [INFO] IPUIPlugin:80 - create IPUIPlugin
2023-10-17 09:03:53,737 [INFO] PluginManager:220 - loadIPPluginJar : add plateformsettings
2023-10-17 09:03:53,739 [INFO] IPUIPlugin:80 - create IPUIPlugin
2023-10-17 09:03:53,739 [INFO] PluginManager:220 - loadIPPluginJar : add spi
2023-10-17 09:03:53,739 [INFO] IPUIPlugin:80 - create IPUIPlugin
2023-10-17 09:03:53,740 [INFO] PluginManager:220 - loadIPPluginJar : add comp
2023-10-17 09:03:53,741 [INFO] IPUIPlugin:80 - create IPUIPlugin
2023-10-17 09:03:53,741 [INFO] PluginManager:220 - loadIPPluginJar : add i2c
2023-10-17 09:03:53,742 [INFO] IPUIPlugin:80 - create IPUIPlugin
2023-10-17 09:03:53,742 [INFO] PluginManager:220 - loadIPPluginJar : add hash
2023-10-17 09:03:53,745 [INFO] IPUIPlugin:80 - create IPUIPlugin
2023-10-17 09:03:53,745 [INFO] PluginManager:220 - loadIPPluginJar : add gic
2023-10-17 09:03:53,746 [INFO] IPUIPlugin:80 - create IPUIPlugin
2023-10-17 09:03:53,747 [INFO] PluginManager:220 - loadIPPluginJar : add i3c
2023-10-17 09:03:53,748 [INFO] IPUIPlugin:80 - create IPUIPlugin
2023-10-17 09:03:53,749 [INFO] PluginManager:220 - loadIPPluginJar : add sai
2023-10-17 09:03:53,751 [INFO] IPUIPlugin:80 - create IPUIPlugin
2023-10-17 09:03:53,752 [INFO] PluginManager:220 - loadIPPluginJar : add fmc
2023-10-17 09:03:53,752 [INFO] IPUIPlugin:80 - create IPUIPlugin
2023-10-17 09:03:53,753 [INFO] PluginManager:220 - loadIPPluginJar : add genericplugin
2023-10-17 09:03:53,754 [INFO] IPUIPlugin:80 - create IPUIPlugin
2023-10-17 09:03:53,754 [INFO] PluginManager:220 - loadIPPluginJar : add pdm2pcm
2023-10-17 09:03:53,756 [INFO] IPUIPlugin:80 - create IPUIPlugin
2023-10-17 09:03:53,756 [INFO] PluginManager:220 - loadIPPluginJar : add ipddr
2023-10-17 09:03:53,756 [INFO] IPUIPlugin:80 - create IPUIPlugin
2023-10-17 09:03:53,756 [INFO] PluginManager:220 - loadIPPluginJar : add quadspi
2023-10-17 09:03:53,757 [INFO] IPUIPlugin:80 - create IPUIPlugin
2023-10-17 09:03:53,757 [INFO] PluginManager:220 - loadIPPluginJar : add ucpd
2023-10-17 09:03:53,758 [INFO] IPUIPlugin:80 - create IPUIPlugin
2023-10-17 09:03:53,758 [INFO] PluginManager:220 - loadIPPluginJar : add ts
2023-10-17 09:03:53,759 [INFO] IPUIPlugin:80 - create IPUIPlugin
2023-10-17 09:03:53,760 [INFO] PluginManager:220 - loadIPPluginJar : add openamp
2023-10-17 09:03:53,761 [INFO] IPUIPlugin:80 - create IPUIPlugin
2023-10-17 09:03:53,761 [INFO] PluginManager:220 - loadIPPluginJar : add resmgrutility
2023-10-17 09:03:53,766 [INFO] IPUIPlugin:80 - create IPUIPlugin
2023-10-17 09:03:53,766 [INFO] PluginManager:220 - loadIPPluginJar : add dma
2023-10-17 09:03:53,768 [INFO] IPUIPlugin:80 - create IPUIPlugin
2023-10-17 09:03:53,768 [INFO] PluginManager:220 - loadIPPluginJar : add dfsdm
2023-10-17 09:03:53,769 [INFO] IPUIPlugin:80 - create IPUIPlugin
2023-10-17 09:03:53,769 [INFO] PluginManager:220 - loadIPPluginJar : add tracer_emb
2023-10-17 09:03:53,770 [INFO] IPUIPlugin:80 - create IPUIPlugin
2023-10-17 09:03:53,770 [INFO] PluginManager:220 - loadIPPluginJar : add opamp
2023-10-17 09:03:53,772 [INFO] IPUIPlugin:80 - create IPUIPlugin
2023-10-17 09:03:53,772 [INFO] PluginManager:220 - loadIPPluginJar : add usbx
2023-10-17 09:03:53,863 [INFO] CADModel:165 - CPN selected for project level
2023-10-17 09:03:53,863 [INFO] CADModel:114 - Register for checkConnection events
2023-10-17 09:03:53,863 [FATAL] Updater:308 - Updater called before beeing initialized
2023-10-17 09:03:53,863 [ERROR] CADModel:125 - Updater not yet initialized, retry later 
2023-10-17 09:03:53,938 [INFO] CADModel:165 - CPN selected for project level
2023-10-17 09:03:53,938 [INFO] CADModel:114 - Register for checkConnection events
2023-10-17 09:03:53,938 [FATAL] Updater:308 - Updater called before beeing initialized
2023-10-17 09:03:53,938 [ERROR] CADModel:125 - Updater not yet initialized, retry later 
2023-10-17 09:03:53,940 [FATAL] Updater:308 - Updater called before beeing initialized
2023-10-17 09:03:53,995 [FATAL] Updater:308 - Updater called before beeing initialized
2023-10-17 09:03:53,999 [INFO] DbMcusAds:53 - JSON generation date=Tue Mar 07 09:50:55 CET 2023 (1678179055335)
2023-10-17 09:03:53,999 [FATAL] Updater:308 - Updater called before beeing initialized
2023-10-17 09:03:54,021 [WARN] DetailPanel:346 - Failed to get advertising image, set to default
2023-10-17 09:03:54,077 [FATAL] Updater:308 - Updater called before beeing initialized
2023-10-17 09:03:54,079 [FATAL] Updater:308 - Updater called before beeing initialized
2023-10-17 09:03:54,079 [FATAL] Updater:308 - Updater called before beeing initialized
2023-10-17 09:03:54,079 [WARN] DetailPanel:346 - Failed to get advertising image, set to default
2023-10-17 09:03:54,079 [FATAL] Updater:308 - Updater called before beeing initialized
2023-10-17 09:03:54,097 [ERROR] Updater:1120 - MainUpdater not yet initialized. External WinMGr cannot be set.
2023-10-17 09:03:54,098 [INFO] Updater:1056 - Updater Version found : 6.9.2
2023-10-17 09:03:54,110 [INFO] ApplicationProperties:184 - Using Application install path: /opt/st/stm32cubeide_1.13.2/plugins/com.st.stm32cube.common.mx_6.9.2.202309101412
2023-10-17 09:03:54,183 [INFO] MainUpdater:2868 - connection check result : 10
2023-10-17 09:03:54,183 [INFO] MainUpdater:3562 - Updater definition file requires update
2023-10-17 09:03:54,184 [INFO] MainUpdater:285 - Updater Check For Update Now.
2023-10-17 09:03:54,184 [INFO] MicroXplorer:498 - Change Database Version : DB.6.0.92
2023-10-17 09:03:54,187 [INFO] McuFinderGlobals:63 - Set McuFinder mode to 2 (CubeIDE integrated)
2023-10-17 09:03:54,221 [INFO] ServerAccessManage:473 - Download File updaters.zip
2023-10-17 09:03:54,287 [INFO] FileExtend:240 - Unzip File : updaters.zip
2023-10-17 09:03:54,288 [INFO] FileExtend:255 - Standard Zip Deflate
2023-10-17 09:03:54,453 [INFO] ServerAccessManage:473 - Download File PacksControlFlags.xml
2023-10-17 09:03:54,487 [INFO] ServerAccessManage:473 - Download File cubemx.pidx
2023-10-17 09:03:54,794 [INFO] ServerAccessManage:473 - Download File STMicroelectronics.X-CUBE-MEMS1.pdsc
2023-10-17 09:03:55,525 [ERROR] ServerAccessManage:1089 - Problem, file not found on Server
2023-10-17 09:03:56,390 [WARN] MainUpdater:1189 - Updater busy. Cannot search thirdparties
2023-10-17 09:03:56,390 [INFO] ThirdPartyUpdaterWithRetryManager:96 - Updater plugin is busy. [1/15]
2023-10-17 09:03:56,548 [ERROR] ServerAccessManage:1096 - Problem, Http access forbiden
2023-10-17 09:03:56,549 [ERROR] ServerAccessManage:651 - Problem, Http access forbiden : RoweBots.I-CUBE-UNISONRTOS.pdsc.
2023-10-17 09:03:56,771 [INFO] CheckServerUpdateThread:120 - End of CheckServer Thread
2023-10-17 09:03:56,835 [INFO] PopulateThirdPartyThread:66 - Ending populate Thread
2023-10-17 09:03:56,837 [INFO] ThirdParty:1030 - CMSIS Pack Vendor :STMicroelectronics X-CUBE-MEMS1 10.0.0
2023-10-17 09:03:56,837 [INFO] LoadServerUpdatesThread:373 - End of LoadServerUpdate Thread
2023-10-17 09:03:59,439 [WARN] PackLoader:240 - Cannot read IP mode file for STMicroelectronics.X-CUBE-SMBUS.2.1.0
2023-10-17 09:03:59,452 [WARN] PackLoader:240 - Cannot read IP mode file for STMicroelectronics.X-CUBE-AZRTOS-F7.1.1.0
2023-10-17 09:03:59,457 [WARN] PackLoader:240 - Cannot read IP mode file for STMicroelectronics.FP-SNS-MOTENV1.4.3.2
2023-10-17 09:03:59,461 [WARN] PackLoader:240 - Cannot read IP mode file for STMicroelectronics.FP-SNS-FLIGHT1.5.0.2
2023-10-17 09:03:59,466 [WARN] PackLoader:240 - Cannot read IP mode file for STMicroelectronics.X-CUBE-DISPLAY.3.0.0
2023-10-17 09:03:59,472 [WARN] PackLoader:240 - Cannot read IP mode file for STMicroelectronics.X-CUBE-BLE1.7.0.0
2023-10-17 09:03:59,476 [WARN] PackLoader:240 - Cannot read IP mode file for emotas.I-CUBE-CANOPEN.1.3.0
2023-10-17 09:03:59,478 [WARN] PackLoader:240 - Cannot read IP mode file for STMicroelectronics.X-CUBE-TOUCHGFX.4.22.0
2023-10-17 09:03:59,480 [WARN] PackLoader:240 - Cannot read IP mode file for STMicroelectronics.X-CUBE-TOUCHGFX.4.22.1
2023-10-17 09:03:59,482 [WARN] PackLoader:240 - Cannot read IP mode file for STMicroelectronics.FP-SNS-SMARTAG2.1.2.0
2023-10-17 09:03:59,488 [INFO] LogOutputStream:77 - [STDOUT_REDIRECT] 1 : Invalid condition id : UX_CORESTACK_Condition cause : null
2023-10-17 09:03:59,488 [INFO] LogOutputStream:77 - [STDOUT_REDIRECT] 1 : Invalid condition id : UX_CORESTACK_Condition cause : null
2023-10-17 09:03:59,488 [INFO] LogOutputStream:77 - [STDOUT_REDIRECT] 1 : Invalid condition id : UX_CORESTACK_Condition cause : null
2023-10-17 09:03:59,489 [INFO] LogOutputStream:77 - [STDOUT_REDIRECT] 1 : Invalid condition id : UX_CORESTACK_Condition cause : null
2023-10-17 09:03:59,489 [INFO] LogOutputStream:77 - [STDOUT_REDIRECT] 1 : Invalid condition id : UX_CORESTACK_Condition cause : null
2023-10-17 09:03:59,491 [WARN] PackLoader:240 - Cannot read IP mode file for STMicroelectronics.X-CUBE-AZRTOS-WL.2.0.0
2023-10-17 09:03:59,497 [WARN] PackLoader:240 - Cannot read IP mode file for WES.I-CUBE-Cesium.1.3.0
2023-10-17 09:03:59,500 [WARN] PackLoader:240 - Cannot read IP mode file for STMicroelectronics.X-CUBE-BLE2.3.3.0
2023-10-17 09:03:59,504 [WARN] PackLoader:240 - Cannot read IP mode file for STMicroelectronics.X-CUBE-ALGOBUILD.1.3.0
2023-10-17 09:03:59,514 [WARN] PackLoader:240 - Cannot read IP mode file for STMicroelectronics.X-CUBE-AZRTOS-G0.1.1.0
2023-10-17 09:03:59,518 [WARN] PackLoader:240 - Cannot read IP mode file for STMicroelectronics.X-CUBE-NFC4.3.0.0
2023-10-17 09:03:59,522 [WARN] PackLoader:240 - Cannot read IP mode file for STMicroelectronics.FP-ATR-SIGFOX1.3.2.0
2023-10-17 09:03:59,543 [WARN] PackLoader:240 - Cannot read IP mode file for SEGGER.I-CUBE-embOS.1.3.1
2023-10-17 09:03:59,573 [WARN] PackLoader:240 - Cannot read IP mode file for STMicroelectronics.X-CUBE-GNSS1.6.0.0
2023-10-17 09:03:59,583 [WARN] PackLoader:240 - Cannot read IP mode file for STMicroelectronics.X-CUBE-AZRTOS-F4.1.1.0
2023-10-17 09:03:59,587 [WARN] PackLoader:240 - Cannot read IP mode file for wolfSSL.I-CUBE-wolfSSL.5.6.3
2023-10-17 09:03:59,597 [WARN] PackLoader:240 - Cannot read IP mode file for STMicroelectronics.X-CUBE-AZRTOS-L5.2.0.0
2023-10-17 09:03:59,618 [WARN] PackLoader:240 - Cannot read IP mode file for STMicroelectronics.X-CUBE-MEMS1.9.6.0
2023-10-17 09:03:59,721 [WARN] PackLoader:240 - Cannot read IP mode file for ITTIA_DB.I-CUBE-ITTIADB.8.8.0
2023-10-17 09:03:59,725 [WARN] PackLoader:240 - Cannot read IP mode file for STMicroelectronics.X-CUBE-BLEMGR.2.0.0
2023-10-17 09:03:59,734 [WARN] ConditionMgr:438 - getConditionDescription Invalid condition id : UX DEVICE CLASS RTOS Condition cause : null
2023-10-17 09:03:59,734 [WARN] ConditionMgr:438 - getConditionDescription Invalid condition id : UX DEVICE CLASS RTOS Condition cause : null
2023-10-17 09:03:59,736 [WARN] PackLoader:240 - Cannot read IP mode file for STMicroelectronics.X-CUBE-AZRTOS-H7.3.1.0
2023-10-17 09:03:59,737 [WARN] ConditionMgr:1039 - genDependencies : Invalid condition id : UX DEVICE CLASS RTOS Condition cause : null
2023-10-17 09:03:59,737 [WARN] ConditionMgr:1039 - genDependencies : Invalid condition id : UX DEVICE CLASS RTOS Condition cause : null
2023-10-17 09:03:59,737 [WARN] ConditionMgr:1039 - genDependencies : Invalid condition id : UX DEVICE CLASS RTOS Condition cause : null
2023-10-17 09:03:59,737 [WARN] ConditionMgr:1039 - genDependencies : Invalid condition id : UX DEVICE CLASS RTOS Condition cause : null
2023-10-17 09:03:59,738 [WARN] ConditionMgr:1039 - genDependencies : Invalid condition id : UX DEVICE CLASS RTOS Condition cause : null
2023-10-17 09:03:59,741 [WARN] PackLoader:240 - Cannot read IP mode file for STMicroelectronics.X-CUBE-NFC7.1.0.1
2023-10-17 09:03:59,746 [WARN] PackLoader:240 - Cannot read IP mode file for STMicroelectronics.X-CUBE-NFC6.3.0.0
2023-10-17 09:03:59,750 [WARN] PackLoader:240 - Cannot read IP mode file for STMicroelectronics.X-CUBE-EEPRMA1.4.1.0
2023-10-17 09:03:59,753 [WARN] PackLoader:240 - Cannot read IP mode file for STMicroelectronics.X-CUBE-AI.8.1.0
2023-10-17 09:03:59,762 [WARN] ConditionMgr:438 - getConditionDescription Invalid condition id : LAN8742 Phy interface Condition cause : null
2023-10-17 09:03:59,762 [WARN] PackLoader:240 - Cannot read IP mode file for STMicroelectronics.X-CUBE-AZRTOS-L4.2.0.0
2023-10-17 09:03:59,763 [WARN] ConditionMgr:1039 - genDependencies : Invalid condition id : LAN8742 Phy interface Condition cause : null
2023-10-17 09:03:59,763 [WARN] ConditionMgr:1039 - genDependencies : Invalid condition id : LAN8742 Phy interface Condition cause : null
2023-10-17 09:03:59,764 [WARN] ConditionMgr:1039 - genDependencies : Invalid condition id : LAN8742 Phy interface Condition cause : null
2023-10-17 09:03:59,767 [WARN] PackLoader:240 - Cannot read IP mode file for STMicroelectronics.X-CUBE-SFXS2LP1.4.0.0
2023-10-17 09:03:59,770 [WARN] PackLoader:240 - Cannot read IP mode file for STMicroelectronics.X-CUBE-ISPU.1.1.0
2023-10-17 09:03:59,776 [WARN] ConditionMgr:438 - getConditionDescription Invalid condition id : UX DEVICE CLASS RTOS Condition cause : null
2023-10-17 09:03:59,776 [WARN] ConditionMgr:438 - getConditionDescription Invalid condition id : UX DEVICE CLASS RTOS Condition cause : null
2023-10-17 09:03:59,777 [WARN] PackLoader:240 - Cannot read IP mode file for STMicroelectronics.X-CUBE-AZRTOS-WB.2.0.0
2023-10-17 09:03:59,778 [WARN] ConditionMgr:1039 - genDependencies : Invalid condition id : UX DEVICE CLASS RTOS Condition cause : null
2023-10-17 09:03:59,778 [WARN] ConditionMgr:1039 - genDependencies : Invalid condition id : UX DEVICE CLASS RTOS Condition cause : null
2023-10-17 09:03:59,778 [WARN] ConditionMgr:1039 - genDependencies : Invalid condition id : UX DEVICE CLASS RTOS Condition cause : null
2023-10-17 09:03:59,778 [WARN] ConditionMgr:1039 - genDependencies : Invalid condition id : UX DEVICE CLASS RTOS Condition cause : null
2023-10-17 09:03:59,778 [WARN] ConditionMgr:1039 - genDependencies : Invalid condition id : UX DEVICE CLASS RTOS Condition cause : null
2023-10-17 09:03:59,783 [WARN] PackLoader:240 - Cannot read IP mode file for STMicroelectronics.X-CUBE-SUBG2.5.0.0
2023-10-17 09:03:59,791 [WARN] PackLoader:240 - Cannot read IP mode file for STMicroelectronics.X-CUBE-TOF1.3.3.1
2023-10-17 09:03:59,804 [WARN] PackLoader:240 - Cannot read IP mode file for STMicroelectronics.X-CUBE-AZRTOS-G4.2.0.0
2023-10-17 09:03:59,810 [WARN] PackLoader:240 - Cannot read IP mode file for Infineon.AIROC-Wi-Fi-Bluetooth-STM32.1.5.1
2023-10-17 09:03:59,815 [WARN] PackLoader:240 - Cannot read IP mode file for STMicroelectronics.X-CUBE-FREERTOS.1.1.0
2023-10-17 09:03:59,818 [WARN] PackLoader:240 - Cannot read IP mode file for portGmbH.I-Cube-SoM-uGOAL.1.1.0
2023-10-17 09:03:59,820 [WARN] PackLoader:240 - Cannot read IP mode file for STMicroelectronics.X-CUBE-ALS.1.0.1
2023-10-17 09:03:59,822 [WARN] PackLoader:240 - Cannot read IP mode file for STMicroelectronics.FP-ATR-ASTRA1.2.0.0
2023-10-17 09:03:59,823 [INFO] ThirdParty:978 - Integrity check success = true
2023-10-17 09:03:59,823 [INFO] IntegrityCheckThread:100 - exiting critical section [integrity check]
2023-10-17 09:03:59,823 [INFO] IntegrityCheckThread:103 - End integrity checks thread
2023-10-17 09:04:09,762 [ERROR] AdobePublisher:162 - Exception while opening the connection: java.net.SocketTimeoutException: Read timed out
2023-10-17 09:04:30,096 [ERROR] LogOutputStream:75 - [STDERR_REDIRECT] SLF4J: Failed to load class "org.slf4j.impl.StaticLoggerBinder".
2023-10-17 09:04:30,097 [ERROR] LogOutputStream:75 - [STDERR_REDIRECT] SLF4J: Defaulting to no-operation (NOP) logger implementation
2023-10-17 09:04:30,097 [ERROR] LogOutputStream:75 - [STDERR_REDIRECT] SLF4J: See http://www.slf4j.org/codes.html#StaticLoggerBinder for further details.
