2023-09-27 15:50:45,211 [INFO] Activator:176 - 


2023-09-27 15:50:45,215 [INFO] Activator:177 - !SESSION log4j initialized
2023-09-27 15:50:48,520 [INFO] LogOutputStream:77 - [STDOUT_REDIRECT] 
2023-09-27 15:50:57,097 [INFO] ApplicationProperties:184 - Using Application install path: /opt/st/stm32cubeide_1.13.2/plugins/com.st.stm32cube.common.mx_6.9.2.202309101412
2023-09-27 15:50:57,114 [INFO] DbMcusXml:78 - Set database path to: /opt/st/stm32cubeide_1.13.2/plugins/com.st.stm32cube.common.mx_6.9.2.202309101412//db//mcu/
2023-09-27 15:50:57,115 [INFO] ApiDb:274 - Set plugin database path to: /opt/st/stm32cubeide_1.13.2/plugins/com.st.stm32cube.common.mx_6.9.2.202309101412//db//plugins/boardmanager/
2023-09-27 15:50:57,115 [WARN] ApiDb:259 - Overriding images path with different value:  => /opt/st/stm32cubeide_1.13.2/plugins/com.st.stm32cube.common.mx_6.9.2.202309101412//db//plugins/mcufinder/images/
2023-09-27 15:50:57,124 [INFO] ApiDb:250 - Set database path to: /home/laptop/.stmcufinder/plugins/mcufinder//mcu/
2023-09-27 15:50:57,125 [INFO] DbMcusAds:125 - Set database path to: /home/laptop/.stmcufinder/plugins/mcufinder//mcu/
2023-09-27 15:50:57,127 [INFO] CrossReferenceDbSqlite:203 - Set database path to: /home/laptop/.stmcufinder/plugins/mcufinder//mcu/cs/
2023-09-27 15:50:57,210 [INFO] RulesReader:64 - Compatibility file has been processed (293 Rules)
2023-09-27 15:50:57,257 [INFO] DbMcusXml:78 - Set database path to: /opt/st/stm32cubeide_1.13.2/plugins/com.st.stm32cube.common.mx_6.9.2.202309101412//db//mcu/
2023-09-27 15:50:57,257 [INFO] ApiDb:274 - Set plugin database path to: /opt/st/stm32cubeide_1.13.2/plugins/com.st.stm32cube.common.mx_6.9.2.202309101412//db//plugins/boardmanager/
2023-09-27 15:50:57,257 [INFO] ApiDb:261 - Set plugin images path to: /opt/st/stm32cubeide_1.13.2/plugins/com.st.stm32cube.common.mx_6.9.2.202309101412//db//plugins/mcufinder/images/
2023-09-27 15:50:57,257 [WARN] DbFile:41 - Overriding database path with different value: /home/laptop/.stmcufinder/plugins/mcufinder/ => /home/laptop/.stmcufinder/plugins/mcufinder
2023-09-27 15:50:57,258 [INFO] ApiDb:250 - Set database path to: /home/laptop/.stmcufinder/plugins/mcufinder//mcu/
2023-09-27 15:50:57,258 [WARN] DbFile:41 - Overriding database path with different value: /home/laptop/.stmcufinder/plugins/mcufinder/ => /home/laptop/.stmcufinder/plugins/mcufinder
2023-09-27 15:50:57,258 [INFO] DbMcusAds:125 - Set database path to: /home/laptop/.stmcufinder/plugins/mcufinder//mcu/
2023-09-27 15:50:57,258 [WARN] DbFile:41 - Overriding database path with different value: /home/laptop/.stmcufinder/plugins/mcufinder/ => /home/laptop/.stmcufinder/plugins/mcufinder
2023-09-27 15:50:57,258 [WARN] DbFile:41 - Overriding database path with different value: /home/laptop/.stmcufinder/plugins/mcufinder/ => /home/laptop/.stmcufinder/plugins/mcufinder
2023-09-27 15:50:57,258 [INFO] CrossReferenceDbSqlite:203 - Set database path to: /home/laptop/.stmcufinder/plugins/mcufinder//mcu/cs/
2023-09-27 15:50:57,349 [INFO] MainPanel:262 - HeapMemory: 268435456
2023-09-27 15:50:57,435 [INFO] DbMcusXml:78 - Set database path to: /opt/st/stm32cubeide_1.13.2/plugins/com.st.stm32cube.common.mx_6.9.2.202309101412//db//mcu/
2023-09-27 15:50:57,435 [INFO] ApiDb:274 - Set plugin database path to: /opt/st/stm32cubeide_1.13.2/plugins/com.st.stm32cube.common.mx_6.9.2.202309101412//db//plugins/boardmanager/
2023-09-27 15:50:57,435 [INFO] ApiDb:261 - Set plugin images path to: /opt/st/stm32cubeide_1.13.2/plugins/com.st.stm32cube.common.mx_6.9.2.202309101412//db//plugins/mcufinder/images/
2023-09-27 15:50:57,435 [WARN] DbFile:41 - Overriding database path with different value: /home/laptop/.stmcufinder/plugins/mcufinder/ => /home/laptop/.stmcufinder/plugins/mcufinder
2023-09-27 15:50:57,436 [INFO] ApiDb:250 - Set database path to: /home/laptop/.stmcufinder/plugins/mcufinder//mcu/
2023-09-27 15:50:57,436 [WARN] DbFile:41 - Overriding database path with different value: /home/laptop/.stmcufinder/plugins/mcufinder/ => /home/laptop/.stmcufinder/plugins/mcufinder
2023-09-27 15:50:57,436 [INFO] DbMcusAds:125 - Set database path to: /home/laptop/.stmcufinder/plugins/mcufinder//mcu/
2023-09-27 15:50:57,436 [WARN] DbFile:41 - Overriding database path with different value: /home/laptop/.stmcufinder/plugins/mcufinder/ => /home/laptop/.stmcufinder/plugins/mcufinder
2023-09-27 15:50:57,436 [WARN] DbFile:41 - Overriding database path with different value: /home/laptop/.stmcufinder/plugins/mcufinder/ => /home/laptop/.stmcufinder/plugins/mcufinder
2023-09-27 15:50:57,436 [INFO] CrossReferenceDbSqlite:203 - Set database path to: /home/laptop/.stmcufinder/plugins/mcufinder//mcu/cs/
2023-09-27 15:50:57,450 [INFO] ApplicationProperties:184 - Using Application install path: /opt/st/stm32cubeide_1.13.2/plugins/com.st.stm32cube.common.mx_6.9.2.202309101412
2023-09-27 15:50:57,451 [INFO] PluginManage:196 - Search for loadable plugins [exclusion list=, ]
2023-09-27 15:50:57,452 [INFO] PluginManage:310 - Check plugin analytics
2023-09-27 15:50:57,565 [INFO] AnalyticsPlugin:253 - Accepted Software Licenses: 
2023-09-27 15:50:57,565 [INFO] AnalyticsPlugin:255 - Accepted CMSIS Pack Licenses: 
2023-09-27 15:50:57,565 [INFO] AnalyticsPlugin:257 - Accepted Firmware Licenses: 
2023-09-27 15:50:57,567 [INFO] PluginManage:359 - Loaded plugin analytics (category:tool,tabindex:-1)
2023-09-27 15:50:57,567 [INFO] PluginManage:310 - Check plugin cadmodel
2023-09-27 15:50:57,618 [INFO] CADModel:105 - Init CAD model plugin
2023-09-27 15:50:57,618 [INFO] PluginManage:359 - Loaded plugin cadmodel (category:power,tabindex:5)
2023-09-27 15:50:57,618 [INFO] PluginManage:310 - Check plugin clock
2023-09-27 15:50:57,626 [INFO] PluginManage:359 - Loaded plugin clock (category:base,tabindex:2)
2023-09-27 15:50:57,626 [INFO] PluginManage:310 - Check plugin ddr
2023-09-27 15:50:57,628 [INFO] PluginManage:359 - Loaded plugin ddr (category:tool,tabindex:6)
2023-09-27 15:50:57,628 [INFO] PluginManage:310 - Check plugin filemanager
2023-09-27 15:50:57,728 [INFO] PluginManage:359 - Loaded plugin filemanager (category:base,tabindex:10)
2023-09-27 15:50:57,728 [INFO] PluginManage:310 - Check plugin ipmanager
2023-09-27 15:50:57,732 [INFO] PluginManage:359 - Loaded plugin ipmanager (category:base,tabindex:5)
2023-09-27 15:50:57,732 [INFO] PluginManage:310 - Check plugin lpbam
2023-09-27 15:50:57,739 [INFO] PluginManage:359 - Loaded plugin lpbam (category:base,tabindex:0)
2023-09-27 15:50:57,739 [INFO] PluginManage:310 - Check plugin memorymap
2023-09-27 15:50:57,747 [INFO] PluginManage:359 - Loaded plugin memorymap (category:base,tabindex:4)
2023-09-27 15:50:57,747 [INFO] PluginManage:310 - Check plugin pinoutandconfiguration
2023-09-27 15:50:57,752 [INFO] PluginManage:359 - Loaded plugin pinoutandconfiguration (category:base,tabindex:1)
2023-09-27 15:50:57,752 [INFO] PluginManage:310 - Check plugin pinoutconfig
2023-09-27 15:50:57,828 [WARN] SupportedApi:132 - Cannot load RTOS API schema: s4s-elt-must-match.1: The content of 'definitions' must match (annotation?, (simpleType | complexType)?, (unique | key | keyref)*)). A problem was found starting at: attribute.
2023-09-27 15:50:57,918 [INFO] PluginManage:359 - Loaded plugin pinoutconfig (category:base,tabindex:0)
2023-09-27 15:50:57,919 [INFO] PluginManage:310 - Check plugin power
2023-09-27 15:50:57,926 [INFO] PluginManage:359 - Loaded plugin power (category:power,tabindex:4)
2023-09-27 15:50:57,926 [INFO] PluginManage:310 - Check plugin projectmanager
2023-09-27 15:50:57,936 [INFO] PluginManage:359 - Loaded plugin projectmanager (category:projectmanager,tabindex:3)
2023-09-27 15:50:57,937 [INFO] PluginManage:310 - Check plugin thirdparty
2023-09-27 15:50:58,016 [INFO] PluginManage:359 - Loaded plugin thirdparty (category:base,tabindex:-1)
2023-09-27 15:50:58,016 [WARN] IntegrityCheckThread:84 - waiting for thirdparty lock release [integrity check]
2023-09-27 15:50:58,017 [INFO] PluginManage:310 - Check plugin tools
2023-09-27 15:50:58,017 [INFO] IntegrityCheckThread:86 - entering critical section [integrity check]
2023-09-27 15:50:58,017 [INFO] ThirdPartyUpdaterWithRetryManager:70 - Updater plugin not ready yet. [1/15]
2023-09-27 15:50:58,018 [INFO] PluginManage:359 - Loaded plugin tools (category:base,tabindex:7)
2023-09-27 15:50:58,018 [INFO] PluginManage:310 - Check plugin tutovideos
2023-09-27 15:50:58,126 [INFO] PluginManage:359 - Loaded plugin tutovideos (category:base,tabindex:-1)
2023-09-27 15:50:58,126 [INFO] PluginManage:310 - Check plugin updater
2023-09-27 15:50:58,134 [INFO] PluginManage:359 - Loaded plugin updater (category:base,tabindex:12)
2023-09-27 15:50:58,134 [INFO] PluginManage:310 - Check plugin userauth
2023-09-27 15:50:58,138 [INFO] UserAuth:113 - Init User Auth plugin
2023-09-27 15:50:58,138 [INFO] PluginManage:359 - Loaded plugin userauth (category:base,tabindex:14)
2023-09-27 15:50:58,138 [INFO] PluginManage:283 - PluginManage : Loaded plugins [17]
2023-09-27 15:50:58,264 [INFO] PinOutPanel:1499 - setPackage(No Configuration,No Configuration)
2023-09-27 15:50:58,337 [INFO] CADModel:165 - CPN selected for project level
2023-09-27 15:50:58,337 [INFO] CADModel:114 - Register for checkConnection events
2023-09-27 15:50:58,347 [INFO] IPUIPlugin:80 - create IPUIPlugin
2023-09-27 15:50:58,347 [INFO] PluginManager:220 - loadIPPluginJar : add ltdc
2023-09-27 15:50:58,352 [INFO] IPUIPlugin:80 - create IPUIPlugin
2023-09-27 15:50:58,352 [INFO] PluginManager:220 - loadIPPluginJar : add i2s
2023-09-27 15:50:58,354 [INFO] IPUIPlugin:80 - create IPUIPlugin
2023-09-27 15:50:58,354 [INFO] PluginManager:220 - loadIPPluginJar : add can
2023-09-27 15:50:58,358 [INFO] IPUIPlugin:80 - create IPUIPlugin
2023-09-27 15:50:58,359 [INFO] PluginManager:220 - loadIPPluginJar : add gpio
2023-09-27 15:50:58,364 [INFO] IPUIPlugin:80 - create IPUIPlugin
2023-09-27 15:50:58,364 [INFO] PluginManager:220 - loadIPPluginJar : add freertos
2023-09-27 15:50:58,366 [INFO] IPUIPlugin:80 - create IPUIPlugin
2023-09-27 15:50:58,366 [INFO] PluginManager:220 - loadIPPluginJar : add dma3
2023-09-27 15:50:58,367 [INFO] IPUIPlugin:80 - create IPUIPlugin
2023-09-27 15:50:58,367 [INFO] PluginManager:220 - loadIPPluginJar : add fatfs
2023-09-27 15:50:58,369 [INFO] IPUIPlugin:80 - create IPUIPlugin
2023-09-27 15:50:58,369 [INFO] PluginManager:220 - loadIPPluginJar : add cryp
2023-09-27 15:50:58,376 [INFO] IPUIPlugin:80 - create IPUIPlugin
2023-09-27 15:50:58,376 [INFO] PluginManager:220 - loadIPPluginJar : add adc
2023-09-27 15:50:58,378 [INFO] IPUIPlugin:80 - create IPUIPlugin
2023-09-27 15:50:58,378 [INFO] PluginManager:220 - loadIPPluginJar : add usart
2023-09-27 15:50:58,386 [INFO] IPUIPlugin:80 - create IPUIPlugin
2023-09-27 15:50:58,386 [INFO] PluginManager:220 - loadIPPluginJar : add touchsensing
2023-09-27 15:50:58,390 [INFO] IPUIPlugin:80 - create IPUIPlugin
2023-09-27 15:50:58,390 [INFO] PluginManager:220 - loadIPPluginJar : add gtzc
2023-09-27 15:50:58,392 [INFO] IPUIPlugin:80 - create IPUIPlugin
2023-09-27 15:50:58,393 [INFO] PluginManager:220 - loadIPPluginJar : add aes
2023-09-27 15:50:58,397 [INFO] IPUIPlugin:80 - create IPUIPlugin
2023-09-27 15:50:58,397 [INFO] PluginManager:220 - loadIPPluginJar : add nvic
2023-09-27 15:50:58,399 [INFO] IPUIPlugin:80 - create IPUIPlugin
2023-09-27 15:50:58,399 [INFO] PluginManager:220 - loadIPPluginJar : add gfxmmu
2023-09-27 15:50:58,401 [INFO] IPUIPlugin:80 - create IPUIPlugin
2023-09-27 15:50:58,401 [INFO] PluginManager:220 - loadIPPluginJar : add tim
2023-09-27 15:50:58,403 [INFO] IPUIPlugin:80 - create IPUIPlugin
2023-09-27 15:50:58,404 [INFO] PluginManager:220 - loadIPPluginJar : add lorawan
2023-09-27 15:50:58,412 [INFO] IPUIPlugin:80 - create IPUIPlugin
2023-09-27 15:50:58,412 [INFO] PluginManager:220 - loadIPPluginJar : add linkedlist
2023-09-27 15:50:58,418 [INFO] IPUIPlugin:80 - create IPUIPlugin
2023-09-27 15:50:58,418 [INFO] PluginManager:220 - loadIPPluginJar : add mdma
2023-09-27 15:50:58,421 [INFO] IPUIPlugin:80 - create IPUIPlugin
2023-09-27 15:50:58,421 [INFO] PluginManager:220 - loadIPPluginJar : add stm32_wpan
2023-09-27 15:50:58,422 [INFO] IPUIPlugin:80 - create IPUIPlugin
2023-09-27 15:50:58,422 [INFO] PluginManager:220 - loadIPPluginJar : add tsc
2023-09-27 15:50:58,426 [INFO] IPUIPlugin:80 - create IPUIPlugin
2023-09-27 15:50:58,428 [INFO] PluginManager:220 - loadIPPluginJar : add plateformsettings
2023-09-27 15:50:58,429 [INFO] IPUIPlugin:80 - create IPUIPlugin
2023-09-27 15:50:58,429 [INFO] PluginManager:220 - loadIPPluginJar : add spi
2023-09-27 15:50:58,430 [INFO] IPUIPlugin:80 - create IPUIPlugin
2023-09-27 15:50:58,430 [INFO] PluginManager:220 - loadIPPluginJar : add comp
2023-09-27 15:50:58,432 [INFO] IPUIPlugin:80 - create IPUIPlugin
2023-09-27 15:50:58,432 [INFO] PluginManager:220 - loadIPPluginJar : add i2c
2023-09-27 15:50:58,434 [INFO] IPUIPlugin:80 - create IPUIPlugin
2023-09-27 15:50:58,434 [INFO] PluginManager:220 - loadIPPluginJar : add hash
2023-09-27 15:50:58,438 [INFO] IPUIPlugin:80 - create IPUIPlugin
2023-09-27 15:50:58,438 [INFO] PluginManager:220 - loadIPPluginJar : add gic
2023-09-27 15:50:58,440 [INFO] IPUIPlugin:80 - create IPUIPlugin
2023-09-27 15:50:58,440 [INFO] PluginManager:220 - loadIPPluginJar : add i3c
2023-09-27 15:50:58,442 [INFO] IPUIPlugin:80 - create IPUIPlugin
2023-09-27 15:50:58,442 [INFO] PluginManager:220 - loadIPPluginJar : add sai
2023-09-27 15:50:58,445 [INFO] IPUIPlugin:80 - create IPUIPlugin
2023-09-27 15:50:58,446 [INFO] PluginManager:220 - loadIPPluginJar : add fmc
2023-09-27 15:50:58,446 [INFO] IPUIPlugin:80 - create IPUIPlugin
2023-09-27 15:50:58,446 [INFO] PluginManager:220 - loadIPPluginJar : add genericplugin
2023-09-27 15:50:58,448 [INFO] IPUIPlugin:80 - create IPUIPlugin
2023-09-27 15:50:58,448 [INFO] PluginManager:220 - loadIPPluginJar : add pdm2pcm
2023-09-27 15:50:58,450 [INFO] IPUIPlugin:80 - create IPUIPlugin
2023-09-27 15:50:58,450 [INFO] PluginManager:220 - loadIPPluginJar : add ipddr
2023-09-27 15:50:58,451 [INFO] IPUIPlugin:80 - create IPUIPlugin
2023-09-27 15:50:58,451 [INFO] PluginManager:220 - loadIPPluginJar : add quadspi
2023-09-27 15:50:58,452 [INFO] IPUIPlugin:80 - create IPUIPlugin
2023-09-27 15:50:58,453 [INFO] PluginManager:220 - loadIPPluginJar : add ucpd
2023-09-27 15:50:58,454 [INFO] IPUIPlugin:80 - create IPUIPlugin
2023-09-27 15:50:58,454 [INFO] PluginManager:220 - loadIPPluginJar : add ts
2023-09-27 15:50:58,455 [INFO] IPUIPlugin:80 - create IPUIPlugin
2023-09-27 15:50:58,456 [INFO] PluginManager:220 - loadIPPluginJar : add openamp
2023-09-27 15:50:58,458 [INFO] IPUIPlugin:80 - create IPUIPlugin
2023-09-27 15:50:58,458 [INFO] PluginManager:220 - loadIPPluginJar : add resmgrutility
2023-09-27 15:50:58,462 [INFO] IPUIPlugin:80 - create IPUIPlugin
2023-09-27 15:50:58,462 [INFO] PluginManager:220 - loadIPPluginJar : add dma
2023-09-27 15:50:58,464 [INFO] IPUIPlugin:80 - create IPUIPlugin
2023-09-27 15:50:58,464 [INFO] PluginManager:220 - loadIPPluginJar : add dfsdm
2023-09-27 15:50:58,465 [INFO] IPUIPlugin:80 - create IPUIPlugin
2023-09-27 15:50:58,465 [INFO] PluginManager:220 - loadIPPluginJar : add tracer_emb
2023-09-27 15:50:58,466 [INFO] IPUIPlugin:80 - create IPUIPlugin
2023-09-27 15:50:58,466 [INFO] PluginManager:220 - loadIPPluginJar : add opamp
2023-09-27 15:50:58,468 [INFO] IPUIPlugin:80 - create IPUIPlugin
2023-09-27 15:50:58,468 [INFO] PluginManager:220 - loadIPPluginJar : add usbx
2023-09-27 15:50:58,555 [INFO] CADModel:165 - CPN selected for project level
2023-09-27 15:50:58,555 [INFO] CADModel:114 - Register for checkConnection events
2023-09-27 15:50:58,555 [FATAL] Updater:308 - Updater called before beeing initialized
2023-09-27 15:50:58,556 [ERROR] CADModel:125 - Updater not yet initialized, retry later 
2023-09-27 15:50:58,640 [INFO] CADModel:165 - CPN selected for project level
2023-09-27 15:50:58,640 [INFO] CADModel:114 - Register for checkConnection events
2023-09-27 15:50:58,640 [FATAL] Updater:308 - Updater called before beeing initialized
2023-09-27 15:50:58,640 [ERROR] CADModel:125 - Updater not yet initialized, retry later 
2023-09-27 15:50:58,643 [FATAL] Updater:308 - Updater called before beeing initialized
2023-09-27 15:50:58,693 [FATAL] Updater:308 - Updater called before beeing initialized
2023-09-27 15:50:58,697 [INFO] DbMcusAds:53 - JSON generation date=Tue Mar 07 09:50:55 CET 2023 (1678179055114)
2023-09-27 15:50:58,697 [FATAL] Updater:308 - Updater called before beeing initialized
2023-09-27 15:50:58,721 [WARN] DetailPanel:346 - Failed to get advertising image, set to default
2023-09-27 15:50:58,778 [FATAL] Updater:308 - Updater called before beeing initialized
2023-09-27 15:50:58,780 [FATAL] Updater:308 - Updater called before beeing initialized
2023-09-27 15:50:58,780 [FATAL] Updater:308 - Updater called before beeing initialized
2023-09-27 15:50:58,780 [WARN] DetailPanel:346 - Failed to get advertising image, set to default
2023-09-27 15:50:58,780 [FATAL] Updater:308 - Updater called before beeing initialized
2023-09-27 15:50:58,801 [ERROR] Updater:1120 - MainUpdater not yet initialized. External WinMGr cannot be set.
2023-09-27 15:50:58,802 [INFO] Updater:1056 - Updater Version found : 6.9.2
2023-09-27 15:50:58,819 [INFO] ApplicationProperties:184 - Using Application install path: /opt/st/stm32cubeide_1.13.2/plugins/com.st.stm32cube.common.mx_6.9.2.202309101412
2023-09-27 15:50:58,886 [INFO] MainUpdater:2868 - connection check result : 10
2023-09-27 15:50:58,887 [INFO] MainUpdater:285 - Updater Check For Update Now.
2023-09-27 15:50:58,887 [INFO] MicroXplorer:498 - Change Database Version : DB.6.0.92
2023-09-27 15:50:58,891 [INFO] McuFinderGlobals:63 - Set McuFinder mode to 2 (CubeIDE integrated)
2023-09-27 15:50:59,045 [INFO] CheckServerUpdateThread:120 - End of CheckServer Thread
2023-09-27 15:51:01,079 [WARN] PackLoader:240 - Cannot read IP mode file for STMicroelectronics.X-CUBE-SMBUS.2.1.0
2023-09-27 15:51:01,105 [WARN] PackLoader:240 - Cannot read IP mode file for STMicroelectronics.X-CUBE-AZRTOS-F7.1.1.0
2023-09-27 15:51:01,115 [WARN] PackLoader:240 - Cannot read IP mode file for STMicroelectronics.FP-SNS-MOTENV1.4.3.2
2023-09-27 15:51:01,121 [WARN] PackLoader:240 - Cannot read IP mode file for STMicroelectronics.FP-SNS-FLIGHT1.5.0.2
2023-09-27 15:51:01,130 [WARN] PackLoader:240 - Cannot read IP mode file for STMicroelectronics.X-CUBE-DISPLAY.3.0.0
2023-09-27 15:51:01,141 [WARN] PackLoader:240 - Cannot read IP mode file for STMicroelectronics.X-CUBE-BLE1.7.0.0
2023-09-27 15:51:01,145 [WARN] PackLoader:240 - Cannot read IP mode file for emotas.I-CUBE-CANOPEN.1.3.0
2023-09-27 15:51:01,149 [WARN] PackLoader:240 - Cannot read IP mode file for STMicroelectronics.X-CUBE-TOUCHGFX.4.22.0
2023-09-27 15:51:01,152 [WARN] PackLoader:240 - Cannot read IP mode file for STMicroelectronics.FP-SNS-SMARTAG2.1.2.0
2023-09-27 15:51:01,159 [INFO] LogOutputStream:77 - [STDOUT_REDIRECT] 1 : Invalid condition id : UX_CORESTACK_Condition cause : null
2023-09-27 15:51:01,160 [INFO] LogOutputStream:77 - [STDOUT_REDIRECT] 1 : Invalid condition id : UX_CORESTACK_Condition cause : null
2023-09-27 15:51:01,160 [INFO] LogOutputStream:77 - [STDOUT_REDIRECT] 1 : Invalid condition id : UX_CORESTACK_Condition cause : null
2023-09-27 15:51:01,160 [INFO] LogOutputStream:77 - [STDOUT_REDIRECT] 1 : Invalid condition id : UX_CORESTACK_Condition cause : null
2023-09-27 15:51:01,160 [INFO] LogOutputStream:77 - [STDOUT_REDIRECT] 1 : Invalid condition id : UX_CORESTACK_Condition cause : null
2023-09-27 15:51:01,165 [WARN] PackLoader:240 - Cannot read IP mode file for STMicroelectronics.X-CUBE-AZRTOS-WL.2.0.0
2023-09-27 15:51:01,173 [WARN] PackLoader:240 - Cannot read IP mode file for WES.I-CUBE-Cesium.1.3.0
2023-09-27 15:51:01,177 [WARN] PackLoader:240 - Cannot read IP mode file for STMicroelectronics.X-CUBE-BLE2.3.3.0
2023-09-27 15:51:01,182 [WARN] PackLoader:240 - Cannot read IP mode file for STMicroelectronics.X-CUBE-ALGOBUILD.1.3.0
2023-09-27 15:51:01,196 [WARN] PackLoader:240 - Cannot read IP mode file for STMicroelectronics.X-CUBE-AZRTOS-G0.1.1.0
2023-09-27 15:51:01,203 [WARN] PackLoader:240 - Cannot read IP mode file for STMicroelectronics.X-CUBE-NFC4.3.0.0
2023-09-27 15:51:01,207 [WARN] PackLoader:240 - Cannot read IP mode file for STMicroelectronics.FP-ATR-SIGFOX1.3.2.0
2023-09-27 15:51:01,232 [WARN] PackLoader:240 - Cannot read IP mode file for SEGGER.I-CUBE-embOS.1.3.1
2023-09-27 15:51:01,270 [WARN] PackLoader:240 - Cannot read IP mode file for STMicroelectronics.X-CUBE-GNSS1.6.0.0
2023-09-27 15:51:01,287 [WARN] PackLoader:240 - Cannot read IP mode file for STMicroelectronics.X-CUBE-AZRTOS-F4.1.1.0
2023-09-27 15:51:01,293 [WARN] PackLoader:240 - Cannot read IP mode file for wolfSSL.I-CUBE-wolfSSL.5.6.3
2023-09-27 15:51:01,306 [WARN] PackLoader:240 - Cannot read IP mode file for STMicroelectronics.X-CUBE-AZRTOS-L5.2.0.0
2023-09-27 15:51:01,332 [WARN] PackLoader:240 - Cannot read IP mode file for STMicroelectronics.X-CUBE-MEMS1.9.6.0
2023-09-27 15:51:01,433 [WARN] PackLoader:240 - Cannot read IP mode file for STMicroelectronics.X-CUBE-BLEMGR.2.0.0
2023-09-27 15:51:01,442 [WARN] ConditionMgr:438 - getConditionDescription Invalid condition id : UX DEVICE CLASS RTOS Condition cause : null
2023-09-27 15:51:01,443 [WARN] ConditionMgr:438 - getConditionDescription Invalid condition id : UX DEVICE CLASS RTOS Condition cause : null
2023-09-27 15:51:01,444 [WARN] PackLoader:240 - Cannot read IP mode file for STMicroelectronics.X-CUBE-AZRTOS-H7.3.1.0
2023-09-27 15:51:01,445 [WARN] ConditionMgr:1039 - genDependencies : Invalid condition id : UX DEVICE CLASS RTOS Condition cause : null
2023-09-27 15:51:01,445 [WARN] ConditionMgr:1039 - genDependencies : Invalid condition id : UX DEVICE CLASS RTOS Condition cause : null
2023-09-27 15:51:01,445 [WARN] ConditionMgr:1039 - genDependencies : Invalid condition id : UX DEVICE CLASS RTOS Condition cause : null
2023-09-27 15:51:01,445 [WARN] ConditionMgr:1039 - genDependencies : Invalid condition id : UX DEVICE CLASS RTOS Condition cause : null
2023-09-27 15:51:01,445 [WARN] ConditionMgr:1039 - genDependencies : Invalid condition id : UX DEVICE CLASS RTOS Condition cause : null
2023-09-27 15:51:01,449 [WARN] PackLoader:240 - Cannot read IP mode file for STMicroelectronics.X-CUBE-NFC7.1.0.1
2023-09-27 15:51:01,453 [WARN] PackLoader:240 - Cannot read IP mode file for STMicroelectronics.X-CUBE-NFC6.3.0.0
2023-09-27 15:51:01,457 [WARN] PackLoader:240 - Cannot read IP mode file for STMicroelectronics.X-CUBE-EEPRMA1.4.1.0
2023-09-27 15:51:01,460 [WARN] PackLoader:240 - Cannot read IP mode file for STMicroelectronics.X-CUBE-AI.8.1.0
2023-09-27 15:51:01,468 [WARN] ConditionMgr:438 - getConditionDescription Invalid condition id : LAN8742 Phy interface Condition cause : null
2023-09-27 15:51:01,469 [WARN] PackLoader:240 - Cannot read IP mode file for STMicroelectronics.X-CUBE-AZRTOS-L4.2.0.0
2023-09-27 15:51:01,470 [WARN] ConditionMgr:1039 - genDependencies : Invalid condition id : LAN8742 Phy interface Condition cause : null
2023-09-27 15:51:01,470 [WARN] ConditionMgr:1039 - genDependencies : Invalid condition id : LAN8742 Phy interface Condition cause : null
2023-09-27 15:51:01,470 [WARN] ConditionMgr:1039 - genDependencies : Invalid condition id : LAN8742 Phy interface Condition cause : null
2023-09-27 15:51:01,474 [WARN] PackLoader:240 - Cannot read IP mode file for STMicroelectronics.X-CUBE-SFXS2LP1.4.0.0
2023-09-27 15:51:01,477 [WARN] PackLoader:240 - Cannot read IP mode file for STMicroelectronics.X-CUBE-ISPU.1.1.0
2023-09-27 15:51:01,483 [WARN] ConditionMgr:438 - getConditionDescription Invalid condition id : UX DEVICE CLASS RTOS Condition cause : null
2023-09-27 15:51:01,483 [WARN] ConditionMgr:438 - getConditionDescription Invalid condition id : UX DEVICE CLASS RTOS Condition cause : null
2023-09-27 15:51:01,484 [WARN] PackLoader:240 - Cannot read IP mode file for STMicroelectronics.X-CUBE-AZRTOS-WB.2.0.0
2023-09-27 15:51:01,485 [WARN] ConditionMgr:1039 - genDependencies : Invalid condition id : UX DEVICE CLASS RTOS Condition cause : null
2023-09-27 15:51:01,485 [WARN] ConditionMgr:1039 - genDependencies : Invalid condition id : UX DEVICE CLASS RTOS Condition cause : null
2023-09-27 15:51:01,485 [WARN] ConditionMgr:1039 - genDependencies : Invalid condition id : UX DEVICE CLASS RTOS Condition cause : null
2023-09-27 15:51:01,485 [WARN] ConditionMgr:1039 - genDependencies : Invalid condition id : UX DEVICE CLASS RTOS Condition cause : null
2023-09-27 15:51:01,485 [WARN] ConditionMgr:1039 - genDependencies : Invalid condition id : UX DEVICE CLASS RTOS Condition cause : null
2023-09-27 15:51:01,490 [WARN] PackLoader:240 - Cannot read IP mode file for STMicroelectronics.X-CUBE-SUBG2.5.0.0
2023-09-27 15:51:01,498 [WARN] PackLoader:240 - Cannot read IP mode file for STMicroelectronics.X-CUBE-TOF1.3.3.1
2023-09-27 15:51:01,510 [WARN] PackLoader:240 - Cannot read IP mode file for STMicroelectronics.X-CUBE-AZRTOS-G4.2.0.0
2023-09-27 15:51:01,513 [WARN] PackLoader:240 - Cannot read IP mode file for STMicroelectronics.X-CUBE-FREERTOS.1.1.0
2023-09-27 15:51:01,516 [WARN] PackLoader:240 - Cannot read IP mode file for portGmbH.I-Cube-SoM-uGOAL.1.1.0
2023-09-27 15:51:01,519 [WARN] PackLoader:240 - Cannot read IP mode file for STMicroelectronics.X-CUBE-ALS.1.0.1
2023-09-27 15:51:01,521 [WARN] PackLoader:240 - Cannot read IP mode file for STMicroelectronics.FP-ATR-ASTRA1.2.0.0
2023-09-27 15:51:01,522 [INFO] ThirdParty:978 - Integrity check success = true
2023-09-27 15:51:01,522 [INFO] IntegrityCheckThread:100 - exiting critical section [integrity check]
2023-09-27 15:51:01,522 [INFO] IntegrityCheckThread:103 - End integrity checks thread
2023-09-27 15:51:19,105 [ERROR] LogOutputStream:75 - [STDERR_REDIRECT] SLF4J: Failed to load class "org.slf4j.impl.StaticLoggerBinder".
2023-09-27 15:51:19,106 [ERROR] LogOutputStream:75 - [STDERR_REDIRECT] SLF4J: Defaulting to no-operation (NOP) logger implementation
2023-09-27 15:51:19,106 [ERROR] LogOutputStream:75 - [STDERR_REDIRECT] SLF4J: See http://www.slf4j.org/codes.html#StaticLoggerBinder for further details.
