2023-10-01 20:39:25,972 [INFO] Activator:176 - 


2023-10-01 20:39:25,977 [INFO] Activator:177 - !SESSION log4j initialized
2023-10-01 20:39:28,925 [INFO] LogOutputStream:77 - [STDOUT_REDIRECT] 
2023-10-01 20:39:29,462 [INFO] ApplicationProperties:184 - Using Application install path: /opt/st/stm32cubeide_1.13.2/plugins/com.st.stm32cube.common.mx_6.9.2.202309101412
2023-10-01 20:39:29,485 [INFO] DbMcusXml:78 - Set database path to: /opt/st/stm32cubeide_1.13.2/plugins/com.st.stm32cube.common.mx_6.9.2.202309101412//db//mcu/
2023-10-01 20:39:29,485 [INFO] ApiDb:274 - Set plugin database path to: /opt/st/stm32cubeide_1.13.2/plugins/com.st.stm32cube.common.mx_6.9.2.202309101412//db//plugins/boardmanager/
2023-10-01 20:39:29,486 [WARN] ApiDb:259 - Overriding images path with different value:  => /opt/st/stm32cubeide_1.13.2/plugins/com.st.stm32cube.common.mx_6.9.2.202309101412//db//plugins/mcufinder/images/
2023-10-01 20:39:29,493 [INFO] ApiDb:250 - Set database path to: /home/laptop/.stmcufinder/plugins/mcufinder//mcu/
2023-10-01 20:39:29,494 [INFO] DbMcusAds:125 - Set database path to: /home/laptop/.stmcufinder/plugins/mcufinder//mcu/
2023-10-01 20:39:29,496 [INFO] CrossReferenceDbSqlite:203 - Set database path to: /home/laptop/.stmcufinder/plugins/mcufinder//mcu/cs/
2023-10-01 20:39:29,597 [INFO] RulesReader:64 - Compatibility file has been processed (293 Rules)
2023-10-01 20:39:29,655 [INFO] DbMcusXml:78 - Set database path to: /opt/st/stm32cubeide_1.13.2/plugins/com.st.stm32cube.common.mx_6.9.2.202309101412//db//mcu/
2023-10-01 20:39:29,655 [INFO] ApiDb:274 - Set plugin database path to: /opt/st/stm32cubeide_1.13.2/plugins/com.st.stm32cube.common.mx_6.9.2.202309101412//db//plugins/boardmanager/
2023-10-01 20:39:29,656 [INFO] ApiDb:261 - Set plugin images path to: /opt/st/stm32cubeide_1.13.2/plugins/com.st.stm32cube.common.mx_6.9.2.202309101412//db//plugins/mcufinder/images/
2023-10-01 20:39:29,656 [WARN] DbFile:41 - Overriding database path with different value: /home/laptop/.stmcufinder/plugins/mcufinder/ => /home/laptop/.stmcufinder/plugins/mcufinder
2023-10-01 20:39:29,656 [INFO] ApiDb:250 - Set database path to: /home/laptop/.stmcufinder/plugins/mcufinder//mcu/
2023-10-01 20:39:29,656 [WARN] DbFile:41 - Overriding database path with different value: /home/laptop/.stmcufinder/plugins/mcufinder/ => /home/laptop/.stmcufinder/plugins/mcufinder
2023-10-01 20:39:29,657 [INFO] DbMcusAds:125 - Set database path to: /home/laptop/.stmcufinder/plugins/mcufinder//mcu/
2023-10-01 20:39:29,657 [WARN] DbFile:41 - Overriding database path with different value: /home/laptop/.stmcufinder/plugins/mcufinder/ => /home/laptop/.stmcufinder/plugins/mcufinder
2023-10-01 20:39:29,657 [WARN] DbFile:41 - Overriding database path with different value: /home/laptop/.stmcufinder/plugins/mcufinder/ => /home/laptop/.stmcufinder/plugins/mcufinder
2023-10-01 20:39:29,657 [INFO] CrossReferenceDbSqlite:203 - Set database path to: /home/laptop/.stmcufinder/plugins/mcufinder//mcu/cs/
2023-10-01 20:39:29,706 [INFO] MainPanel:262 - HeapMemory: 268435456
2023-10-01 20:39:29,786 [INFO] DbMcusXml:78 - Set database path to: /opt/st/stm32cubeide_1.13.2/plugins/com.st.stm32cube.common.mx_6.9.2.202309101412//db//mcu/
2023-10-01 20:39:29,786 [INFO] ApiDb:274 - Set plugin database path to: /opt/st/stm32cubeide_1.13.2/plugins/com.st.stm32cube.common.mx_6.9.2.202309101412//db//plugins/boardmanager/
2023-10-01 20:39:29,786 [INFO] ApiDb:261 - Set plugin images path to: /opt/st/stm32cubeide_1.13.2/plugins/com.st.stm32cube.common.mx_6.9.2.202309101412//db//plugins/mcufinder/images/
2023-10-01 20:39:29,786 [WARN] DbFile:41 - Overriding database path with different value: /home/laptop/.stmcufinder/plugins/mcufinder/ => /home/laptop/.stmcufinder/plugins/mcufinder
2023-10-01 20:39:29,786 [INFO] ApiDb:250 - Set database path to: /home/laptop/.stmcufinder/plugins/mcufinder//mcu/
2023-10-01 20:39:29,786 [WARN] DbFile:41 - Overriding database path with different value: /home/laptop/.stmcufinder/plugins/mcufinder/ => /home/laptop/.stmcufinder/plugins/mcufinder
2023-10-01 20:39:29,786 [INFO] DbMcusAds:125 - Set database path to: /home/laptop/.stmcufinder/plugins/mcufinder//mcu/
2023-10-01 20:39:29,786 [WARN] DbFile:41 - Overriding database path with different value: /home/laptop/.stmcufinder/plugins/mcufinder/ => /home/laptop/.stmcufinder/plugins/mcufinder
2023-10-01 20:39:29,786 [WARN] DbFile:41 - Overriding database path with different value: /home/laptop/.stmcufinder/plugins/mcufinder/ => /home/laptop/.stmcufinder/plugins/mcufinder
2023-10-01 20:39:29,786 [INFO] CrossReferenceDbSqlite:203 - Set database path to: /home/laptop/.stmcufinder/plugins/mcufinder//mcu/cs/
2023-10-01 20:39:29,801 [INFO] ApplicationProperties:184 - Using Application install path: /opt/st/stm32cubeide_1.13.2/plugins/com.st.stm32cube.common.mx_6.9.2.202309101412
2023-10-01 20:39:29,803 [INFO] PluginManage:196 - Search for loadable plugins [exclusion list=, ]
2023-10-01 20:39:29,804 [INFO] PluginManage:310 - Check plugin analytics
2023-10-01 20:39:29,936 [INFO] AnalyticsPlugin:253 - Accepted Software Licenses: 
2023-10-01 20:39:29,936 [INFO] AnalyticsPlugin:255 - Accepted CMSIS Pack Licenses: 
2023-10-01 20:39:29,936 [INFO] AnalyticsPlugin:257 - Accepted Firmware Licenses: 
2023-10-01 20:39:29,938 [INFO] PluginManage:359 - Loaded plugin analytics (category:tool,tabindex:-1)
2023-10-01 20:39:29,939 [INFO] PluginManage:310 - Check plugin cadmodel
2023-10-01 20:39:29,995 [INFO] CADModel:105 - Init CAD model plugin
2023-10-01 20:39:29,995 [INFO] PluginManage:359 - Loaded plugin cadmodel (category:power,tabindex:5)
2023-10-01 20:39:29,995 [INFO] PluginManage:310 - Check plugin clock
2023-10-01 20:39:30,004 [INFO] PluginManage:359 - Loaded plugin clock (category:base,tabindex:2)
2023-10-01 20:39:30,005 [INFO] PluginManage:310 - Check plugin ddr
2023-10-01 20:39:30,007 [INFO] PluginManage:359 - Loaded plugin ddr (category:tool,tabindex:6)
2023-10-01 20:39:30,007 [INFO] PluginManage:310 - Check plugin filemanager
2023-10-01 20:39:30,175 [INFO] PluginManage:359 - Loaded plugin filemanager (category:base,tabindex:10)
2023-10-01 20:39:30,175 [INFO] PluginManage:310 - Check plugin ipmanager
2023-10-01 20:39:30,182 [INFO] PluginManage:359 - Loaded plugin ipmanager (category:base,tabindex:5)
2023-10-01 20:39:30,182 [INFO] PluginManage:310 - Check plugin lpbam
2023-10-01 20:39:30,197 [INFO] PluginManage:359 - Loaded plugin lpbam (category:base,tabindex:0)
2023-10-01 20:39:30,198 [INFO] PluginManage:310 - Check plugin memorymap
2023-10-01 20:39:30,212 [INFO] PluginManage:359 - Loaded plugin memorymap (category:base,tabindex:4)
2023-10-01 20:39:30,213 [INFO] PluginManage:310 - Check plugin pinoutandconfiguration
2023-10-01 20:39:30,222 [INFO] PluginManage:359 - Loaded plugin pinoutandconfiguration (category:base,tabindex:1)
2023-10-01 20:39:30,222 [INFO] PluginManage:310 - Check plugin pinoutconfig
2023-10-01 20:39:30,303 [WARN] SupportedApi:132 - Cannot load RTOS API schema: s4s-elt-must-match.1: The content of 'definitions' must match (annotation?, (simpleType | complexType)?, (unique | key | keyref)*)). A problem was found starting at: attribute.
2023-10-01 20:39:30,411 [INFO] PluginManage:359 - Loaded plugin pinoutconfig (category:base,tabindex:0)
2023-10-01 20:39:30,412 [INFO] PluginManage:310 - Check plugin power
2023-10-01 20:39:30,422 [INFO] PluginManage:359 - Loaded plugin power (category:power,tabindex:4)
2023-10-01 20:39:30,423 [INFO] PluginManage:310 - Check plugin projectmanager
2023-10-01 20:39:30,439 [INFO] PluginManage:359 - Loaded plugin projectmanager (category:projectmanager,tabindex:3)
2023-10-01 20:39:30,439 [INFO] PluginManage:310 - Check plugin thirdparty
2023-10-01 20:39:30,531 [INFO] PluginManage:359 - Loaded plugin thirdparty (category:base,tabindex:-1)
2023-10-01 20:39:30,531 [WARN] IntegrityCheckThread:84 - waiting for thirdparty lock release [integrity check]
2023-10-01 20:39:30,531 [INFO] PluginManage:310 - Check plugin tools
2023-10-01 20:39:30,531 [INFO] IntegrityCheckThread:86 - entering critical section [integrity check]
2023-10-01 20:39:30,531 [INFO] ThirdPartyUpdaterWithRetryManager:70 - Updater plugin not ready yet. [1/15]
2023-10-01 20:39:30,533 [INFO] PluginManage:359 - Loaded plugin tools (category:base,tabindex:7)
2023-10-01 20:39:30,533 [INFO] PluginManage:310 - Check plugin tutovideos
2023-10-01 20:39:30,653 [INFO] PluginManage:359 - Loaded plugin tutovideos (category:base,tabindex:-1)
2023-10-01 20:39:30,653 [INFO] PluginManage:310 - Check plugin updater
2023-10-01 20:39:30,661 [INFO] PluginManage:359 - Loaded plugin updater (category:base,tabindex:12)
2023-10-01 20:39:30,661 [INFO] PluginManage:310 - Check plugin userauth
2023-10-01 20:39:30,666 [INFO] UserAuth:113 - Init User Auth plugin
2023-10-01 20:39:30,666 [INFO] PluginManage:359 - Loaded plugin userauth (category:base,tabindex:14)
2023-10-01 20:39:30,666 [INFO] PluginManage:283 - PluginManage : Loaded plugins [17]
2023-10-01 20:39:30,816 [INFO] PinOutPanel:1499 - setPackage(No Configuration,No Configuration)
2023-10-01 20:39:30,884 [INFO] CADModel:165 - CPN selected for project level
2023-10-01 20:39:30,884 [INFO] CADModel:114 - Register for checkConnection events
2023-10-01 20:39:30,893 [INFO] IPUIPlugin:80 - create IPUIPlugin
2023-10-01 20:39:30,893 [INFO] PluginManager:220 - loadIPPluginJar : add ltdc
2023-10-01 20:39:30,897 [INFO] IPUIPlugin:80 - create IPUIPlugin
2023-10-01 20:39:30,898 [INFO] PluginManager:220 - loadIPPluginJar : add i2s
2023-10-01 20:39:30,899 [INFO] IPUIPlugin:80 - create IPUIPlugin
2023-10-01 20:39:30,899 [INFO] PluginManager:220 - loadIPPluginJar : add can
2023-10-01 20:39:30,902 [INFO] IPUIPlugin:80 - create IPUIPlugin
2023-10-01 20:39:30,903 [INFO] PluginManager:220 - loadIPPluginJar : add gpio
2023-10-01 20:39:30,907 [INFO] IPUIPlugin:80 - create IPUIPlugin
2023-10-01 20:39:30,907 [INFO] PluginManager:220 - loadIPPluginJar : add freertos
2023-10-01 20:39:30,908 [INFO] IPUIPlugin:80 - create IPUIPlugin
2023-10-01 20:39:30,909 [INFO] PluginManager:220 - loadIPPluginJar : add dma3
2023-10-01 20:39:30,909 [INFO] IPUIPlugin:80 - create IPUIPlugin
2023-10-01 20:39:30,909 [INFO] PluginManager:220 - loadIPPluginJar : add fatfs
2023-10-01 20:39:30,911 [INFO] IPUIPlugin:80 - create IPUIPlugin
2023-10-01 20:39:30,911 [INFO] PluginManager:220 - loadIPPluginJar : add cryp
2023-10-01 20:39:30,916 [INFO] IPUIPlugin:80 - create IPUIPlugin
2023-10-01 20:39:30,917 [INFO] PluginManager:220 - loadIPPluginJar : add adc
2023-10-01 20:39:30,918 [INFO] IPUIPlugin:80 - create IPUIPlugin
2023-10-01 20:39:30,918 [INFO] PluginManager:220 - loadIPPluginJar : add usart
2023-10-01 20:39:30,920 [INFO] IPUIPlugin:80 - create IPUIPlugin
2023-10-01 20:39:30,920 [INFO] PluginManager:220 - loadIPPluginJar : add touchsensing
2023-10-01 20:39:30,922 [INFO] IPUIPlugin:80 - create IPUIPlugin
2023-10-01 20:39:30,923 [INFO] PluginManager:220 - loadIPPluginJar : add gtzc
2023-10-01 20:39:30,925 [INFO] IPUIPlugin:80 - create IPUIPlugin
2023-10-01 20:39:30,925 [INFO] PluginManager:220 - loadIPPluginJar : add aes
2023-10-01 20:39:30,928 [INFO] IPUIPlugin:80 - create IPUIPlugin
2023-10-01 20:39:30,928 [INFO] PluginManager:220 - loadIPPluginJar : add nvic
2023-10-01 20:39:30,930 [INFO] IPUIPlugin:80 - create IPUIPlugin
2023-10-01 20:39:30,930 [INFO] PluginManager:220 - loadIPPluginJar : add gfxmmu
2023-10-01 20:39:30,931 [INFO] IPUIPlugin:80 - create IPUIPlugin
2023-10-01 20:39:30,931 [INFO] PluginManager:220 - loadIPPluginJar : add tim
2023-10-01 20:39:30,932 [INFO] IPUIPlugin:80 - create IPUIPlugin
2023-10-01 20:39:30,932 [INFO] PluginManager:220 - loadIPPluginJar : add lorawan
2023-10-01 20:39:30,938 [INFO] IPUIPlugin:80 - create IPUIPlugin
2023-10-01 20:39:30,938 [INFO] PluginManager:220 - loadIPPluginJar : add linkedlist
2023-10-01 20:39:30,943 [INFO] IPUIPlugin:80 - create IPUIPlugin
2023-10-01 20:39:30,943 [INFO] PluginManager:220 - loadIPPluginJar : add mdma
2023-10-01 20:39:30,948 [INFO] IPUIPlugin:80 - create IPUIPlugin
2023-10-01 20:39:30,949 [INFO] PluginManager:220 - loadIPPluginJar : add stm32_wpan
2023-10-01 20:39:30,950 [INFO] IPUIPlugin:80 - create IPUIPlugin
2023-10-01 20:39:30,950 [INFO] PluginManager:220 - loadIPPluginJar : add tsc
2023-10-01 20:39:30,955 [INFO] IPUIPlugin:80 - create IPUIPlugin
2023-10-01 20:39:30,958 [INFO] PluginManager:220 - loadIPPluginJar : add plateformsettings
2023-10-01 20:39:30,960 [INFO] IPUIPlugin:80 - create IPUIPlugin
2023-10-01 20:39:30,960 [INFO] PluginManager:220 - loadIPPluginJar : add spi
2023-10-01 20:39:30,961 [INFO] IPUIPlugin:80 - create IPUIPlugin
2023-10-01 20:39:30,961 [INFO] PluginManager:220 - loadIPPluginJar : add comp
2023-10-01 20:39:30,963 [INFO] IPUIPlugin:80 - create IPUIPlugin
2023-10-01 20:39:30,963 [INFO] PluginManager:220 - loadIPPluginJar : add i2c
2023-10-01 20:39:30,965 [INFO] IPUIPlugin:80 - create IPUIPlugin
2023-10-01 20:39:30,965 [INFO] PluginManager:220 - loadIPPluginJar : add hash
2023-10-01 20:39:30,969 [INFO] IPUIPlugin:80 - create IPUIPlugin
2023-10-01 20:39:30,969 [INFO] PluginManager:220 - loadIPPluginJar : add gic
2023-10-01 20:39:30,971 [INFO] IPUIPlugin:80 - create IPUIPlugin
2023-10-01 20:39:30,971 [INFO] PluginManager:220 - loadIPPluginJar : add i3c
2023-10-01 20:39:30,974 [INFO] IPUIPlugin:80 - create IPUIPlugin
2023-10-01 20:39:30,974 [INFO] PluginManager:220 - loadIPPluginJar : add sai
2023-10-01 20:39:30,978 [INFO] IPUIPlugin:80 - create IPUIPlugin
2023-10-01 20:39:30,978 [INFO] PluginManager:220 - loadIPPluginJar : add fmc
2023-10-01 20:39:30,980 [INFO] IPUIPlugin:80 - create IPUIPlugin
2023-10-01 20:39:30,980 [INFO] PluginManager:220 - loadIPPluginJar : add genericplugin
2023-10-01 20:39:30,982 [INFO] IPUIPlugin:80 - create IPUIPlugin
2023-10-01 20:39:30,982 [INFO] PluginManager:220 - loadIPPluginJar : add pdm2pcm
2023-10-01 20:39:30,984 [INFO] IPUIPlugin:80 - create IPUIPlugin
2023-10-01 20:39:30,984 [INFO] PluginManager:220 - loadIPPluginJar : add ipddr
2023-10-01 20:39:30,985 [INFO] IPUIPlugin:80 - create IPUIPlugin
2023-10-01 20:39:30,986 [INFO] PluginManager:220 - loadIPPluginJar : add quadspi
2023-10-01 20:39:30,987 [INFO] IPUIPlugin:80 - create IPUIPlugin
2023-10-01 20:39:30,987 [INFO] PluginManager:220 - loadIPPluginJar : add ucpd
2023-10-01 20:39:30,988 [INFO] IPUIPlugin:80 - create IPUIPlugin
2023-10-01 20:39:30,988 [INFO] PluginManager:220 - loadIPPluginJar : add ts
2023-10-01 20:39:30,990 [INFO] IPUIPlugin:80 - create IPUIPlugin
2023-10-01 20:39:30,990 [INFO] PluginManager:220 - loadIPPluginJar : add openamp
2023-10-01 20:39:30,993 [INFO] IPUIPlugin:80 - create IPUIPlugin
2023-10-01 20:39:30,993 [INFO] PluginManager:220 - loadIPPluginJar : add resmgrutility
2023-10-01 20:39:30,998 [INFO] IPUIPlugin:80 - create IPUIPlugin
2023-10-01 20:39:30,999 [INFO] PluginManager:220 - loadIPPluginJar : add dma
2023-10-01 20:39:31,001 [INFO] IPUIPlugin:80 - create IPUIPlugin
2023-10-01 20:39:31,001 [INFO] PluginManager:220 - loadIPPluginJar : add dfsdm
2023-10-01 20:39:31,003 [INFO] IPUIPlugin:80 - create IPUIPlugin
2023-10-01 20:39:31,003 [INFO] PluginManager:220 - loadIPPluginJar : add tracer_emb
2023-10-01 20:39:31,005 [INFO] IPUIPlugin:80 - create IPUIPlugin
2023-10-01 20:39:31,005 [INFO] PluginManager:220 - loadIPPluginJar : add opamp
2023-10-01 20:39:31,007 [INFO] IPUIPlugin:80 - create IPUIPlugin
2023-10-01 20:39:31,007 [INFO] PluginManager:220 - loadIPPluginJar : add usbx
2023-10-01 20:39:31,102 [INFO] CADModel:165 - CPN selected for project level
2023-10-01 20:39:31,102 [INFO] CADModel:114 - Register for checkConnection events
2023-10-01 20:39:31,103 [FATAL] Updater:308 - Updater called before beeing initialized
2023-10-01 20:39:31,103 [ERROR] CADModel:125 - Updater not yet initialized, retry later 
2023-10-01 20:39:31,199 [INFO] CADModel:165 - CPN selected for project level
2023-10-01 20:39:31,199 [INFO] CADModel:114 - Register for checkConnection events
2023-10-01 20:39:31,199 [FATAL] Updater:308 - Updater called before beeing initialized
2023-10-01 20:39:31,199 [ERROR] CADModel:125 - Updater not yet initialized, retry later 
2023-10-01 20:39:31,203 [FATAL] Updater:308 - Updater called before beeing initialized
2023-10-01 20:39:31,267 [FATAL] Updater:308 - Updater called before beeing initialized
2023-10-01 20:39:31,271 [INFO] DbMcusAds:53 - JSON generation date=Tue Mar 07 09:50:55 CET 2023 (1678179055114)
2023-10-01 20:39:31,272 [FATAL] Updater:308 - Updater called before beeing initialized
2023-10-01 20:39:31,296 [WARN] DetailPanel:346 - Failed to get advertising image, set to default
2023-10-01 20:39:31,359 [FATAL] Updater:308 - Updater called before beeing initialized
2023-10-01 20:39:31,361 [FATAL] Updater:308 - Updater called before beeing initialized
2023-10-01 20:39:31,361 [FATAL] Updater:308 - Updater called before beeing initialized
2023-10-01 20:39:31,361 [WARN] DetailPanel:346 - Failed to get advertising image, set to default
2023-10-01 20:39:31,362 [FATAL] Updater:308 - Updater called before beeing initialized
2023-10-01 20:39:31,381 [ERROR] Updater:1120 - MainUpdater not yet initialized. External WinMGr cannot be set.
2023-10-01 20:39:31,383 [INFO] Updater:1056 - Updater Version found : 6.9.2
2023-10-01 20:39:31,401 [INFO] ApplicationProperties:184 - Using Application install path: /opt/st/stm32cubeide_1.13.2/plugins/com.st.stm32cube.common.mx_6.9.2.202309101412
2023-10-01 20:39:31,492 [INFO] MainUpdater:2868 - connection check result : 10
2023-10-01 20:39:31,492 [INFO] MainUpdater:3562 - Updater definition file requires update
2023-10-01 20:39:31,493 [INFO] MainUpdater:285 - Updater Check For Update Now.
2023-10-01 20:39:31,493 [INFO] MicroXplorer:498 - Change Database Version : DB.6.0.92
2023-10-01 20:39:31,497 [INFO] McuFinderGlobals:63 - Set McuFinder mode to 2 (CubeIDE integrated)
2023-10-01 20:39:31,572 [INFO] ServerAccessManage:473 - Download File updaters.zip
2023-10-01 20:39:31,608 [INFO] FileExtend:240 - Unzip File : updaters.zip
2023-10-01 20:39:31,608 [INFO] FileExtend:255 - Standard Zip Deflate
2023-10-01 20:39:31,757 [INFO] ServerAccessManage:473 - Download File PacksControlFlags.xml
2023-10-01 20:39:31,835 [INFO] ServerAccessManage:473 - Download File cubemx.pidx
2023-10-01 20:39:31,898 [INFO] LoadServerUpdatesThread:373 - End of LoadServerUpdate Thread
2023-10-01 20:39:32,031 [INFO] CheckServerUpdateThread:120 - End of CheckServer Thread
2023-10-01 20:39:33,603 [WARN] PackLoader:240 - Cannot read IP mode file for STMicroelectronics.X-CUBE-SMBUS.2.1.0
2023-10-01 20:39:33,633 [WARN] PackLoader:240 - Cannot read IP mode file for STMicroelectronics.X-CUBE-AZRTOS-F7.1.1.0
2023-10-01 20:39:33,641 [WARN] PackLoader:240 - Cannot read IP mode file for STMicroelectronics.FP-SNS-MOTENV1.4.3.2
2023-10-01 20:39:33,646 [WARN] PackLoader:240 - Cannot read IP mode file for STMicroelectronics.FP-SNS-FLIGHT1.5.0.2
2023-10-01 20:39:33,654 [WARN] PackLoader:240 - Cannot read IP mode file for STMicroelectronics.X-CUBE-DISPLAY.3.0.0
2023-10-01 20:39:33,664 [WARN] PackLoader:240 - Cannot read IP mode file for STMicroelectronics.X-CUBE-BLE1.7.0.0
2023-10-01 20:39:33,668 [WARN] PackLoader:240 - Cannot read IP mode file for emotas.I-CUBE-CANOPEN.1.3.0
2023-10-01 20:39:33,671 [WARN] PackLoader:240 - Cannot read IP mode file for STMicroelectronics.X-CUBE-TOUCHGFX.4.22.0
2023-10-01 20:39:33,673 [WARN] PackLoader:240 - Cannot read IP mode file for STMicroelectronics.FP-SNS-SMARTAG2.1.2.0
2023-10-01 20:39:33,680 [INFO] LogOutputStream:77 - [STDOUT_REDIRECT] 1 : Invalid condition id : UX_CORESTACK_Condition cause : null
2023-10-01 20:39:33,680 [INFO] LogOutputStream:77 - [STDOUT_REDIRECT] 1 : Invalid condition id : UX_CORESTACK_Condition cause : null
2023-10-01 20:39:33,680 [INFO] LogOutputStream:77 - [STDOUT_REDIRECT] 1 : Invalid condition id : UX_CORESTACK_Condition cause : null
2023-10-01 20:39:33,680 [INFO] LogOutputStream:77 - [STDOUT_REDIRECT] 1 : Invalid condition id : UX_CORESTACK_Condition cause : null
2023-10-01 20:39:33,681 [INFO] LogOutputStream:77 - [STDOUT_REDIRECT] 1 : Invalid condition id : UX_CORESTACK_Condition cause : null
2023-10-01 20:39:33,683 [WARN] PackLoader:240 - Cannot read IP mode file for STMicroelectronics.X-CUBE-AZRTOS-WL.2.0.0
2023-10-01 20:39:33,691 [WARN] PackLoader:240 - Cannot read IP mode file for WES.I-CUBE-Cesium.1.3.0
2023-10-01 20:39:33,695 [WARN] PackLoader:240 - Cannot read IP mode file for STMicroelectronics.X-CUBE-BLE2.3.3.0
2023-10-01 20:39:33,699 [WARN] PackLoader:240 - Cannot read IP mode file for STMicroelectronics.X-CUBE-ALGOBUILD.1.3.0
2023-10-01 20:39:33,712 [WARN] PackLoader:240 - Cannot read IP mode file for STMicroelectronics.X-CUBE-AZRTOS-G0.1.1.0
2023-10-01 20:39:33,719 [WARN] PackLoader:240 - Cannot read IP mode file for STMicroelectronics.X-CUBE-NFC4.3.0.0
2023-10-01 20:39:33,725 [WARN] PackLoader:240 - Cannot read IP mode file for STMicroelectronics.FP-ATR-SIGFOX1.3.2.0
2023-10-01 20:39:33,759 [WARN] PackLoader:240 - Cannot read IP mode file for SEGGER.I-CUBE-embOS.1.3.1
2023-10-01 20:39:33,800 [WARN] PackLoader:240 - Cannot read IP mode file for STMicroelectronics.X-CUBE-GNSS1.6.0.0
2023-10-01 20:39:33,814 [WARN] PackLoader:240 - Cannot read IP mode file for STMicroelectronics.X-CUBE-AZRTOS-F4.1.1.0
2023-10-01 20:39:33,821 [WARN] PackLoader:240 - Cannot read IP mode file for wolfSSL.I-CUBE-wolfSSL.5.6.3
2023-10-01 20:39:33,837 [WARN] PackLoader:240 - Cannot read IP mode file for STMicroelectronics.X-CUBE-AZRTOS-L5.2.0.0
2023-10-01 20:39:33,869 [WARN] PackLoader:240 - Cannot read IP mode file for STMicroelectronics.X-CUBE-MEMS1.9.6.0
2023-10-01 20:39:34,033 [WARN] PackLoader:240 - Cannot read IP mode file for STMicroelectronics.X-CUBE-BLEMGR.2.0.0
2023-10-01 20:39:34,048 [WARN] ConditionMgr:438 - getConditionDescription Invalid condition id : UX DEVICE CLASS RTOS Condition cause : null
2023-10-01 20:39:34,048 [WARN] ConditionMgr:438 - getConditionDescription Invalid condition id : UX DEVICE CLASS RTOS Condition cause : null
2023-10-01 20:39:34,051 [WARN] PackLoader:240 - Cannot read IP mode file for STMicroelectronics.X-CUBE-AZRTOS-H7.3.1.0
2023-10-01 20:39:34,052 [WARN] ConditionMgr:1039 - genDependencies : Invalid condition id : UX DEVICE CLASS RTOS Condition cause : null
2023-10-01 20:39:34,052 [WARN] ConditionMgr:1039 - genDependencies : Invalid condition id : UX DEVICE CLASS RTOS Condition cause : null
2023-10-01 20:39:34,053 [WARN] ConditionMgr:1039 - genDependencies : Invalid condition id : UX DEVICE CLASS RTOS Condition cause : null
2023-10-01 20:39:34,053 [WARN] ConditionMgr:1039 - genDependencies : Invalid condition id : UX DEVICE CLASS RTOS Condition cause : null
2023-10-01 20:39:34,053 [WARN] ConditionMgr:1039 - genDependencies : Invalid condition id : UX DEVICE CLASS RTOS Condition cause : null
2023-10-01 20:39:34,057 [WARN] PackLoader:240 - Cannot read IP mode file for STMicroelectronics.X-CUBE-NFC7.1.0.1
2023-10-01 20:39:34,062 [WARN] PackLoader:240 - Cannot read IP mode file for STMicroelectronics.X-CUBE-NFC6.3.0.0
2023-10-01 20:39:34,066 [WARN] PackLoader:240 - Cannot read IP mode file for STMicroelectronics.X-CUBE-EEPRMA1.4.1.0
2023-10-01 20:39:34,069 [WARN] PackLoader:240 - Cannot read IP mode file for STMicroelectronics.X-CUBE-AI.8.1.0
2023-10-01 20:39:34,083 [WARN] ConditionMgr:438 - getConditionDescription Invalid condition id : LAN8742 Phy interface Condition cause : null
2023-10-01 20:39:34,084 [WARN] PackLoader:240 - Cannot read IP mode file for STMicroelectronics.X-CUBE-AZRTOS-L4.2.0.0
2023-10-01 20:39:34,086 [WARN] ConditionMgr:1039 - genDependencies : Invalid condition id : LAN8742 Phy interface Condition cause : null
2023-10-01 20:39:34,086 [WARN] ConditionMgr:1039 - genDependencies : Invalid condition id : LAN8742 Phy interface Condition cause : null
2023-10-01 20:39:34,087 [WARN] ConditionMgr:1039 - genDependencies : Invalid condition id : LAN8742 Phy interface Condition cause : null
2023-10-01 20:39:34,095 [WARN] PackLoader:240 - Cannot read IP mode file for STMicroelectronics.X-CUBE-SFXS2LP1.4.0.0
2023-10-01 20:39:34,101 [WARN] PackLoader:240 - Cannot read IP mode file for STMicroelectronics.X-CUBE-ISPU.1.1.0
2023-10-01 20:39:34,111 [WARN] ConditionMgr:438 - getConditionDescription Invalid condition id : UX DEVICE CLASS RTOS Condition cause : null
2023-10-01 20:39:34,112 [WARN] ConditionMgr:438 - getConditionDescription Invalid condition id : UX DEVICE CLASS RTOS Condition cause : null
2023-10-01 20:39:34,114 [WARN] PackLoader:240 - Cannot read IP mode file for STMicroelectronics.X-CUBE-AZRTOS-WB.2.0.0
2023-10-01 20:39:34,115 [WARN] ConditionMgr:1039 - genDependencies : Invalid condition id : UX DEVICE CLASS RTOS Condition cause : null
2023-10-01 20:39:34,116 [WARN] ConditionMgr:1039 - genDependencies : Invalid condition id : UX DEVICE CLASS RTOS Condition cause : null
2023-10-01 20:39:34,116 [WARN] ConditionMgr:1039 - genDependencies : Invalid condition id : UX DEVICE CLASS RTOS Condition cause : null
2023-10-01 20:39:34,116 [WARN] ConditionMgr:1039 - genDependencies : Invalid condition id : UX DEVICE CLASS RTOS Condition cause : null
2023-10-01 20:39:34,116 [WARN] ConditionMgr:1039 - genDependencies : Invalid condition id : UX DEVICE CLASS RTOS Condition cause : null
2023-10-01 20:39:34,127 [WARN] PackLoader:240 - Cannot read IP mode file for STMicroelectronics.X-CUBE-SUBG2.5.0.0
2023-10-01 20:39:34,141 [WARN] PackLoader:240 - Cannot read IP mode file for STMicroelectronics.X-CUBE-TOF1.3.3.1
2023-10-01 20:39:34,158 [WARN] PackLoader:240 - Cannot read IP mode file for STMicroelectronics.X-CUBE-AZRTOS-G4.2.0.0
2023-10-01 20:39:34,162 [WARN] PackLoader:240 - Cannot read IP mode file for STMicroelectronics.X-CUBE-FREERTOS.1.1.0
2023-10-01 20:39:34,165 [WARN] PackLoader:240 - Cannot read IP mode file for portGmbH.I-Cube-SoM-uGOAL.1.1.0
2023-10-01 20:39:34,168 [WARN] PackLoader:240 - Cannot read IP mode file for STMicroelectronics.X-CUBE-ALS.1.0.1
2023-10-01 20:39:34,171 [WARN] PackLoader:240 - Cannot read IP mode file for STMicroelectronics.FP-ATR-ASTRA1.2.0.0
2023-10-01 20:39:34,171 [INFO] ThirdParty:978 - Integrity check success = true
2023-10-01 20:39:34,171 [INFO] IntegrityCheckThread:100 - exiting critical section [integrity check]
2023-10-01 20:39:34,172 [INFO] IntegrityCheckThread:103 - End integrity checks thread
2023-10-01 20:39:51,954 [ERROR] LogOutputStream:75 - [STDERR_REDIRECT] SLF4J: Failed to load class "org.slf4j.impl.StaticLoggerBinder".
2023-10-01 20:39:51,955 [ERROR] LogOutputStream:75 - [STDERR_REDIRECT] SLF4J: Defaulting to no-operation (NOP) logger implementation
2023-10-01 20:39:51,955 [ERROR] LogOutputStream:75 - [STDERR_REDIRECT] SLF4J: See http://www.slf4j.org/codes.html#StaticLoggerBinder for further details.
