2023-10-07 16:03:22,328 [INFO] Activator:176 - 


2023-10-07 16:03:22,332 [INFO] Activator:177 - !SESSION log4j initialized
2023-10-07 16:03:25,869 [INFO] LogOutputStream:77 - [STDOUT_REDIRECT] 
2023-10-07 16:03:26,670 [INFO] ApplicationProperties:184 - Using Application install path: /opt/st/stm32cubeide_1.13.2/plugins/com.st.stm32cube.common.mx_6.9.2.202309101412
2023-10-07 16:03:26,697 [INFO] DbMcusXml:78 - Set database path to: /opt/st/stm32cubeide_1.13.2/plugins/com.st.stm32cube.common.mx_6.9.2.202309101412//db//mcu/
2023-10-07 16:03:26,698 [INFO] ApiDb:274 - Set plugin database path to: /opt/st/stm32cubeide_1.13.2/plugins/com.st.stm32cube.common.mx_6.9.2.202309101412//db//plugins/boardmanager/
2023-10-07 16:03:26,698 [WARN] ApiDb:259 - Overriding images path with different value:  => /opt/st/stm32cubeide_1.13.2/plugins/com.st.stm32cube.common.mx_6.9.2.202309101412//db//plugins/mcufinder/images/
2023-10-07 16:03:26,710 [INFO] ApiDb:250 - Set database path to: /home/laptop/.stmcufinder/plugins/mcufinder//mcu/
2023-10-07 16:03:26,712 [INFO] DbMcusAds:125 - Set database path to: /home/laptop/.stmcufinder/plugins/mcufinder//mcu/
2023-10-07 16:03:26,715 [INFO] CrossReferenceDbSqlite:203 - Set database path to: /home/laptop/.stmcufinder/plugins/mcufinder//mcu/cs/
2023-10-07 16:03:26,822 [INFO] RulesReader:64 - Compatibility file has been processed (293 Rules)
2023-10-07 16:03:26,873 [INFO] DbMcusXml:78 - Set database path to: /opt/st/stm32cubeide_1.13.2/plugins/com.st.stm32cube.common.mx_6.9.2.202309101412//db//mcu/
2023-10-07 16:03:26,874 [INFO] ApiDb:274 - Set plugin database path to: /opt/st/stm32cubeide_1.13.2/plugins/com.st.stm32cube.common.mx_6.9.2.202309101412//db//plugins/boardmanager/
2023-10-07 16:03:26,874 [INFO] ApiDb:261 - Set plugin images path to: /opt/st/stm32cubeide_1.13.2/plugins/com.st.stm32cube.common.mx_6.9.2.202309101412//db//plugins/mcufinder/images/
2023-10-07 16:03:26,874 [WARN] DbFile:41 - Overriding database path with different value: /home/laptop/.stmcufinder/plugins/mcufinder/ => /home/laptop/.stmcufinder/plugins/mcufinder
2023-10-07 16:03:26,874 [INFO] ApiDb:250 - Set database path to: /home/laptop/.stmcufinder/plugins/mcufinder//mcu/
2023-10-07 16:03:26,874 [WARN] DbFile:41 - Overriding database path with different value: /home/laptop/.stmcufinder/plugins/mcufinder/ => /home/laptop/.stmcufinder/plugins/mcufinder
2023-10-07 16:03:26,874 [INFO] DbMcusAds:125 - Set database path to: /home/laptop/.stmcufinder/plugins/mcufinder//mcu/
2023-10-07 16:03:26,874 [WARN] DbFile:41 - Overriding database path with different value: /home/laptop/.stmcufinder/plugins/mcufinder/ => /home/laptop/.stmcufinder/plugins/mcufinder
2023-10-07 16:03:26,874 [WARN] DbFile:41 - Overriding database path with different value: /home/laptop/.stmcufinder/plugins/mcufinder/ => /home/laptop/.stmcufinder/plugins/mcufinder
2023-10-07 16:03:26,874 [INFO] CrossReferenceDbSqlite:203 - Set database path to: /home/laptop/.stmcufinder/plugins/mcufinder//mcu/cs/
2023-10-07 16:03:26,933 [INFO] MainPanel:262 - HeapMemory: 268435456
2023-10-07 16:03:26,998 [INFO] DbMcusXml:78 - Set database path to: /opt/st/stm32cubeide_1.13.2/plugins/com.st.stm32cube.common.mx_6.9.2.202309101412//db//mcu/
2023-10-07 16:03:26,998 [INFO] ApiDb:274 - Set plugin database path to: /opt/st/stm32cubeide_1.13.2/plugins/com.st.stm32cube.common.mx_6.9.2.202309101412//db//plugins/boardmanager/
2023-10-07 16:03:26,998 [INFO] ApiDb:261 - Set plugin images path to: /opt/st/stm32cubeide_1.13.2/plugins/com.st.stm32cube.common.mx_6.9.2.202309101412//db//plugins/mcufinder/images/
2023-10-07 16:03:26,999 [WARN] DbFile:41 - Overriding database path with different value: /home/laptop/.stmcufinder/plugins/mcufinder/ => /home/laptop/.stmcufinder/plugins/mcufinder
2023-10-07 16:03:26,999 [INFO] ApiDb:250 - Set database path to: /home/laptop/.stmcufinder/plugins/mcufinder//mcu/
2023-10-07 16:03:26,999 [WARN] DbFile:41 - Overriding database path with different value: /home/laptop/.stmcufinder/plugins/mcufinder/ => /home/laptop/.stmcufinder/plugins/mcufinder
2023-10-07 16:03:26,999 [INFO] DbMcusAds:125 - Set database path to: /home/laptop/.stmcufinder/plugins/mcufinder//mcu/
2023-10-07 16:03:26,999 [WARN] DbFile:41 - Overriding database path with different value: /home/laptop/.stmcufinder/plugins/mcufinder/ => /home/laptop/.stmcufinder/plugins/mcufinder
2023-10-07 16:03:26,999 [WARN] DbFile:41 - Overriding database path with different value: /home/laptop/.stmcufinder/plugins/mcufinder/ => /home/laptop/.stmcufinder/plugins/mcufinder
2023-10-07 16:03:26,999 [INFO] CrossReferenceDbSqlite:203 - Set database path to: /home/laptop/.stmcufinder/plugins/mcufinder//mcu/cs/
2023-10-07 16:03:27,014 [INFO] ApplicationProperties:184 - Using Application install path: /opt/st/stm32cubeide_1.13.2/plugins/com.st.stm32cube.common.mx_6.9.2.202309101412
2023-10-07 16:03:27,015 [INFO] PluginManage:196 - Search for loadable plugins [exclusion list=, ]
2023-10-07 16:03:27,016 [INFO] PluginManage:310 - Check plugin analytics
2023-10-07 16:03:27,136 [INFO] AnalyticsPlugin:253 - Accepted Software Licenses: 
2023-10-07 16:03:27,136 [INFO] AnalyticsPlugin:255 - Accepted CMSIS Pack Licenses: 
2023-10-07 16:03:27,136 [INFO] AnalyticsPlugin:257 - Accepted Firmware Licenses: 
2023-10-07 16:03:27,137 [INFO] PluginManage:359 - Loaded plugin analytics (category:tool,tabindex:-1)
2023-10-07 16:03:27,138 [INFO] PluginManage:310 - Check plugin cadmodel
2023-10-07 16:03:27,186 [INFO] CADModel:105 - Init CAD model plugin
2023-10-07 16:03:27,186 [INFO] PluginManage:359 - Loaded plugin cadmodel (category:power,tabindex:5)
2023-10-07 16:03:27,186 [INFO] PluginManage:310 - Check plugin clock
2023-10-07 16:03:27,193 [INFO] PluginManage:359 - Loaded plugin clock (category:base,tabindex:2)
2023-10-07 16:03:27,193 [INFO] PluginManage:310 - Check plugin ddr
2023-10-07 16:03:27,195 [INFO] PluginManage:359 - Loaded plugin ddr (category:tool,tabindex:6)
2023-10-07 16:03:27,195 [INFO] PluginManage:310 - Check plugin filemanager
2023-10-07 16:03:27,282 [INFO] PluginManage:359 - Loaded plugin filemanager (category:base,tabindex:10)
2023-10-07 16:03:27,282 [INFO] PluginManage:310 - Check plugin ipmanager
2023-10-07 16:03:27,285 [INFO] PluginManage:359 - Loaded plugin ipmanager (category:base,tabindex:5)
2023-10-07 16:03:27,286 [INFO] PluginManage:310 - Check plugin lpbam
2023-10-07 16:03:27,291 [INFO] PluginManage:359 - Loaded plugin lpbam (category:base,tabindex:0)
2023-10-07 16:03:27,292 [INFO] PluginManage:310 - Check plugin memorymap
2023-10-07 16:03:27,298 [INFO] PluginManage:359 - Loaded plugin memorymap (category:base,tabindex:4)
2023-10-07 16:03:27,299 [INFO] PluginManage:310 - Check plugin pinoutandconfiguration
2023-10-07 16:03:27,303 [INFO] PluginManage:359 - Loaded plugin pinoutandconfiguration (category:base,tabindex:1)
2023-10-07 16:03:27,304 [INFO] PluginManage:310 - Check plugin pinoutconfig
2023-10-07 16:03:27,351 [WARN] SupportedApi:132 - Cannot load RTOS API schema: s4s-elt-must-match.1: The content of 'definitions' must match (annotation?, (simpleType | complexType)?, (unique | key | keyref)*)). A problem was found starting at: attribute.
2023-10-07 16:03:27,446 [INFO] PluginManage:359 - Loaded plugin pinoutconfig (category:base,tabindex:0)
2023-10-07 16:03:27,446 [INFO] PluginManage:310 - Check plugin power
2023-10-07 16:03:27,452 [INFO] PluginManage:359 - Loaded plugin power (category:power,tabindex:4)
2023-10-07 16:03:27,452 [INFO] PluginManage:310 - Check plugin projectmanager
2023-10-07 16:03:27,462 [INFO] PluginManage:359 - Loaded plugin projectmanager (category:projectmanager,tabindex:3)
2023-10-07 16:03:27,463 [INFO] PluginManage:310 - Check plugin thirdparty
2023-10-07 16:03:27,549 [INFO] PluginManage:359 - Loaded plugin thirdparty (category:base,tabindex:-1)
2023-10-07 16:03:27,549 [WARN] IntegrityCheckThread:84 - waiting for thirdparty lock release [integrity check]
2023-10-07 16:03:27,549 [INFO] PluginManage:310 - Check plugin tools
2023-10-07 16:03:27,549 [INFO] IntegrityCheckThread:86 - entering critical section [integrity check]
2023-10-07 16:03:27,549 [INFO] ThirdPartyUpdaterWithRetryManager:70 - Updater plugin not ready yet. [1/15]
2023-10-07 16:03:27,551 [INFO] PluginManage:359 - Loaded plugin tools (category:base,tabindex:7)
2023-10-07 16:03:27,551 [INFO] PluginManage:310 - Check plugin tutovideos
2023-10-07 16:03:27,651 [INFO] PluginManage:359 - Loaded plugin tutovideos (category:base,tabindex:-1)
2023-10-07 16:03:27,651 [INFO] PluginManage:310 - Check plugin updater
2023-10-07 16:03:27,658 [INFO] PluginManage:359 - Loaded plugin updater (category:base,tabindex:12)
2023-10-07 16:03:27,658 [INFO] PluginManage:310 - Check plugin userauth
2023-10-07 16:03:27,662 [INFO] UserAuth:113 - Init User Auth plugin
2023-10-07 16:03:27,662 [INFO] PluginManage:359 - Loaded plugin userauth (category:base,tabindex:14)
2023-10-07 16:03:27,662 [INFO] PluginManage:283 - PluginManage : Loaded plugins [17]
2023-10-07 16:03:27,768 [INFO] PinOutPanel:1499 - setPackage(No Configuration,No Configuration)
2023-10-07 16:03:27,832 [INFO] CADModel:165 - CPN selected for project level
2023-10-07 16:03:27,832 [INFO] CADModel:114 - Register for checkConnection events
2023-10-07 16:03:27,840 [INFO] IPUIPlugin:80 - create IPUIPlugin
2023-10-07 16:03:27,840 [INFO] PluginManager:220 - loadIPPluginJar : add ltdc
2023-10-07 16:03:27,843 [INFO] IPUIPlugin:80 - create IPUIPlugin
2023-10-07 16:03:27,843 [INFO] PluginManager:220 - loadIPPluginJar : add i2s
2023-10-07 16:03:27,844 [INFO] IPUIPlugin:80 - create IPUIPlugin
2023-10-07 16:03:27,844 [INFO] PluginManager:220 - loadIPPluginJar : add can
2023-10-07 16:03:27,846 [INFO] IPUIPlugin:80 - create IPUIPlugin
2023-10-07 16:03:27,847 [INFO] PluginManager:220 - loadIPPluginJar : add gpio
2023-10-07 16:03:27,850 [INFO] IPUIPlugin:80 - create IPUIPlugin
2023-10-07 16:03:27,850 [INFO] PluginManager:220 - loadIPPluginJar : add freertos
2023-10-07 16:03:27,851 [INFO] IPUIPlugin:80 - create IPUIPlugin
2023-10-07 16:03:27,851 [INFO] PluginManager:220 - loadIPPluginJar : add dma3
2023-10-07 16:03:27,852 [INFO] IPUIPlugin:80 - create IPUIPlugin
2023-10-07 16:03:27,852 [INFO] PluginManager:220 - loadIPPluginJar : add fatfs
2023-10-07 16:03:27,853 [INFO] IPUIPlugin:80 - create IPUIPlugin
2023-10-07 16:03:27,853 [INFO] PluginManager:220 - loadIPPluginJar : add cryp
2023-10-07 16:03:27,857 [INFO] IPUIPlugin:80 - create IPUIPlugin
2023-10-07 16:03:27,857 [INFO] PluginManager:220 - loadIPPluginJar : add adc
2023-10-07 16:03:27,858 [INFO] IPUIPlugin:80 - create IPUIPlugin
2023-10-07 16:03:27,858 [INFO] PluginManager:220 - loadIPPluginJar : add usart
2023-10-07 16:03:27,859 [INFO] IPUIPlugin:80 - create IPUIPlugin
2023-10-07 16:03:27,859 [INFO] PluginManager:220 - loadIPPluginJar : add touchsensing
2023-10-07 16:03:27,860 [INFO] IPUIPlugin:80 - create IPUIPlugin
2023-10-07 16:03:27,860 [INFO] PluginManager:220 - loadIPPluginJar : add gtzc
2023-10-07 16:03:27,861 [INFO] IPUIPlugin:80 - create IPUIPlugin
2023-10-07 16:03:27,861 [INFO] PluginManager:220 - loadIPPluginJar : add aes
2023-10-07 16:03:27,863 [INFO] IPUIPlugin:80 - create IPUIPlugin
2023-10-07 16:03:27,863 [INFO] PluginManager:220 - loadIPPluginJar : add nvic
2023-10-07 16:03:27,864 [INFO] IPUIPlugin:80 - create IPUIPlugin
2023-10-07 16:03:27,864 [INFO] PluginManager:220 - loadIPPluginJar : add gfxmmu
2023-10-07 16:03:27,865 [INFO] IPUIPlugin:80 - create IPUIPlugin
2023-10-07 16:03:27,865 [INFO] PluginManager:220 - loadIPPluginJar : add tim
2023-10-07 16:03:27,866 [INFO] IPUIPlugin:80 - create IPUIPlugin
2023-10-07 16:03:27,866 [INFO] PluginManager:220 - loadIPPluginJar : add lorawan
2023-10-07 16:03:27,869 [INFO] IPUIPlugin:80 - create IPUIPlugin
2023-10-07 16:03:27,869 [INFO] PluginManager:220 - loadIPPluginJar : add linkedlist
2023-10-07 16:03:27,872 [INFO] IPUIPlugin:80 - create IPUIPlugin
2023-10-07 16:03:27,873 [INFO] PluginManager:220 - loadIPPluginJar : add mdma
2023-10-07 16:03:27,875 [INFO] IPUIPlugin:80 - create IPUIPlugin
2023-10-07 16:03:27,875 [INFO] PluginManager:220 - loadIPPluginJar : add stm32_wpan
2023-10-07 16:03:27,876 [INFO] IPUIPlugin:80 - create IPUIPlugin
2023-10-07 16:03:27,876 [INFO] PluginManager:220 - loadIPPluginJar : add tsc
2023-10-07 16:03:27,881 [INFO] IPUIPlugin:80 - create IPUIPlugin
2023-10-07 16:03:27,884 [INFO] PluginManager:220 - loadIPPluginJar : add plateformsettings
2023-10-07 16:03:27,886 [INFO] IPUIPlugin:80 - create IPUIPlugin
2023-10-07 16:03:27,886 [INFO] PluginManager:220 - loadIPPluginJar : add spi
2023-10-07 16:03:27,888 [INFO] IPUIPlugin:80 - create IPUIPlugin
2023-10-07 16:03:27,888 [INFO] PluginManager:220 - loadIPPluginJar : add comp
2023-10-07 16:03:27,890 [INFO] IPUIPlugin:80 - create IPUIPlugin
2023-10-07 16:03:27,890 [INFO] PluginManager:220 - loadIPPluginJar : add i2c
2023-10-07 16:03:27,892 [INFO] IPUIPlugin:80 - create IPUIPlugin
2023-10-07 16:03:27,892 [INFO] PluginManager:220 - loadIPPluginJar : add hash
2023-10-07 16:03:27,895 [INFO] IPUIPlugin:80 - create IPUIPlugin
2023-10-07 16:03:27,895 [INFO] PluginManager:220 - loadIPPluginJar : add gic
2023-10-07 16:03:27,897 [INFO] IPUIPlugin:80 - create IPUIPlugin
2023-10-07 16:03:27,897 [INFO] PluginManager:220 - loadIPPluginJar : add i3c
2023-10-07 16:03:27,900 [INFO] IPUIPlugin:80 - create IPUIPlugin
2023-10-07 16:03:27,901 [INFO] PluginManager:220 - loadIPPluginJar : add sai
2023-10-07 16:03:27,904 [INFO] IPUIPlugin:80 - create IPUIPlugin
2023-10-07 16:03:27,904 [INFO] PluginManager:220 - loadIPPluginJar : add fmc
2023-10-07 16:03:27,905 [INFO] IPUIPlugin:80 - create IPUIPlugin
2023-10-07 16:03:27,905 [INFO] PluginManager:220 - loadIPPluginJar : add genericplugin
2023-10-07 16:03:27,907 [INFO] IPUIPlugin:80 - create IPUIPlugin
2023-10-07 16:03:27,907 [INFO] PluginManager:220 - loadIPPluginJar : add pdm2pcm
2023-10-07 16:03:27,909 [INFO] IPUIPlugin:80 - create IPUIPlugin
2023-10-07 16:03:27,909 [INFO] PluginManager:220 - loadIPPluginJar : add ipddr
2023-10-07 16:03:27,910 [INFO] IPUIPlugin:80 - create IPUIPlugin
2023-10-07 16:03:27,910 [INFO] PluginManager:220 - loadIPPluginJar : add quadspi
2023-10-07 16:03:27,911 [INFO] IPUIPlugin:80 - create IPUIPlugin
2023-10-07 16:03:27,911 [INFO] PluginManager:220 - loadIPPluginJar : add ucpd
2023-10-07 16:03:27,912 [INFO] IPUIPlugin:80 - create IPUIPlugin
2023-10-07 16:03:27,912 [INFO] PluginManager:220 - loadIPPluginJar : add ts
2023-10-07 16:03:27,914 [INFO] IPUIPlugin:80 - create IPUIPlugin
2023-10-07 16:03:27,914 [INFO] PluginManager:220 - loadIPPluginJar : add openamp
2023-10-07 16:03:27,917 [INFO] IPUIPlugin:80 - create IPUIPlugin
2023-10-07 16:03:27,917 [INFO] PluginManager:220 - loadIPPluginJar : add resmgrutility
2023-10-07 16:03:27,921 [INFO] IPUIPlugin:80 - create IPUIPlugin
2023-10-07 16:03:27,921 [INFO] PluginManager:220 - loadIPPluginJar : add dma
2023-10-07 16:03:27,923 [INFO] IPUIPlugin:80 - create IPUIPlugin
2023-10-07 16:03:27,923 [INFO] PluginManager:220 - loadIPPluginJar : add dfsdm
2023-10-07 16:03:27,924 [INFO] IPUIPlugin:80 - create IPUIPlugin
2023-10-07 16:03:27,925 [INFO] PluginManager:220 - loadIPPluginJar : add tracer_emb
2023-10-07 16:03:27,926 [INFO] IPUIPlugin:80 - create IPUIPlugin
2023-10-07 16:03:27,926 [INFO] PluginManager:220 - loadIPPluginJar : add opamp
2023-10-07 16:03:27,928 [INFO] IPUIPlugin:80 - create IPUIPlugin
2023-10-07 16:03:27,929 [INFO] PluginManager:220 - loadIPPluginJar : add usbx
2023-10-07 16:03:28,026 [INFO] CADModel:165 - CPN selected for project level
2023-10-07 16:03:28,026 [INFO] CADModel:114 - Register for checkConnection events
2023-10-07 16:03:28,026 [FATAL] Updater:308 - Updater called before beeing initialized
2023-10-07 16:03:28,026 [ERROR] CADModel:125 - Updater not yet initialized, retry later 
2023-10-07 16:03:28,118 [INFO] CADModel:165 - CPN selected for project level
2023-10-07 16:03:28,118 [INFO] CADModel:114 - Register for checkConnection events
2023-10-07 16:03:28,118 [FATAL] Updater:308 - Updater called before beeing initialized
2023-10-07 16:03:28,118 [ERROR] CADModel:125 - Updater not yet initialized, retry later 
2023-10-07 16:03:28,120 [FATAL] Updater:308 - Updater called before beeing initialized
2023-10-07 16:03:28,176 [FATAL] Updater:308 - Updater called before beeing initialized
2023-10-07 16:03:28,180 [INFO] DbMcusAds:53 - JSON generation date=Tue Mar 07 09:50:55 CET 2023 (1678179055114)
2023-10-07 16:03:28,180 [FATAL] Updater:308 - Updater called before beeing initialized
2023-10-07 16:03:28,206 [WARN] DetailPanel:346 - Failed to get advertising image, set to default
2023-10-07 16:03:28,283 [FATAL] Updater:308 - Updater called before beeing initialized
2023-10-07 16:03:28,284 [FATAL] Updater:308 - Updater called before beeing initialized
2023-10-07 16:03:28,284 [FATAL] Updater:308 - Updater called before beeing initialized
2023-10-07 16:03:28,285 [WARN] DetailPanel:346 - Failed to get advertising image, set to default
2023-10-07 16:03:28,285 [FATAL] Updater:308 - Updater called before beeing initialized
2023-10-07 16:03:28,306 [ERROR] Updater:1120 - MainUpdater not yet initialized. External WinMGr cannot be set.
2023-10-07 16:03:28,307 [INFO] Updater:1056 - Updater Version found : 6.9.2
2023-10-07 16:03:28,321 [INFO] ApplicationProperties:184 - Using Application install path: /opt/st/stm32cubeide_1.13.2/plugins/com.st.stm32cube.common.mx_6.9.2.202309101412
2023-10-07 16:03:28,469 [INFO] MainUpdater:2868 - connection check result : 10
2023-10-07 16:03:28,469 [INFO] MainUpdater:3562 - Updater definition file requires update
2023-10-07 16:03:28,469 [INFO] MainUpdater:285 - Updater Check For Update Now.
2023-10-07 16:03:28,470 [INFO] MicroXplorer:498 - Change Database Version : DB.6.0.92
2023-10-07 16:03:28,474 [INFO] McuFinderGlobals:63 - Set McuFinder mode to 2 (CubeIDE integrated)
2023-10-07 16:03:28,579 [INFO] ServerAccessManage:473 - Download File updaters.zip
2023-10-07 16:03:28,619 [INFO] FileExtend:240 - Unzip File : updaters.zip
2023-10-07 16:03:28,619 [INFO] FileExtend:255 - Standard Zip Deflate
2023-10-07 16:03:28,766 [INFO] ServerAccessManage:473 - Download File PacksControlFlags.xml
2023-10-07 16:03:28,890 [INFO] ServerAccessManage:473 - Download File cubemx.pidx
2023-10-07 16:03:29,459 [INFO] ServerAccessManage:473 - Download File STMicroelectronics.X-CUBE-TOUCHGFX.pdsc
2023-10-07 16:03:30,550 [WARN] MainUpdater:1189 - Updater busy. Cannot search thirdparties
2023-10-07 16:03:30,550 [INFO] ThirdPartyUpdaterWithRetryManager:96 - Updater plugin is busy. [1/15]
2023-10-07 16:03:31,565 [ERROR] ServerAccessManage:1096 - Problem, Http access forbiden
2023-10-07 16:03:31,566 [ERROR] ServerAccessManage:651 - Problem, Http access forbiden : RoweBots.I-CUBE-UNISONRTOS.pdsc.
2023-10-07 16:03:32,447 [INFO] ServerAccessManage:473 - Download File ITTIA_DB.I-CUBE-ITTIADB.pdsc
2023-10-07 16:03:33,551 [WARN] MainUpdater:1189 - Updater busy. Cannot search thirdparties
2023-10-07 16:03:33,551 [INFO] ThirdPartyUpdaterWithRetryManager:96 - Updater plugin is busy. [2/15]
2023-10-07 16:03:35,062 [INFO] ServerAccessManage:473 - Download File Infineon.AIROC-Wi-Fi-Bluetooth-STM32.pdsc
2023-10-07 16:03:35,634 [WARN] PackLoader:240 - Cannot read IP mode file for STMicroelectronics.X-CUBE-TOUCHGFX.4.22.1
2023-10-07 16:03:35,645 [WARN] PackLoader:240 - Cannot read IP mode file for ITTIA_DB.I-CUBE-ITTIADB.8.8.0
2023-10-07 16:03:35,659 [WARN] PackLoader:240 - Cannot read IP mode file for Infineon.AIROC-Wi-Fi-Bluetooth-STM32.1.5.1
2023-10-07 16:03:35,664 [INFO] PopulateThirdPartyThread:66 - Ending populate Thread
2023-10-07 16:03:35,665 [INFO] ThirdParty:1030 - CMSIS Pack Vendor :STMicroelectronics X-CUBE-TOUCHGFX 4.22.1
2023-10-07 16:03:35,666 [INFO] ThirdParty:1030 - CMSIS Pack Vendor :Infineon AIROC-Wi-Fi-Bluetooth-STM32 1.5.1
2023-10-07 16:03:35,666 [INFO] ThirdParty:1030 - CMSIS Pack Vendor :ITTIA_DB I-CUBE-ITTIADB 8.8.0
2023-10-07 16:03:35,666 [INFO] LoadServerUpdatesThread:373 - End of LoadServerUpdate Thread
2023-10-07 16:03:35,751 [INFO] CheckServerUpdateThread:120 - End of CheckServer Thread
2023-10-07 16:03:36,596 [WARN] PackLoader:240 - Cannot read IP mode file for STMicroelectronics.X-CUBE-SMBUS.2.1.0
2023-10-07 16:03:36,610 [WARN] PackLoader:240 - Cannot read IP mode file for STMicroelectronics.X-CUBE-AZRTOS-F7.1.1.0
2023-10-07 16:03:36,617 [WARN] PackLoader:240 - Cannot read IP mode file for STMicroelectronics.FP-SNS-MOTENV1.4.3.2
2023-10-07 16:03:36,622 [WARN] PackLoader:240 - Cannot read IP mode file for STMicroelectronics.FP-SNS-FLIGHT1.5.0.2
2023-10-07 16:03:36,628 [WARN] PackLoader:240 - Cannot read IP mode file for STMicroelectronics.X-CUBE-DISPLAY.3.0.0
2023-10-07 16:03:36,638 [WARN] PackLoader:240 - Cannot read IP mode file for STMicroelectronics.X-CUBE-BLE1.7.0.0
2023-10-07 16:03:36,644 [WARN] PackLoader:240 - Cannot read IP mode file for emotas.I-CUBE-CANOPEN.1.3.0
2023-10-07 16:03:36,646 [WARN] PackLoader:240 - Cannot read IP mode file for STMicroelectronics.X-CUBE-TOUCHGFX.4.22.0
2023-10-07 16:03:36,648 [WARN] PackLoader:240 - Cannot read IP mode file for STMicroelectronics.X-CUBE-TOUCHGFX.4.22.1
2023-10-07 16:03:36,652 [WARN] PackLoader:240 - Cannot read IP mode file for STMicroelectronics.FP-SNS-SMARTAG2.1.2.0
2023-10-07 16:03:36,659 [INFO] LogOutputStream:77 - [STDOUT_REDIRECT] 1 : Invalid condition id : UX_CORESTACK_Condition cause : null
2023-10-07 16:03:36,660 [INFO] LogOutputStream:77 - [STDOUT_REDIRECT] 1 : Invalid condition id : UX_CORESTACK_Condition cause : null
2023-10-07 16:03:36,660 [INFO] LogOutputStream:77 - [STDOUT_REDIRECT] 1 : Invalid condition id : UX_CORESTACK_Condition cause : null
2023-10-07 16:03:36,660 [INFO] LogOutputStream:77 - [STDOUT_REDIRECT] 1 : Invalid condition id : UX_CORESTACK_Condition cause : null
2023-10-07 16:03:36,661 [INFO] LogOutputStream:77 - [STDOUT_REDIRECT] 1 : Invalid condition id : UX_CORESTACK_Condition cause : null
2023-10-07 16:03:36,665 [WARN] PackLoader:240 - Cannot read IP mode file for STMicroelectronics.X-CUBE-AZRTOS-WL.2.0.0
2023-10-07 16:03:36,670 [WARN] PackLoader:240 - Cannot read IP mode file for WES.I-CUBE-Cesium.1.3.0
2023-10-07 16:03:36,674 [WARN] PackLoader:240 - Cannot read IP mode file for STMicroelectronics.X-CUBE-BLE2.3.3.0
2023-10-07 16:03:36,679 [WARN] PackLoader:240 - Cannot read IP mode file for STMicroelectronics.X-CUBE-ALGOBUILD.1.3.0
2023-10-07 16:03:36,690 [WARN] PackLoader:240 - Cannot read IP mode file for STMicroelectronics.X-CUBE-AZRTOS-G0.1.1.0
2023-10-07 16:03:36,697 [WARN] PackLoader:240 - Cannot read IP mode file for STMicroelectronics.X-CUBE-NFC4.3.0.0
2023-10-07 16:03:36,700 [WARN] PackLoader:240 - Cannot read IP mode file for STMicroelectronics.FP-ATR-SIGFOX1.3.2.0
2023-10-07 16:03:36,725 [WARN] PackLoader:240 - Cannot read IP mode file for SEGGER.I-CUBE-embOS.1.3.1
2023-10-07 16:03:36,761 [WARN] PackLoader:240 - Cannot read IP mode file for STMicroelectronics.X-CUBE-GNSS1.6.0.0
2023-10-07 16:03:36,774 [WARN] PackLoader:240 - Cannot read IP mode file for STMicroelectronics.X-CUBE-AZRTOS-F4.1.1.0
2023-10-07 16:03:36,779 [WARN] PackLoader:240 - Cannot read IP mode file for wolfSSL.I-CUBE-wolfSSL.5.6.3
2023-10-07 16:03:36,793 [WARN] PackLoader:240 - Cannot read IP mode file for STMicroelectronics.X-CUBE-AZRTOS-L5.2.0.0
2023-10-07 16:03:36,823 [WARN] PackLoader:240 - Cannot read IP mode file for STMicroelectronics.X-CUBE-MEMS1.9.6.0
2023-10-07 16:03:36,919 [WARN] PackLoader:240 - Cannot read IP mode file for ITTIA_DB.I-CUBE-ITTIADB.8.8.0
2023-10-07 16:03:36,935 [WARN] PackLoader:240 - Cannot read IP mode file for STMicroelectronics.X-CUBE-BLEMGR.2.0.0
2023-10-07 16:03:36,947 [WARN] ConditionMgr:438 - getConditionDescription Invalid condition id : UX DEVICE CLASS RTOS Condition cause : null
2023-10-07 16:03:36,947 [WARN] ConditionMgr:438 - getConditionDescription Invalid condition id : UX DEVICE CLASS RTOS Condition cause : null
2023-10-07 16:03:36,949 [WARN] PackLoader:240 - Cannot read IP mode file for STMicroelectronics.X-CUBE-AZRTOS-H7.3.1.0
2023-10-07 16:03:36,950 [WARN] ConditionMgr:1039 - genDependencies : Invalid condition id : UX DEVICE CLASS RTOS Condition cause : null
2023-10-07 16:03:36,950 [WARN] ConditionMgr:1039 - genDependencies : Invalid condition id : UX DEVICE CLASS RTOS Condition cause : null
2023-10-07 16:03:36,951 [WARN] ConditionMgr:1039 - genDependencies : Invalid condition id : UX DEVICE CLASS RTOS Condition cause : null
2023-10-07 16:03:36,951 [WARN] ConditionMgr:1039 - genDependencies : Invalid condition id : UX DEVICE CLASS RTOS Condition cause : null
2023-10-07 16:03:36,951 [WARN] ConditionMgr:1039 - genDependencies : Invalid condition id : UX DEVICE CLASS RTOS Condition cause : null
2023-10-07 16:03:36,957 [WARN] PackLoader:240 - Cannot read IP mode file for STMicroelectronics.X-CUBE-NFC7.1.0.1
2023-10-07 16:03:36,961 [WARN] PackLoader:240 - Cannot read IP mode file for STMicroelectronics.X-CUBE-NFC6.3.0.0
2023-10-07 16:03:36,965 [WARN] PackLoader:240 - Cannot read IP mode file for STMicroelectronics.X-CUBE-EEPRMA1.4.1.0
2023-10-07 16:03:36,968 [WARN] PackLoader:240 - Cannot read IP mode file for STMicroelectronics.X-CUBE-AI.8.1.0
2023-10-07 16:03:36,979 [WARN] ConditionMgr:438 - getConditionDescription Invalid condition id : LAN8742 Phy interface Condition cause : null
2023-10-07 16:03:36,979 [WARN] PackLoader:240 - Cannot read IP mode file for STMicroelectronics.X-CUBE-AZRTOS-L4.2.0.0
2023-10-07 16:03:36,980 [WARN] ConditionMgr:1039 - genDependencies : Invalid condition id : LAN8742 Phy interface Condition cause : null
2023-10-07 16:03:36,980 [WARN] ConditionMgr:1039 - genDependencies : Invalid condition id : LAN8742 Phy interface Condition cause : null
2023-10-07 16:03:36,980 [WARN] ConditionMgr:1039 - genDependencies : Invalid condition id : LAN8742 Phy interface Condition cause : null
2023-10-07 16:03:36,984 [WARN] PackLoader:240 - Cannot read IP mode file for STMicroelectronics.X-CUBE-SFXS2LP1.4.0.0
2023-10-07 16:03:36,988 [WARN] PackLoader:240 - Cannot read IP mode file for STMicroelectronics.X-CUBE-ISPU.1.1.0
2023-10-07 16:03:36,995 [WARN] ConditionMgr:438 - getConditionDescription Invalid condition id : UX DEVICE CLASS RTOS Condition cause : null
2023-10-07 16:03:36,995 [WARN] ConditionMgr:438 - getConditionDescription Invalid condition id : UX DEVICE CLASS RTOS Condition cause : null
2023-10-07 16:03:36,996 [WARN] PackLoader:240 - Cannot read IP mode file for STMicroelectronics.X-CUBE-AZRTOS-WB.2.0.0
2023-10-07 16:03:36,997 [WARN] ConditionMgr:1039 - genDependencies : Invalid condition id : UX DEVICE CLASS RTOS Condition cause : null
2023-10-07 16:03:36,997 [WARN] ConditionMgr:1039 - genDependencies : Invalid condition id : UX DEVICE CLASS RTOS Condition cause : null
2023-10-07 16:03:36,997 [WARN] ConditionMgr:1039 - genDependencies : Invalid condition id : UX DEVICE CLASS RTOS Condition cause : null
2023-10-07 16:03:36,997 [WARN] ConditionMgr:1039 - genDependencies : Invalid condition id : UX DEVICE CLASS RTOS Condition cause : null
2023-10-07 16:03:36,997 [WARN] ConditionMgr:1039 - genDependencies : Invalid condition id : UX DEVICE CLASS RTOS Condition cause : null
2023-10-07 16:03:37,003 [WARN] PackLoader:240 - Cannot read IP mode file for STMicroelectronics.X-CUBE-SUBG2.5.0.0
2023-10-07 16:03:37,013 [WARN] PackLoader:240 - Cannot read IP mode file for STMicroelectronics.X-CUBE-TOF1.3.3.1
2023-10-07 16:03:37,025 [WARN] PackLoader:240 - Cannot read IP mode file for STMicroelectronics.X-CUBE-AZRTOS-G4.2.0.0
2023-10-07 16:03:37,032 [WARN] PackLoader:240 - Cannot read IP mode file for Infineon.AIROC-Wi-Fi-Bluetooth-STM32.1.5.1
2023-10-07 16:03:37,037 [WARN] PackLoader:240 - Cannot read IP mode file for STMicroelectronics.X-CUBE-FREERTOS.1.1.0
2023-10-07 16:03:37,042 [WARN] PackLoader:240 - Cannot read IP mode file for portGmbH.I-Cube-SoM-uGOAL.1.1.0
2023-10-07 16:03:37,045 [WARN] PackLoader:240 - Cannot read IP mode file for STMicroelectronics.X-CUBE-ALS.1.0.1
2023-10-07 16:03:37,047 [WARN] PackLoader:240 - Cannot read IP mode file for STMicroelectronics.FP-ATR-ASTRA1.2.0.0
2023-10-07 16:03:37,048 [INFO] ThirdParty:978 - Integrity check success = true
2023-10-07 16:03:37,048 [INFO] IntegrityCheckThread:100 - exiting critical section [integrity check]
2023-10-07 16:03:37,048 [INFO] IntegrityCheckThread:103 - End integrity checks thread
2023-10-07 16:03:48,866 [ERROR] LogOutputStream:75 - [STDERR_REDIRECT] SLF4J: Failed to load class "org.slf4j.impl.StaticLoggerBinder".
2023-10-07 16:03:48,866 [ERROR] LogOutputStream:75 - [STDERR_REDIRECT] SLF4J: Defaulting to no-operation (NOP) logger implementation
2023-10-07 16:03:48,866 [ERROR] LogOutputStream:75 - [STDERR_REDIRECT] SLF4J: See http://www.slf4j.org/codes.html#StaticLoggerBinder for further details.
2023-10-07 16:05:50,720 [INFO] McuFinderGlobals:63 - Set McuFinder mode to 2 (CubeIDE integrated)
2023-10-07 16:05:50,723 [INFO] MainUpdater:2868 - connection check result : 10
2023-10-07 16:05:50,723 [INFO] MainUpdater:2868 - connection check result : 10
2023-10-07 16:05:50,743 [INFO] MicroXplorer:468 - Change Database Path : 
2023-10-07 16:05:50,743 [INFO] MicroXplorer:498 - Change Database Version : DB.6.0.92
2023-10-07 16:05:50,745 [WARN] ThirdParty:871 - waiting for thirdparty lock release [close project]
2023-10-07 16:05:50,745 [INFO] ThirdParty:873 - entering critical section [close project]
2023-10-07 16:05:50,746 [INFO] ThirdParty:883 - exiting critical section [close project]
2023-10-07 16:05:50,747 [INFO] PinOutPanel:1499 - setPackage(No Configuration,No Configuration)
2023-10-07 16:05:50,751 [INFO] UtilMem:75 - Begin LoadConfig() Used Memory: 524921936 Bytes (872415232)
2023-10-07 16:05:50,752 [INFO] MicroXplorer:468 - Change Database Path : 
2023-10-07 16:05:50,752 [INFO] MicroXplorer:498 - Change Database Version : DB.6.0.92
2023-10-07 16:05:50,752 [INFO] OpenFileManager:308 - Change cursor
2023-10-07 16:05:50,767 [INFO] Mcu:1946 - Initializing MCU STM32F303K(6-8)Tx STM32F303K8Tx STM32F303K8T6
2023-10-07 16:05:51,632 [INFO] Context:659 - Trying to add GPIOservice into a context  which must be forbidden
2023-10-07 16:05:52,042 [INFO] RtosManager:555 - Registered RTOS mode: class=CMSIS, group=RTOS, mode=CMSIS_V1, owner=FREERTOS
2023-10-07 16:05:52,043 [INFO] RtosManager:555 - Registered RTOS mode: class=CMSIS, group=RTOS2, mode=CMSIS_V2, owner=FREERTOS
2023-10-07 16:05:52,043 [INFO] RtosManager:555 - Registered RTOS mode: class=RTOS, group=Core, mode=CMSIS_V1, owner=FREERTOS
2023-10-07 16:05:52,043 [INFO] RtosManager:555 - Registered RTOS mode: class=RTOS, group=Core, mode=CMSIS_V2, owner=FREERTOS
2023-10-07 16:05:52,043 [WARN] ModelIntegratedComponent:184 - Missing modes for component STMicroelectronics:FreeRTOS:0.0.1:STMicroelectronics:RTOS:FreeRTOS:Core:::10.2.0:
2023-10-07 16:05:52,053 [WARN] ModelIntegratedComponent:63 - No mode defined for component null
2023-10-07 16:05:52,053 [WARN] ModelIntegratedComponent:63 - No mode defined for component null
2023-10-07 16:05:52,053 [WARN] ModelIntegratedComponent:63 - No mode defined for component null
2023-10-07 16:05:52,053 [WARN] ModelIntegratedComponent:63 - No mode defined for component null
2023-10-07 16:05:52,053 [WARN] ModelIntegratedComponent:63 - No mode defined for component null
2023-10-07 16:05:52,053 [WARN] ModelIntegratedComponent:63 - No mode defined for component null
2023-10-07 16:05:52,053 [WARN] ModelIntegratedComponent:63 - No mode defined for component null
2023-10-07 16:05:52,053 [WARN] ModelIntegratedComponent:63 - No mode defined for component null
2023-10-07 16:05:52,053 [WARN] ModelIntegratedComponent:63 - No mode defined for component null
2023-10-07 16:05:52,053 [WARN] ModelIntegratedComponent:63 - No mode defined for component null
2023-10-07 16:05:52,053 [WARN] ModelIntegratedComponent:63 - No mode defined for component null
2023-10-07 16:05:52,053 [WARN] ModelIntegratedComponent:63 - No mode defined for component null
2023-10-07 16:05:52,053 [WARN] ModelIntegratedComponent:63 - No mode defined for component null
2023-10-07 16:05:52,053 [WARN] ModelIntegratedComponent:63 - No mode defined for component null
2023-10-07 16:05:52,053 [WARN] ModelIntegratedComponent:63 - No mode defined for component null
2023-10-07 16:05:52,053 [WARN] ModelIntegratedComponent:63 - No mode defined for component null
2023-10-07 16:05:52,053 [WARN] ModelIntegratedComponent:63 - No mode defined for component null
2023-10-07 16:05:52,053 [WARN] ModelIntegratedComponent:63 - No mode defined for component null
2023-10-07 16:05:52,053 [WARN] ModelIntegratedComponent:63 - No mode defined for component null
2023-10-07 16:05:52,053 [WARN] ModelIntegratedComponent:63 - No mode defined for component null
2023-10-07 16:05:52,053 [WARN] ModelIntegratedComponent:63 - No mode defined for component null
2023-10-07 16:05:52,053 [WARN] ModelIntegratedComponent:63 - No mode defined for component null
2023-10-07 16:05:52,054 [WARN] ModelIntegratedComponent:63 - No mode defined for component null
2023-10-07 16:05:52,054 [WARN] ModelIntegratedComponent:63 - No mode defined for component null
2023-10-07 16:05:52,054 [WARN] ModelIntegratedComponent:63 - No mode defined for component null
2023-10-07 16:05:52,054 [WARN] ModelIntegratedComponent:63 - No mode defined for component null
2023-10-07 16:05:52,054 [WARN] ModelIntegratedComponent:63 - No mode defined for component null
2023-10-07 16:05:52,054 [WARN] ModelIntegratedComponent:63 - No mode defined for component null
2023-10-07 16:05:52,054 [WARN] ModelIntegratedComponent:63 - No mode defined for component null
2023-10-07 16:05:52,054 [WARN] ModelIntegratedComponent:63 - No mode defined for component null
2023-10-07 16:05:52,054 [WARN] ModelIntegratedComponent:63 - No mode defined for component null
2023-10-07 16:05:52,054 [WARN] ModelIntegratedComponent:63 - No mode defined for component null
2023-10-07 16:05:52,054 [WARN] ModelIntegratedComponent:63 - No mode defined for component null
2023-10-07 16:05:52,073 [INFO] ThirdPartyModel:298 - Start build external matchings
2023-10-07 16:05:52,286 [INFO] ThirdPartyModel:316 - End build external matchings
2023-10-07 16:05:52,298 [INFO] ImportTextPane:194 - (OptionalMessage_ERROR) IP (RCC) : Invalid parameter (CECFreq_Value)
2023-10-07 16:05:52,299 [INFO] ImportTextPane:194 - (OptionalMessage_ERROR) IP (RCC) : Invalid parameter (FamilyName)
2023-10-07 16:05:52,299 [INFO] ImportTextPane:194 - (OptionalMessage_ERROR) IP (RCC) : Invalid parameter (HSICECFreq_Value)
2023-10-07 16:05:52,300 [INFO] ImportTextPane:194 - (OptionalMessage_ERROR) IP (RCC) : Invalid parameter (TIM2Freq_Value)
2023-10-07 16:05:52,300 [INFO] ImportTextPane:194 - (OptionalMessage_ERROR) IP (RCC) : Invalid parameter (TimSysFreq_Value)
2023-10-07 16:05:52,301 [INFO] ImportTextPane:194 - (OptionalMessage_ERROR) IP (RCC) : Parameter (USART2Freq_Value) has invalid value (8000000)
2023-10-07 16:05:52,420 [INFO] UtilMem:75 - End LoadConfig() Used Memory: 629009392 Bytes (1073741824)
2023-10-07 16:05:52,523 [INFO] ApiDb:581 - Connected to CubeFinder SQLite database (/home/laptop/.stmcufinder/plugins/mcufinder/mcu/cube-finder-db.db)
2023-10-07 16:05:52,572 [INFO] ApiDb:668 - CubeFinder database Data Model version=2.1
2023-10-07 16:05:52,572 [INFO] ApiDb:669 - CubeFinder database Configuration version=3.0.37
2023-10-07 16:05:52,572 [INFO] ApiDb:670 - CubeFinder database generation date=2023-08-09 (1691586011)
2023-10-07 16:05:52,572 [INFO] ApiDb:671 - CubeFinder database FW Pack versions=[FP-ATR-ASTRA1_V2.0.0, FP-SNS-FLIGHT1_V5.0.1, FP-SNS-FLIGHT1_V5.0.2, FP-SNS-MOTENV1_V4.3.1, FP-SNS-MOTENV1_V4.3.2, STM32Cube_FW_C0_V1.1.0, STM32Cube_FW_F4_V1.27.1, STM32Cube_FW_F7_V1.17.0, STM32Cube_FW_G0_V1.6.1, STM32Cube_FW_G4_V1.5.1, STM32Cube_FW_H5_V0.5.1, STM32Cube_FW_H5_V1.1.0, STM32Cube_FW_H7_V1.11.0, STM32Cube_FW_L0_V1.12.2, STM32Cube_FW_L5_V1.5.0, STM32Cube_FW_U5_V1.3.0, STM32Cube_FW_U5_V1.3.0RC4, STM32Cube_FW_WBA_V1.0.0RC1, STM32Cube_FW_WBA_V1.1.0, STM32Cube_FW_WBA_V1.1.0RC1, STM32Cube_FW_WB_V1.15.0RC1, STM32Cube_FW_WB_V1.16.0, STM32Cube_FW_WB_V1.16.0RC2, STM32Cube_FW_WB_V1.17.0, STM32Cube_FW_WL_V1.3.0, X-CUBE-ALGOBUILD_V1.3.0, X-CUBE-ALS_V1.0.1, X-CUBE-AZRTOS-F4_V1.1.0, X-CUBE-AZRTOS-F7_V1.1.0, X-CUBE-AZRTOS-G0_V1.1.0, X-CUBE-AZRTOS-G4_V2.0.0, X-CUBE-AZRTOS-H7_V3.1.0, X-CUBE-AZRTOS-L4_V1.0.0, X-CUBE-AZRTOS-L4_V2.0.0, X-CUBE-AZRTOS-L5_V1.1.0, X-CUBE-AZRTOS-WB_V1.1.0, X-CUBE-AZRTOS-WL_V2.0.0, X-CUBE-BLE1_V7.0.0, X-CUBE-BLE2_V3.3.0, X-CUBE-BLEMGR_V2.0.0, X-CUBE-EEPRMA1_V4.1.0, X-CUBE-FREERTOS_V1.1.0, X-CUBE-GNSS1_V6.0.0, X-CUBE-MEMS1_V9.1.0, X-CUBE-MEMS1_V9.4.0, X-CUBE-MEMS1_V9.6.0, X-CUBE-NFC4_V3.0.0, X-CUBE-NFC7_V1.0.0, X-CUBE-SFXS2LP1_V4.0.0, X-CUBE-SUBG2_V5.0.0, X-CUBE-TOF1_V3.3.1]
2023-10-07 16:05:53,883 [INFO] ApiDb:240 - Found 323 in-development CPN: [B-G473E-ZEST1S, B-WB1M-WPAN1, B-WL5M-SUBG1, NUCLEO-C031C6, NUCLEO-H503RB, NUCLEO-H563ZI, NUCLEO-U545RE-Q, NUCLEO-U5A5ZJ-Q, NUCLEO-WBA52CG, STEVAL-PROTEUS1, STEVAL-SMARTAG2, STEVAL-STWINBX1, STM320518-EVAL, STM32C0116-DK, STM32C011D6Y3TR, STM32C011D6Y6TR, STM32C011F4P3, STM32C011F4P6, STM32C011F4U3, STM32C011F4U6TR, STM32C011F6P3, STM32C011F6P6, STM32C011F6U3, STM32C011F6U6TR, STM32C011J4M3, STM32C011J4M6, STM32C011J6M3, STM32C011J6M6, STM32C0316-DK, STM32C031C4T3, STM32C031C4T6, STM32C031C4U3, STM32C031C4U6, STM32C031C6T3, STM32C031C6T6, STM32C031C6U3, STM32C031C6U6, STM32C031F4P3, STM32C031F4P6, STM32C031F6P3, STM32C031F6P6, STM32C031G4U3, STM32C031G4U6, STM32C031G6U3, STM32C031G6U6, STM32C031K4T3, STM32C031K4T6, STM32C031K4U3, STM32C031K4U6, STM32C031K6T3, STM32C031K6T6, STM32C031K6U3, STM32C031K6U6, STM32G071K8TXN, STM32G071K8UXN, STM32G081GBU6N, STM32G081KBT6N, STM32G081KBUXN, STM32G0B1CCT6N, STM32G0B1KCT6, STM32G0B1NEY6TR, STM32G0B1RCT6N, STM32G0C1CCT6, STM32G0C1CCT6N, STM32G0C1CCU6N, STM32G0C1CET6N, STM32G0C1CEU6N, STM32G0C1KCT6, STM32G0C1NEY6TR, STM32G0C1RCI6N, STM32G0C1RCT6N, STM32G0C1REI6N, STM32G0C1RET6N, STM32G0C1VCI6, STM32G0C1VEI6, STM32G471CCT6, STM32G471CCU6, STM32G471CET3, STM32G471CET6, STM32G471CEU3, STM32G471CEU6, STM32G471MCT6, STM32G471MET3, STM32G471MET6, STM32G471MEY6TR, STM32G471QCT6, STM32G471QET3, STM32G471RCT6, STM32G471RET3, STM32G471RET6, STM32G471VCH6, STM32G471VCI6, STM32G471VCT6, STM32G471VEH3, STM32G471VEH6, STM32G471VEI3, STM32G471VEI6, STM32G471VET3, STM32G471VET6, STM32G474CCT6, STM32H503CBT6, STM32H503CBU6, STM32H503EBY6TR, STM32H503KBU6, STM32H503RBT6, STM32H562AGI6, STM32H562AII6, STM32H562IGK6, STM32H562IGT6, STM32H562IIK6, STM32H562IIT6, STM32H562RGT6, STM32H562RGV6, STM32H562RIT6, STM32H562RIV6, STM32H562VGT6, STM32H562VIT6, STM32H562ZGT6, STM32H562ZIT6, STM32H563AGI6, STM32H563AII3Q, STM32H563AII6, STM32H563IGK6, STM32H563IGT6, STM32H563IIK3Q, STM32H563IIK6, STM32H563IIT3Q, STM32H563IIT6, STM32H563MIY3QTR, STM32H563RGT6, STM32H563RGV6, STM32H563RIT6, STM32H563RIV6, STM32H563VGT6, STM32H563VIT3Q, STM32H563VIT6, STM32H563ZGT6, STM32H563ZIT3Q, STM32H563ZIT6, STM32H573AII3Q, STM32H573AII6, STM32H573I-DK, STM32H573IIK3Q, STM32H573IIK6, STM32H573IIT3Q, STM32H573IIT6, STM32H573MIY3QTR, STM32H573RIT6, STM32H573RIV6, STM32H573VIT3Q, STM32H573VIT6, STM32H573ZIT3Q, STM32H573ZIT6, STM32L4R5QGI6STR, STM32MP131AAE3, STM32MP131AAF3, STM32MP131AAG3, STM32MP131CAE3, STM32MP131CAF3, STM32MP131CAG3, STM32MP131DAE7, STM32MP131DAF7, STM32MP131DAG7, STM32MP131FAE7, STM32MP131FAF7, STM32MP131FAG7, STM32MP133AAE3, STM32MP133AAF3, STM32MP133AAG3, STM32MP133CAE3, STM32MP133CAF3, STM32MP133CAG3, STM32MP133DAE7, STM32MP133DAF7, STM32MP133DAG7, STM32MP133FAE7, STM32MP133FAF7, STM32MP133FAG7, STM32MP135AAE3, STM32MP135AAF3, STM32MP135AAG3, STM32MP135CAE3, STM32MP135CAF3, STM32MP135CAG3, STM32MP135DAE7, STM32MP135DAF7, STM32MP135DAG7, STM32MP135F-DK, STM32MP135FAE7, STM32MP135FAF7, STM32MP135FAF7T, STM32MP135FAF7U, STM32MP135FAG7, STM32U535CBT6, STM32U535CBT6Q, STM32U535CBU6, STM32U535CBU6Q, STM32U535CCT6, STM32U535CCT6Q, STM32U535CCU6, STM32U535CCU6Q, STM32U535CET6, STM32U535CET6Q, STM32U535CEU6, STM32U535CEU6Q, STM32U535JEY6QTR, STM32U535NCY6QTR, STM32U535NEY6QTR, STM32U535RBI6, STM32U535RBI6Q, STM32U535RBT6, STM32U535RBT6Q, STM32U535RCI6, STM32U535RCI6Q, STM32U535RCT6, STM32U535RCT6Q, STM32U535REI6, STM32U535REI6Q, STM32U535RET6, STM32U535RET6Q, STM32U535VCI6, STM32U535VCI6Q, STM32U535VCT6, STM32U535VCT6Q, STM32U535VEI6, STM32U535VEI6Q, STM32U535VET6, STM32U535VET6Q, STM32U545CET6, STM32U545CET6Q, STM32U545CEU6, STM32U545CEU6Q, STM32U545JEY6QTR, STM32U545NEY6QTR, STM32U545REI6, STM32U545REI6Q, STM32U545RET6, STM32U545RET6Q, STM32U545VEI6, STM32U545VEI6Q, STM32U545VET6, STM32U545VET6Q, STM32U595AIH6, STM32U595AIH6Q, STM32U595AJH6, STM32U595AJH6Q, STM32U595QII6, STM32U595QII6Q, STM32U595QJI6, STM32U595QJI6Q, STM32U595RIT6, STM32U595RIT6Q, STM32U595RJT6, STM32U595RJT6Q, STM32U595VIT6, STM32U595VIT6Q, STM32U595VJT6, STM32U595VJT6Q, STM32U595ZIT6, STM32U595ZIT6Q, STM32U595ZIY6QTR, STM32U595ZJT6, STM32U595ZJT6Q, STM32U595ZJY6QTR, STM32U599BJY6QTR, STM32U599NIH6Q, STM32U599NJH6Q, STM32U599VIT6Q, STM32U599VJT6, STM32U599VJT6Q, STM32U599ZIT6Q, STM32U599ZIY6QTR, STM32U599ZJT6Q, STM32U599ZJY6QTR, STM32U5A5AJH6, STM32U5A5AJH6Q, STM32U5A5QJI6, STM32U5A5QJI6Q, STM32U5A5RJT6, STM32U5A5RJT6Q, STM32U5A5VJT6, STM32U5A5VJT6Q, STM32U5A5ZJT6, STM32U5A5ZJT6Q, STM32U5A5ZJY6QTR, STM32U5A9BJY6QTR, STM32U5A9J-DK, STM32U5A9NJH6Q, STM32U5A9VJT6Q, STM32U5A9ZJT6Q, STM32U5A9ZJY6QTR, STM32U5F7VIT6, STM32U5F7VIT6Q, STM32U5F7VJT6, STM32U5F7VJT6Q, STM32U5F9BJY6QTR, STM32U5F9NJH6Q, STM32U5F9VIT6Q, STM32U5F9VJT6Q, STM32U5F9ZIJ6QTR, STM32U5F9ZIT6Q, STM32U5F9ZJJ6QTR, STM32U5F9ZJT6Q, STM32U5G7VJT6, STM32U5G7VJT6Q, STM32U5G9BJY6QTR, STM32U5G9J-DK1, STM32U5G9J-DK2, STM32U5G9NJH6Q, STM32U5G9VJT6Q, STM32U5G9ZJJ6QTR, STM32U5G9ZJT6Q, STM32WB1MMCH6, STM32WBA52CEU6, STM32WBA52CEU6T, STM32WBA52CGU6, STM32WBA52CGU6T, STM32WBA52KEU6, STM32WBA52KEU6T, STM32WBA52KGU6, STM32WBA52KGU6T, STM32WL5MOCH6, STM32WL5MOCH6TR]
2023-10-07 16:05:53,886 [INFO] DbMcus:217 - Found 3848 MCUs, 3848 are supported
2023-10-07 16:05:53,887 [INFO] ApiDb:423 - Load user favorites file /home/laptop/.stm32cubeide/favorites.mcus.txt: 0 item(s)
2023-10-07 16:05:53,887 [INFO] ApiDb:427 - User favorites MCUs=[]
2023-10-07 16:05:53,887 [INFO] DbMcus:223 - Set 0 / 0 favorites MCUs
2023-10-07 16:05:54,100 [WARN] ThirdParty:833 - waiting for thirdparty lock release [change project]
2023-10-07 16:05:54,101 [INFO] ThirdParty:835 - entering critical section [change project]
2023-10-07 16:05:54,101 [INFO] ThirdParty:1030 - CMSIS Pack Vendor :STMicroelectronics X-CUBE-ISPU 1.1.0
2023-10-07 16:05:54,101 [INFO] ThirdParty:1030 - CMSIS Pack Vendor :STMicroelectronics USBPD 4.1
2023-10-07 16:05:54,101 [INFO] ThirdParty:1030 - CMSIS Pack Vendor :STMicroelectronics X-CUBE-GNSS1 6.0.0
2023-10-07 16:05:54,101 [INFO] ThirdParty:1030 - CMSIS Pack Vendor :STMicroelectronics USB_HOST 2.0.0
2023-10-07 16:05:54,101 [INFO] ThirdParty:1030 - CMSIS Pack Vendor :STMicroelectronics X-CUBE-AZRTOS-F4 1.1.0
2023-10-07 16:05:54,101 [INFO] ThirdParty:1030 - CMSIS Pack Vendor :STMicroelectronics LIBJPEG 8.0.0
2023-10-07 16:05:54,101 [INFO] ThirdParty:1030 - CMSIS Pack Vendor :wolfSSL I-CUBE-wolfSSL 5.6.3
2023-10-07 16:05:54,101 [INFO] ThirdParty:1030 - CMSIS Pack Vendor :STMicroelectronics X-CUBE-SMBUS 2.1.0
2023-10-07 16:05:54,101 [INFO] ThirdParty:1030 - CMSIS Pack Vendor :STMicroelectronics USB_DEVICE 3.0.0
2023-10-07 16:05:54,101 [INFO] ThirdParty:1030 - CMSIS Pack Vendor :STMicroelectronics X-CUBE-AZRTOS-WB 2.0.0
2023-10-07 16:05:54,101 [INFO] ThirdParty:1030 - CMSIS Pack Vendor :STMicroelectronics X-CUBE-AZRTOS-F7 1.1.0
2023-10-07 16:05:54,101 [INFO] ThirdParty:1030 - CMSIS Pack Vendor :STMicroelectronics X-CUBE-AZRTOS-L5 2.0.0
2023-10-07 16:05:54,101 [INFO] ThirdParty:1030 - CMSIS Pack Vendor :STMicroelectronics USB_DEVICE 2.0.0
2023-10-07 16:05:54,101 [INFO] ThirdParty:1030 - CMSIS Pack Vendor :STMicroelectronics X-CUBE-MEMS1 9.6.0
2023-10-07 16:05:54,101 [INFO] ThirdParty:1030 - CMSIS Pack Vendor :ITTIA_DB I-CUBE-ITTIADB 8.8.0
2023-10-07 16:05:54,101 [INFO] ThirdParty:1030 - CMSIS Pack Vendor :STMicroelectronics FP-SNS-MOTENV1 4.3.2
2023-10-07 16:05:54,101 [INFO] ThirdParty:1030 - CMSIS Pack Vendor :STMicroelectronics X-CUBE-ALGOBUILD 1.3.0
2023-10-07 16:05:54,101 [INFO] ThirdParty:1030 - CMSIS Pack Vendor :STMicroelectronics FreeRTOS 0.0.1
2023-10-07 16:05:54,101 [INFO] ThirdParty:1030 - CMSIS Pack Vendor :STMicroelectronics X-CUBE-AZRTOS-G0 1.1.0
2023-10-07 16:05:54,101 [INFO] ThirdParty:1030 - CMSIS Pack Vendor :STMicroelectronics X-CUBE-BLEMGR 2.0.0
2023-10-07 16:05:54,101 [INFO] ThirdParty:1030 - CMSIS Pack Vendor :STMicroelectronics X-CUBE-NFC4 3.0.0
2023-10-07 16:05:54,101 [INFO] ThirdParty:1030 - CMSIS Pack Vendor :STMicroelectronics X-CUBE-SUBG2 5.0.0
2023-10-07 16:05:54,101 [INFO] ThirdParty:1030 - CMSIS Pack Vendor :STMicroelectronics STM32_WPAN 1.0.0
2023-10-07 16:05:54,101 [INFO] ThirdParty:1030 - CMSIS Pack Vendor :STMicroelectronics lwIP 2.0.3
2023-10-07 16:05:54,101 [INFO] ThirdParty:1030 - CMSIS Pack Vendor :STMicroelectronics FP-SNS-FLIGHT1 5.0.2
2023-10-07 16:05:54,101 [INFO] ThirdParty:1030 - CMSIS Pack Vendor :STMicroelectronics USB_HOST 1.0.0
2023-10-07 16:05:54,101 [INFO] ThirdParty:1030 - CMSIS Pack Vendor :STMicroelectronics X-CUBE-TOF1 3.3.1
2023-10-07 16:05:54,101 [INFO] ThirdParty:1030 - CMSIS Pack Vendor :STMicroelectronics X-CUBE-AZRTOS-G4 2.0.0
2023-10-07 16:05:54,101 [INFO] ThirdParty:1030 - CMSIS Pack Vendor :STMicroelectronics PDM2PCM 3.1.0
2023-10-07 16:05:54,101 [INFO] ThirdParty:1030 - CMSIS Pack Vendor :STMicroelectronics X-CUBE-AZRTOS-H7 3.1.0
2023-10-07 16:05:54,101 [INFO] ThirdParty:1030 - CMSIS Pack Vendor :Infineon AIROC-Wi-Fi-Bluetooth-STM32 1.5.1
2023-10-07 16:05:54,101 [INFO] ThirdParty:1030 - CMSIS Pack Vendor :STMicroelectronics PDM2PCM 3.3.0
2023-10-07 16:05:54,101 [INFO] ThirdParty:1030 - CMSIS Pack Vendor :STMicroelectronics X-CUBE-DISPLAY 3.0.0
2023-10-07 16:05:54,101 [INFO] ThirdParty:1030 - CMSIS Pack Vendor :STMicroelectronics X-CUBE-BLE1 7.0.0
2023-10-07 16:05:54,101 [INFO] ThirdParty:1030 - CMSIS Pack Vendor :STMicroelectronics FP-ATR-SIGFOX1 3.2.0
2023-10-07 16:05:54,102 [INFO] ThirdParty:1030 - CMSIS Pack Vendor :STMicroelectronics HAL Drivers 0.0.0
2023-10-07 16:05:54,102 [INFO] ThirdParty:1030 - CMSIS Pack Vendor :STMicroelectronics MBEDTLS 2.16.2
2023-10-07 16:05:54,102 [INFO] ThirdParty:1030 - CMSIS Pack Vendor :emotas I-CUBE-CANOPEN 1.3.0
2023-10-07 16:05:54,102 [INFO] ThirdParty:1030 - CMSIS Pack Vendor :STMicroelectronics X-CUBE-FREERTOS 1.1.0
2023-10-07 16:05:54,102 [INFO] ThirdParty:1030 - CMSIS Pack Vendor :STMicroelectronics X-CUBE-TOUCHGFX 4.22.0
2023-10-07 16:05:54,102 [INFO] ThirdParty:1030 - CMSIS Pack Vendor :STMicroelectronics X-CUBE-NFC7 1.0.1
2023-10-07 16:05:54,102 [INFO] ThirdParty:1030 - CMSIS Pack Vendor :STMicroelectronics MBEDTLS 2.14.1
2023-10-07 16:05:54,102 [INFO] ThirdParty:1030 - CMSIS Pack Vendor :STMicroelectronics X-CUBE-TOUCHGFX 4.22.1
2023-10-07 16:05:54,102 [INFO] ThirdParty:1030 - CMSIS Pack Vendor :STMicroelectronics X-CUBE-NFC6 3.0.0
2023-10-07 16:05:54,102 [INFO] ThirdParty:1030 - CMSIS Pack Vendor :STMicroelectronics X-CUBE-EEPRMA1 4.1.0
2023-10-07 16:05:54,102 [INFO] ThirdParty:1030 - CMSIS Pack Vendor :portGmbH I-Cube-SoM-uGOAL 1.1.0
2023-10-07 16:05:54,102 [INFO] ThirdParty:1030 - CMSIS Pack Vendor :STMicroelectronics X-CUBE-ALS 1.0.1
2023-10-07 16:05:54,102 [INFO] ThirdParty:1030 - CMSIS Pack Vendor :STMicroelectronics ThreadX 1.0.0
2023-10-07 16:05:54,102 [INFO] ThirdParty:1030 - CMSIS Pack Vendor :STMicroelectronics FP-SNS-SMARTAG2 1.2.0
2023-10-07 16:05:54,102 [INFO] ThirdParty:1030 - CMSIS Pack Vendor :STMicroelectronics X-CUBE-AZRTOS-WL 2.0.0
2023-10-07 16:05:54,102 [INFO] ThirdParty:1030 - CMSIS Pack Vendor :SEGGER I-CUBE-embOS 1.3.1
2023-10-07 16:05:54,102 [INFO] ThirdParty:1030 - CMSIS Pack Vendor :STMicroelectronics USB_DEVICE 1.0.0
2023-10-07 16:05:54,102 [INFO] ThirdParty:1030 - CMSIS Pack Vendor :STMicroelectronics X-CUBE-AI 8.1.0
2023-10-07 16:05:54,102 [INFO] ThirdParty:1030 - CMSIS Pack Vendor :STMicroelectronics X-CUBE-AZRTOS-L4 2.0.0
2023-10-07 16:05:54,102 [INFO] ThirdParty:1030 - CMSIS Pack Vendor :STMicroelectronics ThreadX 0.0.2
2023-10-07 16:05:54,102 [INFO] ThirdParty:1030 - CMSIS Pack Vendor :WES I-CUBE-Cesium 1.3.0
2023-10-07 16:05:54,102 [INFO] ThirdParty:1030 - CMSIS Pack Vendor :STMicroelectronics FP-ATR-ASTRA1 2.0.0
2023-10-07 16:05:54,102 [INFO] ThirdParty:1030 - CMSIS Pack Vendor :STMicroelectronics lwIP 2.1.2
2023-10-07 16:05:54,102 [INFO] ThirdParty:1030 - CMSIS Pack Vendor :STMicroelectronics X-CUBE-SFXS2LP1 4.0.0
2023-10-07 16:05:54,102 [INFO] ThirdParty:1030 - CMSIS Pack Vendor :STMicroelectronics X-CUBE-BLE2 3.3.0
2023-10-07 16:05:54,102 [INFO] ThirdParty:1030 - CMSIS Pack Vendor :STMicroelectronics PDM2PCM 3.2.0
2023-10-07 16:05:54,102 [INFO] ThirdParty:841 - exiting critical section [change project]
2023-10-07 16:05:54,287 [INFO] PinOutPanel:1499 - setPackage(No Configuration,No Configuration)
2023-10-07 16:05:54,289 [INFO] PinOutPanel:1499 - setPackage(STM32F303K8Tx,LQFP32)
2023-10-07 16:05:55,135 [INFO] UtilMem:75 - Before build in PCC Used Memory: 577582488 Bytes (1073741824)
2023-10-07 16:05:55,687 [INFO] UtilMem:75 - After build in PCC Used Memory: 753743256 Bytes (1073741824)
2023-10-07 16:05:55,723 [INFO] IPUIPlugin:80 - create IPUIPlugin
2023-10-07 16:05:55,724 [INFO] IPUIPlugin:80 - create IPUIPlugin
2023-10-07 16:05:55,724 [INFO] IPUIPlugin:80 - create IPUIPlugin
2023-10-07 16:05:55,724 [INFO] IPUIPlugin:80 - create IPUIPlugin
2023-10-07 16:05:55,724 [INFO] IPUIPlugin:80 - create IPUIPlugin
2023-10-07 16:05:55,724 [INFO] IPUIPlugin:80 - create IPUIPlugin
2023-10-07 16:05:55,724 [INFO] IPUIPlugin:80 - create IPUIPlugin
2023-10-07 16:05:55,725 [INFO] IPUIPlugin:80 - create IPUIPlugin
2023-10-07 16:05:55,725 [INFO] IPUIPlugin:80 - create IPUIPlugin
2023-10-07 16:05:55,725 [INFO] IPUIPlugin:80 - create IPUIPlugin
2023-10-07 16:05:55,725 [INFO] IPUIPlugin:80 - create IPUIPlugin
2023-10-07 16:05:55,725 [INFO] IPUIPlugin:80 - create IPUIPlugin
2023-10-07 16:05:55,725 [INFO] IPUIPlugin:80 - create IPUIPlugin
2023-10-07 16:05:55,725 [INFO] IPUIPlugin:80 - create IPUIPlugin
2023-10-07 16:05:55,726 [INFO] IPUIPlugin:80 - create IPUIPlugin
2023-10-07 16:05:55,726 [INFO] IPUIPlugin:80 - create IPUIPlugin
2023-10-07 16:05:55,726 [INFO] IPUIPlugin:80 - create IPUIPlugin
2023-10-07 16:05:55,726 [INFO] IPUIPlugin:80 - create IPUIPlugin
2023-10-07 16:05:55,726 [INFO] IPUIPlugin:80 - create IPUIPlugin
2023-10-07 16:05:55,726 [INFO] IPUIPlugin:80 - create IPUIPlugin
2023-10-07 16:05:55,727 [INFO] IPUIPlugin:80 - create IPUIPlugin
2023-10-07 16:05:55,727 [INFO] IPUIPlugin:80 - create IPUIPlugin
2023-10-07 16:05:55,727 [INFO] IPUIPlugin:80 - create IPUIPlugin
2023-10-07 16:05:55,727 [INFO] IPUIPlugin:80 - create IPUIPlugin
2023-10-07 16:05:55,727 [INFO] IPUIPlugin:80 - create IPUIPlugin
2023-10-07 16:05:55,727 [INFO] IPUIPlugin:80 - create IPUIPlugin
2023-10-07 16:05:55,727 [INFO] IPUIPlugin:80 - create IPUIPlugin
2023-10-07 16:05:55,728 [INFO] IPUIPlugin:80 - create IPUIPlugin
2023-10-07 16:05:55,728 [INFO] IPUIPlugin:80 - create IPUIPlugin
2023-10-07 16:05:55,728 [INFO] IPUIPlugin:80 - create IPUIPlugin
2023-10-07 16:05:55,728 [INFO] IPUIPlugin:80 - create IPUIPlugin
2023-10-07 16:05:55,728 [INFO] IPUIPlugin:80 - create IPUIPlugin
2023-10-07 16:05:55,728 [INFO] IPUIPlugin:80 - create IPUIPlugin
2023-10-07 16:05:55,728 [INFO] IPUIPlugin:80 - create IPUIPlugin
2023-10-07 16:05:55,884 [INFO] CADModel:165 - CPN selected for project levelSTM32F303K8T6
2023-10-07 16:05:55,884 [INFO] CADModel:114 - Register for checkConnection events
2023-10-07 16:05:55,924 [INFO] OpenFileManager:328 - Restore cursor
2023-10-07 16:10:39,943 [INFO] Gpio:273 - dependency for GPIO [RCC, SYS, USART2]
2023-10-07 16:11:06,871 [INFO] Gpio:273 - dependency for GPIO [RCC, SYS, USART2]
2023-10-07 16:11:12,763 [INFO] UtilMem:75 - End SaveConfig() Used Memory: 932562232 Bytes (1073741824)
2023-10-07 16:11:17,541 [INFO] UtilMem:75 - End SaveConfig() Used Memory: 540279952 Bytes (1073741824)
2023-10-07 16:11:17,776 [INFO] BlockDiagram:2759 - set Specific Code input for plugin: NVIC
2023-10-07 16:11:17,776 [INFO] BlockDiagram:2759 - set Specific Code input for plugin: USART
2023-10-07 16:11:17,776 [INFO] BlockDiagram:2759 - set Specific Code input for plugin: SYS
2023-10-07 16:11:17,776 [INFO] BlockDiagram:2759 - set Specific Code input for plugin: GPIO
2023-10-07 16:11:17,777 [INFO] BlockDiagram:2759 - set Specific Code input for plugin: RCC
2023-10-07 16:11:17,777 [INFO] CodeGenerator:799 - code generatio: config db path: /opt/st/stm32cubeide_1.13.2/plugins/com.st.stm32cube.common.mx_6.9.2.202309101412//db/
2023-10-07 16:11:17,904 [INFO] CodeEngine:255 - oldGeneratedFile, /home/laptop/school/VRS/cvicenie_2/MXTmpFiles/license.tmp_save
2023-10-07 16:11:18,124 [INFO] CodeEngine:279 - Generated code: /home/laptop/school/VRS/cvicenie_2/MXTmpFiles/license.tmp
2023-10-07 16:11:18,190 [INFO] CodeEngine:255 - oldGeneratedFile, /home/laptop/school/VRS/cvicenie_2/Core/Src/gpio.c_save
2023-10-07 16:11:18,271 [INFO] CodeEngine:279 - Generated code: /home/laptop/school/VRS/cvicenie_2/Core/Src/gpio.c
2023-10-07 16:11:18,272 [INFO] CodeEngine:255 - oldGeneratedFile, /home/laptop/school/VRS/cvicenie_2/Core/Inc/gpio.h_save
2023-10-07 16:11:18,320 [INFO] CodeEngine:279 - Generated code: /home/laptop/school/VRS/cvicenie_2/Core/Inc/gpio.h
2023-10-07 16:11:18,384 [INFO] CodeEngine:255 - oldGeneratedFile, /home/laptop/school/VRS/cvicenie_2/Core/Src/usart.c_save
2023-10-07 16:11:18,479 [INFO] CodeEngine:279 - Generated code: /home/laptop/school/VRS/cvicenie_2/Core/Src/usart.c
2023-10-07 16:11:18,480 [INFO] CodeEngine:255 - oldGeneratedFile, /home/laptop/school/VRS/cvicenie_2/Core/Inc/usart.h_save
2023-10-07 16:11:18,525 [INFO] CodeEngine:279 - Generated code: /home/laptop/school/VRS/cvicenie_2/Core/Inc/usart.h
2023-10-07 16:11:18,528 [INFO] CodeEngine:255 - oldGeneratedFile, /home/laptop/school/VRS/cvicenie_2/Core/Src/stm32f3xx_it.c_save
2023-10-07 16:11:18,586 [INFO] CodeEngine:279 - Generated code: /home/laptop/school/VRS/cvicenie_2/Core/Src/stm32f3xx_it.c
2023-10-07 16:11:18,588 [INFO] CodeEngine:255 - oldGeneratedFile, /home/laptop/school/VRS/cvicenie_2/Core/Inc/stm32f3xx_it.h_save
2023-10-07 16:11:18,633 [INFO] CodeEngine:279 - Generated code: /home/laptop/school/VRS/cvicenie_2/Core/Inc/stm32f3xx_it.h
2023-10-07 16:11:18,636 [INFO] CodeEngine:255 - oldGeneratedFile, /home/laptop/school/VRS/cvicenie_2/Core/Src/stm32f3xx_hal_msp.c_save
2023-10-07 16:11:18,692 [INFO] CodeEngine:279 - Generated code: /home/laptop/school/VRS/cvicenie_2/Core/Src/stm32f3xx_hal_msp.c
2023-10-07 16:11:18,693 [INFO] CodeEngine:255 - oldGeneratedFile, /home/laptop/school/VRS/cvicenie_2/MXTmpFiles/system.tmp_save
2023-10-07 16:11:18,732 [INFO] CodeEngine:279 - Generated code: /home/laptop/school/VRS/cvicenie_2/MXTmpFiles/system.tmp
2023-10-07 16:11:18,733 [INFO] CodeEngine:255 - oldGeneratedFile, /home/laptop/school/VRS/cvicenie_2/Core/Inc/stm32_assert.h_save
2023-10-07 16:11:18,773 [INFO] CodeEngine:279 - Generated code: /home/laptop/school/VRS/cvicenie_2/Core/Inc/stm32_assert.h
2023-10-07 16:11:18,777 [INFO] CodeEngine:311 - oldGeneratedFile, /home/laptop/school/VRS/cvicenie_2/Core/Inc/stm32f3xx_hal_conf.h_save
2023-10-07 16:11:18,821 [INFO] CodeEngine:335 - Generated code: /home/laptop/school/VRS/cvicenie_2/Core/Inc/stm32f3xx_hal_conf.h
2023-10-07 16:11:18,836 [WARN] IPConfigManager:2937 - Warning: the RefConfig RCC_LSEDRIVE_CONFIG is not available in your config.xml file
2023-10-07 16:11:18,838 [WARN] IPConfigManager:2937 - Warning: the RefConfig RCC_ClockConfig is not available in your config.xml file
2023-10-07 16:11:18,839 [WARN] IPConfigManager:2937 - Warning: the RefConfig PWR_EnableSDADCAnalog1 is not available in your config.xml file
2023-10-07 16:11:18,839 [WARN] IPConfigManager:2937 - Warning: the RefConfig PWR_EnableSDADCAnalog2 is not available in your config.xml file
2023-10-07 16:11:18,839 [WARN] IPConfigManager:2937 - Warning: the RefConfig PWR_EnableSDADCAnalog3 is not available in your config.xml file
2023-10-07 16:11:18,839 [WARN] IPConfigManager:2937 - Warning: the RefConfig RCC_MCOConfig is not available in your config.xml file
2023-10-07 16:11:18,839 [WARN] IPConfigManager:2937 - Warning: the RefConfig RCC_interrupt_Time_SYSTICK_Config is not available in your config.xml file
2023-10-07 16:11:18,839 [WARN] IPConfigManager:2937 - Warning: the RefConfig RCC_SYSTICK_CONFIG is not available in your config.xml file
2023-10-07 16:11:18,851 [INFO] CodeEngine:255 - oldGeneratedFile, /home/laptop/school/VRS/cvicenie_2/Core/Inc/main.h_save
2023-10-07 16:11:18,908 [INFO] CodeEngine:279 - Generated code: /home/laptop/school/VRS/cvicenie_2/Core/Inc/main.h
2023-10-07 16:11:18,909 [INFO] CodeEngine:255 - oldGeneratedFile, /home/laptop/school/VRS/cvicenie_2/Core/Src/main.c_save
2023-10-07 16:11:18,992 [INFO] CodeEngine:279 - Generated code: /home/laptop/school/VRS/cvicenie_2/Core/Src/main.c
2023-10-07 16:11:19,365 [INFO] ProjectBuilder:3064 - Time for Copy HAL[1] : 39mS.
2023-10-07 16:11:19,369 [INFO] ProjectBuilder:4404 - Project Generator version: 4.1.0
2023-10-07 16:11:19,599 [INFO] ConfigFileManager:1457 - The Die is : DIE438
2023-10-07 16:11:19,615 [INFO] ApiDbMcu:507 - Load IP Config File for FATFS
2023-10-07 16:11:19,630 [INFO] ApiDbMcu:507 - Load IP Config File for FREERTOS
2023-10-07 16:11:19,707 [INFO] ApiDbMcu:507 - Load IP Config File for TOUCHSENSING
2023-10-07 16:11:20,168 [INFO] LogOutputStream:77 - [STDOUT_REDIRECT] 
2023-10-07 16:11:20,750 [INFO] ProjectBuilder:4626 - Time for Generating toolchain IDE Files: 1380mS.
2023-10-07 16:11:20,751 [INFO] ProjectBuilder:2935 - Time for Copy CMSIS : 0mS.
2023-10-07 16:11:20,752 [INFO] ProjectBuilder:2935 - Time for Copy CMSIS : 0mS.
2023-10-07 16:35:32,358 [INFO] MainUpdater:2868 - connection check result : 10
2023-10-07 16:35:32,358 [INFO] MainUpdater:2868 - connection check result : 10
2023-10-07 16:35:32,371 [INFO] MicroXplorer:468 - Change Database Path : 
2023-10-07 16:35:32,372 [INFO] MicroXplorer:498 - Change Database Version : DB.6.0.92
2023-10-07 16:35:32,385 [WARN] ThirdParty:871 - waiting for thirdparty lock release [close project]
2023-10-07 16:35:32,385 [INFO] ThirdParty:873 - entering critical section [close project]
2023-10-07 16:35:32,385 [INFO] ThirdParty:883 - exiting critical section [close project]
2023-10-07 16:35:32,387 [INFO] PinOutPanel:1499 - setPackage(No Configuration,No Configuration)
2023-10-07 16:35:32,392 [INFO] UtilMem:75 - Begin LoadConfig() Used Memory: 403139968 Bytes (762314752)
2023-10-07 16:35:32,393 [INFO] MicroXplorer:468 - Change Database Path : 
2023-10-07 16:35:32,393 [INFO] MicroXplorer:498 - Change Database Version : DB.6.0.92
2023-10-07 16:35:32,393 [INFO] OpenFileManager:308 - Change cursor
2023-10-07 16:35:32,401 [INFO] RulesReader:64 - Compatibility file has been processed (293 Rules)
2023-10-07 16:35:32,403 [INFO] Mcu:1946 - Initializing MCU STM32F303K(6-8)Tx STM32F303K8Tx STM32F303K8T6
2023-10-07 16:35:32,848 [INFO] Context:659 - Trying to add GPIOservice into a context  which must be forbidden
2023-10-07 16:35:33,123 [INFO] RtosManager:555 - Registered RTOS mode: class=CMSIS, group=RTOS, mode=CMSIS_V1, owner=FREERTOS
2023-10-07 16:35:33,123 [INFO] RtosManager:555 - Registered RTOS mode: class=CMSIS, group=RTOS2, mode=CMSIS_V2, owner=FREERTOS
2023-10-07 16:35:33,123 [INFO] RtosManager:555 - Registered RTOS mode: class=RTOS, group=Core, mode=CMSIS_V1, owner=FREERTOS
2023-10-07 16:35:33,123 [INFO] RtosManager:555 - Registered RTOS mode: class=RTOS, group=Core, mode=CMSIS_V2, owner=FREERTOS
2023-10-07 16:35:33,123 [WARN] ModelIntegratedComponent:184 - Missing modes for component STMicroelectronics:FreeRTOS:0.0.1:STMicroelectronics:RTOS:FreeRTOS:Core:::10.2.0:
2023-10-07 16:35:33,130 [WARN] ModelIntegratedComponent:63 - No mode defined for component null
2023-10-07 16:35:33,130 [WARN] ModelIntegratedComponent:63 - No mode defined for component null
2023-10-07 16:35:33,130 [WARN] ModelIntegratedComponent:63 - No mode defined for component null
2023-10-07 16:35:33,130 [WARN] ModelIntegratedComponent:63 - No mode defined for component null
2023-10-07 16:35:33,130 [WARN] ModelIntegratedComponent:63 - No mode defined for component null
2023-10-07 16:35:33,130 [WARN] ModelIntegratedComponent:63 - No mode defined for component null
2023-10-07 16:35:33,130 [WARN] ModelIntegratedComponent:63 - No mode defined for component null
2023-10-07 16:35:33,130 [WARN] ModelIntegratedComponent:63 - No mode defined for component null
2023-10-07 16:35:33,130 [WARN] ModelIntegratedComponent:63 - No mode defined for component null
2023-10-07 16:35:33,130 [WARN] ModelIntegratedComponent:63 - No mode defined for component null
2023-10-07 16:35:33,130 [WARN] ModelIntegratedComponent:63 - No mode defined for component null
2023-10-07 16:35:33,130 [WARN] ModelIntegratedComponent:63 - No mode defined for component null
2023-10-07 16:35:33,130 [WARN] ModelIntegratedComponent:63 - No mode defined for component null
2023-10-07 16:35:33,130 [WARN] ModelIntegratedComponent:63 - No mode defined for component null
2023-10-07 16:35:33,130 [WARN] ModelIntegratedComponent:63 - No mode defined for component null
2023-10-07 16:35:33,130 [WARN] ModelIntegratedComponent:63 - No mode defined for component null
2023-10-07 16:35:33,130 [WARN] ModelIntegratedComponent:63 - No mode defined for component null
2023-10-07 16:35:33,130 [WARN] ModelIntegratedComponent:63 - No mode defined for component null
2023-10-07 16:35:33,131 [WARN] ModelIntegratedComponent:63 - No mode defined for component null
2023-10-07 16:35:33,131 [WARN] ModelIntegratedComponent:63 - No mode defined for component null
2023-10-07 16:35:33,131 [WARN] ModelIntegratedComponent:63 - No mode defined for component null
2023-10-07 16:35:33,131 [WARN] ModelIntegratedComponent:63 - No mode defined for component null
2023-10-07 16:35:33,131 [WARN] ModelIntegratedComponent:63 - No mode defined for component null
2023-10-07 16:35:33,131 [WARN] ModelIntegratedComponent:63 - No mode defined for component null
2023-10-07 16:35:33,131 [WARN] ModelIntegratedComponent:63 - No mode defined for component null
2023-10-07 16:35:33,131 [WARN] ModelIntegratedComponent:63 - No mode defined for component null
2023-10-07 16:35:33,131 [WARN] ModelIntegratedComponent:63 - No mode defined for component null
2023-10-07 16:35:33,131 [WARN] ModelIntegratedComponent:63 - No mode defined for component null
2023-10-07 16:35:33,131 [WARN] ModelIntegratedComponent:63 - No mode defined for component null
2023-10-07 16:35:33,131 [WARN] ModelIntegratedComponent:63 - No mode defined for component null
2023-10-07 16:35:33,131 [WARN] ModelIntegratedComponent:63 - No mode defined for component null
2023-10-07 16:35:33,131 [WARN] ModelIntegratedComponent:63 - No mode defined for component null
2023-10-07 16:35:33,131 [WARN] ModelIntegratedComponent:63 - No mode defined for component null
2023-10-07 16:35:33,138 [INFO] ThirdPartyModel:298 - Start build external matchings
2023-10-07 16:35:33,336 [INFO] ThirdPartyModel:316 - End build external matchings
2023-10-07 16:35:33,343 [INFO] ImportTextPane:194 - (OptionalMessage_ERROR) IP (RCC) : Invalid parameter (CECFreq_Value)
2023-10-07 16:35:33,343 [INFO] ImportTextPane:194 - (OptionalMessage_ERROR) IP (RCC) : Invalid parameter (FamilyName)
2023-10-07 16:35:33,343 [INFO] ImportTextPane:194 - (OptionalMessage_ERROR) IP (RCC) : Invalid parameter (HSICECFreq_Value)
2023-10-07 16:35:33,343 [INFO] ImportTextPane:194 - (OptionalMessage_ERROR) IP (RCC) : Invalid parameter (TIM2Freq_Value)
2023-10-07 16:35:33,343 [INFO] ImportTextPane:194 - (OptionalMessage_ERROR) IP (RCC) : Invalid parameter (TimSysFreq_Value)
2023-10-07 16:35:33,343 [INFO] ImportTextPane:194 - (OptionalMessage_ERROR) IP (RCC) : Parameter (USART2Freq_Value) has invalid value (8000000)
2023-10-07 16:35:33,418 [INFO] UtilMem:75 - End LoadConfig() Used Memory: 530240888 Bytes (762314752)
2023-10-07 16:35:33,423 [WARN] ThirdParty:833 - waiting for thirdparty lock release [change project]
2023-10-07 16:35:33,424 [INFO] ThirdParty:835 - entering critical section [change project]
2023-10-07 16:35:33,424 [INFO] ThirdParty:1030 - CMSIS Pack Vendor :STMicroelectronics X-CUBE-ISPU 1.1.0
2023-10-07 16:35:33,424 [INFO] ThirdParty:1030 - CMSIS Pack Vendor :STMicroelectronics USBPD 4.1
2023-10-07 16:35:33,424 [INFO] ThirdParty:1030 - CMSIS Pack Vendor :STMicroelectronics X-CUBE-GNSS1 6.0.0
2023-10-07 16:35:33,424 [INFO] ThirdParty:1030 - CMSIS Pack Vendor :STMicroelectronics USB_HOST 2.0.0
2023-10-07 16:35:33,424 [INFO] ThirdParty:1030 - CMSIS Pack Vendor :STMicroelectronics X-CUBE-AZRTOS-F4 1.1.0
2023-10-07 16:35:33,424 [INFO] ThirdParty:1030 - CMSIS Pack Vendor :STMicroelectronics LIBJPEG 8.0.0
2023-10-07 16:35:33,424 [INFO] ThirdParty:1030 - CMSIS Pack Vendor :wolfSSL I-CUBE-wolfSSL 5.6.3
2023-10-07 16:35:33,424 [INFO] ThirdParty:1030 - CMSIS Pack Vendor :STMicroelectronics X-CUBE-SMBUS 2.1.0
2023-10-07 16:35:33,424 [INFO] ThirdParty:1030 - CMSIS Pack Vendor :STMicroelectronics USB_DEVICE 3.0.0
2023-10-07 16:35:33,424 [INFO] ThirdParty:1030 - CMSIS Pack Vendor :STMicroelectronics X-CUBE-AZRTOS-WB 2.0.0
2023-10-07 16:35:33,424 [INFO] ThirdParty:1030 - CMSIS Pack Vendor :STMicroelectronics X-CUBE-AZRTOS-F7 1.1.0
2023-10-07 16:35:33,424 [INFO] ThirdParty:1030 - CMSIS Pack Vendor :STMicroelectronics X-CUBE-AZRTOS-L5 2.0.0
2023-10-07 16:35:33,424 [INFO] ThirdParty:1030 - CMSIS Pack Vendor :STMicroelectronics USB_DEVICE 2.0.0
2023-10-07 16:35:33,424 [INFO] ThirdParty:1030 - CMSIS Pack Vendor :STMicroelectronics X-CUBE-MEMS1 9.6.0
2023-10-07 16:35:33,424 [INFO] ThirdParty:1030 - CMSIS Pack Vendor :ITTIA_DB I-CUBE-ITTIADB 8.8.0
2023-10-07 16:35:33,424 [INFO] ThirdParty:1030 - CMSIS Pack Vendor :STMicroelectronics FP-SNS-MOTENV1 4.3.2
2023-10-07 16:35:33,424 [INFO] ThirdParty:1030 - CMSIS Pack Vendor :STMicroelectronics X-CUBE-ALGOBUILD 1.3.0
2023-10-07 16:35:33,424 [INFO] ThirdParty:1030 - CMSIS Pack Vendor :STMicroelectronics FreeRTOS 0.0.1
2023-10-07 16:35:33,424 [INFO] ThirdParty:1030 - CMSIS Pack Vendor :STMicroelectronics X-CUBE-AZRTOS-G0 1.1.0
2023-10-07 16:35:33,424 [INFO] ThirdParty:1030 - CMSIS Pack Vendor :STMicroelectronics X-CUBE-BLEMGR 2.0.0
2023-10-07 16:35:33,424 [INFO] ThirdParty:1030 - CMSIS Pack Vendor :STMicroelectronics X-CUBE-NFC4 3.0.0
2023-10-07 16:35:33,424 [INFO] ThirdParty:1030 - CMSIS Pack Vendor :STMicroelectronics X-CUBE-SUBG2 5.0.0
2023-10-07 16:35:33,424 [INFO] ThirdParty:1030 - CMSIS Pack Vendor :STMicroelectronics STM32_WPAN 1.0.0
2023-10-07 16:35:33,424 [INFO] ThirdParty:1030 - CMSIS Pack Vendor :STMicroelectronics lwIP 2.0.3
2023-10-07 16:35:33,424 [INFO] ThirdParty:1030 - CMSIS Pack Vendor :STMicroelectronics FP-SNS-FLIGHT1 5.0.2
2023-10-07 16:35:33,424 [INFO] ThirdParty:1030 - CMSIS Pack Vendor :STMicroelectronics USB_HOST 1.0.0
2023-10-07 16:35:33,424 [INFO] ThirdParty:1030 - CMSIS Pack Vendor :STMicroelectronics X-CUBE-TOF1 3.3.1
2023-10-07 16:35:33,424 [INFO] ThirdParty:1030 - CMSIS Pack Vendor :STMicroelectronics X-CUBE-AZRTOS-G4 2.0.0
2023-10-07 16:35:33,424 [INFO] ThirdParty:1030 - CMSIS Pack Vendor :STMicroelectronics PDM2PCM 3.1.0
2023-10-07 16:35:33,424 [INFO] ThirdParty:1030 - CMSIS Pack Vendor :STMicroelectronics X-CUBE-AZRTOS-H7 3.1.0
2023-10-07 16:35:33,424 [INFO] ThirdParty:1030 - CMSIS Pack Vendor :Infineon AIROC-Wi-Fi-Bluetooth-STM32 1.5.1
2023-10-07 16:35:33,424 [INFO] ThirdParty:1030 - CMSIS Pack Vendor :STMicroelectronics PDM2PCM 3.3.0
2023-10-07 16:35:33,424 [INFO] ThirdParty:1030 - CMSIS Pack Vendor :STMicroelectronics X-CUBE-DISPLAY 3.0.0
2023-10-07 16:35:33,424 [INFO] ThirdParty:1030 - CMSIS Pack Vendor :STMicroelectronics X-CUBE-BLE1 7.0.0
2023-10-07 16:35:33,424 [INFO] ThirdParty:1030 - CMSIS Pack Vendor :STMicroelectronics FP-ATR-SIGFOX1 3.2.0
2023-10-07 16:35:33,424 [INFO] ThirdParty:1030 - CMSIS Pack Vendor :STMicroelectronics HAL Drivers 0.0.0
2023-10-07 16:35:33,424 [INFO] ThirdParty:1030 - CMSIS Pack Vendor :STMicroelectronics MBEDTLS 2.16.2
2023-10-07 16:35:33,424 [INFO] ThirdParty:1030 - CMSIS Pack Vendor :emotas I-CUBE-CANOPEN 1.3.0
2023-10-07 16:35:33,424 [INFO] ThirdParty:1030 - CMSIS Pack Vendor :STMicroelectronics X-CUBE-FREERTOS 1.1.0
2023-10-07 16:35:33,424 [INFO] ThirdParty:1030 - CMSIS Pack Vendor :STMicroelectronics X-CUBE-TOUCHGFX 4.22.0
2023-10-07 16:35:33,424 [INFO] ThirdParty:1030 - CMSIS Pack Vendor :STMicroelectronics X-CUBE-NFC7 1.0.1
2023-10-07 16:35:33,424 [INFO] ThirdParty:1030 - CMSIS Pack Vendor :STMicroelectronics MBEDTLS 2.14.1
2023-10-07 16:35:33,424 [INFO] ThirdParty:1030 - CMSIS Pack Vendor :STMicroelectronics X-CUBE-TOUCHGFX 4.22.1
2023-10-07 16:35:33,425 [INFO] ThirdParty:1030 - CMSIS Pack Vendor :STMicroelectronics X-CUBE-NFC6 3.0.0
2023-10-07 16:35:33,425 [INFO] ThirdParty:1030 - CMSIS Pack Vendor :STMicroelectronics X-CUBE-EEPRMA1 4.1.0
2023-10-07 16:35:33,425 [INFO] ThirdParty:1030 - CMSIS Pack Vendor :portGmbH I-Cube-SoM-uGOAL 1.1.0
2023-10-07 16:35:33,425 [INFO] ThirdParty:1030 - CMSIS Pack Vendor :STMicroelectronics X-CUBE-ALS 1.0.1
2023-10-07 16:35:33,425 [INFO] ThirdParty:1030 - CMSIS Pack Vendor :STMicroelectronics ThreadX 1.0.0
2023-10-07 16:35:33,425 [INFO] ThirdParty:1030 - CMSIS Pack Vendor :STMicroelectronics FP-SNS-SMARTAG2 1.2.0
2023-10-07 16:35:33,425 [INFO] ThirdParty:1030 - CMSIS Pack Vendor :STMicroelectronics X-CUBE-AZRTOS-WL 2.0.0
2023-10-07 16:35:33,425 [INFO] ThirdParty:1030 - CMSIS Pack Vendor :SEGGER I-CUBE-embOS 1.3.1
2023-10-07 16:35:33,425 [INFO] ThirdParty:1030 - CMSIS Pack Vendor :STMicroelectronics USB_DEVICE 1.0.0
2023-10-07 16:35:33,425 [INFO] ThirdParty:1030 - CMSIS Pack Vendor :STMicroelectronics X-CUBE-AI 8.1.0
2023-10-07 16:35:33,425 [INFO] ThirdParty:1030 - CMSIS Pack Vendor :STMicroelectronics X-CUBE-AZRTOS-L4 2.0.0
2023-10-07 16:35:33,425 [INFO] ThirdParty:1030 - CMSIS Pack Vendor :STMicroelectronics ThreadX 0.0.2
2023-10-07 16:35:33,425 [INFO] ThirdParty:1030 - CMSIS Pack Vendor :WES I-CUBE-Cesium 1.3.0
2023-10-07 16:35:33,425 [INFO] ThirdParty:1030 - CMSIS Pack Vendor :STMicroelectronics FP-ATR-ASTRA1 2.0.0
2023-10-07 16:35:33,425 [INFO] ThirdParty:1030 - CMSIS Pack Vendor :STMicroelectronics lwIP 2.1.2
2023-10-07 16:35:33,425 [INFO] ThirdParty:1030 - CMSIS Pack Vendor :STMicroelectronics X-CUBE-SFXS2LP1 4.0.0
2023-10-07 16:35:33,425 [INFO] ThirdParty:1030 - CMSIS Pack Vendor :STMicroelectronics X-CUBE-BLE2 3.3.0
2023-10-07 16:35:33,425 [INFO] ThirdParty:1030 - CMSIS Pack Vendor :STMicroelectronics PDM2PCM 3.2.0
2023-10-07 16:35:33,425 [INFO] ThirdParty:841 - exiting critical section [change project]
2023-10-07 16:35:33,552 [INFO] PinOutPanel:1499 - setPackage(No Configuration,No Configuration)
2023-10-07 16:35:33,553 [INFO] PinOutPanel:1499 - setPackage(STM32F303K8Tx,LQFP32)
2023-10-07 16:35:34,173 [INFO] UtilMem:75 - Before build in PCC Used Memory: 283362816 Bytes (762314752)
2023-10-07 16:35:34,297 [INFO] UtilMem:75 - After build in PCC Used Memory: 327929344 Bytes (762314752)
2023-10-07 16:35:34,309 [INFO] IPUIPlugin:80 - create IPUIPlugin
2023-10-07 16:35:34,309 [INFO] IPUIPlugin:80 - create IPUIPlugin
2023-10-07 16:35:34,309 [INFO] IPUIPlugin:80 - create IPUIPlugin
2023-10-07 16:35:34,309 [INFO] IPUIPlugin:80 - create IPUIPlugin
2023-10-07 16:35:34,309 [INFO] IPUIPlugin:80 - create IPUIPlugin
2023-10-07 16:35:34,309 [INFO] IPUIPlugin:80 - create IPUIPlugin
2023-10-07 16:35:34,309 [INFO] IPUIPlugin:80 - create IPUIPlugin
2023-10-07 16:35:34,309 [INFO] IPUIPlugin:80 - create IPUIPlugin
2023-10-07 16:35:34,310 [INFO] IPUIPlugin:80 - create IPUIPlugin
2023-10-07 16:35:34,310 [INFO] IPUIPlugin:80 - create IPUIPlugin
2023-10-07 16:35:34,310 [INFO] IPUIPlugin:80 - create IPUIPlugin
2023-10-07 16:35:34,310 [INFO] IPUIPlugin:80 - create IPUIPlugin
2023-10-07 16:35:34,310 [INFO] IPUIPlugin:80 - create IPUIPlugin
2023-10-07 16:35:34,310 [INFO] IPUIPlugin:80 - create IPUIPlugin
2023-10-07 16:35:34,310 [INFO] IPUIPlugin:80 - create IPUIPlugin
2023-10-07 16:35:34,310 [INFO] IPUIPlugin:80 - create IPUIPlugin
2023-10-07 16:35:34,310 [INFO] IPUIPlugin:80 - create IPUIPlugin
2023-10-07 16:35:34,310 [INFO] IPUIPlugin:80 - create IPUIPlugin
2023-10-07 16:35:34,311 [INFO] IPUIPlugin:80 - create IPUIPlugin
2023-10-07 16:35:34,311 [INFO] IPUIPlugin:80 - create IPUIPlugin
2023-10-07 16:35:34,311 [INFO] IPUIPlugin:80 - create IPUIPlugin
2023-10-07 16:35:34,311 [INFO] IPUIPlugin:80 - create IPUIPlugin
2023-10-07 16:35:34,311 [INFO] IPUIPlugin:80 - create IPUIPlugin
2023-10-07 16:35:34,311 [INFO] IPUIPlugin:80 - create IPUIPlugin
2023-10-07 16:35:34,311 [INFO] IPUIPlugin:80 - create IPUIPlugin
2023-10-07 16:35:34,311 [INFO] IPUIPlugin:80 - create IPUIPlugin
2023-10-07 16:35:34,311 [INFO] IPUIPlugin:80 - create IPUIPlugin
2023-10-07 16:35:34,311 [INFO] IPUIPlugin:80 - create IPUIPlugin
2023-10-07 16:35:34,311 [INFO] IPUIPlugin:80 - create IPUIPlugin
2023-10-07 16:35:34,311 [INFO] IPUIPlugin:80 - create IPUIPlugin
2023-10-07 16:35:34,312 [INFO] IPUIPlugin:80 - create IPUIPlugin
2023-10-07 16:35:34,312 [INFO] IPUIPlugin:80 - create IPUIPlugin
2023-10-07 16:35:34,312 [INFO] IPUIPlugin:80 - create IPUIPlugin
2023-10-07 16:35:34,312 [INFO] IPUIPlugin:80 - create IPUIPlugin
2023-10-07 16:35:34,337 [INFO] CADModel:165 - CPN selected for project levelSTM32F303K8T6
2023-10-07 16:35:34,337 [INFO] CADModel:114 - Register for checkConnection events
2023-10-07 16:35:34,373 [INFO] OpenFileManager:328 - Restore cursor
2023-10-07 16:35:46,250 [INFO] Gpio:273 - dependency for GPIO [RCC, SYS, USART2]
2023-10-07 16:35:58,747 [INFO] UtilMem:75 - End SaveConfig() Used Memory: 403389200 Bytes (762314752)
2023-10-07 16:35:59,969 [INFO] UtilMem:75 - End SaveConfig() Used Memory: 452410144 Bytes (762314752)
2023-10-07 16:36:00,062 [INFO] BlockDiagram:2759 - set Specific Code input for plugin: NVIC
2023-10-07 16:36:00,062 [INFO] BlockDiagram:2759 - set Specific Code input for plugin: USART
2023-10-07 16:36:00,062 [INFO] BlockDiagram:2759 - set Specific Code input for plugin: SYS
2023-10-07 16:36:00,062 [INFO] BlockDiagram:2759 - set Specific Code input for plugin: GPIO
2023-10-07 16:36:00,062 [INFO] BlockDiagram:2759 - set Specific Code input for plugin: RCC
2023-10-07 16:36:00,062 [INFO] CodeGenerator:799 - code generatio: config db path: /opt/st/stm32cubeide_1.13.2/plugins/com.st.stm32cube.common.mx_6.9.2.202309101412//db/
2023-10-07 16:36:00,158 [INFO] CodeEngine:255 - oldGeneratedFile, /home/laptop/school/VRS/cvicenie_2/MXTmpFiles/license.tmp_save
2023-10-07 16:36:00,251 [INFO] CodeEngine:279 - Generated code: /home/laptop/school/VRS/cvicenie_2/MXTmpFiles/license.tmp
2023-10-07 16:36:00,276 [INFO] CodeEngine:255 - oldGeneratedFile, /home/laptop/school/VRS/cvicenie_2/Core/Src/gpio.c_save
2023-10-07 16:36:00,396 [INFO] CodeEngine:279 - Generated code: /home/laptop/school/VRS/cvicenie_2/Core/Src/gpio.c
2023-10-07 16:36:00,398 [INFO] CodeEngine:255 - oldGeneratedFile, /home/laptop/school/VRS/cvicenie_2/Core/Inc/gpio.h_save
2023-10-07 16:36:00,459 [INFO] CodeEngine:279 - Generated code: /home/laptop/school/VRS/cvicenie_2/Core/Inc/gpio.h
2023-10-07 16:36:00,507 [INFO] CodeEngine:255 - oldGeneratedFile, /home/laptop/school/VRS/cvicenie_2/Core/Src/usart.c_save
2023-10-07 16:36:00,586 [INFO] CodeEngine:279 - Generated code: /home/laptop/school/VRS/cvicenie_2/Core/Src/usart.c
2023-10-07 16:36:00,587 [INFO] CodeEngine:255 - oldGeneratedFile, /home/laptop/school/VRS/cvicenie_2/Core/Inc/usart.h_save
2023-10-07 16:36:00,624 [INFO] CodeEngine:279 - Generated code: /home/laptop/school/VRS/cvicenie_2/Core/Inc/usart.h
2023-10-07 16:36:00,626 [INFO] CodeEngine:255 - oldGeneratedFile, /home/laptop/school/VRS/cvicenie_2/Core/Src/stm32f3xx_it.c_save
2023-10-07 16:36:00,710 [INFO] CodeEngine:279 - Generated code: /home/laptop/school/VRS/cvicenie_2/Core/Src/stm32f3xx_it.c
2023-10-07 16:36:00,711 [INFO] CodeEngine:255 - oldGeneratedFile, /home/laptop/school/VRS/cvicenie_2/Core/Inc/stm32f3xx_it.h_save
2023-10-07 16:36:00,748 [INFO] CodeEngine:279 - Generated code: /home/laptop/school/VRS/cvicenie_2/Core/Inc/stm32f3xx_it.h
2023-10-07 16:36:00,750 [INFO] CodeEngine:255 - oldGeneratedFile, /home/laptop/school/VRS/cvicenie_2/Core/Src/stm32f3xx_hal_msp.c_save
2023-10-07 16:36:00,802 [INFO] CodeEngine:279 - Generated code: /home/laptop/school/VRS/cvicenie_2/Core/Src/stm32f3xx_hal_msp.c
2023-10-07 16:36:00,803 [INFO] CodeEngine:255 - oldGeneratedFile, /home/laptop/school/VRS/cvicenie_2/MXTmpFiles/system.tmp_save
2023-10-07 16:36:00,838 [INFO] CodeEngine:279 - Generated code: /home/laptop/school/VRS/cvicenie_2/MXTmpFiles/system.tmp
2023-10-07 16:36:00,839 [INFO] CodeEngine:255 - oldGeneratedFile, /home/laptop/school/VRS/cvicenie_2/Core/Inc/stm32_assert.h_save
2023-10-07 16:36:00,874 [INFO] CodeEngine:279 - Generated code: /home/laptop/school/VRS/cvicenie_2/Core/Inc/stm32_assert.h
2023-10-07 16:36:00,876 [INFO] CodeEngine:311 - oldGeneratedFile, /home/laptop/school/VRS/cvicenie_2/Core/Inc/stm32f3xx_hal_conf.h_save
2023-10-07 16:36:00,915 [INFO] CodeEngine:335 - Generated code: /home/laptop/school/VRS/cvicenie_2/Core/Inc/stm32f3xx_hal_conf.h
2023-10-07 16:36:00,924 [WARN] IPConfigManager:2937 - Warning: the RefConfig RCC_LSEDRIVE_CONFIG is not available in your config.xml file
2023-10-07 16:36:00,925 [WARN] IPConfigManager:2937 - Warning: the RefConfig RCC_ClockConfig is not available in your config.xml file
2023-10-07 16:36:00,925 [WARN] IPConfigManager:2937 - Warning: the RefConfig PWR_EnableSDADCAnalog1 is not available in your config.xml file
2023-10-07 16:36:00,925 [WARN] IPConfigManager:2937 - Warning: the RefConfig PWR_EnableSDADCAnalog2 is not available in your config.xml file
2023-10-07 16:36:00,925 [WARN] IPConfigManager:2937 - Warning: the RefConfig PWR_EnableSDADCAnalog3 is not available in your config.xml file
2023-10-07 16:36:00,925 [WARN] IPConfigManager:2937 - Warning: the RefConfig RCC_MCOConfig is not available in your config.xml file
2023-10-07 16:36:00,925 [WARN] IPConfigManager:2937 - Warning: the RefConfig RCC_interrupt_Time_SYSTICK_Config is not available in your config.xml file
2023-10-07 16:36:00,925 [WARN] IPConfigManager:2937 - Warning: the RefConfig RCC_SYSTICK_CONFIG is not available in your config.xml file
2023-10-07 16:36:00,934 [INFO] CodeEngine:255 - oldGeneratedFile, /home/laptop/school/VRS/cvicenie_2/Core/Inc/main.h_save
2023-10-07 16:36:00,981 [INFO] CodeEngine:279 - Generated code: /home/laptop/school/VRS/cvicenie_2/Core/Inc/main.h
2023-10-07 16:36:00,982 [INFO] CodeEngine:255 - oldGeneratedFile, /home/laptop/school/VRS/cvicenie_2/Core/Src/main.c_save
2023-10-07 16:36:01,033 [INFO] CodeEngine:279 - Generated code: /home/laptop/school/VRS/cvicenie_2/Core/Src/main.c
2023-10-07 16:36:01,327 [INFO] ProjectBuilder:3064 - Time for Copy HAL[1] : 10mS.
2023-10-07 16:36:01,328 [INFO] ProjectBuilder:4404 - Project Generator version: 4.1.0
2023-10-07 16:36:01,445 [INFO] ConfigFileManager:1457 - The Die is : DIE438
2023-10-07 16:36:01,449 [INFO] ApiDbMcu:507 - Load IP Config File for FATFS
2023-10-07 16:36:01,463 [INFO] ApiDbMcu:507 - Load IP Config File for FREERTOS
2023-10-07 16:36:01,556 [INFO] ApiDbMcu:507 - Load IP Config File for TOUCHSENSING
2023-10-07 16:36:02,382 [INFO] ProjectBuilder:4626 - Time for Generating toolchain IDE Files: 1054mS.
2023-10-07 16:36:02,382 [INFO] ProjectBuilder:2935 - Time for Copy CMSIS : 0mS.
2023-10-07 16:36:02,383 [INFO] ProjectBuilder:2935 - Time for Copy CMSIS : 0mS.
